Project1.exe: 00002748: 00:04:38 []:>--------------------------------------------------------------<
Project1.exe: 00002748: 00:04:38 [TUniServerModule]:Server First Init.
Project1.exe: 00002748: 00:04:38 [TUniServerModule]:Global Cache Folder Erased. <2> Files deleted.
Project1.exe: 00002748: 00:04:38 [TUniServerModule]:Starting HTTP Server on Port: 8077...
Project1.exe: 00002748: 00:04:38 [TUniServerModule]:HTTP Server Started on Port: 8077
Project1.exe: 000022A4: 00:05:52 [192.168.0.101]:EUniSessionException : Invalid session or session Timeout. : Addr: $007CEFF3
Project1.exe: 00000868: 00:10:17 [192.168.0.101]:EConvertError : '' is not a valid floating point value : Addr: $00426FC6
Project1.exe: 00002DA0: 00:10:50 []:>--------------------------------------------------------------<
Project1.exe: 00002DA0: 00:10:50 [TUniServerModule]:Server First Init.
Project1.exe: 00002DA0: 00:10:50 [TUniServerModule]:Global Cache Folder Erased. <12> Files deleted.
Project1.exe: 00002DA0: 00:10:50 [TUniServerModule]:Starting HTTP Server on Port: 8077...
Project1.exe: 00002DA0: 00:10:50 [TUniServerModule]:HTTP Server Started on Port: 8077
Project1.exe: 00001B20: 00:14:01 []:>--------------------------------------------------------------<
Project1.exe: 00001B20: 00:14:01 [TUniServerModule]:Server First Init.
Project1.exe: 00001B20: 00:14:01 [TUniServerModule]:Global Cache Folder Erased. <5> Files deleted.
Project1.exe: 00001B20: 00:14:01 [TUniServerModule]:Starting HTTP Server on Port: 8077...
Project1.exe: 00001B20: 00:14:01 [TUniServerModule]:HTTP Server Started on Port: 8077
Project1.exe: 000017C8: 00:14:02 [192.168.0.101]:EUniSessionException : Invalid session or session Timeout. : Addr: $007CEFF3
Project1.exe: 00001B20: 00:19:58 [Exit]:Unexpected attempt to terminate server application with Exit Code: 0
Project1.exe: 00001770: 00:22:39 []:>--------------------------------------------------------------<
Project1.exe: 00001770: 00:22:39 [TUniServerModule]:Server First Init.
Project1.exe: 00001770: 00:22:39 [TUniServerModule]:Global Cache Folder Erased. <25> Files deleted.
Project1.exe: 00001770: 00:22:39 [TUniServerModule]:Starting HTTP Server on Port: 8077...
Project1.exe: 00001770: 00:22:39 [TUniServerModule]:HTTP Server Started on Port: 8077
Project1.exe: 00001770: 00:34:58 [Exit]:Unexpected attempt to terminate server application with Exit Code: 0
Project1.exe: 00000480: 07:21:00 []:>--------------------------------------------------------------<
Project1.exe: 00000480: 07:21:00 [TUniServerModule]:Server First Init.
Project1.exe: 00000480: 07:21:00 [TUniServerModule]:Global Cache Folder Erased. <70> Files deleted.
Project1.exe: 00000480: 07:21:00 [TUniServerModule]:Starting HTTP Server on Port: 8077...
Project1.exe: 00000480: 07:21:00 [TUniServerModule]:HTTP Server Started on Port: 8077
Project1.exe: 00002DA4: 07:29:31 []:>--------------------------------------------------------------<
Project1.exe: 00002DA4: 07:29:31 [TUniServerModule]:Server First Init.
Project1.exe: 00002DA4: 07:29:31 [TUniServerModule]:Global Cache Folder Erased. <28> Files deleted.
Project1.exe: 00002DA4: 07:29:31 [TUniServerModule]:Starting HTTP Server on Port: 8077...
Project1.exe: 00002DA4: 07:29:31 [TUniServerModule]:HTTP Server Started on Port: 8077
Project1.exe: 00002570: 07:40:25 []:>--------------------------------------------------------------<
Project1.exe: 00002570: 07:40:25 [TUniServerModule]:Server First Init.
Project1.exe: 00002570: 07:40:25 [TUniServerModule]:Global Cache Folder Erased. <1> Files deleted.
Project1.exe: 00002570: 07:40:25 [TUniServerModule]:Starting HTTP Server on Port: 8077...
Project1.exe: 00002570: 07:40:25 [TUniServerModule]:HTTP Server Started on Port: 8077
Project1.exe: 00000930: 07:43:50 []:>--------------------------------------------------------------<
Project1.exe: 00000930: 07:43:50 [TUniServerModule]:Server First Init.
Project1.exe: 00000930: 07:43:50 [TUniServerModule]:Global Cache Folder Erased. <19> Files deleted.
Project1.exe: 00000930: 07:43:50 [TUniServerModule]:Starting HTTP Server on Port: 8077...
Project1.exe: 00000930: 07:43:50 [TUniServerModule]:HTTP Server Started on Port: 8077
Project1.exe: 00002260: 07:43:50 [192.168.0.101]:EUniSessionException : Sessão inválida ou tempo limite da sessão. : Addr: $007CEFF3
Project1.exe: 00002758: 07:47:15 []:>--------------------------------------------------------------<
Project1.exe: 00002758: 07:47:15 [TUniServerModule]:Server First Init.
Project1.exe: 00002758: 07:47:15 [TUniServerModule]:Global Cache Folder Erased. <20> Files deleted.
Project1.exe: 00002758: 07:47:15 [TUniServerModule]:Starting HTTP Server on Port: 8077...
Project1.exe: 00002758: 07:47:15 [TUniServerModule]:HTTP Server Started on Port: 8077
Project1.exe: 00002E94: 07:47:18 [192.168.0.101]:EUniSessionException : Sessão inválida ou tempo limite da sessão. : Addr: $007CEFF3
Project1.exe: 00001598: 07:49:31 []:>--------------------------------------------------------------<
Project1.exe: 00001598: 07:49:31 [TUniServerModule]:Server First Init.
Project1.exe: 00001598: 07:49:31 [TUniServerModule]:Global Cache Folder Erased. <7> Files deleted.
Project1.exe: 00001598: 07:49:31 [TUniServerModule]:Starting HTTP Server on Port: 8077...
Project1.exe: 00001598: 07:49:31 [TUniServerModule]:HTTP Server Started on Port: 8077
Project1.exe: 000005C4: 07:50:18 []:>--------------------------------------------------------------<
Project1.exe: 000005C4: 07:50:18 [TUniServerModule]:Server First Init.
Project1.exe: 000005C4: 07:50:18 [TUniServerModule]:Global Cache Folder Erased. <15> Files deleted.
Project1.exe: 000005C4: 07:50:18 [TUniServerModule]:Starting HTTP Server on Port: 8077...
Project1.exe: 000005C4: 07:50:18 [TUniServerModule]:HTTP Server Started on Port: 8077
Project1.exe: 00001260: 07:50:23 [192.168.0.101]:EUniSessionException : Sessão inválida ou tempo limite da sessão. : Addr: $007CEFF3
Project1.exe: 00001E48: 07:51:11 []:>--------------------------------------------------------------<
Project1.exe: 00001E48: 07:51:11 [TUniServerModule]:Server First Init.
Project1.exe: 00001E48: 07:51:11 [TUniServerModule]:Global Cache Folder Erased. <7> Files deleted.
Project1.exe: 00001E48: 07:51:11 [TUniServerModule]:Starting HTTP Server on Port: 8077...
Project1.exe: 00001E48: 07:51:11 [TUniServerModule]:HTTP Server Started on Port: 8077
Project1.exe: 00001DF0: 07:51:12 [192.168.0.101]:EUniSessionException : Sessão inválida ou tempo limite da sessão. : Addr: $007CEFF3
Project1.exe: 00001E04: 07:53:00 []:>--------------------------------------------------------------<
Project1.exe: 00001E04: 07:53:00 [TUniServerModule]:Server First Init.
Project1.exe: 00001E04: 07:53:00 [TUniServerModule]:Global Cache Folder Erased. <13> Files deleted.
Project1.exe: 00001E04: 07:53:00 [TUniServerModule]:Starting HTTP Server on Port: 8077...
Project1.exe: 00001E04: 07:53:00 [TUniServerModule]:HTTP Server Started on Port: 8077
Project1.exe: 00002010: 07:53:01 [192.168.0.101]:EUniSessionException : Sessão inválida ou tempo limite da sessão. : Addr: $007CEFF3
Project1.exe: 00001E4C: 07:54:03 []:>--------------------------------------------------------------<
Project1.exe: 00001E4C: 07:54:03 [TUniServerModule]:Server First Init.
Project1.exe: 00001E4C: 07:54:03 [TUniServerModule]:Global Cache Folder Erased. <11> Files deleted.
Project1.exe: 00001E4C: 07:54:03 [TUniServerModule]:Starting HTTP Server on Port: 8077...
Project1.exe: 00001E4C: 07:54:03 [TUniServerModule]:HTTP Server Started on Port: 8077
Project1.exe: 00002BF0: 08:01:31 []:>--------------------------------------------------------------<
Project1.exe: 00002BF0: 08:01:31 [TUniServerModule]:Server First Init.
Project1.exe: 00002BF0: 08:01:31 [TUniServerModule]:Global Cache Folder Erased. <30> Files deleted.
Project1.exe: 00002BF0: 08:01:31 [TUniServerModule]:Starting HTTP Server on Port: 8077...
Project1.exe: 00002BF0: 08:01:31 [TUniServerModule]:HTTP Server Started on Port: 8077
Project1.exe: 00001668: 08:04:05 []:>--------------------------------------------------------------<
Project1.exe: 00001668: 08:04:05 [TUniServerModule]:Server First Init.
Project1.exe: 00001668: 08:04:05 [TUniServerModule]:Global Cache Folder Erased. <11> Files deleted.
Project1.exe: 00001668: 08:04:05 [TUniServerModule]:Starting HTTP Server on Port: 8077...
Project1.exe: 00001668: 08:04:05 [TUniServerModule]:HTTP Server Started on Port: 8077
Project1.exe: 000018C4: 08:05:47 [192.168.0.101]:EUniSessionException : Sessão inválida ou tempo limite da sessão. : Addr: $007CEFF3
Project1.exe: 000016C0: 08:06:10 []:>--------------------------------------------------------------<
Project1.exe: 000016C0: 08:06:10 [TUniServerModule]:Server First Init.
Project1.exe: 000016C0: 08:06:10 [TUniServerModule]:Global Cache Folder Erased. <13> Files deleted.
Project1.exe: 000016C0: 08:06:10 [TUniServerModule]:Starting HTTP Server on Port: 8077...
Project1.exe: 000016C0: 08:06:10 [TUniServerModule]:HTTP Server Started on Port: 8077
Project1.exe: 000028F0: 08:11:33 [192.168.0.101]:EUniSessionException : Sessão inválida ou tempo limite da sessão. : Addr: $007CEFF3
Project1.exe: 00000220: 08:16:36 [HandleFileRequest[192.168.0.106]]:File not found: D:\2020\Projetos 2020\Mobile_SalvaRegistros\Win32\Debug\favicon.ico
Project1.exe: 00001918: 08:27:33 [192.168.0.101]:EUniSessionException : Sessão inválida ou tempo limite da sessão. : Addr: $007CEFF3
Project1.exe: 00001074: 08:36:10 []:>--------------------------------------------------------------<
Project1.exe: 00001074: 08:36:10 [TUniServerModule]:Server First Init.
Project1.exe: 00001074: 08:36:10 [TUniServerModule]:Global Cache Folder Erased. <32> Files deleted.
Project1.exe: 00001074: 08:36:10 [TUniServerModule]:Starting HTTP Server on Port: 8077...
Project1.exe: 00001074: 08:36:10 [TUniServerModule]:HTTP Server Started on Port: 8077
Project1.exe: 00001544: 08:36:11 [192.168.0.101]:EUniSessionException : Sessão inválida ou tempo limite da sessão. : Addr: $007CEFF3
Project1.exe: 000022D8: 08:38:30 []:>--------------------------------------------------------------<
Project1.exe: 000022D8: 08:38:30 [TUniServerModule]:Server First Init.
Project1.exe: 000022D8: 08:38:30 [TUniServerModule]:Global Cache Folder Erased. <15> Files deleted.
Project1.exe: 000022D8: 08:38:30 [TUniServerModule]:Starting HTTP Server on Port: 8077...
Project1.exe: 000022D8: 08:38:30 [TUniServerModule]:HTTP Server Started on Port: 8077
Project1.exe: 00000C44: 08:41:44 []:>--------------------------------------------------------------<
Project1.exe: 00000C44: 08:41:44 [TUniServerModule]:Server First Init.
Project1.exe: 00000C44: 08:41:44 [TUniServerModule]:Global Cache Folder Erased. <13> Files deleted.
Project1.exe: 00000C44: 08:41:44 [TUniServerModule]:Starting HTTP Server on Port: 8077...
Project1.exe: 00000C44: 08:41:44 [TUniServerModule]:HTTP Server Started on Port: 8077
Project1.exe: 000006E8: 08:41:45 [192.168.0.101]:EUniSessionException : Sessão inválida ou tempo limite da sessão. : Addr: $007CEFF3
Project1.exe: 000015B4: 08:46:26 [192.168.0.106]:EUniSessionException : Sessão inválida ou tempo limite da sessão. : Addr: $007CEFF3
Project1.exe: 000029D4: 08:46:33 [HandleFileRequest[192.168.0.106]]:File not found: D:\2020\Projetos 2020\Mobile_SalvaRegistros\Win32\Debug\favicon.ico
Project1.exe: 00001E24: 08:51:32 [HandleFileRequest[192.168.0.106]]:File not found: D:\2020\Projetos 2020\Mobile_SalvaRegistros\Win32\Debug\favicon.ico
Project1.exe: 000014DC: 08:55:55 []:>--------------------------------------------------------------<
Project1.exe: 000014DC: 08:55:55 [TUniServerModule]:Server First Init.
Project1.exe: 000014DC: 08:55:55 [TUniServerModule]:Global Cache Folder Erased. <45> Files deleted.
Project1.exe: 000014DC: 08:55:56 [TUniServerModule]:Starting HTTP Server on Port: 8077...
Project1.exe: 000014DC: 08:55:56 [TUniServerModule]:HTTP Server Started on Port: 8077
Project1.exe: 00001488: 08:55:58 [192.168.0.101]:EUniSessionException : Sessão inválida ou tempo limite da sessão. : Addr: $007CEFF3
Project1.exe: 000020B4: 08:57:17 []:>--------------------------------------------------------------<
Project1.exe: 000020B4: 08:57:17 [TUniServerModule]:Server First Init.
Project1.exe: 000020B4: 08:57:17 [TUniServerModule]:Global Cache Folder Erased. <22> Files deleted.
Project1.exe: 000020B4: 08:57:17 [TUniServerModule]:Starting HTTP Server on Port: 8077...
Project1.exe: 000020B4: 08:57:17 [TUniServerModule]:HTTP Server Started on Port: 8077
Project1.exe: 0000286C: 08:57:18 [192.168.0.101]:EUniSessionException : Sessão inválida ou tempo limite da sessão. : Addr: $007CEFF3
Project1.exe: 0000085C: 09:00:32 []:>--------------------------------------------------------------<
Project1.exe: 0000085C: 09:00:32 [TUniServerModule]:Server First Init.
Project1.exe: 0000085C: 09:00:32 [TUniServerModule]:Global Cache Folder Erased. <41> Files deleted.
Project1.exe: 0000085C: 09:00:32 [TUniServerModule]:Starting HTTP Server on Port: 8077...
Project1.exe: 0000085C: 09:00:32 [TUniServerModule]:HTTP Server Started on Port: 8077
Project1.exe: 00000B84: 09:08:53 []:>--------------------------------------------------------------<
Project1.exe: 00000B84: 09:08:53 [TUniServerModule]:Server First Init.
Project1.exe: 00000B84: 09:08:53 [TUniServerModule]:Global Cache Folder Erased. <12> Files deleted.
Project1.exe: 00000B84: 09:08:53 [TUniServerModule]:Starting HTTP Server on Port: 8077...
Project1.exe: 00000B84: 09:08:53 [TUniServerModule]:HTTP Server Started on Port: 8077
Project1.exe: 000027F4: 09:08:53 [192.168.0.101]:EUniSessionException : Sessão inválida ou tempo limite da sessão. : Addr: $007CEFF3
Project1.exe: 000024E0: 09:11:17 []:>--------------------------------------------------------------<
Project1.exe: 000024E0: 09:11:17 [TUniServerModule]:Server First Init.
Project1.exe: 000024E0: 09:11:17 [TUniServerModule]:Global Cache Folder Erased. <8> Files deleted.
Project1.exe: 000024E0: 09:11:17 [TUniServerModule]:Starting HTTP Server on Port: 8077...
Project1.exe: 000024E0: 09:11:17 [TUniServerModule]:HTTP Server Started on Port: 8077
Project1.exe: 00002070: 09:11:18 [192.168.0.101]:EUniSessionException : Sessão inválida ou tempo limite da sessão. : Addr: $007CEFF3
Project1.exe: 00002070: 09:11:37 [192.168.0.101]:EClassNotFound : Class TUnimRadio not found : Addr: $0046673A
Project1.exe: 00002070: 09:11:39 [192.168.0.101]:EClassNotFound : Class TUnimRadio not found : Addr: $0046673A
Project1.exe: 00002B3C: 09:12:27 []:>--------------------------------------------------------------<
Project1.exe: 00002B3C: 09:12:27 [TUniServerModule]:Server First Init.
Project1.exe: 00002B3C: 09:12:27 [TUniServerModule]:Global Cache Folder Erased. <8> Files deleted.
Project1.exe: 00002B3C: 09:12:27 [TUniServerModule]:Starting HTTP Server on Port: 8077...
Project1.exe: 00002B3C: 09:12:27 [TUniServerModule]:HTTP Server Started on Port: 8077
Project1.exe: 000024C0: 09:12:31 [192.168.0.101]:EUniSessionException : Sessão inválida ou tempo limite da sessão. : Addr: $007CEFF3
Project1.exe: 00002FAC: 09:14:41 []:>--------------------------------------------------------------<
Project1.exe: 00002FAC: 09:14:41 [TUniServerModule]:Server First Init.
Project1.exe: 00002FAC: 09:14:41 [TUniServerModule]:Global Cache Folder Erased. <7> Files deleted.
Project1.exe: 00002FAC: 09:14:41 [TUniServerModule]:Starting HTTP Server on Port: 8077...
Project1.exe: 00002FAC: 09:14:41 [TUniServerModule]:HTTP Server Started on Port: 8077
Project1.exe: 0000226C: 09:14:42 [192.168.0.101]:EUniSessionException : Sessão inválida ou tempo limite da sessão. : Addr: $007CEFF3
Project1.exe: 00001E50: 09:16:07 []:>--------------------------------------------------------------<
Project1.exe: 00001E50: 09:16:07 [TUniServerModule]:Server First Init.
Project1.exe: 00001E50: 09:16:07 [TUniServerModule]:Global Cache Folder Erased. <24> Files deleted.
Project1.exe: 00001E50: 09:16:08 [TUniServerModule]:Starting HTTP Server on Port: 8077...
Project1.exe: 00001E50: 09:16:08 [TUniServerModule]:HTTP Server Started on Port: 8077
Project1.exe: 000027E0: 09:16:10 [192.168.0.101]:EUniSessionException : Sessão inválida ou tempo limite da sessão. : Addr: $007CEFF3
Project1.exe: 000017F4: 09:17:08 []:>--------------------------------------------------------------<
Project1.exe: 000017F4: 09:17:08 [TUniServerModule]:Server First Init.
Project1.exe: 000017F4: 09:17:08 [TUniServerModule]:Global Cache Folder Erased. <23> Files deleted.
Project1.exe: 000017F4: 09:17:09 [TUniServerModule]:Starting HTTP Server on Port: 8077...
Project1.exe: 000017F4: 09:17:09 [TUniServerModule]:HTTP Server Started on Port: 8077
Project1.exe: 00000D90: 09:17:09 [192.168.0.101]:EUniSessionException : Sessão inválida ou tempo limite da sessão. : Addr: $007CEFF3
Project1.exe: 00000CF4: 09:17:54 []:>--------------------------------------------------------------<
Project1.exe: 00000CF4: 09:17:54 [TUniServerModule]:Server First Init.
Project1.exe: 00000CF4: 09:17:54 [TUniServerModule]:Global Cache Folder Erased. <17> Files deleted.
Project1.exe: 00000CF4: 09:17:54 [TUniServerModule]:Starting HTTP Server on Port: 8077...
Project1.exe: 00000CF4: 09:17:54 [TUniServerModule]:HTTP Server Started on Port: 8077
Project1.exe: 00002F9C: 09:17:54 [192.168.0.101]:EUniSessionException : Sessão inválida ou tempo limite da sessão. : Addr: $007CEFF3
Project1.exe: 00000550: 09:19:55 []:>--------------------------------------------------------------<
Project1.exe: 00000550: 09:19:56 [TUniServerModule]:Server First Init.
Project1.exe: 00000550: 09:19:56 [TUniServerModule]:Global Cache Folder Erased. <24> Files deleted.
Project1.exe: 00000550: 09:19:56 [TUniServerModule]:Starting HTTP Server on Port: 8077...
Project1.exe: 00000550: 09:19:56 [TUniServerModule]:HTTP Server Started on Port: 8077
Project1.exe: 00001210: 09:20:33 []:>--------------------------------------------------------------<
Project1.exe: 00001210: 09:20:33 [TUniServerModule]:Server First Init.
Project1.exe: 00001210: 09:20:33 [TUniServerModule]:Global Cache Folder Erased. <6> Files deleted.
Project1.exe: 00001210: 09:20:33 [TUniServerModule]:Starting HTTP Server on Port: 8077...
Project1.exe: 00001210: 09:20:33 [TUniServerModule]:HTTP Server Started on Port: 8077
Project1.exe: 00001814: 09:21:42 []:>--------------------------------------------------------------<
Project1.exe: 00001814: 09:21:42 [TUniServerModule]:Server First Init.
Project1.exe: 00001814: 09:21:42 [TUniServerModule]:Global Cache Folder Erased. <6> Files deleted.
Project1.exe: 00001814: 09:21:42 [TUniServerModule]:Starting HTTP Server on Port: 8077...
Project1.exe: 00001814: 09:21:42 [TUniServerModule]:HTTP Server Started on Port: 8077
Project1.exe: 00001814: 09:22:16 [TUniServerModule]:Shutting Down Server.
Project1.exe: 00001814: 09:22:16 [TUniServerModule]:Stopping HTTP Server.
Project1.exe: 00001814: 09:22:17 [TUniServerModule]:HTTP Server Stopped.
Project1.exe: 00001814: 09:22:17 [TUniGUISessionManager]:Terminating Session manager.
Project1.exe: 00001814: 09:22:17 [TUniGUISessionManager]:Stopping Cache Eraser...
Project1.exe: 00001814: 09:22:17 [TUniGUISessionManager]:Cache Eraser Stopped.
Project1.exe: 00001814: 09:22:17 [TUniGUISessionManager]:Destroying Worker Threads.
Project1.exe: 00001814: 09:22:17 [TUniGUISessionManager]:Session manager terminated.
Project1.exe: 00001814: 09:22:17 [TUniServerModule]:Server Shutdown Completed.
Project1.exe: 00001814: 09:22:17 []:<-------------------------------------------------------------->
Project1.exe: 00001814: 09:22:17 [Terminated]:Exit Code: 0
Project1.exe: 00001DFC: 09:22:23 []:>--------------------------------------------------------------<
Project1.exe: 00001DFC: 09:22:23 [TUniServerModule]:Server First Init.
Project1.exe: 00001DFC: 09:22:23 [TUniServerModule]:Starting HTTP Server on Port: 8077...
Project1.exe: 00001DFC: 09:22:23 [TUniServerModule]:HTTP Server Started on Port: 8077
Project1.exe: 000025FC: 09:27:04 []:>--------------------------------------------------------------<
Project1.exe: 000025FC: 09:27:04 [TUniServerModule]:Server First Init.
Project1.exe: 000025FC: 09:27:04 [TUniServerModule]:Global Cache Folder Erased. <23> Files deleted.
Project1.exe: 000025FC: 09:27:04 [TUniServerModule]:Starting HTTP Server on Port: 8077...
Project1.exe: 000025FC: 09:27:04 [TUniServerModule]:HTTP Server Started on Port: 8077
Project1.exe: 00001B88: 09:27:05 [192.168.0.101]:EUniSessionException : Sessão inválida ou tempo limite da sessão. : Addr: $007CEFF3
Project1.exe: 00001B88: 09:27:20 [192.168.0.101]:EIBNativeException : [FireDAC][Phys][FB]Dynamic SQL Error
SQL error code = -206
Column unknown
CGC
At line 3, column 9 : Addr: $008EEA77
Project1.exe: 00001B88: 09:27:24 [192.168.0.101]:EIBNativeException : [FireDAC][Phys][FB]Dynamic SQL Error
SQL error code = -206
Column unknown
CGC
At line 3, column 9 : Addr: $008EEA77
Project1.exe: 0000291C: 09:27:37 []:>--------------------------------------------------------------<
Project1.exe: 0000291C: 09:27:37 [TUniServerModule]:Server First Init.
Project1.exe: 0000291C: 09:27:37 [TUniServerModule]:Global Cache Folder Erased. <7> Files deleted.
Project1.exe: 0000291C: 09:27:37 [TUniServerModule]:Starting HTTP Server on Port: 8077...
Project1.exe: 0000291C: 09:27:37 [TUniServerModule]:HTTP Server Started on Port: 8077
Project1.exe: 000016D0: 09:27:37 [192.168.0.101]:EUniSessionException : Sessão inválida ou tempo limite da sessão. : Addr: $007CEFF3
Project1.exe: 00001DD0: 09:28:46 []:>--------------------------------------------------------------<
Project1.exe: 00001DD0: 09:28:46 [TUniServerModule]:Server First Init.
Project1.exe: 00001DD0: 09:28:46 [TUniServerModule]:Global Cache Folder Erased. <17> Files deleted.
Project1.exe: 00001DD0: 09:28:46 [TUniServerModule]:Starting HTTP Server on Port: 8077...
Project1.exe: 00001DD0: 09:28:46 [TUniServerModule]:HTTP Server Started on Port: 8077
Project1.exe: 00002584: 09:28:50 [192.168.0.101]:EUniSessionException : Sessão inválida ou tempo limite da sessão. : Addr: $007CEFF3
Project1.exe: 00001548: 09:30:01 []:>--------------------------------------------------------------<
Project1.exe: 00001548: 09:30:01 [TUniServerModule]:Server First Init.
Project1.exe: 00001548: 09:30:01 [TUniServerModule]:Global Cache Folder Erased. <12> Files deleted.
Project1.exe: 00001548: 09:30:01 [TUniServerModule]:Starting HTTP Server on Port: 8077...
Project1.exe: 00001548: 09:30:01 [TUniServerModule]:HTTP Server Started on Port: 8077
Project1.exe: 000024C4: 09:30:03 [192.168.0.101]:EUniSessionException : Sessão inválida ou tempo limite da sessão. : Addr: $007CEFF3
Project1.exe: 00001548: 09:36:55 [TUniServerModule]:Shutting Down Server.
Project1.exe: 00001548: 09:36:55 [TUniServerModule]:Stopping HTTP Server.
Project1.exe: 00001548: 09:36:56 [TUniServerModule]:HTTP Server Stopped.
Project1.exe: 00001548: 09:36:56 [TUniGUISessionManager]:Terminating Session manager.
Project1.exe: 00001548: 09:36:56 [TUniGUISessionManager]:Stopping Cache Eraser...
Project1.exe: 00001548: 09:36:56 [TUniGUISessionManager]:Cache Eraser Stopped.
Project1.exe: 00001548: 09:36:56 [TUniGUISessionManager]:Destroying Worker Threads.
Project1.exe: 00001548: 09:36:56 [TUniGUISessionManager]:Session manager terminated.
Project1.exe: 00001548: 09:36:56 [TUniServerModule]:Server Shutdown Completed.
Project1.exe: 00001548: 09:36:56 []:<-------------------------------------------------------------->
Project1.exe: 00001548: 09:36:56 [Terminated]:Exit Code: 0
Project1.exe: 0000106C: 12:44:47 []:>--------------------------------------------------------------<
Project1.exe: 0000106C: 12:44:47 [TUniServerModule]:Server First Init.
Project1.exe: 0000106C: 12:44:47 [TUniServerModule]:Starting HTTP Server on Port: 8077...
Project1.exe: 0000106C: 12:44:47 [InitWebServer]:EIdCouldNotBindSocket : Could not bind socket. Address and port are already in use. : Addr: $006DD475
Project1.exe: 00002A7C: 12:46:15 []:>--------------------------------------------------------------<
Project1.exe: 00002A7C: 12:46:15 [TUniServerModule]:Server First Init.
Project1.exe: 00002A7C: 12:46:15 [TUniServerModule]:Global Cache Folder Erased. <1> Files deleted.
Project1.exe: 00002A7C: 12:46:16 [TUniServerModule]:Starting HTTP Server on Port: 8077...
Project1.exe: 00002A7C: 12:46:16 [InitWebServer]:EIdCouldNotBindSocket : Could not bind socket. Address and port are already in use. : Addr: $006DD475
Project1.exe: 00002A7C: 12:46:21 [TUniServerModule]:Shutting Down Server.
Project1.exe: 00002A7C: 12:46:21 [TUniServerModule]:Stopping HTTP Server.
Project1.exe: 00002A7C: 12:46:22 [TUniServerModule]:HTTP Server Stopped.
Project1.exe: 00002A7C: 12:46:22 [TUniGUISessionManager]:Terminating Session manager.
Project1.exe: 00002A7C: 12:46:22 [TUniGUISessionManager]:Stopping Cache Eraser...
Project1.exe: 00002A7C: 12:46:22 [TUniGUISessionManager]:Cache Eraser Stopped.
Project1.exe: 00002A7C: 12:46:22 [TUniGUISessionManager]:Destroying Worker Threads.
Project1.exe: 00002A7C: 12:46:22 [TUniGUISessionManager]:Session manager terminated.
Project1.exe: 00002A7C: 12:46:22 [TUniServerModule]:Server Shutdown Completed.
Project1.exe: 00002A7C: 12:46:22 []:<-------------------------------------------------------------->
Project1.exe: 00002A7C: 12:46:22 [Terminated]:Exit Code: 0
Project1.exe: 00000B50: 12:46:27 []:>--------------------------------------------------------------<
Project1.exe: 00000B50: 12:46:27 [TUniServerModule]:Server First Init.
Project1.exe: 00000B50: 12:46:27 [TUniServerModule]:Starting HTTP Server on Port: 8077...
Project1.exe: 00000B50: 12:46:27 [TUniServerModule]:HTTP Server Started on Port: 8077
Project1.exe: 00002C18: 12:48:48 []:>--------------------------------------------------------------<
Project1.exe: 00002C18: 12:48:48 [TUniServerModule]:Server First Init.
Project1.exe: 00002C18: 12:48:48 [TUniServerModule]:Global Cache Folder Erased. <8> Files deleted.
Project1.exe: 00002C18: 12:48:48 [TUniServerModule]:Starting HTTP Server on Port: 8077...
Project1.exe: 00002C18: 12:48:48 [TUniServerModule]:HTTP Server Started on Port: 8077
Project1.exe: 00002B68: 12:48:50 [192.168.0.101]:EUniSessionException : Sessão inválida ou tempo limite da sessão. : Addr: $007CEFF3
Project1.exe: 00002624: 12:49:00 [HandleFileRequest[192.168.0.101]]:File not found: D:\2020\Projetos 2020\Mobile_SalvaRegistros\Win32\Debug\files\img\1.png
Project1.exe: 000000F4: 12:55:41 []:>--------------------------------------------------------------<
Project1.exe: 000000F4: 12:55:41 [TUniServerModule]:Server First Init.
Project1.exe: 000000F4: 12:55:41 [TUniServerModule]:Global Cache Folder Erased. <7> Files deleted.
Project1.exe: 000000F4: 12:55:41 [TUniServerModule]:Starting HTTP Server on Port: 8077...
Project1.exe: 000000F4: 12:55:41 [TUniServerModule]:HTTP Server Started on Port: 8077
Project1.exe: 000005A4: 12:55:42 [192.168.0.101]:EUniSessionException : Sessão inválida ou tempo limite da sessão. : Addr: $007CEFF3
Project1.exe: 00000CD4: 12:55:56 [HandleFileRequest[192.168.0.101]]:File not found: D:\2020\Projetos 2020\Mobile_SalvaRegistros\Win32\Debug\files\img\clicker.png
Project1.exe: 00001910: 12:57:17 []:>--------------------------------------------------------------<
Project1.exe: 00001910: 12:57:17 [TUniServerModule]:Server First Init.
Project1.exe: 00001910: 12:57:17 [TUniServerModule]:Global Cache Folder Erased. <8> Files deleted.
Project1.exe: 00001910: 12:57:17 [TUniServerModule]:Starting HTTP Server on Port: 8077...
Project1.exe: 00001910: 12:57:17 [TUniServerModule]:HTTP Server Started on Port: 8077
Project1.exe: 00002A68: 12:57:20 [192.168.0.101]:EUniSessionException : Sessão inválida ou tempo limite da sessão. : Addr: $007CEFF3
Project1.exe: 00000420: 12:57:33 [HandleFileRequest[192.168.0.101]]:File not found: D:\2020\Projetos 2020\Mobile_SalvaRegistros\Win32\Debug\files\img\clicker.png
Project1.exe: 00002960: 13:36:52 []:>--------------------------------------------------------------<
Project1.exe: 00002960: 13:36:52 [TUniServerModule]:Server First Init.
Project1.exe: 00002960: 13:36:52 [TUniServerModule]:Global Cache Folder Erased. <2> Files deleted.
Project1.exe: 00002960: 13:36:52 [TUniServerModule]:Starting HTTP Server on Port: 8077...
Project1.exe: 00002960: 13:36:52 [TUniServerModule]:HTTP Server Started on Port: 8077
Project1.exe: 00001338: 13:37:00 [192.168.0.101]:EUniSessionException : Sessão inválida ou tempo limite da sessão. : Addr: $007CEFF3
Project1.exe: 000014BC: 13:37:11 [HandleFileRequest[192.168.0.101]]:File not found: D:\2020\Projetos 2020\Mobile_SalvaRegistros\Win32\Debug\files\img\clicker.png
Project1.exe: 00001338: 13:37:19 [HandleFileRequest[192.168.0.101]]:File not found: D:\2020\Projetos 2020\Mobile_SalvaRegistros\Win32\Debug\files\img\clicker.png
Project1.exe: 00001750: 13:37:21 [HandleFileRequest[192.168.0.101]]:File not found: D:\2020\Projetos 2020\Mobile_SalvaRegistros\Win32\Debug\files\img\clicker.png
Project1.exe: 000032E8: 13:38:40 []:>--------------------------------------------------------------<
Project1.exe: 000032E8: 13:38:40 [TUniServerModule]:Server First Init.
Project1.exe: 000032E8: 13:38:40 [TUniServerModule]:Global Cache Folder Erased. <11> Files deleted.
Project1.exe: 000032E8: 13:38:40 [TUniServerModule]:Starting HTTP Server on Port: 8077...
Project1.exe: 000032E8: 13:38:40 [TUniServerModule]:HTTP Server Started on Port: 8077
Project1.exe: 00003294: 13:38:43 [192.168.0.101]:EUniSessionException : Sessão inválida ou tempo limite da sessão. : Addr: $007CEFF3
Project1.exe: 00000330: 13:38:52 [HandleFileRequest[192.168.0.101]]:File not found: D:\2020\Projetos 2020\Mobile_SalvaRegistros\Win32\Debug\files\img\clicker.png
Project1.exe: 00000510: 13:39:01 [HandleFileRequest[192.168.0.101]]:File not found: D:\2020\Projetos 2020\Mobile_SalvaRegistros\Win32\Debug\files\img\clicker.png
Project1.exe: 00003294: 13:40:21 [HandleFileRequest[192.168.0.101]]:File not found: D:\2020\Projetos 2020\Mobile_SalvaRegistros\Win32\Debug\files\img\clicker.png
Project1.exe: 00002D24: 13:43:29 [HandleFileRequest[192.168.0.101]]:File not found: D:\2020\Projetos 2020\Mobile_SalvaRegistros\Win32\Debug\files\img\clicker.png
Project1.exe: 00002B68: 13:46:17 []:>--------------------------------------------------------------<
Project1.exe: 00002B68: 13:46:17 [TUniServerModule]:Server First Init.
Project1.exe: 00002B68: 13:46:17 [TUniServerModule]:Global Cache Folder Erased. <12> Files deleted.
Project1.exe: 00002B68: 13:46:17 [TUniServerModule]:Starting HTTP Server on Port: 8077...
Project1.exe: 00002B68: 13:46:17 [TUniServerModule]:HTTP Server Started on Port: 8077
Project1.exe: 000033FC: 13:46:22 [192.168.0.101]:EUniSessionException : Sessão inválida ou tempo limite da sessão. : Addr: $007CEFF3
Project1.exe: 000033CC: 13:46:36 [HandleFileRequest[192.168.0.101]]:File not found: D:\2020\Projetos 2020\Mobile_SalvaRegistros\Win32\Debug\files\img\clicker.png
Project1.exe: 000033FC: 13:47:31 [HandleFileRequest[192.168.0.101]]:File not found: D:\2020\Projetos 2020\Mobile_SalvaRegistros\Win32\Debug\files\img\clicker.png
Project1.exe: 00000C9C: 13:47:32 [HandleFileRequest[192.168.0.101]]:File not found: D:\2020\Projetos 2020\Mobile_SalvaRegistros\Win32\Debug\files\img\clicker.png
Project1.exe: 00002B38: 13:47:36 [HandleFileRequest[192.168.0.101]]:File not found: D:\2020\Projetos 2020\Mobile_SalvaRegistros\Win32\Debug\files\img\clicker.png
Project1.exe: 00002354: 13:47:36 [HandleFileRequest[192.168.0.101]]:File not found: D:\2020\Projetos 2020\Mobile_SalvaRegistros\Win32\Debug\files\img\clicker.png
Project1.exe: 00002FFC: 13:55:24 []:>--------------------------------------------------------------<
Project1.exe: 00002FFC: 13:55:24 [TUniServerModule]:Server First Init.
Project1.exe: 00002FFC: 13:55:24 [TUniServerModule]:Global Cache Folder Erased. <12> Files deleted.
Project1.exe: 00002FFC: 13:55:24 [TUniServerModule]:Starting HTTP Server on Port: 8077...
Project1.exe: 00002FFC: 13:55:24 [TUniServerModule]:HTTP Server Started on Port: 8077
Project1.exe: 00001D58: 13:55:25 [192.168.0.101]:EUniSessionException : Sessão inválida ou tempo limite da sessão. : Addr: $007CEFF3
Project1.exe: 00002B80: 14:00:59 []:>--------------------------------------------------------------<
Project1.exe: 00002B80: 14:00:59 [TUniServerModule]:Server First Init.
Project1.exe: 00002B80: 14:00:59 [TUniServerModule]:Global Cache Folder Erased. <22> Files deleted.
Project1.exe: 00002B80: 14:00:59 [TUniServerModule]:Starting HTTP Server on Port: 8077...
Project1.exe: 00002B80: 14:00:59 [TUniServerModule]:HTTP Server Started on Port: 8077
Project1.exe: 00002B80: 14:01:05 [TUniServerModule]:Shutting Down Server.
Project1.exe: 00002B80: 14:01:05 [TUniServerModule]:Stopping HTTP Server.
Project1.exe: 00002B80: 14:01:05 [TUniServerModule]:HTTP Server Stopped.
Project1.exe: 00002B80: 14:01:05 [TUniGUISessionManager]:Terminating Session manager.
Project1.exe: 00002B80: 14:01:05 [TUniGUISessionManager]:Stopping Cache Eraser...
Project1.exe: 00002B80: 14:01:05 [TUniGUISessionManager]:Cache Eraser Stopped.
Project1.exe: 00002B80: 14:01:05 [TUniGUISessionManager]:Destroying Worker Threads.
Project1.exe: 00002B80: 14:01:05 [TUniGUISessionManager]:Session manager terminated.
Project1.exe: 00002B80: 14:01:05 [TUniServerModule]:Server Shutdown Completed.
Project1.exe: 00002B80: 14:01:05 []:<-------------------------------------------------------------->
Project1.exe: 00002B80: 14:01:05 [Terminated]:Exit Code: 0
Project1.exe: 00002F98: 14:01:34 []:>--------------------------------------------------------------<
Project1.exe: 00002F98: 14:01:34 [TUniServerModule]:Server First Init.
Project1.exe: 00002F98: 14:01:34 [TUniServerModule]:Starting HTTP Server on Port: 8077...
Project1.exe: 00002F98: 14:01:34 [TUniServerModule]:HTTP Server Started on Port: 8077
Project1.exe: 00001E00: 14:01:36 [192.168.0.101]:EUniSessionException : Sessão inválida ou tempo limite da sessão. : Addr: $007CEFF3
Project1.exe: 00001718: 14:01:49 [HandleFileRequest[192.168.0.101]]:File not found: D:\2020\Projetos 2020\Mobile_SalvaRegistros\Win32\Debug\files\img\icon.png
Project1.exe: 0000280C: 14:10:16 []:>--------------------------------------------------------------<
Project1.exe: 0000280C: 14:10:17 [TUniServerModule]:Server First Init.
Project1.exe: 0000280C: 14:10:17 [TUniServerModule]:Global Cache Folder Erased. <7> Files deleted.
Project1.exe: 0000280C: 14:10:17 [TUniServerModule]:Starting HTTP Server on Port: 8077...
Project1.exe: 0000280C: 14:10:17 [TUniServerModule]:HTTP Server Started on Port: 8077
Project1.exe: 0000309C: 14:10:17 [192.168.0.101]:EUniSessionException : Sessão inválida ou tempo limite da sessão. : Addr: $007CEFF3
Project1.exe: 00003328: 14:12:49 []:>--------------------------------------------------------------<
Project1.exe: 00003328: 14:12:49 [TUniServerModule]:Server First Init.
Project1.exe: 00003328: 14:12:49 [TUniServerModule]:Global Cache Folder Erased. <7> Files deleted.
Project1.exe: 00003328: 14:12:49 [TUniServerModule]:Starting HTTP Server on Port: 8077...
Project1.exe: 00003328: 14:12:49 [TUniServerModule]:HTTP Server Started on Port: 8077
Project1.exe: 000018CC: 14:12:55 [192.168.0.101]:EUniSessionException : Sessão inválida ou tempo limite da sessão. : Addr: $007CEFF3
Project1.exe: 000020B4: 14:13:07 [HandleFileRequest[192.168.0.101]]:File not found: D:\2020\Projetos 2020\Mobile_SalvaRegistros\Win32\Debug\files\img\icon.png
Project1.exe: 000017D0: 14:18:13 []:>--------------------------------------------------------------<
Project1.exe: 000017D0: 14:18:13 [TUniServerModule]:Server First Init.
Project1.exe: 000017D0: 14:18:13 [TUniServerModule]:Global Cache Folder Erased. <7> Files deleted.
Project1.exe: 000017D0: 14:18:13 [TUniServerModule]:Starting HTTP Server on Port: 8077...
Project1.exe: 000017D0: 14:18:13 [TUniServerModule]:HTTP Server Started on Port: 8077
Project1.exe: 00000560: 14:18:14 [192.168.0.101]:EUniSessionException : Sessão inválida ou tempo limite da sessão. : Addr: $007CEFF3
Project1.exe: 00001560: 14:19:17 []:>--------------------------------------------------------------<
Project1.exe: 00001560: 14:19:18 [TUniServerModule]:Server First Init.
Project1.exe: 00001560: 14:19:18 [TUniServerModule]:Global Cache Folder Erased. <8> Files deleted.
Project1.exe: 00001560: 14:19:18 [TUniServerModule]:Starting HTTP Server on Port: 8077...
Project1.exe: 00001560: 14:19:18 [TUniServerModule]:HTTP Server Started on Port: 8077
Project1.exe: 0000309C: 14:19:22 [192.168.0.101]:EUniSessionException : Sessão inválida ou tempo limite da sessão. : Addr: $007CEFF3
Project1.exe: 00002234: 14:25:45 []:>--------------------------------------------------------------<
Project1.exe: 00002234: 14:25:45 [TUniServerModule]:Server First Init.
Project1.exe: 00002234: 14:25:45 [TUniServerModule]:Global Cache Folder Erased. <8> Files deleted.
Project1.exe: 00002234: 14:25:45 [TUniServerModule]:Starting HTTP Server on Port: 8077...
Project1.exe: 00002234: 14:25:46 [TUniServerModule]:HTTP Server Started on Port: 8077
Project1.exe: 00003300: 14:26:14 []:>--------------------------------------------------------------<
Project1.exe: 00003300: 14:26:14 [TUniServerModule]:Server First Init.
Project1.exe: 00003300: 14:26:14 [TUniServerModule]:Global Cache Folder Erased. <1> Files deleted.
Project1.exe: 00003300: 14:26:14 [TUniServerModule]:Starting HTTP Server on Port: 8077...
Project1.exe: 00003300: 14:26:14 [TUniServerModule]:HTTP Server Started on Port: 8077
Project1.exe: 00002DC8: 14:26:17 [192.168.0.101]:EUniSessionException : Sessão inválida ou tempo limite da sessão. : Addr: $007CEFF3
Project1.exe: 0000116C: 14:29:26 []:>--------------------------------------------------------------<
Project1.exe: 0000116C: 14:29:26 [TUniServerModule]:Server First Init.
Project1.exe: 0000116C: 14:29:26 [TUniServerModule]:Global Cache Folder Erased. <7> Files deleted.
Project1.exe: 0000116C: 14:29:26 [TUniServerModule]:Starting HTTP Server on Port: 8077...
Project1.exe: 0000116C: 14:29:26 [TUniServerModule]:HTTP Server Started on Port: 8077
Project1.exe: 00000FD0: 14:29:27 [192.168.0.101]:EUniSessionException : Sessão inválida ou tempo limite da sessão. : Addr: $007CEFF3
Project1.exe: 00000FF0: 14:33:30 []:>--------------------------------------------------------------<
Project1.exe: 00000FF0: 14:33:30 [TUniServerModule]:Server First Init.
Project1.exe: 00000FF0: 14:33:30 [TUniServerModule]:Global Cache Folder Erased. <19> Files deleted.
Project1.exe: 00000FF0: 14:33:30 [TUniServerModule]:Starting HTTP Server on Port: 8077...
Project1.exe: 00000FF0: 14:33:30 [TUniServerModule]:HTTP Server Started on Port: 8077
Project1.exe: 00002F18: 14:33:30 [192.168.0.101]:EUniSessionException : Sessão inválida ou tempo limite da sessão. : Addr: $007CEFF3
Project1.exe: 00002360: 14:37:09 []:>--------------------------------------------------------------<
Project1.exe: 00002360: 14:37:09 [TUniServerModule]:Server First Init.
Project1.exe: 00002360: 14:37:09 [TUniServerModule]:Global Cache Folder Erased. <24> Files deleted.
Project1.exe: 00002360: 14:37:09 [TUniServerModule]:Starting HTTP Server on Port: 8077...
Project1.exe: 00002360: 14:37:09 [TUniServerModule]:HTTP Server Started on Port: 8077
Project1.exe: 00001884: 14:42:46 []:>--------------------------------------------------------------<
Project1.exe: 00001884: 14:42:46 [TUniServerModule]:Server First Init.
Project1.exe: 00001884: 14:42:46 [TUniServerModule]:Global Cache Folder Erased. <7> Files deleted.
Project1.exe: 00001884: 14:42:46 [TUniServerModule]:Starting HTTP Server on Port: 8077...
Project1.exe: 00001884: 14:42:46 [TUniServerModule]:HTTP Server Started on Port: 8077
Project1.exe: 00002758: 14:44:13 []:>--------------------------------------------------------------<
Project1.exe: 00002758: 14:44:13 [TUniServerModule]:Server First Init.
Project1.exe: 00002758: 14:44:13 [TUniServerModule]:Global Cache Folder Erased. <7> Files deleted.
Project1.exe: 00002758: 14:44:13 [TUniServerModule]:Starting HTTP Server on Port: 8077...
Project1.exe: 00002758: 14:44:13 [TUniServerModule]:HTTP Server Started on Port: 8077
Project1.exe: 00002CC4: 14:44:14 [192.168.0.101]:EUniSessionException : Sessão inválida ou tempo limite da sessão. : Addr: $007CEFF3
Project1.exe: 00001368: 14:46:05 []:>--------------------------------------------------------------<
Project1.exe: 00001368: 14:46:05 [TUniServerModule]:Server First Init.
Project1.exe: 00001368: 14:46:05 [TUniServerModule]:Global Cache Folder Erased. <7> Files deleted.
Project1.exe: 00001368: 14:46:05 [TUniServerModule]:Starting HTTP Server on Port: 8077...
Project1.exe: 00001368: 14:46:05 [TUniServerModule]:HTTP Server Started on Port: 8077
Project1.exe: 000016C0: 14:48:28 [192.168.0.101]:EUniSessionException : Sessão inválida ou tempo limite da sessão. : Addr: $007CEFF3
Project1.exe: 000006D0: 14:55:42 []:>--------------------------------------------------------------<
Project1.exe: 000006D0: 14:55:42 [TUniServerModule]:Server First Init.
Project1.exe: 000006D0: 14:55:42 [TUniServerModule]:Global Cache Folder Erased. <14> Files deleted.
Project1.exe: 000006D0: 14:55:42 [TUniServerModule]:Starting HTTP Server on Port: 8077...
Project1.exe: 000006D0: 14:55:42 [TUniServerModule]:HTTP Server Started on Port: 8077
Project1.exe: 000032CC: 14:55:46 [192.168.0.101]:EUniSessionException : Sessão inválida ou tempo limite da sessão. : Addr: $007CEFF3
Project1.exe: 00000CDC: 14:58:36 []:>--------------------------------------------------------------<
Project1.exe: 00000CDC: 14:58:36 [TUniServerModule]:Server First Init.
Project1.exe: 00000CDC: 14:58:36 [TUniServerModule]:Global Cache Folder Erased. <18> Files deleted.
Project1.exe: 00000CDC: 14:58:36 [TUniServerModule]:Starting HTTP Server on Port: 8077...
Project1.exe: 00000CDC: 14:58:36 [TUniServerModule]:HTTP Server Started on Port: 8077
Project1.exe: 00002B14: 14:58:40 [192.168.0.101]:EUniSessionException : Sessão inválida ou tempo limite da sessão. : Addr: $007CEFF3
Project1.exe: 00003378: 15:03:43 []:>--------------------------------------------------------------<
Project1.exe: 00003378: 15:03:43 [TUniServerModule]:Server First Init.
Project1.exe: 00003378: 15:03:43 [TUniServerModule]:Global Cache Folder Erased. <7> Files deleted.
Project1.exe: 00003378: 15:03:43 [TUniServerModule]:Starting HTTP Server on Port: 8077...
Project1.exe: 00003378: 15:03:43 [TUniServerModule]:HTTP Server Started on Port: 8077
Project1.exe: 00002728: 15:03:44 [192.168.0.101]:EUniSessionException : Sessão inválida ou tempo limite da sessão. : Addr: $007CEFF3
Project1.exe: 00001748: 15:04:34 []:>--------------------------------------------------------------<
Project1.exe: 00001748: 15:04:34 [TUniServerModule]:Server First Init.
Project1.exe: 00001748: 15:04:34 [TUniServerModule]:Global Cache Folder Erased. <7> Files deleted.
Project1.exe: 00001748: 15:04:34 [TUniServerModule]:Starting HTTP Server on Port: 8077...
Project1.exe: 00001748: 15:04:34 [TUniServerModule]:HTTP Server Started on Port: 8077
Project1.exe: 000032E4: 15:04:35 [192.168.0.101]:EUniSessionException : Sessão inválida ou tempo limite da sessão. : Addr: $007CEFF3
Project1.exe: 0000265C: 15:05:43 []:>--------------------------------------------------------------<
Project1.exe: 0000265C: 15:05:43 [TUniServerModule]:Server First Init.
Project1.exe: 0000265C: 15:05:43 [TUniServerModule]:Global Cache Folder Erased. <7> Files deleted.
Project1.exe: 0000265C: 15:05:43 [TUniServerModule]:Starting HTTP Server on Port: 8077...
Project1.exe: 0000265C: 15:05:43 [TUniServerModule]:HTTP Server Started on Port: 8077
Project1.exe: 00002544: 15:06:54 []:>--------------------------------------------------------------<
Project1.exe: 00002544: 15:06:54 [TUniServerModule]:Server First Init.
Project1.exe: 00002544: 15:06:54 [TUniServerModule]:Global Cache Folder Erased. <7> Files deleted.
Project1.exe: 00002544: 15:06:54 [TUniServerModule]:Starting HTTP Server on Port: 8077...
Project1.exe: 00002544: 15:06:54 [TUniServerModule]:HTTP Server Started on Port: 8077
Project1.exe: 00002CE8: 15:07:26 []:>--------------------------------------------------------------<
Project1.exe: 00002CE8: 15:07:26 [TUniServerModule]:Server First Init.
Project1.exe: 00002CE8: 15:07:26 [TUniServerModule]:Global Cache Folder Erased. <6> Files deleted.
Project1.exe: 00002CE8: 15:07:26 [TUniServerModule]:Starting HTTP Server on Port: 8077...
Project1.exe: 00002CE8: 15:07:26 [TUniServerModule]:HTTP Server Started on Port: 8077
Project1.exe: 00001F84: 15:07:31 [192.168.0.101]:EUniSessionException : Sessão inválida ou tempo limite da sessão. : Addr: $007CEFF3
Project1.exe: 00001844: 15:08:17 []:>--------------------------------------------------------------<
Project1.exe: 00001844: 15:08:17 [TUniServerModule]:Server First Init.
Project1.exe: 00001844: 15:08:17 [TUniServerModule]:Global Cache Folder Erased. <7> Files deleted.
Project1.exe: 00001844: 15:08:17 [TUniServerModule]:Starting HTTP Server on Port: 8077...
Project1.exe: 00001844: 15:08:17 [TUniServerModule]:HTTP Server Started on Port: 8077
Project1.exe: 00001544: 15:08:19 [192.168.0.101]:EUniSessionException : Sessão inválida ou tempo limite da sessão. : Addr: $007CEFF3
Project1.exe: 00001704: 15:09:03 []:>--------------------------------------------------------------<
Project1.exe: 00001704: 15:09:03 [TUniServerModule]:Server First Init.
Project1.exe: 00001704: 15:09:03 [TUniServerModule]:Global Cache Folder Erased. <7> Files deleted.
Project1.exe: 00001704: 15:09:03 [TUniServerModule]:Starting HTTP Server on Port: 8077...
Project1.exe: 00001704: 15:09:03 [TUniServerModule]:HTTP Server Started on Port: 8077
Project1.exe: 00001430: 15:09:04 [192.168.0.101]:EUniSessionException : Sessão inválida ou tempo limite da sessão. : Addr: $007CEFF3
Project1.exe: 0000076C: 15:09:39 []:>--------------------------------------------------------------<
Project1.exe: 0000076C: 15:09:39 [TUniServerModule]:Server First Init.
Project1.exe: 0000076C: 15:09:39 [TUniServerModule]:Global Cache Folder Erased. <7> Files deleted.
Project1.exe: 0000076C: 15:09:39 [TUniServerModule]:Starting HTTP Server on Port: 8077...
Project1.exe: 0000076C: 15:09:39 [TUniServerModule]:HTTP Server Started on Port: 8077
Project1.exe: 00001AC0: 15:09:55 [192.168.0.101]:EUniSessionException : Sessão inválida ou tempo limite da sessão. : Addr: $007CEFF3
Project1.exe: 00000550: 15:14:58 []:>--------------------------------------------------------------<
Project1.exe: 00000550: 15:14:58 [TUniServerModule]:Server First Init.
Project1.exe: 00000550: 15:14:58 [TUniServerModule]:Global Cache Folder Erased. <7> Files deleted.
Project1.exe: 00000550: 15:14:58 [TUniServerModule]:Starting HTTP Server on Port: 8077...
Project1.exe: 00000550: 15:14:58 [TUniServerModule]:HTTP Server Started on Port: 8077
Project1.exe: 00002C48: 15:15:05 [192.168.0.101]:EUniSessionException : Sessão inválida ou tempo limite da sessão. : Addr: $007CEFF3
Project1.exe: 00002A80: 15:16:13 []:>--------------------------------------------------------------<
Project1.exe: 00002A80: 15:16:13 [TUniServerModule]:Server First Init.
Project1.exe: 00002A80: 15:16:13 [TUniServerModule]:Global Cache Folder Erased. <8> Files deleted.
Project1.exe: 00002A80: 15:16:13 [TUniServerModule]:Starting HTTP Server on Port: 8077...
Project1.exe: 00002A80: 15:16:13 [TUniServerModule]:HTTP Server Started on Port: 8077
Project1.exe: 00000EFC: 15:16:16 [192.168.0.101]:EUniSessionException : Sessão inválida ou tempo limite da sessão. : Addr: $007CEFF3
Project1.exe: 00002344: 15:17:45 []:>--------------------------------------------------------------<
Project1.exe: 00002344: 15:17:45 [TUniServerModule]:Server First Init.
Project1.exe: 00002344: 15:17:45 [TUniServerModule]:Global Cache Folder Erased. <7> Files deleted.
Project1.exe: 00002344: 15:17:45 [TUniServerModule]:Starting HTTP Server on Port: 8077...
Project1.exe: 00002344: 15:17:45 [TUniServerModule]:HTTP Server Started on Port: 8077
Project1.exe: 000030B4: 15:17:50 [192.168.0.101]:EUniSessionException : Sessão inválida ou tempo limite da sessão. : Addr: $007CEFF3
Project1.exe: 00001008: 15:18:57 []:>--------------------------------------------------------------<
Project1.exe: 00001008: 15:18:57 [TUniServerModule]:Server First Init.
Project1.exe: 00001008: 15:18:57 [TUniServerModule]:Global Cache Folder Erased. <7> Files deleted.
Project1.exe: 00001008: 15:18:57 [TUniServerModule]:Starting HTTP Server on Port: 8077...
Project1.exe: 00001008: 15:18:57 [TUniServerModule]:HTTP Server Started on Port: 8077
Project1.exe: 000032E4: 15:19:01 [192.168.0.101]:EUniSessionException : Sessão inválida ou tempo limite da sessão. : Addr: $007CEFF3
Project1.exe: 00002DF4: 15:20:14 []:>--------------------------------------------------------------<
Project1.exe: 00002DF4: 15:20:14 [TUniServerModule]:Server First Init.
Project1.exe: 00002DF4: 15:20:14 [TUniServerModule]:Global Cache Folder Erased. <7> Files deleted.
Project1.exe: 00002DF4: 15:20:14 [TUniServerModule]:Starting HTTP Server on Port: 8077...
Project1.exe: 00002DF4: 15:20:14 [TUniServerModule]:HTTP Server Started on Port: 8077
Project1.exe: 0000272C: 15:20:17 [192.168.0.101]:EUniSessionException : Sessão inválida ou tempo limite da sessão. : Addr: $007CEFF3
Project1.exe: 000018C4: 15:34:19 []:>--------------------------------------------------------------<
Project1.exe: 000018C4: 15:34:19 [TUniServerModule]:Server First Init.
Project1.exe: 000018C4: 15:34:19 [TUniServerModule]:Global Cache Folder Erased. <17> Files deleted.
Project1.exe: 000018C4: 15:34:19 [TUniServerModule]:Starting HTTP Server on Port: 8077...
Project1.exe: 000018C4: 15:34:19 [TUniServerModule]:HTTP Server Started on Port: 8077
Project1.exe: 000004E8: 15:34:20 [192.168.0.101]:EUniSessionException : Sessão inválida ou tempo limite da sessão. : Addr: $007CEFF3
Project1.exe: 000018C4: 16:00:29 [TUniServerModule]:Shutting Down Server.
Project1.exe: 000018C4: 16:00:29 [TUniServerModule]:Stopping HTTP Server.
Project1.exe: 000018C4: 16:00:29 [TUniServerModule]:HTTP Server Stopped.
Project1.exe: 000018C4: 16:00:29 [TUniGUISessionManager]:Terminating Session manager.
Project1.exe: 000018C4: 16:00:29 [TUniGUISessionManager]:Stopping Cache Eraser...
Project1.exe: 000018C4: 16:00:29 [TUniGUISessionManager]:Cache Eraser Stopped.
Project1.exe: 000018C4: 16:00:29 [TUniGUISessionManager]:Destroying Worker Threads.
Project1.exe: 000018C4: 16:00:29 [TUniGUISessionManager]:Session manager terminated.
Project1.exe: 000018C4: 16:00:29 [TUniServerModule]:Server Shutdown Completed.
Project1.exe: 000018C4: 16:00:29 []:<-------------------------------------------------------------->
Project1.exe: 000018C4: 16:00:29 [Terminated]:Exit Code: 0
