Project1.exe: 000018FC: 16:43:36 []:>--------------------------------------------------------------<
Project1.exe: 000018FC: 16:43:36 [TUniServerModule]:Server First Init.
Project1.exe: 000018FC: 16:43:36 [TUniServerModule]:Starting HTTP Server on Port: 8077...
Project1.exe: 000018FC: 16:43:36 [TUniServerModule]:HTTP Server Started on Port: 8077
Project1.exe: 000020B4: 16:45:58 []:>--------------------------------------------------------------<
Project1.exe: 000020B4: 16:45:58 [TUniServerModule]:Server First Init.
Project1.exe: 000020B4: 16:45:58 [TUniServerModule]:Global Cache Folder Erased. <1> Files deleted.
Project1.exe: 000020B4: 16:45:58 [TUniServerModule]:Starting HTTP Server on Port: 8077...
Project1.exe: 000020B4: 16:45:58 [TUniServerModule]:HTTP Server Started on Port: 8077
Project1.exe: 00002018: 16:46:42 []:>--------------------------------------------------------------<
Project1.exe: 00002018: 16:46:42 [TUniServerModule]:Server First Init.
Project1.exe: 00002018: 16:46:42 [TUniServerModule]:Global Cache Folder Erased. <3> Files deleted.
Project1.exe: 00002018: 16:46:42 [TUniServerModule]:Starting HTTP Server on Port: 8077...
Project1.exe: 00002018: 16:46:42 [TUniServerModule]:HTTP Server Started on Port: 8077
Project1.exe: 00001624: 16:46:55 [192.168.0.102]:EUniSessionException : Invalid session or session Timeout. : Addr: $007739FB
Project1.exe: 00002ED8: 16:47:13 []:>--------------------------------------------------------------<
Project1.exe: 00002ED8: 16:47:13 [TUniServerModule]:Server First Init.
Project1.exe: 00002ED8: 16:47:13 [TUniServerModule]:Global Cache Folder Erased. <2> Files deleted.
Project1.exe: 00002ED8: 16:47:13 [TUniServerModule]:Starting HTTP Server on Port: 8077...
Project1.exe: 00002ED8: 16:47:13 [TUniServerModule]:HTTP Server Started on Port: 8077
Project1.exe: 000037D0: 16:47:15 [192.168.0.102]:EUniSessionException : Invalid session or session Timeout. : Addr: $007739FB
Project1.exe: 00000B78: 16:51:53 []:>--------------------------------------------------------------<
Project1.exe: 00000B78: 16:51:53 [TUniServerModule]:Server First Init.
Project1.exe: 00000B78: 16:51:53 [TUniServerModule]:Global Cache Folder Erased. <3> Files deleted.
Project1.exe: 00000B78: 16:51:53 [TUniServerModule]:Starting HTTP Server on Port: 8077...
Project1.exe: 00000B78: 16:51:53 [TUniServerModule]:HTTP Server Started on Port: 8077
Project1.exe: 00003688: 16:51:58 [192.168.0.102]:EUniSessionException : Invalid session or session Timeout. : Addr: $007C9113
Project1.exe: 00002CA4: 16:54:11 []:>--------------------------------------------------------------<
Project1.exe: 00002CA4: 16:54:11 [TUniServerModule]:Server First Init.
Project1.exe: 00002CA4: 16:54:11 [TUniServerModule]:Global Cache Folder Erased. <5> Files deleted.
Project1.exe: 00002CA4: 16:54:11 [TUniServerModule]:Starting HTTP Server on Port: 8077...
Project1.exe: 00002CA4: 16:54:11 [TUniServerModule]:HTTP Server Started on Port: 8077
Project1.exe: 00000580: 16:54:15 [192.168.0.102]:EUniSessionException : Invalid session or session Timeout. : Addr: $007C9113
Project1.exe: 000031FC: 16:54:22 [192.168.0.102]:EDatabaseError : FDQueryUsuario: Dataset not in edit or insert mode : Addr: $0065DEE2
Project1.exe: 000032D0: 16:54:52 []:>--------------------------------------------------------------<
Project1.exe: 000032D0: 16:54:52 [TUniServerModule]:Server First Init.
Project1.exe: 000032D0: 16:54:52 [TUniServerModule]:Global Cache Folder Erased. <4> Files deleted.
Project1.exe: 000032D0: 16:54:52 [TUniServerModule]:Starting HTTP Server on Port: 8077...
Project1.exe: 000032D0: 16:54:52 [TUniServerModule]:HTTP Server Started on Port: 8077
Project1.exe: 0000322C: 16:54:54 [192.168.0.102]:EUniSessionException : Invalid session or session Timeout. : Addr: $007C9113
Project1.exe: 00003388: 16:55:21 []:>--------------------------------------------------------------<
Project1.exe: 00003388: 16:55:21 [TUniServerModule]:Server First Init.
Project1.exe: 00003388: 16:55:21 [TUniServerModule]:Global Cache Folder Erased. <3> Files deleted.
Project1.exe: 00003388: 16:55:21 [TUniServerModule]:Starting HTTP Server on Port: 8077...
Project1.exe: 00003388: 16:55:21 [TUniServerModule]:HTTP Server Started on Port: 8077
Project1.exe: 00003274: 16:55:22 [192.168.0.102]:EUniSessionException : Invalid session or session Timeout. : Addr: $007C9113
Project1.exe: 0000176C: 16:56:30 []:>--------------------------------------------------------------<
Project1.exe: 0000176C: 16:56:30 [TUniServerModule]:Server First Init.
Project1.exe: 0000176C: 16:56:30 [TUniServerModule]:Global Cache Folder Erased. <3> Files deleted.
Project1.exe: 0000176C: 16:56:30 [TUniServerModule]:Starting HTTP Server on Port: 8077...
Project1.exe: 0000176C: 16:56:30 [TUniServerModule]:HTTP Server Started on Port: 8077
Project1.exe: 00000818: 16:56:45 [192.168.0.102]:EDatabaseError : FDQueryUsuario: Cannot perform this operation on a closed dataset : Addr: $0065DEE2
Project1.exe: 0000364C: 16:57:28 []:>--------------------------------------------------------------<
Project1.exe: 0000364C: 16:57:28 [TUniServerModule]:Server First Init.
Project1.exe: 0000364C: 16:57:28 [TUniServerModule]:Global Cache Folder Erased. <2> Files deleted.
Project1.exe: 0000364C: 16:57:28 [TUniServerModule]:Starting HTTP Server on Port: 8077...
Project1.exe: 0000364C: 16:57:28 [TUniServerModule]:HTTP Server Started on Port: 8077
Project1.exe: 000023A4: 16:57:31 [192.168.0.102]:EUniSessionException : Invalid session or session Timeout. : Addr: $007C9113
Project1.exe: 000023A4: 16:57:37 [192.168.0.102]:EDatabaseError : FDQueryUsuario: Cannot perform this operation on a closed dataset : Addr: $0065DEE2
Project1.exe: 00000634: 16:58:52 []:>--------------------------------------------------------------<
Project1.exe: 00000634: 16:58:52 [TUniServerModule]:Server First Init.
Project1.exe: 00000634: 16:58:52 [TUniServerModule]:Global Cache Folder Erased. <3> Files deleted.
Project1.exe: 00000634: 16:58:52 [TUniServerModule]:Starting HTTP Server on Port: 8077...
Project1.exe: 00000634: 16:58:52 [TUniServerModule]:HTTP Server Started on Port: 8077
Project1.exe: 000034E4: 16:58:53 [192.168.0.102]:EUniSessionException : Invalid session or session Timeout. : Addr: $007C9113
Project1.exe: 000034E4: 16:59:00 [192.168.0.102]:EDatabaseError : FDQueryUsuario: Cannot perform this operation on a closed dataset : Addr: $0065DEE2
Project1.exe: 000024C4: 17:03:17 []:>--------------------------------------------------------------<
Project1.exe: 000024C4: 17:03:17 [TUniServerModule]:Server First Init.
Project1.exe: 000024C4: 17:03:17 [TUniServerModule]:Global Cache Folder Erased. <3> Files deleted.
Project1.exe: 000024C4: 17:03:17 [TUniServerModule]:Starting HTTP Server on Port: 8077...
Project1.exe: 000024C4: 17:03:17 [TUniServerModule]:HTTP Server Started on Port: 8077
Project1.exe: 000024C4: 17:03:20 [TUniServerModule]:Shutting Down Server.
Project1.exe: 000024C4: 17:03:20 [TUniServerModule]:Stopping HTTP Server.
Project1.exe: 000024C4: 17:03:20 [TUniServerModule]:HTTP Server Stopped.
Project1.exe: 000024C4: 17:03:20 [TUniGUISessionManager]:Terminating Session manager.
Project1.exe: 000024C4: 17:03:20 [TUniGUISessionManager]:Stopping Cache Eraser...
Project1.exe: 000024C4: 17:03:20 [TUniGUISessionManager]:Cache Eraser Stopped.
Project1.exe: 000024C4: 17:03:20 [TUniGUISessionManager]:Destroying Worker Threads.
Project1.exe: 000024C4: 17:03:20 [TUniGUISessionManager]:Session manager terminated.
Project1.exe: 000024C4: 17:03:20 [TUniServerModule]:Server Shutdown Completed.
Project1.exe: 000024C4: 17:03:21 []:<-------------------------------------------------------------->
Project1.exe: 000024C4: 17:03:21 [Terminated]:Exit Code: 0
Project1.exe: 00001FB0: 17:03:26 []:>--------------------------------------------------------------<
Project1.exe: 00001FB0: 17:03:26 [TUniServerModule]:Server First Init.
Project1.exe: 00001FB0: 17:03:26 [TUniServerModule]:Starting HTTP Server on Port: 8077...
Project1.exe: 00001FB0: 17:03:26 [TUniServerModule]:HTTP Server Started on Port: 8077
Project1.exe: 00001C48: 17:03:28 [192.168.0.102]:EUniSessionException : Invalid session or session Timeout. : Addr: $007C88C7
Project1.exe: 00000CC4: 17:03:42 [192.168.0.102]:EDatabaseError : FDQueryUsuario: Cannot perform this operation on a closed dataset : Addr: $0065DEE2
Project1.exe: 000003A0: 17:04:23 []:>--------------------------------------------------------------<
Project1.exe: 000003A0: 17:04:23 [TUniServerModule]:Server First Init.
Project1.exe: 000003A0: 17:04:23 [TUniServerModule]:Global Cache Folder Erased. <3> Files deleted.
Project1.exe: 000003A0: 17:04:23 [TUniServerModule]:Starting HTTP Server on Port: 8077...
Project1.exe: 000003A0: 17:04:23 [TUniServerModule]:HTTP Server Started on Port: 8077
Project1.exe: 00001FF4: 17:04:27 [192.168.0.102]:EUniSessionException : Invalid session or session Timeout. : Addr: $007C88C7
Project1.exe: 00001FF4: 17:04:36 [192.168.0.102]:EDatabaseError : FDQueryUsuario: Cannot perform this operation on a closed dataset : Addr: $0065DEE2
Project1.exe: 000024F0: 17:05:42 []:>--------------------------------------------------------------<
Project1.exe: 000024F0: 17:05:42 [TUniServerModule]:Server First Init.
Project1.exe: 000024F0: 17:05:42 [TUniServerModule]:Global Cache Folder Erased. <3> Files deleted.
Project1.exe: 000024F0: 17:05:42 [TUniServerModule]:Starting HTTP Server on Port: 8077...
Project1.exe: 000024F0: 17:05:42 [TUniServerModule]:HTTP Server Started on Port: 8077
Project1.exe: 000024F0: 17:05:45 [TUniServerModule]:Shutting Down Server.
Project1.exe: 000024F0: 17:05:45 [TUniServerModule]:Stopping HTTP Server.
Project1.exe: 000024F0: 17:05:45 [TUniServerModule]:HTTP Server Stopped.
Project1.exe: 000024F0: 17:05:45 [TUniGUISessionManager]:Terminating Session manager.
Project1.exe: 000024F0: 17:05:45 [TUniGUISessionManager]:Stopping Cache Eraser...
Project1.exe: 000024F0: 17:05:45 [TUniGUISessionManager]:Cache Eraser Stopped.
Project1.exe: 000024F0: 17:05:46 [TUniGUISessionManager]:Destroying Worker Threads.
Project1.exe: 000024F0: 17:05:46 [TUniGUISessionManager]:Session manager terminated.
Project1.exe: 000024F0: 17:05:46 [TUniServerModule]:Server Shutdown Completed.
Project1.exe: 000024F0: 17:05:46 []:<-------------------------------------------------------------->
Project1.exe: 000024F0: 17:05:46 [Terminated]:Exit Code: 0
Project1.exe: 0000311C: 17:05:50 []:>--------------------------------------------------------------<
Project1.exe: 0000311C: 17:05:50 [TUniServerModule]:Server First Init.
Project1.exe: 0000311C: 17:05:50 [TUniServerModule]:Starting HTTP Server on Port: 8077...
Project1.exe: 0000311C: 17:05:50 [TUniServerModule]:HTTP Server Started on Port: 8077
Project1.exe: 00001328: 17:05:50 [192.168.0.102]:EUniSessionException : Invalid session or session Timeout. : Addr: $007C88C7
Project1.exe: 00001328: 17:06:01 [192.168.0.102]:EDatabaseError : FDQueryUsuario: Cannot perform this operation on a closed dataset : Addr: $0065DEE2
Project1.exe: 00001328: 17:06:07 [192.168.0.102]:EDatabaseError : FDQueryUsuario: Cannot perform this operation on a closed dataset : Addr: $0065DEE2
Project1.exe: 000005E0: 17:07:16 []:>--------------------------------------------------------------<
Project1.exe: 000005E0: 17:07:16 [TUniServerModule]:Server First Init.
Project1.exe: 000005E0: 17:07:16 [TUniServerModule]:Global Cache Folder Erased. <3> Files deleted.
Project1.exe: 000005E0: 17:07:16 [TUniServerModule]:Starting HTTP Server on Port: 8077...
Project1.exe: 000005E0: 17:07:16 [TUniServerModule]:HTTP Server Started on Port: 8077
Project1.exe: 000020C4: 17:07:22 [192.168.0.106]:EUniSessionException : Invalid session or session Timeout. : Addr: $007C88C7
Project1.exe: 00000F50: 17:09:02 [192.168.0.102]:EUniSessionException : Invalid session or session Timeout. : Addr: $007C88C7
Project1.exe: 00002414: 17:11:17 []:>--------------------------------------------------------------<
Project1.exe: 00002414: 17:11:17 [TUniServerModule]:Server First Init.
Project1.exe: 00002414: 17:11:17 [TUniServerModule]:Global Cache Folder Erased. <2> Files deleted.
Project1.exe: 00002414: 17:11:17 [TUniServerModule]:Starting HTTP Server on Port: 8077...
Project1.exe: 00002414: 17:11:17 [TUniServerModule]:HTTP Server Started on Port: 8077
Project1.exe: 000004D4: 17:11:18 [192.168.0.102]:EUniSessionException : Invalid session or session Timeout. : Addr: $007C88C7
Project1.exe: 000004D4: 17:11:33 [192.168.0.102]:EDatabaseError : FDQueryUsuario: Cannot perform this operation on a closed dataset : Addr: $0065DEE2
Project1.exe: 000004D4: 17:11:35 [192.168.0.102]:EDatabaseError : FDQueryUsuario: Cannot perform this operation on a closed dataset : Addr: $0065DEE2
Project1.exe: 00001064: 17:11:56 []:>--------------------------------------------------------------<
Project1.exe: 00001064: 17:11:56 [TUniServerModule]:Server First Init.
Project1.exe: 00001064: 17:11:56 [TUniServerModule]:Global Cache Folder Erased. <3> Files deleted.
Project1.exe: 00001064: 17:11:56 [TUniServerModule]:Starting HTTP Server on Port: 8077...
Project1.exe: 00001064: 17:11:56 [TUniServerModule]:HTTP Server Started on Port: 8077
Project1.exe: 00001C88: 17:12:00 [192.168.0.102]:EUniSessionException : Invalid session or session Timeout. : Addr: $007C88C7
Project1.exe: 00000B08: 17:12:45 []:>--------------------------------------------------------------<
Project1.exe: 00000B08: 17:12:45 [TUniServerModule]:Server First Init.
Project1.exe: 00000B08: 17:12:45 [TUniServerModule]:Global Cache Folder Erased. <2> Files deleted.
Project1.exe: 00000B08: 17:12:45 [TUniServerModule]:Starting HTTP Server on Port: 8077...
Project1.exe: 00000B08: 17:12:45 [TUniServerModule]:HTTP Server Started on Port: 8077
Project1.exe: 00002D20: 17:12:50 [192.168.0.102]:EUniSessionException : Invalid session or session Timeout. : Addr: $007C88C7
Project1.exe: 00002D20: 17:13:01 [192.168.0.102]:EDatabaseError : FDQueryUsuario: Cannot perform this operation on a closed dataset : Addr: $0065DEE2
Project1.exe: 00001E88: 17:13:42 []:>--------------------------------------------------------------<
Project1.exe: 00001E88: 17:13:42 [TUniServerModule]:Server First Init.
Project1.exe: 00001E88: 17:13:42 [TUniServerModule]:Global Cache Folder Erased. <3> Files deleted.
Project1.exe: 00001E88: 17:13:42 [TUniServerModule]:Starting HTTP Server on Port: 8077...
Project1.exe: 00001E88: 17:13:42 [TUniServerModule]:HTTP Server Started on Port: 8077
Project1.exe: 00003344: 17:13:45 [192.168.0.102]:EUniSessionException : Invalid session or session Timeout. : Addr: $007C88C7
Project1.exe: 00003344: 17:13:52 [192.168.0.102]:EDatabaseError : FDQueryUsuario: Cannot perform this operation on a closed dataset : Addr: $0065DEE2
Project1.exe: 00003344: 17:13:54 [192.168.0.102]:EDatabaseError : FDQueryUsuario: Cannot perform this operation on a closed dataset : Addr: $0065DEE2
Project1.exe: 00001E74: 17:18:12 []:>--------------------------------------------------------------<
Project1.exe: 00001E74: 17:18:12 [TUniServerModule]:Server First Init.
Project1.exe: 00001E74: 17:18:12 [TUniServerModule]:Global Cache Folder Erased. <3> Files deleted.
Project1.exe: 00001E74: 17:18:12 [TUniServerModule]:Starting HTTP Server on Port: 8077...
Project1.exe: 00001E74: 17:18:12 [TUniServerModule]:HTTP Server Started on Port: 8077
Project1.exe: 00003450: 17:18:13 [192.168.0.102]:EUniSessionException : Invalid session or session Timeout. : Addr: $007C88C7
Project1.exe: 00001E74: 17:19:33 [TUniServerModule]:Shutting Down Server.
Project1.exe: 00001E74: 17:19:33 [TUniServerModule]:Stopping HTTP Server.
Project1.exe: 00001E74: 17:19:34 [TUniServerModule]:HTTP Server Stopped.
Project1.exe: 00001E74: 17:19:34 [TUniGUISessionManager]:Terminating Session manager.
Project1.exe: 00001E74: 17:19:34 [TUniGUISessionManager]:Stopping Cache Eraser...
Project1.exe: 00001E74: 17:19:34 [TUniGUISessionManager]:Cache Eraser Stopped.
Project1.exe: 00001E74: 17:19:34 [TUniGUISessionManager]:Destroying Worker Threads.
Project1.exe: 00001E74: 17:19:34 [TUniGUISessionManager]:Session manager terminated.
Project1.exe: 00001E74: 17:19:34 [TUniServerModule]:Server Shutdown Completed.
Project1.exe: 00001E74: 17:19:34 []:<-------------------------------------------------------------->
Project1.exe: 00001E74: 17:19:34 [Terminated]:Exit Code: 0
Project1.exe: 00001BDC: 17:19:57 []:>--------------------------------------------------------------<
Project1.exe: 00001BDC: 17:19:57 [TUniServerModule]:Server First Init.
Project1.exe: 00001BDC: 17:19:57 [TUniServerModule]:Starting HTTP Server on Port: 8077...
Project1.exe: 00001BDC: 17:19:57 [TUniServerModule]:HTTP Server Started on Port: 8077
Project1.exe: 000025FC: 17:20:00 [192.168.0.102]:EUniSessionException : Invalid session or session Timeout. : Addr: $007C88C7
Project1.exe: 000003BC: 17:20:48 []:>--------------------------------------------------------------<
Project1.exe: 000003BC: 17:20:48 [TUniServerModule]:Server First Init.
Project1.exe: 000003BC: 17:20:48 [TUniServerModule]:Global Cache Folder Erased. <2> Files deleted.
Project1.exe: 000003BC: 17:20:48 [TUniServerModule]:Starting HTTP Server on Port: 8077...
Project1.exe: 000003BC: 17:20:48 [TUniServerModule]:HTTP Server Started on Port: 8077
Project1.exe: 00002A5C: 17:20:51 [192.168.0.102]:EUniSessionException : Invalid session or session Timeout. : Addr: $007C88C7
Project1.exe: 00000374: 17:21:45 []:>--------------------------------------------------------------<
Project1.exe: 00000374: 17:21:45 [TUniServerModule]:Server First Init.
Project1.exe: 00000374: 17:21:45 [TUniServerModule]:Global Cache Folder Erased. <2> Files deleted.
Project1.exe: 00000374: 17:21:45 [TUniServerModule]:Starting HTTP Server on Port: 8077...
Project1.exe: 00000374: 17:21:45 [TUniServerModule]:HTTP Server Started on Port: 8077
Project1.exe: 00002DCC: 17:21:48 [192.168.0.102]:EUniSessionException : Invalid session or session Timeout. : Addr: $007C88C7
Project1.exe: 00000374: 17:27:40 [Exit]:Unexpected attempt to terminate server application with Exit Code: 0
Project1.exe: 00001A08: 23:31:43 []:>--------------------------------------------------------------<
Project1.exe: 00001A08: 23:31:43 [TUniServerModule]:Server First Init.
Project1.exe: 00001A08: 23:31:43 [TUniServerModule]:Global Cache Folder Erased. <2> Files deleted.
Project1.exe: 00001A08: 23:31:43 [TUniServerModule]:Starting HTTP Server on Port: 8077...
Project1.exe: 00001A08: 23:31:43 [TUniServerModule]:HTTP Server Started on Port: 8077
Project1.exe: 000019F8: 23:32:33 []:>--------------------------------------------------------------<
Project1.exe: 000019F8: 23:32:33 [TUniServerModule]:Server First Init.
Project1.exe: 000019F8: 23:32:33 [TUniServerModule]:Global Cache Folder Erased. <2> Files deleted.
Project1.exe: 000019F8: 23:32:33 [TUniServerModule]:Starting HTTP Server on Port: 8077...
Project1.exe: 000019F8: 23:32:33 [TUniServerModule]:HTTP Server Started on Port: 8077
Project1.exe: 000019F8: 23:32:36 [TUniServerModule]:Shutting Down Server.
Project1.exe: 000019F8: 23:32:36 [TUniServerModule]:Stopping HTTP Server.
Project1.exe: 000019F8: 23:32:36 [TUniServerModule]:HTTP Server Stopped.
Project1.exe: 000019F8: 23:32:36 [TUniGUISessionManager]:Terminating Session manager.
Project1.exe: 000019F8: 23:32:36 [TUniGUISessionManager]:Stopping Cache Eraser...
Project1.exe: 000019F8: 23:32:36 [TUniGUISessionManager]:Cache Eraser Stopped.
Project1.exe: 000019F8: 23:32:36 [TUniGUISessionManager]:Destroying Worker Threads.
Project1.exe: 000019F8: 23:32:36 [TUniGUISessionManager]:Session manager terminated.
Project1.exe: 000019F8: 23:32:36 [TUniServerModule]:Server Shutdown Completed.
Project1.exe: 000019F8: 23:32:36 []:<-------------------------------------------------------------->
Project1.exe: 000019F8: 23:32:36 [Terminated]:Exit Code: 0
Project1.exe: 00003458: 23:32:42 []:>--------------------------------------------------------------<
Project1.exe: 00003458: 23:32:42 [TUniServerModule]:Server First Init.
Project1.exe: 00003458: 23:32:42 [TUniServerModule]:Starting HTTP Server on Port: 8077...
Project1.exe: 00003458: 23:32:42 [TUniServerModule]:HTTP Server Started on Port: 8077
Project1.exe: 0000041C: 23:33:31 []:>--------------------------------------------------------------<
Project1.exe: 0000041C: 23:33:31 [TUniServerModule]:Server First Init.
Project1.exe: 0000041C: 23:33:31 [TUniServerModule]:Global Cache Folder Erased. <2> Files deleted.
Project1.exe: 0000041C: 23:33:31 [TUniServerModule]:Starting HTTP Server on Port: 8077...
Project1.exe: 0000041C: 23:33:31 [TUniServerModule]:HTTP Server Started on Port: 8077
Project1.exe: 000034BC: 23:34:19 []:>--------------------------------------------------------------<
Project1.exe: 000034BC: 23:34:19 [TUniServerModule]:Server First Init.
Project1.exe: 000034BC: 23:34:19 [TUniServerModule]:Global Cache Folder Erased. <2> Files deleted.
Project1.exe: 000034BC: 23:34:19 [TUniServerModule]:Starting HTTP Server on Port: 8077...
Project1.exe: 000034BC: 23:34:19 [TUniServerModule]:HTTP Server Started on Port: 8077
Project1.exe: 00002180: 23:35:17 []:>--------------------------------------------------------------<
Project1.exe: 00002180: 23:35:17 [TUniServerModule]:Server First Init.
Project1.exe: 00002180: 23:35:17 [TUniServerModule]:Global Cache Folder Erased. <2> Files deleted.
Project1.exe: 00002180: 23:35:17 [TUniServerModule]:Starting HTTP Server on Port: 8077...
Project1.exe: 00002180: 23:35:17 [TUniServerModule]:HTTP Server Started on Port: 8077
Project1.exe: 00002180: 23:40:59 [TUniServerModule]:Shutting Down Server.
Project1.exe: 00002180: 23:40:59 [TUniServerModule]:Stopping HTTP Server.
Project1.exe: 00002180: 23:41:01 [TUniServerModule]:HTTP Server Stopped.
Project1.exe: 00002180: 23:41:01 [TUniGUISessionManager]:Terminating Session manager.
Project1.exe: 00002180: 23:41:01 [TUniGUISessionManager]:Stopping Cache Eraser...
Project1.exe: 00002180: 23:41:01 [TUniGUISessionManager]:Cache Eraser Stopped.
Project1.exe: 00002180: 23:41:01 [TUniGUISessionManager]:Destroying Worker Threads.
Project1.exe: 00002180: 23:41:01 [TUniGUISessionManager]:Session manager terminated.
Project1.exe: 00002180: 23:41:01 [TUniServerModule]:Server Shutdown Completed.
Project1.exe: 00002180: 23:41:01 []:<-------------------------------------------------------------->
Project1.exe: 00002180: 23:41:01 [Terminated]:Exit Code: 0
Project1.exe: 00001194: 23:55:08 []:>--------------------------------------------------------------<
Project1.exe: 00001194: 23:55:08 [TUniServerModule]:Server First Init.
Project1.exe: 00001194: 23:55:08 [TUniServerModule]:Starting HTTP Server on Port: 8077...
Project1.exe: 00001194: 23:55:08 [TUniServerModule]:HTTP Server Started on Port: 8077
Project1.exe: 000021FC: 23:55:08 [127.0.0.1]:EUniSessionException : Invalid session or session Timeout. : Addr: $007C88C7
Project1.exe: 000021FC: 23:55:08 [127.0.0.1]:EUniSessionException : Invalid session or session Timeout. : Addr: $007C88C7
Project1.exe: 000021FC: 23:55:08 [127.0.0.1]:EUniSessionException : Invalid session or session Timeout. : Addr: $007C88C7
Project1.exe: 000021FC: 23:55:08 [127.0.0.1]:EUniSessionException : Invalid session or session Timeout. : Addr: $007C88C7
Project1.exe: 000021FC: 23:55:08 [127.0.0.1]:EUniSessionException : Invalid session or session Timeout. : Addr: $007C88C7
Project1.exe: 000021FC: 23:55:08 [127.0.0.1]:EUniSessionException : Invalid session or session Timeout. : Addr: $007C88C7
Project1.exe: 00001194: 23:55:12 [TUniServerModule]:Shutting Down Server.
Project1.exe: 00001194: 23:55:12 [TUniServerModule]:Stopping HTTP Server.
Project1.exe: 00001194: 23:55:13 [TUniServerModule]:HTTP Server Stopped.
Project1.exe: 00001194: 23:55:13 [TUniGUISessionManager]:Terminating Session manager.
Project1.exe: 00001194: 23:55:13 [TUniGUISessionManager]:Stopping Cache Eraser...
Project1.exe: 00001194: 23:55:13 [TUniGUISessionManager]:Cache Eraser Stopped.
Project1.exe: 00001194: 23:55:13 [TUniGUISessionManager]:Destroying Worker Threads.
Project1.exe: 00001194: 23:55:13 [TUniGUISessionManager]:Session manager terminated.
Project1.exe: 00001194: 23:55:13 [TUniServerModule]:Server Shutdown Completed.
Project1.exe: 00001194: 23:55:13 []:<-------------------------------------------------------------->
Project1.exe: 00001194: 23:55:13 [Terminated]:Exit Code: 0
Project1.exe: 00001580: 23:55:41 []:>--------------------------------------------------------------<
Project1.exe: 00001580: 23:55:41 [TUniServerModule]:Server First Init.
Project1.exe: 00001580: 23:55:41 [TUniServerModule]:Starting HTTP Server on Port: 8077...
Project1.exe: 00001580: 23:55:41 [TUniServerModule]:HTTP Server Started on Port: 8077
Project1.exe: 00002918: 23:56:41 []:>--------------------------------------------------------------<
Project1.exe: 00002918: 23:56:41 [TUniServerModule]:Server First Init.
Project1.exe: 00002918: 23:56:41 [TUniServerModule]:Global Cache Folder Erased. <3> Files deleted.
Project1.exe: 00002918: 23:56:41 [TUniServerModule]:Starting HTTP Server on Port: 8077...
Project1.exe: 00002918: 23:56:41 [TUniServerModule]:HTTP Server Started on Port: 8077
Project1.exe: 000009B0: 23:56:44 [192.168.0.102]:EUniSessionException : Invalid session or session Timeout. : Addr: $007C88C7
