Project1.exe: 000020A4: 00:06:07 [192.168.0.106]:EUniSessionException : Invalid session or session Timeout. : Addr: $007CEFF3
Project1.exe: 00000A7C: 00:31:54 []:>--------------------------------------------------------------<
Project1.exe: 00000A7C: 00:31:54 [TUniServerModule]:Server First Init.
Project1.exe: 00000A7C: 00:31:54 [TUniServerModule]:Debug Mode = ON
Project1.exe: 00000A7C: 00:31:54 [TUniServerModule]:Global Cache Folder Erased. <20> Files deleted.
Project1.exe: 00000A7C: 00:31:54 [TUniServerModule]:Starting HTTP Server on Port: 8077...
Project1.exe: 00000A7C: 00:31:54 [TUniServerModule]:HTTP Server Started on Port: 8077
Project1.exe: 0000272C: 00:34:13 []:>--------------------------------------------------------------<
Project1.exe: 0000272C: 00:34:13 [TUniServerModule]:Server First Init.
Project1.exe: 0000272C: 00:34:13 [TUniServerModule]:Global Cache Folder Erased. <12> Files deleted.
Project1.exe: 0000272C: 00:34:14 [TUniServerModule]:Starting HTTP Server on Port: 8077...
Project1.exe: 0000272C: 00:34:14 [TUniServerModule]:HTTP Server Started on Port: 8077
Project1.exe: 000010D4: 00:34:15 [192.168.0.106]:EUniSessionException : Invalid session or session Timeout. : Addr: $007CEFF3
Project1.exe: 00000C9C: 00:34:53 []:>--------------------------------------------------------------<
Project1.exe: 00000C9C: 00:34:54 [TUniServerModule]:Server First Init.
Project1.exe: 00000C9C: 00:34:54 [TUniServerModule]:Global Cache Folder Erased. <6> Files deleted.
Project1.exe: 00000C9C: 00:34:54 [TUniServerModule]:Starting HTTP Server on Port: 8077...
Project1.exe: 00000C9C: 00:34:54 [TUniServerModule]:HTTP Server Started on Port: 8077
Project1.exe: 00002FE0: 00:34:55 [192.168.0.106]:EUniSessionException : Invalid session or session Timeout. : Addr: $007CEFF3
Project1.exe: 00000588: 00:39:40 []:>--------------------------------------------------------------<
Project1.exe: 00000588: 00:39:40 [TUniServerModule]:Server First Init.
Project1.exe: 00000588: 00:39:40 [TUniServerModule]:Global Cache Folder Erased. <7> Files deleted.
Project1.exe: 00000588: 00:39:40 [TUniServerModule]:Starting HTTP Server on Port: 8077...
Project1.exe: 00000588: 00:39:40 [TUniServerModule]:HTTP Server Started on Port: 8077
Project1.exe: 00000588: 00:39:49 [TUniServerModule]:Shutting Down Server.
Project1.exe: 00000588: 00:39:49 [TUniServerModule]:Stopping HTTP Server.
Project1.exe: 00000588: 00:39:49 [TUniServerModule]:HTTP Server Stopped.
Project1.exe: 00000588: 00:39:49 [TUniGUISessionManager]:Terminating Session manager.
Project1.exe: 00000588: 00:39:49 [TUniGUISessionManager]:Stopping Cache Eraser...
Project1.exe: 00000588: 00:39:49 [TUniGUISessionManager]:Cache Eraser Stopped.
Project1.exe: 00000588: 00:39:49 [TUniGUISessionManager]:Destroying Worker Threads.
Project1.exe: 00000588: 00:39:49 [TUniGUISessionManager]:Session manager terminated.
Project1.exe: 00000588: 00:39:49 [TUniServerModule]:Server Shutdown Completed.
Project1.exe: 00000588: 00:39:49 []:<-------------------------------------------------------------->
Project1.exe: 00000588: 00:39:50 [Terminated]:Exit Code: 0
Project1.exe: 00000950: 00:40:00 []:>--------------------------------------------------------------<
Project1.exe: 00000950: 00:40:00 [TUniServerModule]:Server First Init.
Project1.exe: 00000950: 00:40:00 [TUniServerModule]:Starting HTTP Server on Port: 8077...
Project1.exe: 00000950: 00:40:00 [TUniServerModule]:HTTP Server Started on Port: 8077
Project1.exe: 00000948: 00:48:14 []:>--------------------------------------------------------------<
Project1.exe: 00000948: 00:48:14 [TUniServerModule]:Server First Init.
Project1.exe: 00000948: 00:48:14 [TUniServerModule]:Global Cache Folder Erased. <4> Files deleted.
Project1.exe: 00000948: 00:48:14 [TUniServerModule]:Starting HTTP Server on Port: 8077...
Project1.exe: 00000948: 00:48:14 [TUniServerModule]:HTTP Server Started on Port: 8077
Project1.exe: 00002B54: 00:49:17 []:>--------------------------------------------------------------<
Project1.exe: 00002B54: 00:49:17 [TUniServerModule]:Server First Init.
Project1.exe: 00002B54: 00:49:17 [TUniServerModule]:Global Cache Folder Erased. <12> Files deleted.
Project1.exe: 00002B54: 00:49:17 [TUniServerModule]:Starting HTTP Server on Port: 8077...
Project1.exe: 00002B54: 00:49:17 [TUniServerModule]:HTTP Server Started on Port: 8077
Project1.exe: 00001D08: 00:54:40 []:>--------------------------------------------------------------<
Project1.exe: 00001D08: 00:54:40 [TUniServerModule]:Server First Init.
Project1.exe: 00001D08: 00:54:40 [TUniServerModule]:Global Cache Folder Erased. <8> Files deleted.
Project1.exe: 00001D08: 00:54:40 [TUniServerModule]:Starting HTTP Server on Port: 8077...
Project1.exe: 00001D08: 00:54:40 [TUniServerModule]:HTTP Server Started on Port: 8077
Project1.exe: 000007E8: 00:58:55 []:>--------------------------------------------------------------<
Project1.exe: 000007E8: 00:58:55 [TUniServerModule]:Server First Init.
Project1.exe: 000007E8: 00:58:55 [TUniServerModule]:Global Cache Folder Erased. <6> Files deleted.
Project1.exe: 000007E8: 00:58:55 [TUniServerModule]:Starting HTTP Server on Port: 8077...
Project1.exe: 000007E8: 00:58:55 [TUniServerModule]:HTTP Server Started on Port: 8077
Project1.exe: 00002F24: 00:59:01 [192.168.0.104]:EUniSessionException : Invalid session or session Timeout. : Addr: $007CEFF3
Project1.exe: 00000618: 01:00:10 []:>--------------------------------------------------------------<
Project1.exe: 00000618: 01:00:10 [TUniServerModule]:Server First Init.
Project1.exe: 00000618: 01:00:10 [TUniServerModule]:Global Cache Folder Erased. <7> Files deleted.
Project1.exe: 00000618: 01:00:10 [TUniServerModule]:Starting HTTP Server on Port: 8077...
Project1.exe: 00000618: 01:00:10 [TUniServerModule]:HTTP Server Started on Port: 8077
Project1.exe: 00001B64: 01:03:10 []:>--------------------------------------------------------------<
Project1.exe: 00001B64: 01:03:10 [TUniServerModule]:Server First Init.
Project1.exe: 00001B64: 01:03:10 [TUniServerModule]:Global Cache Folder Erased. <7> Files deleted.
Project1.exe: 00001B64: 01:03:10 [TUniServerModule]:Starting HTTP Server on Port: 8077...
Project1.exe: 00001B64: 01:03:10 [TUniServerModule]:HTTP Server Started on Port: 8077
Project1.exe: 00001E38: 01:04:08 []:>--------------------------------------------------------------<
Project1.exe: 00001E38: 01:04:08 [TUniServerModule]:Server First Init.
Project1.exe: 00001E38: 01:04:08 [TUniServerModule]:Global Cache Folder Erased. <4> Files deleted.
Project1.exe: 00001E38: 01:04:08 [TUniServerModule]:Starting HTTP Server on Port: 8077...
Project1.exe: 00001E38: 01:04:08 [TUniServerModule]:HTTP Server Started on Port: 8077
Project1.exe: 00000E88: 01:05:56 []:>--------------------------------------------------------------<
Project1.exe: 00000E88: 01:05:56 [TUniServerModule]:Server First Init.
Project1.exe: 00000E88: 01:05:56 [TUniServerModule]:Global Cache Folder Erased. <1> Files deleted.
Project1.exe: 00000E88: 01:05:56 [TUniServerModule]:Starting HTTP Server on Port: 8077...
Project1.exe: 00000E88: 01:05:56 [TUniServerModule]:HTTP Server Started on Port: 8077
Project1.exe: 000017F8: 01:06:04 [192.168.0.104]:EUniSessionException : Invalid session or session Timeout. : Addr: $007CEFF3
Project1.exe: 0000055C: 01:11:11 []:>--------------------------------------------------------------<
Project1.exe: 0000055C: 01:11:11 [TUniServerModule]:Server First Init.
Project1.exe: 0000055C: 01:11:11 [TUniServerModule]:Global Cache Folder Erased. <16> Files deleted.
Project1.exe: 0000055C: 01:11:11 [TUniServerModule]:Starting HTTP Server on Port: 8077...
Project1.exe: 0000055C: 01:11:11 [TUniServerModule]:HTTP Server Started on Port: 8077
Project1.exe: 00001990: 01:11:11 [192.168.0.104]:EUniSessionException : Invalid session or session Timeout. : Addr: $007CEFF3
Project1.exe: 000029C8: 01:11:54 []:>--------------------------------------------------------------<
Project1.exe: 000029C8: 01:11:54 [TUniServerModule]:Server First Init.
Project1.exe: 000029C8: 01:11:54 [TUniServerModule]:Global Cache Folder Erased. <4> Files deleted.
Project1.exe: 000029C8: 01:11:54 [TUniServerModule]:Starting HTTP Server on Port: 8077...
Project1.exe: 000029C8: 01:11:54 [TUniServerModule]:HTTP Server Started on Port: 8077
Project1.exe: 0000101C: 01:11:58 [192.168.0.104]:EUniSessionException : Invalid session or session Timeout. : Addr: $007CEFF3
Project1.exe: 00001B68: 01:12:21 []:>--------------------------------------------------------------<
Project1.exe: 00001B68: 01:12:21 [TUniServerModule]:Server First Init.
Project1.exe: 00001B68: 01:12:21 [TUniServerModule]:Global Cache Folder Erased. <1> Files deleted.
Project1.exe: 00001B68: 01:12:21 [TUniServerModule]:Starting HTTP Server on Port: 8077...
Project1.exe: 00001B68: 01:12:21 [TUniServerModule]:HTTP Server Started on Port: 8077
Project1.exe: 00000F28: 01:13:14 []:>--------------------------------------------------------------<
Project1.exe: 00000F28: 01:13:14 [TUniServerModule]:Server First Init.
Project1.exe: 00000F28: 01:13:14 [TUniServerModule]:Global Cache Folder Erased. <8> Files deleted.
Project1.exe: 00000F28: 01:13:14 [TUniServerModule]:Starting HTTP Server on Port: 8077...
Project1.exe: 00000F28: 01:13:14 [TUniServerModule]:HTTP Server Started on Port: 8077
Project1.exe: 000027B8: 01:14:39 []:>--------------------------------------------------------------<
Project1.exe: 000027B8: 01:14:39 [TUniServerModule]:Server First Init.
Project1.exe: 000027B8: 01:14:39 [TUniServerModule]:Global Cache Folder Erased. <12> Files deleted.
Project1.exe: 000027B8: 01:14:39 [TUniServerModule]:Starting HTTP Server on Port: 8077...
Project1.exe: 000027B8: 01:14:39 [TUniServerModule]:HTTP Server Started on Port: 8077
Project1.exe: 00000560: 01:15:22 []:>--------------------------------------------------------------<
Project1.exe: 00000560: 01:15:22 [TUniServerModule]:Server First Init.
Project1.exe: 00000560: 01:15:22 [TUniServerModule]:Global Cache Folder Erased. <8> Files deleted.
Project1.exe: 00000560: 01:15:22 [TUniServerModule]:Starting HTTP Server on Port: 8077...
Project1.exe: 00000560: 01:15:22 [TUniServerModule]:HTTP Server Started on Port: 8077
Project1.exe: 000004D8: 01:24:58 []:>--------------------------------------------------------------<
Project1.exe: 000004D8: 01:24:58 [TUniServerModule]:Server First Init.
Project1.exe: 000004D8: 01:24:58 [TUniServerModule]:Global Cache Folder Erased. <18> Files deleted.
Project1.exe: 000004D8: 01:24:58 [TUniServerModule]:Starting HTTP Server on Port: 8077...
Project1.exe: 000004D8: 01:24:58 [TUniServerModule]:HTTP Server Started on Port: 8077
Project1.exe: 00002090: 01:26:40 []:>--------------------------------------------------------------<
Project1.exe: 00002090: 01:26:40 [TUniServerModule]:Server First Init.
Project1.exe: 00002090: 01:26:40 [TUniServerModule]:Global Cache Folder Erased. <5> Files deleted.
Project1.exe: 00002090: 01:26:40 [TUniServerModule]:Starting HTTP Server on Port: 8077...
Project1.exe: 00002090: 01:26:40 [TUniServerModule]:HTTP Server Started on Port: 8077
Project1.exe: 00000F34: 01:26:57 [127.0.0.1]:EUniSessionException : Invalid session or session Timeout. : Addr: $007CEFF3
Project1.exe: 000001F4: 01:28:07 []:>--------------------------------------------------------------<
Project1.exe: 000001F4: 01:28:07 [TUniServerModule]:Server First Init.
Project1.exe: 000001F4: 01:28:07 [TUniServerModule]:Global Cache Folder Erased. <9> Files deleted.
Project1.exe: 000001F4: 01:28:07 [TUniServerModule]:Starting HTTP Server on Port: 8077...
Project1.exe: 000001F4: 01:28:07 [TUniServerModule]:HTTP Server Started on Port: 8077
Project1.exe: 00002FE0: 01:28:10 [127.0.0.1]:EUniSessionException : Invalid session or session Timeout. : Addr: $007CEFF3
Project1.exe: 000001F4: 01:32:41 [Exit]:Unexpected attempt to terminate server application with Exit Code: 0
Project1.exe: 000003B8: 18:26:51 []:>--------------------------------------------------------------<
Project1.exe: 000003B8: 18:26:51 [TUniServerModule]:Server First Init.
Project1.exe: 000003B8: 18:26:51 [TUniServerModule]:Global Cache Folder Erased. <1> Files deleted.
Project1.exe: 000003B8: 18:26:51 [TUniServerModule]:Starting HTTP Server on Port: 8077...
Project1.exe: 000003B8: 18:26:51 [TUniServerModule]:HTTP Server Started on Port: 8077
Project1.exe: 000003B8: 18:49:43 [Exit]:Unexpected attempt to terminate server application with Exit Code: 0
