Project1.exe: 0000022C: 11:37:04 []:>--------------------------------------------------------------<
Project1.exe: 0000022C: 11:37:04 [TUniServerModule]:Server First Init.
Project1.exe: 0000022C: 11:37:04 [TUniServerModule]:Global Cache Folder Erased. <2> Files deleted.
Project1.exe: 0000022C: 11:37:04 [TUniServerModule]:Starting HTTP Server on Port: 8077...
Project1.exe: 0000022C: 11:37:04 [TUniServerModule]:HTTP Server Started on Port: 8077
Project1.exe: 00003824: 11:48:32 [192.168.0.101]:EUniSessionException : Invalid session or session Timeout. : Addr: $007CEFF3
Project1.exe: 000021BC: 11:50:02 []:>--------------------------------------------------------------<
Project1.exe: 000021BC: 11:50:02 [TUniServerModule]:Server First Init.
Project1.exe: 000021BC: 11:50:02 [TUniServerModule]:Global Cache Folder Erased. <10> Files deleted.
Project1.exe: 000021BC: 11:50:02 [TUniServerModule]:Starting HTTP Server on Port: 8077...
Project1.exe: 000021BC: 11:50:02 [TUniServerModule]:HTTP Server Started on Port: 8077
Project1.exe: 00001ECC: 11:51:45 []:>--------------------------------------------------------------<
Project1.exe: 00001ECC: 11:51:45 [TUniServerModule]:Server First Init.
Project1.exe: 00001ECC: 11:51:45 [TUniServerModule]:Global Cache Folder Erased. <6> Files deleted.
Project1.exe: 00001ECC: 11:51:45 [TUniServerModule]:Starting HTTP Server on Port: 8077...
Project1.exe: 00001ECC: 11:51:45 [TUniServerModule]:HTTP Server Started on Port: 8077
Project1.exe: 0000099C: 11:51:46 [192.168.0.101]:EUniSessionException : Invalid session or session Timeout. : Addr: $007CEFF3
Project1.exe: 00001ECC: 14:04:59 [TUniServerModule]:Shutting Down Server.
Project1.exe: 00001ECC: 14:04:59 [TUniServerModule]:Stopping HTTP Server.
Project1.exe: 00001ECC: 14:04:59 [TUniServerModule]:HTTP Server Stopped.
Project1.exe: 00001ECC: 14:04:59 [TUniGUISessionManager]:Terminating Session manager.
Project1.exe: 00001ECC: 14:04:59 [TUniGUISessionManager]:Stopping Cache Eraser...
Project1.exe: 00001ECC: 14:04:59 [TUniGUISessionManager]:Cache Eraser Stopped.
Project1.exe: 00001ECC: 14:04:59 [TUniGUISessionManager]:Destroying Worker Threads.
Project1.exe: 00001ECC: 14:04:59 [TUniGUISessionManager]:Session manager terminated.
Project1.exe: 00001ECC: 14:04:59 [TUniServerModule]:Server Shutdown Completed.
Project1.exe: 00001ECC: 14:04:59 []:<-------------------------------------------------------------->
Project1.exe: 00001ECC: 14:04:59 [Terminated]:Exit Code: 0
Project1.exe: 00003770: 20:07:40 []:>--------------------------------------------------------------<
Project1.exe: 00003770: 20:07:40 [TUniServerModule]:Server First Init.
Project1.exe: 00003770: 20:07:40 [TUniServerModule]:Starting HTTP Server on Port: 8077...
Project1.exe: 00003770: 20:07:40 [InitWebServer]:EIdCouldNotBindSocket : Could not bind socket. Address and port are already in use. : Addr: $006DD475
Project1.exe: 00003770: 20:07:45 [TUniServerModule]:Shutting Down Server.
Project1.exe: 00003770: 20:07:45 [TUniServerModule]:Stopping HTTP Server.
Project1.exe: 00003770: 20:07:45 [TUniServerModule]:HTTP Server Stopped.
Project1.exe: 00003770: 20:07:45 [TUniGUISessionManager]:Terminating Session manager.
Project1.exe: 00003770: 20:07:46 [TUniGUISessionManager]:Stopping Cache Eraser...
Project1.exe: 00003770: 20:07:46 [TUniGUISessionManager]:Cache Eraser Stopped.
Project1.exe: 00003770: 20:07:46 [TUniGUISessionManager]:Destroying Worker Threads.
Project1.exe: 00003770: 20:07:46 [TUniGUISessionManager]:Session manager terminated.
Project1.exe: 00003770: 20:07:46 [TUniServerModule]:Server Shutdown Completed.
Project1.exe: 00003770: 20:07:46 []:<-------------------------------------------------------------->
Project1.exe: 00003770: 20:07:46 [Terminated]:Exit Code: 0
Project1.exe: 00001788: 20:07:47 []:>--------------------------------------------------------------<
Project1.exe: 00001788: 20:07:47 [TUniServerModule]:Server First Init.
Project1.exe: 00001788: 20:07:47 [TUniServerModule]:Starting HTTP Server on Port: 8077...
Project1.exe: 00001788: 20:07:47 [TUniServerModule]:HTTP Server Started on Port: 8077
Project1.exe: 00001788: 20:10:07 [TUniServerModule]:Shutting Down Server.
Project1.exe: 00001788: 20:10:07 [TUniServerModule]:Stopping HTTP Server.
Project1.exe: 00001788: 20:10:08 [TUniServerModule]:HTTP Server Stopped.
Project1.exe: 00001788: 20:10:08 [TUniGUISessionManager]:Terminating Session manager.
Project1.exe: 00001788: 20:10:08 [TUniGUISessionManager]:Stopping Cache Eraser...
Project1.exe: 00001788: 20:10:08 [TUniGUISessionManager]:Cache Eraser Stopped.
Project1.exe: 00001788: 20:10:08 [TUniGUISessionManager]:Destroying Worker Threads.
Project1.exe: 00001788: 20:10:08 [TUniGUISessionManager]:Session manager terminated.
Project1.exe: 00001788: 20:10:08 [TUniServerModule]:Server Shutdown Completed.
Project1.exe: 00001788: 20:10:08 []:<-------------------------------------------------------------->
Project1.exe: 00001788: 20:10:08 [Terminated]:Exit Code: 0
