Project1.exe: 00002DD4: 00:15:58 [Exit]:Unexpected attempt to terminate server application with Exit Code: 0
Project1.exe: 000016DC: 00:16:14 []:>--------------------------------------------------------------<
Project1.exe: 000016DC: 00:16:14 [TUniServerModule]:Server First Init.
Project1.exe: 000016DC: 00:16:14 [TUniServerModule]:Global Cache Folder Erased. <1> Files deleted.
Project1.exe: 000016DC: 00:16:14 [TUniServerModule]:Starting HTTP Server on Port: 8080...
Project1.exe: 000016DC: 00:16:14 [TUniServerModule]:HTTP Server Started on Port: 8080
Project1.exe: 00001844: 00:17:57 [192.168.0.100]:EUniSessionException : Sessão inválida ou tempo limite da sessão. : Addr: $007CEFF3
Project1.exe: 00001844: 00:17:59 [HandleFileRequest[192.168.0.100]]:File not found: D:\2020\Projetos 2020\Mobile_SalvaRegistros\Win32\Debug\files\loading\files\loading\11.gif
Project1.exe: 00002688: 00:18:51 [HandleFileRequest[192.168.0.100]]:File not found: D:\2020\Projetos 2020\Mobile_SalvaRegistros\Win32\Debug\files\loading\files\loading\11.gif
Project1.exe: 000016DC: 01:04:41 [TUniServerModule]:Shutting Down Server.
Project1.exe: 000016DC: 01:04:41 [TUniServerModule]:Stopping HTTP Server.
Project1.exe: 000016DC: 01:04:41 [TUniServerModule]:HTTP Server Stopped.
Project1.exe: 000016DC: 01:04:41 [TUniGUISessionManager]:Terminating Session manager.
Project1.exe: 000016DC: 01:04:41 [TUniGUISessionManager]:Stopping Cache Eraser...
Project1.exe: 000016DC: 01:04:41 [TUniGUISessionManager]:Cache Eraser Stopped.
Project1.exe: 000016DC: 01:04:41 [TUniGUISessionManager]:Destroying Worker Threads.
Project1.exe: 000016DC: 01:04:41 [TUniGUISessionManager]:Session manager terminated.
Project1.exe: 000016DC: 01:04:41 [TUniServerModule]:Server Shutdown Completed.
Project1.exe: 000016DC: 01:04:41 []:<-------------------------------------------------------------->
Project1.exe: 000016DC: 01:04:41 [Terminated]:Exit Code: 0
