Project1.exe: 00001F0C: 12:09:17 []:>--------------------------------------------------------------<
Project1.exe: 00001F0C: 12:09:17 [TUniServerModule]:Server First Init.
Project1.exe: 00001F0C: 12:09:17 [TUniServerModule]:Starting HTTP Server on Port: 8077...
Project1.exe: 00001F0C: 12:09:17 [TUniServerModule]:HTTP Server Started on Port: 8077
Project1.exe: 00002F7C: 12:14:03 []:>--------------------------------------------------------------<
Project1.exe: 00002F7C: 12:14:03 [TUniServerModule]:Server First Init.
Project1.exe: 00002F7C: 12:14:03 [TUniServerModule]:Global Cache Folder Erased. <1> Files deleted.
Project1.exe: 00002F7C: 12:14:03 [TUniServerModule]:Starting HTTP Server on Port: 8077...
Project1.exe: 00002F7C: 12:14:03 [InitWebServer]:EIdCouldNotBindSocket : Could not bind socket. Address and port are already in use. : Addr: $006DD475
Project1.exe: 00000574: 12:30:02 [192.168.0.104]:EUniSessionException : Invalid session or session Timeout. : Addr: $007CEFF3
Project1.exe: 00001F0C: 12:36:39 [TUniServerModule]:Shutting Down Server.
Project1.exe: 00001F0C: 12:36:39 [TUniServerModule]:Stopping HTTP Server.
Project1.exe: 00001F0C: 12:36:39 [TUniServerModule]:HTTP Server Stopped.
Project1.exe: 00001F0C: 12:36:39 [TUniGUISessionManager]:Terminating Session manager.
Project1.exe: 00001F0C: 12:36:39 [TUniGUISessionManager]:Stopping Cache Eraser...
Project1.exe: 00001F0C: 12:36:39 [TUniGUISessionManager]:Cache Eraser Stopped.
Project1.exe: 00001F0C: 12:36:39 [TUniGUISessionManager]:Destroying Worker Threads.
Project1.exe: 00001F0C: 12:36:39 [TUniGUISessionManager]:Session manager terminated.
Project1.exe: 00001F0C: 12:36:39 [TUniServerModule]:Server Shutdown Completed.
Project1.exe: 00001F0C: 12:36:39 []:<-------------------------------------------------------------->
Project1.exe: 00001F0C: 12:36:39 [Terminated]:Exit Code: 0
Project1.exe: 00002F7C: 12:36:40 [TUniServerModule]:Shutting Down Server.
Project1.exe: 00002F7C: 12:36:40 [TUniServerModule]:Stopping HTTP Server.
Project1.exe: 00002F7C: 12:36:41 [TUniServerModule]:HTTP Server Stopped.
Project1.exe: 00002F7C: 12:36:41 [TUniGUISessionManager]:Terminating Session manager.
Project1.exe: 00002F7C: 12:36:41 [TUniGUISessionManager]:Stopping Cache Eraser...
Project1.exe: 00002F7C: 12:36:41 [TUniGUISessionManager]:Cache Eraser Stopped.
Project1.exe: 00002F7C: 12:36:41 [TUniGUISessionManager]:Destroying Worker Threads.
Project1.exe: 00002F7C: 12:36:41 [TUniGUISessionManager]:Session manager terminated.
Project1.exe: 00002F7C: 12:36:41 [TUniServerModule]:Server Shutdown Completed.
Project1.exe: 00002F7C: 12:36:41 []:<-------------------------------------------------------------->
Project1.exe: 00002F7C: 12:36:41 [Terminated]:Exit Code: 0
Project1.exe: 000015EC: 12:36:53 []:>--------------------------------------------------------------<
Project1.exe: 000015EC: 12:36:53 [TUniServerModule]:Server First Init.
Project1.exe: 000015EC: 12:36:53 [TUniServerModule]:Starting HTTP Server on Port: 8077...
Project1.exe: 000015EC: 12:36:53 [TUniServerModule]:HTTP Server Started on Port: 8077
Project1.exe: 00001ACC: 12:37:05 []:>--------------------------------------------------------------<
Project1.exe: 00001ACC: 12:37:05 [TUniServerModule]:Server First Init.
Project1.exe: 00001ACC: 12:37:05 [TUniServerModule]:Global Cache Folder Erased. <6> Files deleted.
Project1.exe: 00001ACC: 12:37:05 [TUniServerModule]:Starting HTTP Server on Port: 8077...
Project1.exe: 00001ACC: 12:37:05 [TUniServerModule]:HTTP Server Started on Port: 8077
Project1.exe: 00000478: 12:37:09 [192.168.0.104]:EUniSessionException : Invalid session or session Timeout. : Addr: $007CEFF3
Project1.exe: 00001A38: 12:42:56 []:>--------------------------------------------------------------<
Project1.exe: 00001A38: 12:42:56 [TUniServerModule]:Server First Init.
Project1.exe: 00001A38: 12:42:56 [TUniServerModule]:Global Cache Folder Erased. <5> Files deleted.
Project1.exe: 00001A38: 12:42:56 [TUniServerModule]:Starting HTTP Server on Port: 8077...
Project1.exe: 00001A38: 12:42:56 [TUniServerModule]:HTTP Server Started on Port: 8077
Project1.exe: 00001A38: 12:43:01 [TUniServerModule]:Shutting Down Server.
Project1.exe: 00001A38: 12:43:01 [TUniServerModule]:Stopping HTTP Server.
Project1.exe: 00001A38: 12:43:02 [TUniServerModule]:HTTP Server Stopped.
Project1.exe: 00001A38: 12:43:02 [TUniGUISessionManager]:Terminating Session manager.
Project1.exe: 00001A38: 12:43:02 [TUniGUISessionManager]:Stopping Cache Eraser...
Project1.exe: 00001A38: 12:43:02 [TUniGUISessionManager]:Cache Eraser Stopped.
Project1.exe: 00001A38: 12:43:02 [TUniGUISessionManager]:Destroying Worker Threads.
Project1.exe: 00001A38: 12:43:02 [TUniGUISessionManager]:Session manager terminated.
Project1.exe: 00001A38: 12:43:02 [TUniServerModule]:Server Shutdown Completed.
Project1.exe: 00001A38: 12:43:02 []:<-------------------------------------------------------------->
Project1.exe: 00001A38: 12:43:02 [Terminated]:Exit Code: 0
Project1.exe: 00000724: 12:43:33 []:>--------------------------------------------------------------<
Project1.exe: 00000724: 12:43:33 [TUniServerModule]:Server First Init.
Project1.exe: 00000724: 12:43:33 [TUniServerModule]:Starting HTTP Server on Port: 8077...
Project1.exe: 00000724: 12:43:33 [TUniServerModule]:HTTP Server Started on Port: 8077
Project1.exe: 00002834: 12:44:27 []:>--------------------------------------------------------------<
Project1.exe: 00002834: 12:44:27 [TUniServerModule]:Server First Init.
Project1.exe: 00002834: 12:44:27 [TUniServerModule]:Global Cache Folder Erased. <7> Files deleted.
Project1.exe: 00002834: 12:44:27 [TUniServerModule]:Starting HTTP Server on Port: 8077...
Project1.exe: 00002834: 12:44:27 [TUniServerModule]:HTTP Server Started on Port: 8077
Project1.exe: 000020E4: 12:44:28 [192.168.0.104]:EUniSessionException : Invalid session or session Timeout. : Addr: $007CEFF3
Project1.exe: 000018FC: 12:44:55 []:>--------------------------------------------------------------<
Project1.exe: 000018FC: 12:44:55 [TUniServerModule]:Server First Init.
Project1.exe: 000018FC: 12:44:55 [TUniServerModule]:Global Cache Folder Erased. <9> Files deleted.
Project1.exe: 000018FC: 12:44:55 [TUniServerModule]:Starting HTTP Server on Port: 8077...
Project1.exe: 000018FC: 12:44:55 [TUniServerModule]:HTTP Server Started on Port: 8077
Project1.exe: 00001A60: 12:44:56 [192.168.0.104]:EUniSessionException : Invalid session or session Timeout. : Addr: $007CEFF3
Project1.exe: 0000178C: 12:45:18 []:>--------------------------------------------------------------<
Project1.exe: 0000178C: 12:45:18 [TUniServerModule]:Server First Init.
Project1.exe: 0000178C: 12:45:18 [TUniServerModule]:Global Cache Folder Erased. <10> Files deleted.
Project1.exe: 0000178C: 12:45:18 [TUniServerModule]:Starting HTTP Server on Port: 8077...
Project1.exe: 0000178C: 12:45:18 [TUniServerModule]:HTTP Server Started on Port: 8077
Project1.exe: 000022A4: 12:45:52 []:>--------------------------------------------------------------<
Project1.exe: 000022A4: 12:45:52 [TUniServerModule]:Server First Init.
Project1.exe: 000022A4: 12:45:52 [TUniServerModule]:Global Cache Folder Erased. <9> Files deleted.
Project1.exe: 000022A4: 12:45:52 [TUniServerModule]:Starting HTTP Server on Port: 8077...
Project1.exe: 000022A4: 12:45:52 [TUniServerModule]:HTTP Server Started on Port: 8077
Project1.exe: 00002710: 12:45:57 [192.168.0.104]:EUniSessionException : Invalid session or session Timeout. : Addr: $007CEFF3
Project1.exe: 00002710: 12:45:57 [192.168.0.104]:EUniSessionException : Invalid session or session Timeout. : Addr: $007CEFF3
Project1.exe: 00002710: 12:45:57 [192.168.0.104]:EUniSessionException : Invalid session or session Timeout. : Addr: $007CEFF3
Project1.exe: 000018B4: 12:47:28 []:>--------------------------------------------------------------<
Project1.exe: 000018B4: 12:47:28 [TUniServerModule]:Server First Init.
Project1.exe: 000018B4: 12:47:28 [TUniServerModule]:Global Cache Folder Erased. <15> Files deleted.
Project1.exe: 000018B4: 12:47:28 [TUniServerModule]:Starting HTTP Server on Port: 8077...
Project1.exe: 000018B4: 12:47:28 [TUniServerModule]:HTTP Server Started on Port: 8077
Project1.exe: 00002708: 12:47:38 []:>--------------------------------------------------------------<
Project1.exe: 00002708: 12:47:38 [TUniServerModule]:Server First Init.
Project1.exe: 00002708: 12:47:38 [TUniServerModule]:Global Cache Folder Erased. <1> Files deleted.
Project1.exe: 00002708: 12:47:38 [TUniServerModule]:Starting HTTP Server on Port: 8077...
Project1.exe: 00002708: 12:47:38 [TUniServerModule]:HTTP Server Started on Port: 8077
Project1.exe: 00001EC4: 12:47:39 [192.168.0.104]:EUniSessionException : Invalid session or session Timeout. : Addr: $007CEFF3
Project1.exe: 00000534: 12:49:35 []:>--------------------------------------------------------------<
Project1.exe: 00000534: 12:49:35 [TUniServerModule]:Server First Init.
Project1.exe: 00000534: 12:49:35 [TUniServerModule]:Global Cache Folder Erased. <17> Files deleted.
Project1.exe: 00000534: 12:49:35 [TUniServerModule]:Starting HTTP Server on Port: 8077...
Project1.exe: 00000534: 12:49:35 [TUniServerModule]:HTTP Server Started on Port: 8077
Project1.exe: 00001020: 12:49:37 [192.168.0.104]:EUniSessionException : Invalid session or session Timeout. : Addr: $007CEFF3
Project1.exe: 00001BB4: 12:51:25 []:>--------------------------------------------------------------<
Project1.exe: 00001BB4: 12:51:25 [TUniServerModule]:Server First Init.
Project1.exe: 00001BB4: 12:51:25 [TUniServerModule]:Global Cache Folder Erased. <28> Files deleted.
Project1.exe: 00001BB4: 12:51:25 [TUniServerModule]:Starting HTTP Server on Port: 8077...
Project1.exe: 00001BB4: 12:51:25 [TUniServerModule]:HTTP Server Started on Port: 8077
Project1.exe: 000002F8: 12:51:27 [192.168.0.104]:EUniSessionException : Invalid session or session Timeout. : Addr: $007CEFF3
Project1.exe: 0000219C: 12:52:54 []:>--------------------------------------------------------------<
Project1.exe: 0000219C: 12:52:54 [TUniServerModule]:Server First Init.
Project1.exe: 0000219C: 12:52:54 [TUniServerModule]:Global Cache Folder Erased. <13> Files deleted.
Project1.exe: 0000219C: 12:52:54 [TUniServerModule]:Starting HTTP Server on Port: 8077...
Project1.exe: 0000219C: 12:52:54 [TUniServerModule]:HTTP Server Started on Port: 8077
Project1.exe: 000007A8: 12:52:58 [192.168.0.104]:EUniSessionException : Invalid session or session Timeout. : Addr: $007CEFF3
Project1.exe: 000021FC: 12:53:54 []:>--------------------------------------------------------------<
Project1.exe: 000021FC: 12:53:54 [TUniServerModule]:Server First Init.
Project1.exe: 000021FC: 12:53:54 [TUniServerModule]:Global Cache Folder Erased. <13> Files deleted.
Project1.exe: 000021FC: 12:53:54 [TUniServerModule]:Starting HTTP Server on Port: 8077...
Project1.exe: 000021FC: 12:53:54 [TUniServerModule]:HTTP Server Started on Port: 8077
Project1.exe: 00002568: 12:53:54 [192.168.0.104]:EUniSessionException : Invalid session or session Timeout. : Addr: $007CEFF3
Project1.exe: 0000144C: 12:55:17 []:>--------------------------------------------------------------<
Project1.exe: 0000144C: 12:55:17 [TUniServerModule]:Server First Init.
Project1.exe: 0000144C: 12:55:17 [TUniServerModule]:Global Cache Folder Erased. <16> Files deleted.
Project1.exe: 0000144C: 12:55:17 [TUniServerModule]:Starting HTTP Server on Port: 8077...
Project1.exe: 0000144C: 12:55:17 [TUniServerModule]:HTTP Server Started on Port: 8077
Project1.exe: 00000B98: 12:56:45 []:>--------------------------------------------------------------<
Project1.exe: 00000B98: 12:56:45 [TUniServerModule]:Server First Init.
Project1.exe: 00000B98: 12:56:45 [TUniServerModule]:Global Cache Folder Erased. <14> Files deleted.
Project1.exe: 00000B98: 12:56:45 [TUniServerModule]:Starting HTTP Server on Port: 8077...
Project1.exe: 00000B98: 12:56:45 [TUniServerModule]:HTTP Server Started on Port: 8077
Project1.exe: 00001574: 12:56:45 [192.168.0.104]:EUniSessionException : Invalid session or session Timeout. : Addr: $007CEFF3
Project1.exe: 000019BC: 12:57:43 []:>--------------------------------------------------------------<
Project1.exe: 000019BC: 12:57:43 [TUniServerModule]:Server First Init.
Project1.exe: 000019BC: 12:57:43 [TUniServerModule]:Global Cache Folder Erased. <12> Files deleted.
Project1.exe: 000019BC: 12:57:43 [TUniServerModule]:Starting HTTP Server on Port: 8077...
Project1.exe: 000019BC: 12:57:43 [TUniServerModule]:HTTP Server Started on Port: 8077
Project1.exe: 00001C60: 12:58:53 []:>--------------------------------------------------------------<
Project1.exe: 00001C60: 12:58:53 [TUniServerModule]:Server First Init.
Project1.exe: 00001C60: 12:58:53 [TUniServerModule]:Global Cache Folder Erased. <15> Files deleted.
Project1.exe: 00001C60: 12:58:53 [TUniServerModule]:Starting HTTP Server on Port: 8077...
Project1.exe: 00001C60: 12:58:53 [TUniServerModule]:HTTP Server Started on Port: 8077
Project1.exe: 000028A0: 12:58:54 [192.168.0.104]:EUniSessionException : Invalid session or session Timeout. : Addr: $007CEFF3
Project1.exe: 00000B44: 13:00:01 []:>--------------------------------------------------------------<
Project1.exe: 00000B44: 13:00:01 [TUniServerModule]:Server First Init.
Project1.exe: 00000B44: 13:00:01 [TUniServerModule]:Global Cache Folder Erased. <13> Files deleted.
Project1.exe: 00000B44: 13:00:01 [TUniServerModule]:Starting HTTP Server on Port: 8077...
Project1.exe: 00000B44: 13:00:01 [TUniServerModule]:HTTP Server Started on Port: 8077
Project1.exe: 0000064C: 13:00:04 [192.168.0.104]:EUniSessionException : Invalid session or session Timeout. : Addr: $007CEFF3
Project1.exe: 0000064C: 13:00:04 [192.168.0.104]:EUniSessionException : Invalid session or session Timeout. : Addr: $007CEFF3
Project1.exe: 00000460: 13:00:38 []:>--------------------------------------------------------------<
Project1.exe: 00000460: 13:00:38 [TUniServerModule]:Server First Init.
Project1.exe: 00000460: 13:00:38 [TUniServerModule]:Global Cache Folder Erased. <15> Files deleted.
Project1.exe: 00000460: 13:00:38 [TUniServerModule]:Starting HTTP Server on Port: 8077...
Project1.exe: 00000460: 13:00:38 [TUniServerModule]:HTTP Server Started on Port: 8077
Project1.exe: 00001C80: 13:05:15 []:>--------------------------------------------------------------<
Project1.exe: 00001C80: 13:05:15 [TUniServerModule]:Server First Init.
Project1.exe: 00001C80: 13:05:15 [TUniServerModule]:Global Cache Folder Erased. <13> Files deleted.
Project1.exe: 00001C80: 13:05:15 [TUniServerModule]:Starting HTTP Server on Port: 8077...
Project1.exe: 00001C80: 13:05:15 [TUniServerModule]:HTTP Server Started on Port: 8077
Project1.exe: 00002600: 13:06:32 []:>--------------------------------------------------------------<
Project1.exe: 00002600: 13:06:32 [TUniServerModule]:Server First Init.
Project1.exe: 00002600: 13:06:32 [TUniServerModule]:Global Cache Folder Erased. <17> Files deleted.
Project1.exe: 00002600: 13:06:32 [TUniServerModule]:Starting HTTP Server on Port: 8077...
Project1.exe: 00002600: 13:06:32 [TUniServerModule]:HTTP Server Started on Port: 8077
Project1.exe: 00001A98: 13:06:33 [192.168.0.104]:EUniSessionException : Invalid session or session Timeout. : Addr: $007CEFF3
Project1.exe: 00000A7C: 13:09:40 []:>--------------------------------------------------------------<
Project1.exe: 00000A7C: 13:09:40 [TUniServerModule]:Server First Init.
Project1.exe: 00000A7C: 13:09:40 [TUniServerModule]:Global Cache Folder Erased. <22> Files deleted.
Project1.exe: 00000A7C: 13:09:40 [TUniServerModule]:Starting HTTP Server on Port: 8077...
Project1.exe: 00000A7C: 13:09:40 [TUniServerModule]:HTTP Server Started on Port: 8077
Project1.exe: 000002C0: 13:09:43 [192.168.0.104]:EUniSessionException : Invalid session or session Timeout. : Addr: $007CEFF3
Project1.exe: 00000994: 13:12:28 []:>--------------------------------------------------------------<
Project1.exe: 00000994: 13:12:28 [TUniServerModule]:Server First Init.
Project1.exe: 00000994: 13:12:28 [TUniServerModule]:Global Cache Folder Erased. <45> Files deleted.
Project1.exe: 00000994: 13:12:28 [TUniServerModule]:Starting HTTP Server on Port: 8077...
Project1.exe: 00000994: 13:12:28 [TUniServerModule]:HTTP Server Started on Port: 8077
Project1.exe: 00001BBC: 13:12:29 [192.168.0.104]:EUniSessionException : Invalid session or session Timeout. : Addr: $007CEFF3
Project1.exe: 00000994: 13:14:09 [TUniServerModule]:Shutting Down Server.
Project1.exe: 00000994: 13:14:09 [TUniServerModule]:Stopping HTTP Server.
Project1.exe: 00000994: 13:14:10 [TUniServerModule]:HTTP Server Stopped.
Project1.exe: 00000994: 13:14:10 [TUniGUISessionManager]:Terminating Session manager.
Project1.exe: 00000994: 13:14:10 [TUniGUISessionManager]:Stopping Cache Eraser...
Project1.exe: 00000994: 13:14:10 [TUniGUISessionManager]:Cache Eraser Stopped.
Project1.exe: 00000994: 13:14:10 [TUniGUISessionManager]:Destroying Worker Threads.
Project1.exe: 00000994: 13:14:10 [TUniGUISessionManager]:Session manager terminated.
Project1.exe: 00000994: 13:14:10 [TUniServerModule]:Server Shutdown Completed.
Project1.exe: 00000994: 13:14:10 []:<-------------------------------------------------------------->
Project1.exe: 00000994: 13:14:10 [Terminated]:Exit Code: 0
Project1.exe: 00001B58: 13:14:27 []:>--------------------------------------------------------------<
Project1.exe: 00001B58: 13:14:27 [TUniServerModule]:Server First Init.
Project1.exe: 00001B58: 13:14:27 [TUniServerModule]:Starting HTTP Server on Port: 8077...
Project1.exe: 00001B58: 13:14:27 [TUniServerModule]:HTTP Server Started on Port: 8077
Project1.exe: 00001B04: 13:14:31 [192.168.0.104]:EUniSessionException : Invalid session or session Timeout. : Addr: $007CEFF3
Project1.exe: 00001280: 13:15:20 []:>--------------------------------------------------------------<
Project1.exe: 00001280: 13:15:20 [TUniServerModule]:Server First Init.
Project1.exe: 00001280: 13:15:20 [TUniServerModule]:Global Cache Folder Erased. <11> Files deleted.
Project1.exe: 00001280: 13:15:20 [TUniServerModule]:Starting HTTP Server on Port: 8077...
Project1.exe: 00001280: 13:15:20 [TUniServerModule]:HTTP Server Started on Port: 8077
Project1.exe: 00001AD8: 13:15:20 [192.168.0.104]:EUniSessionException : Invalid session or session Timeout. : Addr: $007CEFF3
Project1.exe: 000007D8: 13:17:30 []:>--------------------------------------------------------------<
Project1.exe: 000007D8: 13:17:30 [TUniServerModule]:Server First Init.
Project1.exe: 000007D8: 13:17:30 [TUniServerModule]:Global Cache Folder Erased. <29> Files deleted.
Project1.exe: 000007D8: 13:17:30 [TUniServerModule]:Starting HTTP Server on Port: 8077...
Project1.exe: 000007D8: 13:17:30 [TUniServerModule]:HTTP Server Started on Port: 8077
Project1.exe: 00001DC8: 13:18:29 []:>--------------------------------------------------------------<
Project1.exe: 00001DC8: 13:18:29 [TUniServerModule]:Server First Init.
Project1.exe: 00001DC8: 13:18:29 [TUniServerModule]:Global Cache Folder Erased. <9> Files deleted.
Project1.exe: 00001DC8: 13:18:29 [TUniServerModule]:Starting HTTP Server on Port: 8077...
Project1.exe: 00001DC8: 13:18:29 [TUniServerModule]:HTTP Server Started on Port: 8077
Project1.exe: 000010D0: 13:18:29 [192.168.0.104]:EUniSessionException : Invalid session or session Timeout. : Addr: $007CEFF3
Project1.exe: 0000143C: 13:20:45 []:>--------------------------------------------------------------<
Project1.exe: 0000143C: 13:20:45 [TUniServerModule]:Server First Init.
Project1.exe: 0000143C: 13:20:45 [TUniServerModule]:Global Cache Folder Erased. <9> Files deleted.
Project1.exe: 0000143C: 13:20:45 [TUniServerModule]:Starting HTTP Server on Port: 8077...
Project1.exe: 0000143C: 13:20:45 [TUniServerModule]:HTTP Server Started on Port: 8077
Project1.exe: 00001920: 13:20:45 [192.168.0.104]:EUniSessionException : Invalid session or session Timeout. : Addr: $007CEFF3
Project1.exe: 00002EC0: 13:22:50 []:>--------------------------------------------------------------<
Project1.exe: 00002EC0: 13:22:50 [TUniServerModule]:Server First Init.
Project1.exe: 00002EC0: 13:22:50 [TUniServerModule]:Global Cache Folder Erased. <11> Files deleted.
Project1.exe: 00002EC0: 13:22:50 [TUniServerModule]:Starting HTTP Server on Port: 8077...
Project1.exe: 00002EC0: 13:22:50 [TUniServerModule]:HTTP Server Started on Port: 8077
Project1.exe: 000011A0: 13:27:51 []:>--------------------------------------------------------------<
Project1.exe: 000011A0: 13:27:51 [TUniServerModule]:Server First Init.
Project1.exe: 000011A0: 13:27:51 [TUniServerModule]:Global Cache Folder Erased. <14> Files deleted.
Project1.exe: 000011A0: 13:27:51 [TUniServerModule]:Starting HTTP Server on Port: 8077...
Project1.exe: 000011A0: 13:27:51 [TUniServerModule]:HTTP Server Started on Port: 8077
Project1.exe: 000013A0: 13:28:01 [192.168.0.104]:EUniSessionException : Invalid session or session Timeout. : Addr: $007CEFF3
Project1.exe: 000023C0: 13:29:41 []:>--------------------------------------------------------------<
Project1.exe: 000023C0: 13:29:41 [TUniServerModule]:Server First Init.
Project1.exe: 000023C0: 13:29:41 [TUniServerModule]:Global Cache Folder Erased. <24> Files deleted.
Project1.exe: 000023C0: 13:29:41 [TUniServerModule]:Starting HTTP Server on Port: 8077...
Project1.exe: 000023C0: 13:29:41 [TUniServerModule]:HTTP Server Started on Port: 8077
Project1.exe: 000028B4: 13:29:41 [192.168.0.104]:EUniSessionException : Invalid session or session Timeout. : Addr: $007CEFF3
Project1.exe: 00001CC8: 13:32:04 []:>--------------------------------------------------------------<
Project1.exe: 00001CC8: 13:32:04 [TUniServerModule]:Server First Init.
Project1.exe: 00001CC8: 13:32:04 [TUniServerModule]:Global Cache Folder Erased. <18> Files deleted.
Project1.exe: 00001CC8: 13:32:04 [TUniServerModule]:Starting HTTP Server on Port: 8077...
Project1.exe: 00001CC8: 13:32:04 [TUniServerModule]:HTTP Server Started on Port: 8077
Project1.exe: 0000052C: 13:32:09 [192.168.0.104]:EUniSessionException : Invalid session or session Timeout. : Addr: $007CEFF3
Project1.exe: 000001A0: 13:33:33 []:>--------------------------------------------------------------<
Project1.exe: 000001A0: 13:33:33 [TUniServerModule]:Server First Init.
Project1.exe: 000001A0: 13:33:33 [TUniServerModule]:Global Cache Folder Erased. <16> Files deleted.
Project1.exe: 000001A0: 13:33:33 [TUniServerModule]:Starting HTTP Server on Port: 8077...
Project1.exe: 000001A0: 13:33:33 [TUniServerModule]:HTTP Server Started on Port: 8077
Project1.exe: 00001CFC: 13:33:33 [192.168.0.104]:EUniSessionException : Invalid session or session Timeout. : Addr: $007CEFF3
Project1.exe: 00001CF8: 13:34:32 []:>--------------------------------------------------------------<
Project1.exe: 00001CF8: 13:34:32 [TUniServerModule]:Server First Init.
Project1.exe: 00001CF8: 13:34:32 [TUniServerModule]:Global Cache Folder Erased. <23> Files deleted.
Project1.exe: 00001CF8: 13:34:32 [TUniServerModule]:Starting HTTP Server on Port: 8077...
Project1.exe: 00001CF8: 13:34:32 [TUniServerModule]:HTTP Server Started on Port: 8077
Project1.exe: 00002DB4: 13:34:38 [192.168.0.104]:EUniSessionException : Invalid session or session Timeout. : Addr: $007CEFF3
Project1.exe: 00001AF8: 13:35:16 []:>--------------------------------------------------------------<
Project1.exe: 00001AF8: 13:35:16 [TUniServerModule]:Server First Init.
Project1.exe: 00001AF8: 13:35:16 [TUniServerModule]:Global Cache Folder Erased. <16> Files deleted.
Project1.exe: 00001AF8: 13:35:16 [TUniServerModule]:Starting HTTP Server on Port: 8077...
Project1.exe: 00001AF8: 13:35:16 [TUniServerModule]:HTTP Server Started on Port: 8077
Project1.exe: 00001AE8: 13:35:16 [192.168.0.104]:EUniSessionException : Invalid session or session Timeout. : Addr: $007CEFF3
Project1.exe: 00002E24: 13:59:51 []:>--------------------------------------------------------------<
Project1.exe: 00002E24: 13:59:51 [TUniServerModule]:Server First Init.
Project1.exe: 00002E24: 13:59:51 [TUniServerModule]:Global Cache Folder Erased. <29> Files deleted.
Project1.exe: 00002E24: 13:59:51 [TUniServerModule]:Starting HTTP Server on Port: 8077...
Project1.exe: 00002E24: 13:59:51 [TUniServerModule]:HTTP Server Started on Port: 8077
Project1.exe: 00000658: 13:59:58 [192.168.0.104]:EUniSessionException : Invalid session or session Timeout. : Addr: $007CEFF3
Project1.exe: 00002630: 14:01:55 []:>--------------------------------------------------------------<
Project1.exe: 00002630: 14:01:55 [TUniServerModule]:Server First Init.
Project1.exe: 00002630: 14:01:55 [TUniServerModule]:Global Cache Folder Erased. <5> Files deleted.
Project1.exe: 00002630: 14:01:55 [TUniServerModule]:Starting HTTP Server on Port: 8077...
Project1.exe: 00002630: 14:01:55 [TUniServerModule]:HTTP Server Started on Port: 8077
Project1.exe: 000017E8: 14:01:56 [192.168.0.104]:EUniSessionException : Invalid session or session Timeout. : Addr: $007CEFF3
Project1.exe: 000025C0: 14:03:00 []:>--------------------------------------------------------------<
Project1.exe: 000025C0: 14:03:00 [TUniServerModule]:Server First Init.
Project1.exe: 000025C0: 14:03:00 [TUniServerModule]:Global Cache Folder Erased. <5> Files deleted.
Project1.exe: 000025C0: 14:03:00 [TUniServerModule]:Starting HTTP Server on Port: 8077...
Project1.exe: 000025C0: 14:03:00 [TUniServerModule]:HTTP Server Started on Port: 8077
Project1.exe: 0000017C: 14:03:29 []:>--------------------------------------------------------------<
Project1.exe: 0000017C: 14:03:29 [TUniServerModule]:Server First Init.
Project1.exe: 0000017C: 14:03:29 [TUniServerModule]:Global Cache Folder Erased. <1> Files deleted.
Project1.exe: 0000017C: 14:03:29 [TUniServerModule]:Starting HTTP Server on Port: 8077...
Project1.exe: 0000017C: 14:03:29 [TUniServerModule]:HTTP Server Started on Port: 8077
Project1.exe: 00001FBC: 14:03:30 [192.168.0.104]:EUniSessionException : Invalid session or session Timeout. : Addr: $007CEFF3
Project1.exe: 00000EB0: 14:04:07 []:>--------------------------------------------------------------<
Project1.exe: 00000EB0: 14:04:07 [TUniServerModule]:Server First Init.
Project1.exe: 00000EB0: 14:04:07 [TUniServerModule]:Global Cache Folder Erased. <5> Files deleted.
Project1.exe: 00000EB0: 14:04:07 [TUniServerModule]:Starting HTTP Server on Port: 8077...
Project1.exe: 00000EB0: 14:04:07 [TUniServerModule]:HTTP Server Started on Port: 8077
Project1.exe: 00002CE0: 14:04:08 [192.168.0.104]:EUniSessionException : Invalid session or session Timeout. : Addr: $007CEFF3
Project1.exe: 00000570: 14:05:09 []:>--------------------------------------------------------------<
Project1.exe: 00000570: 14:05:09 [TUniServerModule]:Server First Init.
Project1.exe: 00000570: 14:05:09 [TUniServerModule]:Global Cache Folder Erased. <5> Files deleted.
Project1.exe: 00000570: 14:05:10 [TUniServerModule]:Starting HTTP Server on Port: 8077...
Project1.exe: 00000570: 14:05:10 [TUniServerModule]:HTTP Server Started on Port: 8077
Project1.exe: 00000DAC: 14:05:10 [192.168.0.104]:EUniSessionException : Invalid session or session Timeout. : Addr: $007CEFF3
Project1.exe: 00000FC0: 14:11:43 []:>--------------------------------------------------------------<
Project1.exe: 00000FC0: 14:11:43 [TUniServerModule]:Server First Init.
Project1.exe: 00000FC0: 14:11:43 [TUniServerModule]:Global Cache Folder Erased. <9> Files deleted.
Project1.exe: 00000FC0: 14:11:43 [TUniServerModule]:Starting HTTP Server on Port: 8077...
Project1.exe: 00000FC0: 14:11:43 [TUniServerModule]:HTTP Server Started on Port: 8077
Project1.exe: 0000212C: 14:12:08 [192.168.0.104]:EUniSessionException : Invalid session or session Timeout. : Addr: $007CEFF3
Project1.exe: 000028C0: 14:13:00 []:>--------------------------------------------------------------<
Project1.exe: 000028C0: 14:13:00 [TUniServerModule]:Server First Init.
Project1.exe: 000028C0: 14:13:00 [TUniServerModule]:Global Cache Folder Erased. <9> Files deleted.
Project1.exe: 000028C0: 14:13:01 [TUniServerModule]:Starting HTTP Server on Port: 8077...
Project1.exe: 000028C0: 14:13:01 [TUniServerModule]:HTTP Server Started on Port: 8077
Project1.exe: 00002348: 14:13:01 [192.168.0.104]:EUniSessionException : Invalid session or session Timeout. : Addr: $007CEFF3
Project1.exe: 000023F4: 14:14:22 []:>--------------------------------------------------------------<
Project1.exe: 000023F4: 14:14:22 [TUniServerModule]:Server First Init.
Project1.exe: 000023F4: 14:14:22 [TUniServerModule]:Global Cache Folder Erased. <5> Files deleted.
Project1.exe: 000023F4: 14:14:22 [TUniServerModule]:Starting HTTP Server on Port: 8077...
Project1.exe: 000023F4: 14:14:22 [TUniServerModule]:HTTP Server Started on Port: 8077
Project1.exe: 00001CB8: 14:14:31 [192.168.0.104]:EUniSessionException : Invalid session or session Timeout. : Addr: $007CEFF3
Project1.exe: 000024AC: 14:20:40 []:>--------------------------------------------------------------<
Project1.exe: 000024AC: 14:20:40 [TUniServerModule]:Server First Init.
Project1.exe: 000024AC: 14:20:40 [TUniServerModule]:Global Cache Folder Erased. <10> Files deleted.
Project1.exe: 000024AC: 14:20:40 [TUniServerModule]:Starting HTTP Server on Port: 8077...
Project1.exe: 000024AC: 14:20:40 [TUniServerModule]:HTTP Server Started on Port: 8077
Project1.exe: 000017F0: 14:20:52 [192.168.0.104]:EUniSessionException : Invalid session or session Timeout. : Addr: $007CEFF3
Project1.exe: 00001CEC: 14:21:31 []:>--------------------------------------------------------------<
Project1.exe: 00001CEC: 14:21:31 [TUniServerModule]:Server First Init.
Project1.exe: 00001CEC: 14:21:31 [TUniServerModule]:Global Cache Folder Erased. <5> Files deleted.
Project1.exe: 00001CEC: 14:21:31 [TUniServerModule]:Starting HTTP Server on Port: 8077...
Project1.exe: 00001CEC: 14:21:31 [TUniServerModule]:HTTP Server Started on Port: 8077
Project1.exe: 00002B3C: 14:21:31 [192.168.0.104]:EUniSessionException : Invalid session or session Timeout. : Addr: $007CEFF3
Project1.exe: 000027D4: 14:23:10 []:>--------------------------------------------------------------<
Project1.exe: 000027D4: 14:23:10 [TUniServerModule]:Server First Init.
Project1.exe: 000027D4: 14:23:10 [TUniServerModule]:Global Cache Folder Erased. <5> Files deleted.
Project1.exe: 000027D4: 14:23:10 [TUniServerModule]:Starting HTTP Server on Port: 8077...
Project1.exe: 000027D4: 14:23:10 [TUniServerModule]:HTTP Server Started on Port: 8077
Project1.exe: 00001E3C: 14:23:21 [192.168.0.104]:EUniSessionException : Invalid session or session Timeout. : Addr: $007CEFF3
Project1.exe: 00002148: 14:24:02 []:>--------------------------------------------------------------<
Project1.exe: 00002148: 14:24:02 [TUniServerModule]:Server First Init.
Project1.exe: 00002148: 14:24:02 [TUniServerModule]:Global Cache Folder Erased. <8> Files deleted.
Project1.exe: 00002148: 14:24:02 [TUniServerModule]:Starting HTTP Server on Port: 8077...
Project1.exe: 00002148: 14:24:02 [TUniServerModule]:HTTP Server Started on Port: 8077
Project1.exe: 00001C50: 14:24:04 [192.168.0.104]:EUniSessionException : Invalid session or session Timeout. : Addr: $007CEFF3
Project1.exe: 00000F50: 14:27:35 []:>--------------------------------------------------------------<
Project1.exe: 00000F50: 14:27:35 [TUniServerModule]:Server First Init.
Project1.exe: 00000F50: 14:27:35 [TUniServerModule]:Global Cache Folder Erased. <20> Files deleted.
Project1.exe: 00000F50: 14:27:35 [TUniServerModule]:Starting HTTP Server on Port: 8077...
Project1.exe: 00000F50: 14:27:36 [TUniServerModule]:HTTP Server Started on Port: 8077
Project1.exe: 00002780: 14:27:36 [192.168.0.104]:EUniSessionException : Invalid session or session Timeout. : Addr: $007CEFF3
Project1.exe: 0000176C: 14:29:47 []:>--------------------------------------------------------------<
Project1.exe: 0000176C: 14:29:47 [TUniServerModule]:Server First Init.
Project1.exe: 0000176C: 14:29:47 [TUniServerModule]:Global Cache Folder Erased. <13> Files deleted.
Project1.exe: 0000176C: 14:29:47 [TUniServerModule]:Starting HTTP Server on Port: 8077...
Project1.exe: 0000176C: 14:29:47 [TUniServerModule]:HTTP Server Started on Port: 8077
Project1.exe: 00001D00: 14:29:50 [192.168.0.104]:EUniSessionException : Invalid session or session Timeout. : Addr: $007CEFF3
Project1.exe: 00002170: 14:33:04 []:>--------------------------------------------------------------<
Project1.exe: 00002170: 14:33:04 [TUniServerModule]:Server First Init.
Project1.exe: 00002170: 14:33:04 [TUniServerModule]:Global Cache Folder Erased. <15> Files deleted.
Project1.exe: 00002170: 14:33:04 [TUniServerModule]:Starting HTTP Server on Port: 8077...
Project1.exe: 00002170: 14:33:04 [TUniServerModule]:HTTP Server Started on Port: 8077
Project1.exe: 00002F0C: 14:33:33 []:>--------------------------------------------------------------<
Project1.exe: 00002F0C: 14:33:33 [TUniServerModule]:Server First Init.
Project1.exe: 00002F0C: 14:33:33 [TUniServerModule]:Global Cache Folder Erased. <1> Files deleted.
Project1.exe: 00002F0C: 14:33:33 [TUniServerModule]:Starting HTTP Server on Port: 8077...
Project1.exe: 00002F0C: 14:33:33 [TUniServerModule]:HTTP Server Started on Port: 8077
Project1.exe: 00001F04: 14:35:42 []:>--------------------------------------------------------------<
Project1.exe: 00001F04: 14:35:42 [TUniServerModule]:Server First Init.
Project1.exe: 00001F04: 14:35:42 [TUniServerModule]:Global Cache Folder Erased. <17> Files deleted.
Project1.exe: 00001F04: 14:35:42 [TUniServerModule]:Starting HTTP Server on Port: 8077...
Project1.exe: 00001F04: 14:35:42 [TUniServerModule]:HTTP Server Started on Port: 8077
Project1.exe: 000016CC: 14:35:42 [192.168.0.104]:EUniSessionException : Invalid session or session Timeout. : Addr: $007CEFF3
Project1.exe: 00001620: 14:37:05 []:>--------------------------------------------------------------<
Project1.exe: 00001620: 14:37:05 [TUniServerModule]:Server First Init.
Project1.exe: 00001620: 14:37:05 [TUniServerModule]:Global Cache Folder Erased. <12> Files deleted.
Project1.exe: 00001620: 14:37:05 [TUniServerModule]:Starting HTTP Server on Port: 8077...
Project1.exe: 00001620: 14:37:05 [TUniServerModule]:HTTP Server Started on Port: 8077
Project1.exe: 000023D4: 14:37:48 []:>--------------------------------------------------------------<
Project1.exe: 000023D4: 14:37:48 [TUniServerModule]:Server First Init.
Project1.exe: 000023D4: 14:37:48 [TUniServerModule]:Global Cache Folder Erased. <1> Files deleted.
Project1.exe: 000023D4: 14:37:48 [TUniServerModule]:Starting HTTP Server on Port: 8077...
Project1.exe: 000023D4: 14:37:48 [TUniServerModule]:HTTP Server Started on Port: 8077
Project1.exe: 00002660: 14:37:53 [192.168.0.104]:EUniSessionException : Invalid session or session Timeout. : Addr: $007CEFF3
Project1.exe: 00001540: 14:39:37 []:>--------------------------------------------------------------<
Project1.exe: 00001540: 14:39:37 [TUniServerModule]:Server First Init.
Project1.exe: 00001540: 14:39:37 [TUniServerModule]:Global Cache Folder Erased. <8> Files deleted.
Project1.exe: 00001540: 14:39:37 [TUniServerModule]:Starting HTTP Server on Port: 8077...
Project1.exe: 00001540: 14:39:37 [TUniServerModule]:HTTP Server Started on Port: 8077
Project1.exe: 000000C0: 14:39:38 [192.168.0.104]:EUniSessionException : Invalid session or session Timeout. : Addr: $007CEFF3
Project1.exe: 00002150: 14:42:27 []:>--------------------------------------------------------------<
Project1.exe: 00002150: 14:42:27 [TUniServerModule]:Server First Init.
Project1.exe: 00002150: 14:42:27 [TUniServerModule]:Global Cache Folder Erased. <5> Files deleted.
Project1.exe: 00002150: 14:42:27 [TUniServerModule]:Starting HTTP Server on Port: 8077...
Project1.exe: 00002150: 14:42:27 [TUniServerModule]:HTTP Server Started on Port: 8077
Project1.exe: 00001310: 14:42:33 [192.168.0.104]:EUniSessionException : Invalid session or session Timeout. : Addr: $007CEFF3
Project1.exe: 000006AC: 14:45:52 []:>--------------------------------------------------------------<
Project1.exe: 000006AC: 14:45:52 [TUniServerModule]:Server First Init.
Project1.exe: 000006AC: 14:45:52 [TUniServerModule]:Global Cache Folder Erased. <6> Files deleted.
Project1.exe: 000006AC: 14:45:52 [TUniServerModule]:Starting HTTP Server on Port: 8077...
Project1.exe: 000006AC: 14:45:52 [TUniServerModule]:HTTP Server Started on Port: 8077
Project1.exe: 000012D8: 14:45:55 [192.168.0.104]:EUniSessionException : Invalid session or session Timeout. : Addr: $007CEFF3
Project1.exe: 00001C1C: 14:46:39 []:>--------------------------------------------------------------<
Project1.exe: 00001C1C: 14:46:39 [TUniServerModule]:Server First Init.
Project1.exe: 00001C1C: 14:46:39 [TUniServerModule]:Global Cache Folder Erased. <7> Files deleted.
Project1.exe: 00001C1C: 14:46:39 [TUniServerModule]:Starting HTTP Server on Port: 8077...
Project1.exe: 00001C1C: 14:46:39 [TUniServerModule]:HTTP Server Started on Port: 8077
Project1.exe: 00001B10: 14:47:09 []:>--------------------------------------------------------------<
Project1.exe: 00001B10: 14:47:09 [TUniServerModule]:Server First Init.
Project1.exe: 00001B10: 14:47:09 [TUniServerModule]:Global Cache Folder Erased. <1> Files deleted.
Project1.exe: 00001B10: 14:47:09 [TUniServerModule]:Starting HTTP Server on Port: 8077...
Project1.exe: 00001B10: 14:47:09 [TUniServerModule]:HTTP Server Started on Port: 8077
Project1.exe: 000021A4: 14:47:10 [192.168.0.104]:EUniSessionException : Invalid session or session Timeout. : Addr: $007CEFF3
Project1.exe: 00000FA4: 14:48:16 []:>--------------------------------------------------------------<
Project1.exe: 00000FA4: 14:48:16 [TUniServerModule]:Server First Init.
Project1.exe: 00000FA4: 14:48:16 [TUniServerModule]:Global Cache Folder Erased. <6> Files deleted.
Project1.exe: 00000FA4: 14:48:16 [TUniServerModule]:Starting HTTP Server on Port: 8077...
Project1.exe: 00000FA4: 14:48:16 [TUniServerModule]:HTTP Server Started on Port: 8077
Project1.exe: 0000100C: 14:48:19 [192.168.0.104]:EUniSessionException : Invalid session or session Timeout. : Addr: $007CEFF3
Project1.exe: 000005EC: 14:48:53 []:>--------------------------------------------------------------<
Project1.exe: 000005EC: 14:48:53 [TUniServerModule]:Server First Init.
Project1.exe: 000005EC: 14:48:53 [TUniServerModule]:Global Cache Folder Erased. <5> Files deleted.
Project1.exe: 000005EC: 14:48:53 [TUniServerModule]:Starting HTTP Server on Port: 8077...
Project1.exe: 000005EC: 14:48:53 [TUniServerModule]:HTTP Server Started on Port: 8077
Project1.exe: 00002B10: 14:51:46 [192.168.0.104]:EUniSessionException : Invalid session or session Timeout. : Addr: $007CEFF3
Project1.exe: 00002028: 14:53:13 []:>--------------------------------------------------------------<
Project1.exe: 00002028: 14:53:13 [TUniServerModule]:Server First Init.
Project1.exe: 00002028: 14:53:13 [TUniServerModule]:Global Cache Folder Erased. <5> Files deleted.
Project1.exe: 00002028: 14:53:13 [TUniServerModule]:Starting HTTP Server on Port: 8077...
Project1.exe: 00002028: 14:53:13 [TUniServerModule]:HTTP Server Started on Port: 8077
Project1.exe: 00002834: 14:53:46 [192.168.0.104]:EUniSessionException : Invalid session or session Timeout. : Addr: $007CEFF3
Project1.exe: 00002E58: 14:54:32 []:>--------------------------------------------------------------<
Project1.exe: 00002E58: 14:54:32 [TUniServerModule]:Server First Init.
Project1.exe: 00002E58: 14:54:32 [TUniServerModule]:Global Cache Folder Erased. <5> Files deleted.
Project1.exe: 00002E58: 14:54:32 [TUniServerModule]:Starting HTTP Server on Port: 8077...
Project1.exe: 00002E58: 14:54:32 [TUniServerModule]:HTTP Server Started on Port: 8077
Project1.exe: 00002C8C: 14:54:36 [192.168.0.104]:EUniSessionException : Invalid session or session Timeout. : Addr: $007CEFF3
Project1.exe: 000012C4: 14:55:16 []:>--------------------------------------------------------------<
Project1.exe: 000012C4: 14:55:16 [TUniServerModule]:Server First Init.
Project1.exe: 000012C4: 14:55:16 [TUniServerModule]:Global Cache Folder Erased. <5> Files deleted.
Project1.exe: 000012C4: 14:55:16 [TUniServerModule]:Starting HTTP Server on Port: 8077...
Project1.exe: 000012C4: 14:55:17 [TUniServerModule]:HTTP Server Started on Port: 8077
Project1.exe: 00001F68: 14:55:34 [192.168.0.104]:EUniSessionException : Invalid session or session Timeout. : Addr: $007CEFF3
Project1.exe: 0000297C: 14:57:21 []:>--------------------------------------------------------------<
Project1.exe: 0000297C: 14:57:21 [TUniServerModule]:Server First Init.
Project1.exe: 0000297C: 14:57:21 [TUniServerModule]:Global Cache Folder Erased. <5> Files deleted.
Project1.exe: 0000297C: 14:57:21 [TUniServerModule]:Starting HTTP Server on Port: 8077...
Project1.exe: 0000297C: 14:57:21 [TUniServerModule]:HTTP Server Started on Port: 8077
Project1.exe: 00002AB0: 14:57:23 [192.168.0.104]:EUniSessionException : Invalid session or session Timeout. : Addr: $007CEFF3
Project1.exe: 00002D28: 14:58:34 []:>--------------------------------------------------------------<
Project1.exe: 00002D28: 14:58:34 [TUniServerModule]:Server First Init.
Project1.exe: 00002D28: 14:58:34 [TUniServerModule]:Global Cache Folder Erased. <5> Files deleted.
Project1.exe: 00002D28: 14:58:34 [TUniServerModule]:Starting HTTP Server on Port: 8077...
Project1.exe: 00002D28: 14:58:34 [TUniServerModule]:HTTP Server Started on Port: 8077
Project1.exe: 00002D7C: 14:58:35 [192.168.0.104]:EUniSessionException : Invalid session or session Timeout. : Addr: $007CEFF3
Project1.exe: 00001A60: 15:07:20 []:>--------------------------------------------------------------<
Project1.exe: 00001A60: 15:07:20 [TUniServerModule]:Server First Init.
Project1.exe: 00001A60: 15:07:20 [TUniServerModule]:Global Cache Folder Erased. <12> Files deleted.
Project1.exe: 00001A60: 15:07:21 [TUniServerModule]:Starting HTTP Server on Port: 8077...
Project1.exe: 00001A60: 15:07:21 [TUniServerModule]:HTTP Server Started on Port: 8077
Project1.exe: 00000C6C: 15:07:49 [192.168.0.104]:EUniSessionException : Invalid session or session Timeout. : Addr: $007CEFF3
Project1.exe: 000025E8: 15:11:32 []:>--------------------------------------------------------------<
Project1.exe: 000025E8: 15:11:32 [TUniServerModule]:Server First Init.
Project1.exe: 000025E8: 15:11:32 [TUniServerModule]:Global Cache Folder Erased. <5> Files deleted.
Project1.exe: 000025E8: 15:11:32 [TUniServerModule]:Starting HTTP Server on Port: 8077...
Project1.exe: 000025E8: 15:11:32 [TUniServerModule]:HTTP Server Started on Port: 8077
Project1.exe: 000026C4: 15:11:37 [192.168.0.104]:EUniSessionException : Invalid session or session Timeout. : Addr: $007CEFF3
Project1.exe: 000015A0: 15:14:24 []:>--------------------------------------------------------------<
Project1.exe: 000015A0: 15:14:24 [TUniServerModule]:Server First Init.
Project1.exe: 000015A0: 15:14:24 [TUniServerModule]:Global Cache Folder Erased. <5> Files deleted.
Project1.exe: 000015A0: 15:14:24 [TUniServerModule]:Starting HTTP Server on Port: 8077...
Project1.exe: 000015A0: 15:14:24 [TUniServerModule]:HTTP Server Started on Port: 8077
Project1.exe: 00002310: 15:14:27 [192.168.0.104]:EUniSessionException : Invalid session or session Timeout. : Addr: $007CEFF3
Project1.exe: 000019A8: 15:20:48 []:>--------------------------------------------------------------<
Project1.exe: 000019A8: 15:20:48 [TUniServerModule]:Server First Init.
Project1.exe: 000019A8: 15:20:48 [TUniServerModule]:Global Cache Folder Erased. <11> Files deleted.
Project1.exe: 000019A8: 15:20:48 [TUniServerModule]:Starting HTTP Server on Port: 8077...
Project1.exe: 000019A8: 15:20:48 [TUniServerModule]:HTTP Server Started on Port: 8077
Project1.exe: 00000B48: 15:20:54 [192.168.0.104]:EUniSessionException : Invalid session or session Timeout. : Addr: $007CEFF3
Project1.exe: 00000C6C: 15:23:20 []:>--------------------------------------------------------------<
Project1.exe: 00000C6C: 15:23:20 [TUniServerModule]:Server First Init.
Project1.exe: 00000C6C: 15:23:20 [TUniServerModule]:Global Cache Folder Erased. <5> Files deleted.
Project1.exe: 00000C6C: 15:23:20 [TUniServerModule]:Starting HTTP Server on Port: 8077...
Project1.exe: 00000C6C: 15:23:20 [TUniServerModule]:HTTP Server Started on Port: 8077
Project1.exe: 00000758: 15:23:24 [192.168.0.104]:EUniSessionException : Invalid session or session Timeout. : Addr: $007CEFF3
Project1.exe: 00000330: 15:28:06 []:>--------------------------------------------------------------<
Project1.exe: 00000330: 15:28:06 [TUniServerModule]:Server First Init.
Project1.exe: 00000330: 15:28:06 [TUniServerModule]:Global Cache Folder Erased. <5> Files deleted.
Project1.exe: 00000330: 15:28:06 [TUniServerModule]:Starting HTTP Server on Port: 8077...
Project1.exe: 00000330: 15:28:06 [TUniServerModule]:HTTP Server Started on Port: 8077
Project1.exe: 0000288C: 15:28:22 [192.168.0.104]:EUniSessionException : Invalid session or session Timeout. : Addr: $007CEFF3
Project1.exe: 000011D0: 15:28:58 []:>--------------------------------------------------------------<
Project1.exe: 000011D0: 15:28:58 [TUniServerModule]:Server First Init.
Project1.exe: 000011D0: 15:28:58 [TUniServerModule]:Global Cache Folder Erased. <5> Files deleted.
Project1.exe: 000011D0: 15:28:58 [TUniServerModule]:Starting HTTP Server on Port: 8077...
Project1.exe: 000011D0: 15:28:58 [TUniServerModule]:HTTP Server Started on Port: 8077
Project1.exe: 00002568: 15:30:42 []:>--------------------------------------------------------------<
Project1.exe: 00002568: 15:30:42 [TUniServerModule]:Server First Init.
Project1.exe: 00002568: 15:30:42 [TUniServerModule]:Global Cache Folder Erased. <5> Files deleted.
Project1.exe: 00002568: 15:30:42 [TUniServerModule]:Starting HTTP Server on Port: 8077...
Project1.exe: 00002568: 15:30:42 [TUniServerModule]:HTTP Server Started on Port: 8077
Project1.exe: 000020C4: 15:30:42 [192.168.0.104]:EUniSessionException : Invalid session or session Timeout. : Addr: $007CEFF3
Project1.exe: 00000574: 15:35:09 []:>--------------------------------------------------------------<
Project1.exe: 00000574: 15:35:09 [TUniServerModule]:Server First Init.
Project1.exe: 00000574: 15:35:09 [TUniServerModule]:Global Cache Folder Erased. <5> Files deleted.
Project1.exe: 00000574: 15:35:09 [TUniServerModule]:Starting HTTP Server on Port: 8077...
Project1.exe: 00000574: 15:35:09 [TUniServerModule]:HTTP Server Started on Port: 8077
Project1.exe: 00000608: 15:35:15 [192.168.0.104]:EUniSessionException : Invalid session or session Timeout. : Addr: $007CEFF3
Project1.exe: 00001F08: 15:36:36 []:>--------------------------------------------------------------<
Project1.exe: 00001F08: 15:36:36 [TUniServerModule]:Server First Init.
Project1.exe: 00001F08: 15:36:36 [TUniServerModule]:Global Cache Folder Erased. <5> Files deleted.
Project1.exe: 00001F08: 15:36:36 [TUniServerModule]:Starting HTTP Server on Port: 8077...
Project1.exe: 00001F08: 15:36:36 [TUniServerModule]:HTTP Server Started on Port: 8077
Project1.exe: 00001F0C: 15:36:38 [192.168.0.104]:EUniSessionException : Invalid session or session Timeout. : Addr: $007CEFF3
Project1.exe: 00001DA8: 15:39:10 []:>--------------------------------------------------------------<
Project1.exe: 00001DA8: 15:39:10 [TUniServerModule]:Server First Init.
Project1.exe: 00001DA8: 15:39:10 [TUniServerModule]:Global Cache Folder Erased. <5> Files deleted.
Project1.exe: 00001DA8: 15:39:10 [TUniServerModule]:Starting HTTP Server on Port: 8077...
Project1.exe: 00001DA8: 15:39:10 [TUniServerModule]:HTTP Server Started on Port: 8077
Project1.exe: 00001EAC: 15:39:22 [192.168.0.104]:EUniSessionException : Invalid session or session Timeout. : Addr: $007CEFF3
Project1.exe: 00002CA0: 15:41:18 []:>--------------------------------------------------------------<
Project1.exe: 00002CA0: 15:41:18 [TUniServerModule]:Server First Init.
Project1.exe: 00002CA0: 15:41:18 [TUniServerModule]:Global Cache Folder Erased. <6> Files deleted.
Project1.exe: 00002CA0: 15:41:18 [TUniServerModule]:Starting HTTP Server on Port: 8077...
Project1.exe: 00002CA0: 15:41:18 [TUniServerModule]:HTTP Server Started on Port: 8077
Project1.exe: 0000050C: 15:41:22 [192.168.0.104]:EUniSessionException : Invalid session or session Timeout. : Addr: $007CEFF3
Project1.exe: 0000091C: 15:42:06 []:>--------------------------------------------------------------<
Project1.exe: 0000091C: 15:42:06 [TUniServerModule]:Server First Init.
Project1.exe: 0000091C: 15:42:06 [TUniServerModule]:Global Cache Folder Erased. <5> Files deleted.
Project1.exe: 0000091C: 15:42:06 [TUniServerModule]:Starting HTTP Server on Port: 8077...
Project1.exe: 0000091C: 15:42:06 [TUniServerModule]:HTTP Server Started on Port: 8077
Project1.exe: 00002110: 15:42:08 [192.168.0.104]:EUniSessionException : Invalid session or session Timeout. : Addr: $007CEFF3
Project1.exe: 00001748: 15:43:35 []:>--------------------------------------------------------------<
Project1.exe: 00001748: 15:43:35 [TUniServerModule]:Server First Init.
Project1.exe: 00001748: 15:43:35 [TUniServerModule]:Global Cache Folder Erased. <5> Files deleted.
Project1.exe: 00001748: 15:43:35 [TUniServerModule]:Starting HTTP Server on Port: 8077...
Project1.exe: 00001748: 15:43:35 [TUniServerModule]:HTTP Server Started on Port: 8077
Project1.exe: 000005E4: 15:43:36 [192.168.0.104]:EUniSessionException : Invalid session or session Timeout. : Addr: $007CEFF3
Project1.exe: 00000B78: 15:44:06 []:>--------------------------------------------------------------<
Project1.exe: 00000B78: 15:44:06 [TUniServerModule]:Server First Init.
Project1.exe: 00000B78: 15:44:06 [TUniServerModule]:Global Cache Folder Erased. <6> Files deleted.
Project1.exe: 00000B78: 15:44:06 [TUniServerModule]:Starting HTTP Server on Port: 8077...
Project1.exe: 00000B78: 15:44:06 [TUniServerModule]:HTTP Server Started on Port: 8077
Project1.exe: 00000F8C: 15:44:07 [192.168.0.104]:EUniSessionException : Invalid session or session Timeout. : Addr: $007CEFF3
Project1.exe: 000002B0: 15:47:57 []:>--------------------------------------------------------------<
Project1.exe: 000002B0: 15:47:57 [TUniServerModule]:Server First Init.
Project1.exe: 000002B0: 15:47:57 [TUniServerModule]:Global Cache Folder Erased. <9> Files deleted.
Project1.exe: 000002B0: 15:47:57 [TUniServerModule]:Starting HTTP Server on Port: 8077...
Project1.exe: 000002B0: 15:47:57 [TUniServerModule]:HTTP Server Started on Port: 8077
Project1.exe: 000012EC: 15:50:06 []:>--------------------------------------------------------------<
Project1.exe: 000012EC: 15:50:06 [TUniServerModule]:Server First Init.
Project1.exe: 000012EC: 15:50:06 [TUniServerModule]:Global Cache Folder Erased. <7> Files deleted.
Project1.exe: 000012EC: 15:50:06 [TUniServerModule]:Starting HTTP Server on Port: 8077...
Project1.exe: 000012EC: 15:50:06 [TUniServerModule]:HTTP Server Started on Port: 8077
Project1.exe: 00001A98: 15:50:08 [192.168.0.104]:EUniSessionException : Invalid session or session Timeout. : Addr: $007CEFF3
Project1.exe: 0000048C: 15:51:08 []:>--------------------------------------------------------------<
Project1.exe: 0000048C: 15:51:08 [TUniServerModule]:Server First Init.
Project1.exe: 0000048C: 15:51:08 [TUniServerModule]:Global Cache Folder Erased. <5> Files deleted.
Project1.exe: 0000048C: 15:51:08 [TUniServerModule]:Starting HTTP Server on Port: 8077...
Project1.exe: 0000048C: 15:51:08 [TUniServerModule]:HTTP Server Started on Port: 8077
Project1.exe: 000022C8: 15:51:09 [192.168.0.104]:EUniSessionException : Invalid session or session Timeout. : Addr: $007CEFF3
Project1.exe: 00000994: 16:37:28 []:>--------------------------------------------------------------<
Project1.exe: 00000994: 16:37:28 [TUniServerModule]:Server First Init.
Project1.exe: 00000994: 16:37:28 [TUniServerModule]:Global Cache Folder Erased. <6> Files deleted.
Project1.exe: 00000994: 16:37:28 [TUniServerModule]:Starting HTTP Server on Port: 8077...
Project1.exe: 00000994: 16:37:28 [TUniServerModule]:HTTP Server Started on Port: 8077
Project1.exe: 00002030: 16:37:33 [192.168.0.104]:EUniSessionException : Invalid session or session Timeout. : Addr: $007CEFF3
Project1.exe: 00000618: 16:38:23 []:>--------------------------------------------------------------<
Project1.exe: 00000618: 16:38:24 [TUniServerModule]:Server First Init.
Project1.exe: 00000618: 16:38:24 [TUniServerModule]:Global Cache Folder Erased. <8> Files deleted.
Project1.exe: 00000618: 16:38:24 [TUniServerModule]:Starting HTTP Server on Port: 8077...
Project1.exe: 00000618: 16:38:24 [TUniServerModule]:HTTP Server Started on Port: 8077
Project1.exe: 0000184C: 16:38:36 [192.168.0.104]:EUniSessionException : Invalid session or session Timeout. : Addr: $007CEFF3
Project1.exe: 00000EA4: 16:40:16 []:>--------------------------------------------------------------<
Project1.exe: 00000EA4: 16:40:16 [TUniServerModule]:Server First Init.
Project1.exe: 00000EA4: 16:40:16 [TUniServerModule]:Global Cache Folder Erased. <5> Files deleted.
Project1.exe: 00000EA4: 16:40:16 [TUniServerModule]:Starting HTTP Server on Port: 8077...
Project1.exe: 00000EA4: 16:40:16 [TUniServerModule]:HTTP Server Started on Port: 8077
Project1.exe: 000021B4: 16:40:21 [192.168.0.104]:EUniSessionException : Invalid session or session Timeout. : Addr: $007CEFF3
Project1.exe: 000020B0: 16:45:03 []:>--------------------------------------------------------------<
Project1.exe: 000020B0: 16:45:03 [TUniServerModule]:Server First Init.
Project1.exe: 000020B0: 16:45:03 [TUniServerModule]:Global Cache Folder Erased. <12> Files deleted.
Project1.exe: 000020B0: 16:45:03 [TUniServerModule]:Starting HTTP Server on Port: 8077...
Project1.exe: 000020B0: 16:45:03 [TUniServerModule]:HTTP Server Started on Port: 8077
Project1.exe: 00001574: 16:45:04 [192.168.0.104]:EUniSessionException : Invalid session or session Timeout. : Addr: $007CEFF3
Project1.exe: 0000190C: 16:45:55 []:>--------------------------------------------------------------<
Project1.exe: 0000190C: 16:45:55 [TUniServerModule]:Server First Init.
Project1.exe: 0000190C: 16:45:55 [TUniServerModule]:Global Cache Folder Erased. <5> Files deleted.
Project1.exe: 0000190C: 16:45:55 [TUniServerModule]:Starting HTTP Server on Port: 8077...
Project1.exe: 0000190C: 16:45:55 [TUniServerModule]:HTTP Server Started on Port: 8077
Project1.exe: 000018AC: 16:45:57 [192.168.0.104]:EUniSessionException : Invalid session or session Timeout. : Addr: $007CEFF3
Project1.exe: 0000178C: 16:47:01 []:>--------------------------------------------------------------<
Project1.exe: 0000178C: 16:47:01 [TUniServerModule]:Server First Init.
Project1.exe: 0000178C: 16:47:01 [TUniServerModule]:Global Cache Folder Erased. <5> Files deleted.
Project1.exe: 0000178C: 16:47:01 [TUniServerModule]:Starting HTTP Server on Port: 8077...
Project1.exe: 0000178C: 16:47:01 [TUniServerModule]:HTTP Server Started on Port: 8077
Project1.exe: 00000BF4: 16:47:05 [192.168.0.104]:EUniSessionException : Invalid session or session Timeout. : Addr: $007CEFF3
Project1.exe: 00001AF0: 16:51:49 []:>--------------------------------------------------------------<
Project1.exe: 00001AF0: 16:51:49 [TUniServerModule]:Server First Init.
Project1.exe: 00001AF0: 16:51:49 [TUniServerModule]:Global Cache Folder Erased. <26> Files deleted.
Project1.exe: 00001AF0: 16:51:49 [TUniServerModule]:Starting HTTP Server on Port: 8077...
Project1.exe: 00001AF0: 16:51:49 [TUniServerModule]:HTTP Server Started on Port: 8077
Project1.exe: 0000294C: 16:51:50 [192.168.0.104]:EUniSessionException : Invalid session or session Timeout. : Addr: $007CEFF3
Project1.exe: 00000B90: 16:52:05 []:>--------------------------------------------------------------<
Project1.exe: 00000B90: 16:52:05 [TUniServerModule]:Server First Init.
Project1.exe: 00000B90: 16:52:06 [TUniServerModule]:Global Cache Folder Erased. <5> Files deleted.
Project1.exe: 00000B90: 16:52:06 [TUniServerModule]:Starting HTTP Server on Port: 8077...
Project1.exe: 00000B90: 16:52:06 [TUniServerModule]:HTTP Server Started on Port: 8077
Project1.exe: 000015EC: 16:52:10 [192.168.0.104]:EUniSessionException : Invalid session or session Timeout. : Addr: $007CEFF3
Project1.exe: 000015EC: 16:52:10 [192.168.0.104]:EUniSessionException : Invalid session or session Timeout. : Addr: $007CEFF3
Project1.exe: 000015EC: 16:52:10 [192.168.0.104]:EUniSessionException : Invalid session or session Timeout. : Addr: $007CEFF3
Project1.exe: 00001994: 16:53:01 []:>--------------------------------------------------------------<
Project1.exe: 00001994: 16:53:01 [TUniServerModule]:Server First Init.
Project1.exe: 00001994: 16:53:01 [TUniServerModule]:Global Cache Folder Erased. <5> Files deleted.
Project1.exe: 00001994: 16:53:01 [TUniServerModule]:Starting HTTP Server on Port: 8077...
Project1.exe: 00001994: 16:53:01 [TUniServerModule]:HTTP Server Started on Port: 8077
Project1.exe: 0000221C: 16:53:02 [192.168.0.104]:EUniSessionException : Invalid session or session Timeout. : Addr: $007CEFF3
Project1.exe: 00001D5C: 16:53:22 []:>--------------------------------------------------------------<
Project1.exe: 00001D5C: 16:53:22 [TUniServerModule]:Server First Init.
Project1.exe: 00001D5C: 16:53:22 [TUniServerModule]:Global Cache Folder Erased. <5> Files deleted.
Project1.exe: 00001D5C: 16:53:22 [TUniServerModule]:Starting HTTP Server on Port: 8077...
Project1.exe: 00001D5C: 16:53:22 [TUniServerModule]:HTTP Server Started on Port: 8077
Project1.exe: 00002B1C: 16:53:26 [192.168.0.104]:EUniSessionException : Invalid session or session Timeout. : Addr: $007CEFF3
Project1.exe: 00002D08: 16:53:58 []:>--------------------------------------------------------------<
Project1.exe: 00002D08: 16:53:58 [TUniServerModule]:Server First Init.
Project1.exe: 00002D08: 16:53:58 [TUniServerModule]:Global Cache Folder Erased. <8> Files deleted.
Project1.exe: 00002D08: 16:53:58 [TUniServerModule]:Starting HTTP Server on Port: 8077...
Project1.exe: 00002D08: 16:53:58 [TUniServerModule]:HTTP Server Started on Port: 8077
Project1.exe: 000028D0: 16:54:01 [192.168.0.104]:EUniSessionException : Invalid session or session Timeout. : Addr: $007CEFF3
Project1.exe: 00002D08: 16:58:23 [Exit]:Unexpected attempt to terminate server application with Exit Code: 0
