Project1.exe: 000002EC: 00:05:36 []:>--------------------------------------------------------------<
Project1.exe: 000002EC: 00:05:36 [TUniServerModule]:Server First Init.
Project1.exe: 000002EC: 00:05:36 [TUniServerModule]:Global Cache Folder Erased. <2> Files deleted.
Project1.exe: 000002EC: 00:05:36 [TUniServerModule]:Starting HTTP Server on Port: 8077...
Project1.exe: 000002EC: 00:05:36 [TUniServerModule]:HTTP Server Started on Port: 8077
Project1.exe: 00000FC8: 00:05:36 [192.168.0.102]:EUniSessionException : Invalid session or session Timeout. : Addr: $007C88C7
Project1.exe: 00003350: 00:11:28 []:>--------------------------------------------------------------<
Project1.exe: 00003350: 00:11:28 [TUniServerModule]:Server First Init.
Project1.exe: 00003350: 00:11:28 [TUniServerModule]:Global Cache Folder Erased. <3> Files deleted.
Project1.exe: 00003350: 00:11:28 [TUniServerModule]:Starting HTTP Server on Port: 8077...
Project1.exe: 00003350: 00:11:28 [TUniServerModule]:HTTP Server Started on Port: 8077
Project1.exe: 000014E0: 00:11:28 [192.168.0.102]:EUniSessionException : Invalid session or session Timeout. : Addr: $007C88C7
Project1.exe: 0000259C: 00:15:16 []:>--------------------------------------------------------------<
Project1.exe: 0000259C: 00:15:16 [TUniServerModule]:Server First Init.
Project1.exe: 0000259C: 00:15:16 [TUniServerModule]:Global Cache Folder Erased. <2> Files deleted.
Project1.exe: 0000259C: 00:15:16 [TUniServerModule]:Starting HTTP Server on Port: 8077...
Project1.exe: 0000259C: 00:15:16 [TUniServerModule]:HTTP Server Started on Port: 8077
Project1.exe: 00002C78: 00:15:21 [192.168.0.102]:EUniSessionException : Invalid session or session Timeout. : Addr: $007C88C7
Project1.exe: 00001C50: 00:19:22 []:>--------------------------------------------------------------<
Project1.exe: 00001C50: 00:19:22 [TUniServerModule]:Server First Init.
Project1.exe: 00001C50: 00:19:22 [TUniServerModule]:Global Cache Folder Erased. <2> Files deleted.
Project1.exe: 00001C50: 00:19:22 [TUniServerModule]:Starting HTTP Server on Port: 8077...
Project1.exe: 00001C50: 00:19:22 [TUniServerModule]:HTTP Server Started on Port: 8077
Project1.exe: 00002018: 00:19:30 [192.168.0.102]:EUniSessionException : Invalid session or session Timeout. : Addr: $007C88C7
Project1.exe: 00000BF8: 00:25:17 []:>--------------------------------------------------------------<
Project1.exe: 00000BF8: 00:25:17 [TUniServerModule]:Server First Init.
Project1.exe: 00000BF8: 00:25:17 [TUniServerModule]:Global Cache Folder Erased. <3> Files deleted.
Project1.exe: 00000BF8: 00:25:17 [TUniServerModule]:Starting HTTP Server on Port: 8077...
Project1.exe: 00000BF8: 00:25:17 [TUniServerModule]:HTTP Server Started on Port: 8077
Project1.exe: 00002A88: 00:28:28 []:>--------------------------------------------------------------<
Project1.exe: 00002A88: 00:28:28 [TUniServerModule]:Server First Init.
Project1.exe: 00002A88: 00:28:29 [TUniServerModule]:Global Cache Folder Erased. <2> Files deleted.
Project1.exe: 00002A88: 00:28:29 [TUniServerModule]:Starting HTTP Server on Port: 8077...
Project1.exe: 00002A88: 00:28:29 [TUniServerModule]:HTTP Server Started on Port: 8077
Project1.exe: 000033BC: 00:28:34 [192.168.0.102]:EUniSessionException : Invalid session or session Timeout. : Addr: $007CB5BB
Project1.exe: 000018DC: 00:29:33 []:>--------------------------------------------------------------<
Project1.exe: 000018DC: 00:29:33 [TUniServerModule]:Server First Init.
Project1.exe: 000018DC: 00:29:33 [TUniServerModule]:Global Cache Folder Erased. <3> Files deleted.
Project1.exe: 000018DC: 00:29:33 [TUniServerModule]:Starting HTTP Server on Port: 8077...
Project1.exe: 000018DC: 00:29:33 [TUniServerModule]:HTTP Server Started on Port: 8077
Project1.exe: 00001CA8: 00:29:36 [192.168.0.102]:EUniSessionException : Invalid session or session Timeout. : Addr: $007CB5BB
Project1.exe: 00002008: 00:30:28 []:>--------------------------------------------------------------<
Project1.exe: 00002008: 00:30:28 [TUniServerModule]:Server First Init.
Project1.exe: 00002008: 00:30:28 [TUniServerModule]:Global Cache Folder Erased. <3> Files deleted.
Project1.exe: 00002008: 00:30:29 [TUniServerModule]:Starting HTTP Server on Port: 8077...
Project1.exe: 00002008: 00:30:29 [TUniServerModule]:HTTP Server Started on Port: 8077
Project1.exe: 000032A8: 00:30:32 [192.168.0.102]:EUniSessionException : Invalid session or session Timeout. : Addr: $007C88C7
Project1.exe: 00002A20: 00:34:09 []:>--------------------------------------------------------------<
Project1.exe: 00002A20: 00:34:09 [TUniServerModule]:Server First Init.
Project1.exe: 00002A20: 00:34:09 [TUniServerModule]:Global Cache Folder Erased. <3> Files deleted.
Project1.exe: 00002A20: 00:34:09 [TUniServerModule]:Starting HTTP Server on Port: 8077...
Project1.exe: 00002A20: 00:34:09 [TUniServerModule]:HTTP Server Started on Port: 8077
Project1.exe: 000036E4: 00:36:50 []:>--------------------------------------------------------------<
Project1.exe: 000036E4: 00:36:50 [TUniServerModule]:Server First Init.
Project1.exe: 000036E4: 00:36:50 [TUniServerModule]:Global Cache Folder Erased. <2> Files deleted.
Project1.exe: 000036E4: 00:36:50 [TUniServerModule]:Starting HTTP Server on Port: 8077...
Project1.exe: 000036E4: 00:36:50 [TUniServerModule]:HTTP Server Started on Port: 8077
Project1.exe: 00003054: 00:36:53 [192.168.0.102]:EUniSessionException : Invalid session or session Timeout. : Addr: $007C88C7
Project1.exe: 00001924: 00:41:18 []:>--------------------------------------------------------------<
Project1.exe: 00001924: 00:41:18 [TUniServerModule]:Server First Init.
Project1.exe: 00001924: 00:41:18 [TUniServerModule]:Global Cache Folder Erased. <2> Files deleted.
Project1.exe: 00001924: 00:41:18 [TUniServerModule]:Starting HTTP Server on Port: 8077...
Project1.exe: 00001924: 00:41:18 [TUniServerModule]:HTTP Server Started on Port: 8077
Project1.exe: 0000284C: 00:41:20 [192.168.0.102]:EUniSessionException : Invalid session or session Timeout. : Addr: $007C88C7
Project1.exe: 00001924: 00:41:51 [TUniServerModule]:Shutting Down Server.
Project1.exe: 00001924: 00:41:51 [TUniServerModule]:Stopping HTTP Server.
Project1.exe: 00001924: 00:41:52 [TUniServerModule]:HTTP Server Stopped.
Project1.exe: 00001924: 00:41:52 [TUniGUISessionManager]:Terminating Session manager.
Project1.exe: 00001924: 00:41:52 [TUniGUISessionManager]:Stopping Cache Eraser...
Project1.exe: 00001924: 00:41:52 [TUniGUISessionManager]:Cache Eraser Stopped.
Project1.exe: 00001924: 00:41:52 [TUniGUISessionManager]:Destroying Worker Threads.
Project1.exe: 00001924: 00:41:52 [TUniGUISessionManager]:Session manager terminated.
Project1.exe: 00001924: 00:41:52 [TUniServerModule]:Server Shutdown Completed.
Project1.exe: 00001924: 00:41:52 []:<-------------------------------------------------------------->
Project1.exe: 00001924: 00:41:52 [Terminated]:Exit Code: 0
Project1.exe: 00002320: 00:41:56 []:>--------------------------------------------------------------<
Project1.exe: 00002320: 00:41:56 [TUniServerModule]:Server First Init.
Project1.exe: 00002320: 00:41:56 [TUniServerModule]:Starting HTTP Server on Port: 8077...
Project1.exe: 00002320: 00:41:56 [TUniServerModule]:HTTP Server Started on Port: 8077
Project1.exe: 00000700: 00:41:59 [192.168.0.102]:EUniSessionException : Invalid session or session Timeout. : Addr: $007C88C7
Project1.exe: 00001500: 00:47:48 []:>--------------------------------------------------------------<
Project1.exe: 00001500: 00:47:48 [TUniServerModule]:Server First Init.
Project1.exe: 00001500: 00:47:48 [TUniServerModule]:Global Cache Folder Erased. <3> Files deleted.
Project1.exe: 00001500: 00:47:48 [TUniServerModule]:Starting HTTP Server on Port: 8077...
Project1.exe: 00001500: 00:47:48 [TUniServerModule]:HTTP Server Started on Port: 8077
Project1.exe: 00000A44: 00:48:34 [192.168.0.102]:EUniSessionException : Invalid session or session Timeout. : Addr: $007C88C7
Project1.exe: 0000139C: 00:49:06 []:>--------------------------------------------------------------<
Project1.exe: 0000139C: 00:49:06 [TUniServerModule]:Server First Init.
Project1.exe: 0000139C: 00:49:06 [TUniServerModule]:Global Cache Folder Erased. <3> Files deleted.
Project1.exe: 0000139C: 00:49:06 [TUniServerModule]:Starting HTTP Server on Port: 8077...
Project1.exe: 0000139C: 00:49:06 [TUniServerModule]:HTTP Server Started on Port: 8077
Project1.exe: 0000371C: 00:49:06 [192.168.0.102]:EUniSessionException : Invalid session or session Timeout. : Addr: $007C88C7
Project1.exe: 000025D8: 00:50:58 []:>--------------------------------------------------------------<
Project1.exe: 000025D8: 00:50:58 [TUniServerModule]:Server First Init.
Project1.exe: 000025D8: 00:50:58 [TUniServerModule]:Global Cache Folder Erased. <3> Files deleted.
Project1.exe: 000025D8: 00:50:58 [TUniServerModule]:Starting HTTP Server on Port: 8077...
Project1.exe: 000025D8: 00:50:58 [TUniServerModule]:HTTP Server Started on Port: 8077
Project1.exe: 00002180: 00:50:58 [192.168.0.102]:EUniSessionException : Invalid session or session Timeout. : Addr: $007C88C7
Project1.exe: 00002180: 00:51:04 [192.168.0.102]:EClassNotFound : Class TUnimPanel not found : Addr: $004665F6
Project1.exe: 00002180: 00:51:14 [192.168.0.102]:EClassNotFound : Class TUnimPanel not found : Addr: $004665F6
Project1.exe: 00002454: 00:51:49 []:>--------------------------------------------------------------<
Project1.exe: 00002454: 00:51:49 [TUniServerModule]:Server First Init.
Project1.exe: 00002454: 00:51:49 [TUniServerModule]:Global Cache Folder Erased. <5> Files deleted.
Project1.exe: 00002454: 00:51:49 [TUniServerModule]:Starting HTTP Server on Port: 8077...
Project1.exe: 00002454: 00:51:49 [TUniServerModule]:HTTP Server Started on Port: 8077
Project1.exe: 00002F18: 00:55:42 []:>--------------------------------------------------------------<
Project1.exe: 00002F18: 00:55:42 [TUniServerModule]:Server First Init.
Project1.exe: 00002F18: 00:55:42 [TUniServerModule]:Global Cache Folder Erased. <3> Files deleted.
Project1.exe: 00002F18: 00:55:42 [TUniServerModule]:Starting HTTP Server on Port: 8077...
Project1.exe: 00002F18: 00:55:42 [TUniServerModule]:HTTP Server Started on Port: 8077
Project1.exe: 00002470: 00:55:46 [192.168.0.102]:EUniSessionException : Invalid session or session Timeout. : Addr: $007C88C7
Project1.exe: 00002EBC: 00:57:19 []:>--------------------------------------------------------------<
Project1.exe: 00002EBC: 00:57:19 [TUniServerModule]:Server First Init.
Project1.exe: 00002EBC: 00:57:19 [TUniServerModule]:Global Cache Folder Erased. <3> Files deleted.
Project1.exe: 00002EBC: 00:57:19 [TUniServerModule]:Starting HTTP Server on Port: 8077...
Project1.exe: 00002EBC: 00:57:19 [TUniServerModule]:HTTP Server Started on Port: 8077
Project1.exe: 000033BC: 00:57:21 [192.168.0.102]:EUniSessionException : Invalid session or session Timeout. : Addr: $007C88C7
Project1.exe: 000033BC: 00:58:28 [192.168.0.102]:EUniSessionException : Invalid session or session Timeout. : Addr: $007C88C7
Project1.exe: 000007A0: 00:59:26 [192.168.0.102]:EUniSessionException : Invalid session or session Timeout. : Addr: $007C88C7
Project1.exe: 00001570: 01:00:41 []:>--------------------------------------------------------------<
Project1.exe: 00001570: 01:00:41 [TUniServerModule]:Server First Init.
Project1.exe: 00001570: 01:00:41 [TUniServerModule]:Global Cache Folder Erased. <3> Files deleted.
Project1.exe: 00001570: 01:00:41 [TUniServerModule]:Starting HTTP Server on Port: 8077...
Project1.exe: 00001570: 01:00:41 [TUniServerModule]:HTTP Server Started on Port: 8077
Project1.exe: 000014AC: 01:00:42 [192.168.0.102]:EUniSessionException : Invalid session or session Timeout. : Addr: $007C88C7
Project1.exe: 000006D0: 01:03:48 []:>--------------------------------------------------------------<
Project1.exe: 000006D0: 01:03:48 [TUniServerModule]:Server First Init.
Project1.exe: 000006D0: 01:03:48 [TUniServerModule]:Global Cache Folder Erased. <3> Files deleted.
Project1.exe: 000006D0: 01:03:48 [TUniServerModule]:Starting HTTP Server on Port: 8077...
Project1.exe: 000006D0: 01:03:48 [TUniServerModule]:HTTP Server Started on Port: 8077
Project1.exe: 000025B4: 01:03:48 [192.168.0.102]:EUniSessionException : Invalid session or session Timeout. : Addr: $007C88C7
Project1.exe: 000028B0: 01:06:15 []:>--------------------------------------------------------------<
Project1.exe: 000028B0: 01:06:15 [TUniServerModule]:Server First Init.
Project1.exe: 000028B0: 01:06:15 [TUniServerModule]:Global Cache Folder Erased. <3> Files deleted.
Project1.exe: 000028B0: 01:06:15 [TUniServerModule]:Starting HTTP Server on Port: 8077...
Project1.exe: 000028B0: 01:06:15 [TUniServerModule]:HTTP Server Started on Port: 8077
Project1.exe: 0000204C: 01:06:16 [192.168.0.102]:EUniSessionException : Invalid session or session Timeout. : Addr: $007C8A9F
Project1.exe: 0000204C: 01:06:41 [192.168.0.102]:EUniSessionException : Invalid session or session Timeout. : Addr: $007C8A9F
Project1.exe: 00001004: 01:08:04 []:>--------------------------------------------------------------<
Project1.exe: 00001004: 01:08:04 [TUniServerModule]:Server First Init.
Project1.exe: 00001004: 01:08:04 [TUniServerModule]:Global Cache Folder Erased. <2> Files deleted.
Project1.exe: 00001004: 01:08:05 [TUniServerModule]:Starting HTTP Server on Port: 8077...
Project1.exe: 00001004: 01:08:05 [TUniServerModule]:HTTP Server Started on Port: 8077
Project1.exe: 000005FC: 01:08:07 [192.168.0.102]:EUniSessionException : Invalid session or session Timeout. : Addr: $007C88C7
Project1.exe: 000005FC: 01:08:35 [192.168.0.102]:EUniSessionException : Invalid session or session Timeout. : Addr: $007C88C7
Project1.exe: 000029D4: 01:10:13 []:>--------------------------------------------------------------<
Project1.exe: 000029D4: 01:10:13 [TUniServerModule]:Server First Init.
Project1.exe: 000029D4: 01:10:13 [TUniServerModule]:Global Cache Folder Erased. <4> Files deleted.
Project1.exe: 000029D4: 01:10:13 [TUniServerModule]:Starting HTTP Server on Port: 8077...
Project1.exe: 000029D4: 01:10:13 [TUniServerModule]:HTTP Server Started on Port: 8077
Project1.exe: 00001510: 01:10:17 [192.168.0.102]:EUniSessionException : Invalid session or session Timeout. : Addr: $007C88C7
Project1.exe: 00001510: 01:11:15 [192.168.0.102]:EUniSessionException : Invalid session or session Timeout. : Addr: $007C88C7
Project1.exe: 00003200: 01:15:26 []:>--------------------------------------------------------------<
Project1.exe: 00003200: 01:15:26 [TUniServerModule]:Server First Init.
Project1.exe: 00003200: 01:15:26 [TUniServerModule]:Global Cache Folder Erased. <3> Files deleted.
Project1.exe: 00003200: 01:15:26 [TUniServerModule]:Starting HTTP Server on Port: 8077...
Project1.exe: 00003200: 01:15:26 [TUniServerModule]:HTTP Server Started on Port: 8077
Project1.exe: 000017E8: 01:15:27 [192.168.0.102]:EUniSessionException : Invalid session or session Timeout. : Addr: $007C88C7
Project1.exe: 0000275C: 01:16:03 []:>--------------------------------------------------------------<
Project1.exe: 0000275C: 01:16:03 [TUniServerModule]:Server First Init.
Project1.exe: 0000275C: 01:16:03 [TUniServerModule]:Global Cache Folder Erased. <3> Files deleted.
Project1.exe: 0000275C: 01:16:03 [TUniServerModule]:Starting HTTP Server on Port: 8077...
Project1.exe: 0000275C: 01:16:03 [TUniServerModule]:HTTP Server Started on Port: 8077
Project1.exe: 00002074: 01:16:04 [192.168.0.102]:EUniSessionException : Invalid session or session Timeout. : Addr: $007C88C7
Project1.exe: 000003B0: 01:18:06 []:>--------------------------------------------------------------<
Project1.exe: 000003B0: 01:18:06 [TUniServerModule]:Server First Init.
Project1.exe: 000003B0: 01:18:06 [TUniServerModule]:Global Cache Folder Erased. <3> Files deleted.
Project1.exe: 000003B0: 01:18:06 [TUniServerModule]:Starting HTTP Server on Port: 8077...
Project1.exe: 000003B0: 01:18:06 [TUniServerModule]:HTTP Server Started on Port: 8077
Project1.exe: 000007A0: 01:18:12 [192.168.0.102]:EUniSessionException : Invalid session or session Timeout. : Addr: $007C8A9F
Project1.exe: 00002C50: 01:19:45 []:>--------------------------------------------------------------<
Project1.exe: 00002C50: 01:19:45 [TUniServerModule]:Server First Init.
Project1.exe: 00002C50: 01:19:45 [TUniServerModule]:Global Cache Folder Erased. <3> Files deleted.
Project1.exe: 00002C50: 01:19:45 [TUniServerModule]:Starting HTTP Server on Port: 8077...
Project1.exe: 00002C50: 01:19:45 [TUniServerModule]:HTTP Server Started on Port: 8077
Project1.exe: 00002670: 01:19:53 [192.168.0.102]:EUniSessionException : Invalid session or session Timeout. : Addr: $007C88C7
Project1.exe: 00002E60: 01:56:44 []:>--------------------------------------------------------------<
Project1.exe: 00002E60: 01:56:44 [TUniServerModule]:Server First Init.
Project1.exe: 00002E60: 01:56:44 [TUniServerModule]:Global Cache Folder Erased. <3> Files deleted.
Project1.exe: 00002E60: 01:56:44 [TUniServerModule]:Starting HTTP Server on Port: 8077...
Project1.exe: 00002E60: 01:56:44 [TUniServerModule]:HTTP Server Started on Port: 8077
Project1.exe: 0000294C: 01:56:50 [192.168.0.102]:EUniSessionException : Invalid session or session Timeout. : Addr: $007C88C7
Project1.exe: 00001794: 02:01:27 []:>--------------------------------------------------------------<
Project1.exe: 00001794: 02:01:27 [TUniServerModule]:Server First Init.
Project1.exe: 00001794: 02:01:27 [TUniServerModule]:Global Cache Folder Erased. <3> Files deleted.
Project1.exe: 00001794: 02:01:27 [TUniServerModule]:Starting HTTP Server on Port: 8077...
Project1.exe: 00001794: 02:01:27 [TUniServerModule]:HTTP Server Started on Port: 8077
Project1.exe: 000003F0: 02:01:31 [192.168.0.102]:EUniSessionException : Invalid session or session Timeout. : Addr: $007C88C7
Project1.exe: 000003F0: 02:01:31 [192.168.0.102]:EUniSessionException : Invalid session or session Timeout. : Addr: $007C88C7
Project1.exe: 000003F0: 02:01:31 [192.168.0.102]:EUniSessionException : Invalid session or session Timeout. : Addr: $007C88C7
Project1.exe: 000003F0: 02:01:31 [192.168.0.102]:EUniSessionException : Invalid session or session Timeout. : Addr: $007C88C7
Project1.exe: 000003F0: 02:01:31 [192.168.0.102]:EUniSessionException : Invalid session or session Timeout. : Addr: $007C88C7
Project1.exe: 000003F0: 02:01:31 [192.168.0.102]:EUniSessionException : Invalid session or session Timeout. : Addr: $007C88C7
Project1.exe: 000018EC: 02:07:32 []:>--------------------------------------------------------------<
Project1.exe: 000018EC: 02:07:32 [TUniServerModule]:Server First Init.
Project1.exe: 000018EC: 02:07:32 [TUniServerModule]:Global Cache Folder Erased. <3> Files deleted.
Project1.exe: 000018EC: 02:07:32 [TUniServerModule]:Starting HTTP Server on Port: 8077...
Project1.exe: 000018EC: 02:07:32 [TUniServerModule]:HTTP Server Started on Port: 8077
Project1.exe: 000014C0: 02:07:37 [192.168.0.102]:EUniSessionException : Invalid session or session Timeout. : Addr: $007C88C7
Project1.exe: 000021B0: 02:09:12 []:>--------------------------------------------------------------<
Project1.exe: 000021B0: 02:09:12 [TUniServerModule]:Server First Init.
Project1.exe: 000021B0: 02:09:12 [TUniServerModule]:Global Cache Folder Erased. <3> Files deleted.
Project1.exe: 000021B0: 02:09:12 [TUniServerModule]:Starting HTTP Server on Port: 8077...
Project1.exe: 000021B0: 02:09:12 [TUniServerModule]:HTTP Server Started on Port: 8077
Project1.exe: 00002F1C: 02:09:16 [192.168.0.102]:EUniSessionException : Invalid session or session Timeout. : Addr: $007C88C7
Project1.exe: 00002F1C: 02:09:16 [192.168.0.102]:EUniSessionException : Invalid session or session Timeout. : Addr: $007C88C7
Project1.exe: 00002738: 02:09:49 []:>--------------------------------------------------------------<
Project1.exe: 00002738: 02:09:49 [TUniServerModule]:Server First Init.
Project1.exe: 00002738: 02:09:49 [TUniServerModule]:Global Cache Folder Erased. <3> Files deleted.
Project1.exe: 00002738: 02:09:49 [TUniServerModule]:Starting HTTP Server on Port: 8077...
Project1.exe: 00002738: 02:09:49 [TUniServerModule]:HTTP Server Started on Port: 8077
Project1.exe: 0000241C: 02:09:49 [192.168.0.102]:EUniSessionException : Invalid session or session Timeout. : Addr: $007C88C7
Project1.exe: 00001A90: 02:11:40 []:>--------------------------------------------------------------<
Project1.exe: 00001A90: 02:11:40 [TUniServerModule]:Server First Init.
Project1.exe: 00001A90: 02:11:40 [TUniServerModule]:Global Cache Folder Erased. <3> Files deleted.
Project1.exe: 00001A90: 02:11:40 [TUniServerModule]:Starting HTTP Server on Port: 8077...
Project1.exe: 00001A90: 02:11:40 [TUniServerModule]:HTTP Server Started on Port: 8077
Project1.exe: 00000BA0: 02:11:40 [192.168.0.102]:EUniSessionException : Invalid session or session Timeout. : Addr: $007C910B
Project1.exe: 000024F4: 02:15:18 []:>--------------------------------------------------------------<
Project1.exe: 000024F4: 02:15:18 [TUniServerModule]:Server First Init.
Project1.exe: 000024F4: 02:15:18 [TUniServerModule]:Global Cache Folder Erased. <2> Files deleted.
Project1.exe: 000024F4: 02:15:18 [TUniServerModule]:Starting HTTP Server on Port: 8077...
Project1.exe: 000024F4: 02:15:18 [TUniServerModule]:HTTP Server Started on Port: 8077
Project1.exe: 00001B1C: 02:15:20 [192.168.0.102]:EUniSessionException : Invalid session or session Timeout. : Addr: $007C910B
Project1.exe: 0000164C: 02:15:57 []:>--------------------------------------------------------------<
Project1.exe: 0000164C: 02:15:57 [TUniServerModule]:Server First Init.
Project1.exe: 0000164C: 02:15:57 [TUniServerModule]:Global Cache Folder Erased. <3> Files deleted.
Project1.exe: 0000164C: 02:15:57 [TUniServerModule]:Starting HTTP Server on Port: 8077...
Project1.exe: 0000164C: 02:15:57 [TUniServerModule]:HTTP Server Started on Port: 8077
Project1.exe: 000036B4: 02:15:59 [192.168.0.102]:EUniSessionException : Invalid session or session Timeout. : Addr: $007C910B
Project1.exe: 000011AC: 02:17:36 []:>--------------------------------------------------------------<
Project1.exe: 000011AC: 02:17:36 [TUniServerModule]:Server First Init.
Project1.exe: 000011AC: 02:17:36 [TUniServerModule]:Global Cache Folder Erased. <3> Files deleted.
Project1.exe: 000011AC: 02:17:36 [TUniServerModule]:Starting HTTP Server on Port: 8077...
Project1.exe: 000011AC: 02:17:36 [TUniServerModule]:HTTP Server Started on Port: 8077
Project1.exe: 000033A0: 02:17:39 [192.168.0.102]:EUniSessionException : Invalid session or session Timeout. : Addr: $007C910B
Project1.exe: 00001B60: 02:17:39 [192.168.0.102]:EUniSessionException : Invalid session or session Timeout. : Addr: $007C910B
Project1.exe: 0000372C: 02:19:36 []:>--------------------------------------------------------------<
Project1.exe: 0000372C: 02:19:36 [TUniServerModule]:Server First Init.
Project1.exe: 0000372C: 02:19:36 [TUniServerModule]:Global Cache Folder Erased. <3> Files deleted.
Project1.exe: 0000372C: 02:19:36 [TUniServerModule]:Starting HTTP Server on Port: 8077...
Project1.exe: 0000372C: 02:19:36 [TUniServerModule]:HTTP Server Started on Port: 8077
Project1.exe: 00001AEC: 02:19:38 [192.168.0.102]:EUniSessionException : Invalid session or session Timeout. : Addr: $007C910B
Project1.exe: 00002490: 02:19:38 [192.168.0.102]:EUniSessionException : Invalid session or session Timeout. : Addr: $007C910B
Project1.exe: 000025E8: 02:20:28 []:>--------------------------------------------------------------<
Project1.exe: 000025E8: 02:20:28 [TUniServerModule]:Server First Init.
Project1.exe: 000025E8: 02:20:28 [TUniServerModule]:Global Cache Folder Erased. <3> Files deleted.
Project1.exe: 000025E8: 02:20:28 [TUniServerModule]:Starting HTTP Server on Port: 8077...
Project1.exe: 000025E8: 02:20:28 [TUniServerModule]:HTTP Server Started on Port: 8077
Project1.exe: 000023AC: 02:20:30 [192.168.0.102]:EUniSessionException : Invalid session or session Timeout. : Addr: $007C910B
Project1.exe: 00003510: 02:21:55 []:>--------------------------------------------------------------<
Project1.exe: 00003510: 02:21:55 [TUniServerModule]:Server First Init.
Project1.exe: 00003510: 02:21:55 [TUniServerModule]:Global Cache Folder Erased. <3> Files deleted.
Project1.exe: 00003510: 02:21:55 [TUniServerModule]:Starting HTTP Server on Port: 8077...
Project1.exe: 00003510: 02:21:55 [TUniServerModule]:HTTP Server Started on Port: 8077
Project1.exe: 00000690: 02:21:55 [192.168.0.102]:EUniSessionException : Invalid session or session Timeout. : Addr: $007C910B
Project1.exe: 00000F30: 02:29:19 []:>--------------------------------------------------------------<
Project1.exe: 00000F30: 02:29:19 [TUniServerModule]:Server First Init.
Project1.exe: 00000F30: 02:29:19 [TUniServerModule]:Global Cache Folder Erased. <3> Files deleted.
Project1.exe: 00000F30: 02:29:19 [TUniServerModule]:Starting HTTP Server on Port: 8077...
Project1.exe: 00000F30: 02:29:19 [TUniServerModule]:HTTP Server Started on Port: 8077
Project1.exe: 00000440: 02:29:22 [192.168.0.102]:EUniSessionException : Invalid session or session Timeout. : Addr: $007C910B
Project1.exe: 000008DC: 02:30:15 []:>--------------------------------------------------------------<
Project1.exe: 000008DC: 02:30:15 [TUniServerModule]:Server First Init.
Project1.exe: 000008DC: 02:30:15 [TUniServerModule]:Global Cache Folder Erased. <3> Files deleted.
Project1.exe: 000008DC: 02:30:15 [TUniServerModule]:Starting HTTP Server on Port: 8077...
Project1.exe: 000008DC: 02:30:15 [TUniServerModule]:HTTP Server Started on Port: 8077
Project1.exe: 00001894: 02:30:16 [192.168.0.102]:EUniSessionException : Invalid session or session Timeout. : Addr: $007C910B
Project1.exe: 0000342C: 02:31:47 []:>--------------------------------------------------------------<
Project1.exe: 0000342C: 02:31:47 [TUniServerModule]:Server First Init.
Project1.exe: 0000342C: 02:31:48 [TUniServerModule]:Global Cache Folder Erased. <3> Files deleted.
Project1.exe: 0000342C: 02:31:48 [TUniServerModule]:Starting HTTP Server on Port: 8077...
Project1.exe: 0000342C: 02:31:48 [TUniServerModule]:HTTP Server Started on Port: 8077
Project1.exe: 00002ED0: 02:31:52 [192.168.0.102]:EUniSessionException : Invalid session or session Timeout. : Addr: $007C910B
Project1.exe: 00000D18: 02:32:28 []:>--------------------------------------------------------------<
Project1.exe: 00000D18: 02:32:28 [TUniServerModule]:Server First Init.
Project1.exe: 00000D18: 02:32:28 [TUniServerModule]:Global Cache Folder Erased. <3> Files deleted.
Project1.exe: 00000D18: 02:32:28 [TUniServerModule]:Starting HTTP Server on Port: 8077...
Project1.exe: 00000D18: 02:32:28 [TUniServerModule]:HTTP Server Started on Port: 8077
Project1.exe: 000015D8: 02:32:33 [192.168.0.102]:EUniSessionException : Invalid session or session Timeout. : Addr: $007C910B
Project1.exe: 000033AC: 02:33:55 []:>--------------------------------------------------------------<
Project1.exe: 000033AC: 02:33:55 [TUniServerModule]:Server First Init.
Project1.exe: 000033AC: 02:33:55 [TUniServerModule]:Global Cache Folder Erased. <3> Files deleted.
Project1.exe: 000033AC: 02:33:55 [TUniServerModule]:Starting HTTP Server on Port: 8077...
Project1.exe: 000033AC: 02:33:55 [TUniServerModule]:HTTP Server Started on Port: 8077
Project1.exe: 000026B4: 02:33:57 [192.168.0.102]:EUniSessionException : Invalid session or session Timeout. : Addr: $007C910B
Project1.exe: 00001C64: 02:36:17 []:>--------------------------------------------------------------<
Project1.exe: 00001C64: 02:36:17 [TUniServerModule]:Server First Init.
Project1.exe: 00001C64: 02:36:17 [TUniServerModule]:Global Cache Folder Erased. <3> Files deleted.
Project1.exe: 00001C64: 02:36:17 [TUniServerModule]:Starting HTTP Server on Port: 8077...
Project1.exe: 00001C64: 02:36:17 [TUniServerModule]:HTTP Server Started on Port: 8077
Project1.exe: 00002AEC: 02:36:26 [192.168.0.102]:EUniSessionException : Invalid session or session Timeout. : Addr: $007C910B
Project1.exe: 000012AC: 02:37:52 []:>--------------------------------------------------------------<
Project1.exe: 000012AC: 02:37:52 [TUniServerModule]:Server First Init.
Project1.exe: 000012AC: 02:37:52 [TUniServerModule]:Global Cache Folder Erased. <3> Files deleted.
Project1.exe: 000012AC: 02:37:52 [TUniServerModule]:Starting HTTP Server on Port: 8077...
Project1.exe: 000012AC: 02:37:52 [TUniServerModule]:HTTP Server Started on Port: 8077
Project1.exe: 00002790: 02:37:54 [192.168.0.102]:EUniSessionException : Invalid session or session Timeout. : Addr: $007C910B
Project1.exe: 00003690: 02:38:33 []:>--------------------------------------------------------------<
Project1.exe: 00003690: 02:38:33 [TUniServerModule]:Server First Init.
Project1.exe: 00003690: 02:38:33 [TUniServerModule]:Global Cache Folder Erased. <4> Files deleted.
Project1.exe: 00003690: 02:38:33 [TUniServerModule]:Starting HTTP Server on Port: 8077...
Project1.exe: 00003690: 02:38:33 [TUniServerModule]:HTTP Server Started on Port: 8077
Project1.exe: 00000C44: 02:38:54 [192.168.0.102]:EUniSessionException : Invalid session or session Timeout. : Addr: $007C910B
Project1.exe: 000032C0: 02:39:09 []:>--------------------------------------------------------------<
Project1.exe: 000032C0: 02:39:09 [TUniServerModule]:Server First Init.
Project1.exe: 000032C0: 02:39:09 [TUniServerModule]:Global Cache Folder Erased. <3> Files deleted.
Project1.exe: 000032C0: 02:39:10 [TUniServerModule]:Starting HTTP Server on Port: 8077...
Project1.exe: 000032C0: 02:39:10 [TUniServerModule]:HTTP Server Started on Port: 8077
Project1.exe: 0000120C: 02:39:37 []:>--------------------------------------------------------------<
Project1.exe: 0000120C: 02:39:37 [TUniServerModule]:Server First Init.
Project1.exe: 0000120C: 02:39:37 [TUniServerModule]:Global Cache Folder Erased. <3> Files deleted.
Project1.exe: 0000120C: 02:39:37 [TUniServerModule]:Starting HTTP Server on Port: 8077...
Project1.exe: 0000120C: 02:39:37 [TUniServerModule]:HTTP Server Started on Port: 8077
Project1.exe: 0000250C: 02:40:36 []:>--------------------------------------------------------------<
Project1.exe: 0000250C: 02:40:36 [TUniServerModule]:Server First Init.
Project1.exe: 0000250C: 02:40:36 [TUniServerModule]:Global Cache Folder Erased. <1> Files deleted.
Project1.exe: 0000250C: 02:40:36 [TUniServerModule]:Starting HTTP Server on Port: 8077...
Project1.exe: 0000250C: 02:40:36 [TUniServerModule]:HTTP Server Started on Port: 8077
Project1.exe: 000010F0: 02:41:58 []:>--------------------------------------------------------------<
Project1.exe: 000010F0: 02:41:58 [TUniServerModule]:Server First Init.
Project1.exe: 000010F0: 02:41:58 [TUniServerModule]:Global Cache Folder Erased. <3> Files deleted.
Project1.exe: 000010F0: 02:41:58 [TUniServerModule]:Starting HTTP Server on Port: 8077...
Project1.exe: 000010F0: 02:41:58 [TUniServerModule]:HTTP Server Started on Port: 8077
Project1.exe: 00003718: 02:42:52 []:>--------------------------------------------------------------<
Project1.exe: 00003718: 02:42:52 [TUniServerModule]:Server First Init.
Project1.exe: 00003718: 02:42:52 [TUniServerModule]:Global Cache Folder Erased. <3> Files deleted.
Project1.exe: 00003718: 02:42:52 [TUniServerModule]:Starting HTTP Server on Port: 8077...
Project1.exe: 00003718: 02:42:52 [TUniServerModule]:HTTP Server Started on Port: 8077
Project1.exe: 000019D4: 02:43:36 []:>--------------------------------------------------------------<
Project1.exe: 000019D4: 02:43:36 [TUniServerModule]:Server First Init.
Project1.exe: 000019D4: 02:43:36 [TUniServerModule]:Global Cache Folder Erased. <4> Files deleted.
Project1.exe: 000019D4: 02:43:36 [TUniServerModule]:Starting HTTP Server on Port: 8077...
Project1.exe: 000019D4: 02:43:36 [TUniServerModule]:HTTP Server Started on Port: 8077
Project1.exe: 00002714: 02:49:58 []:>--------------------------------------------------------------<
Project1.exe: 00002714: 02:49:58 [TUniServerModule]:Server First Init.
Project1.exe: 00002714: 02:49:58 [TUniServerModule]:Global Cache Folder Erased. <1> Files deleted.
Project1.exe: 00002714: 02:49:58 [TUniServerModule]:Starting HTTP Server on Port: 8077...
Project1.exe: 00002714: 02:49:58 [TUniServerModule]:HTTP Server Started on Port: 8077
Project1.exe: 00000B0C: 02:50:35 []:>--------------------------------------------------------------<
Project1.exe: 00000B0C: 02:50:35 [TUniServerModule]:Server First Init.
Project1.exe: 00000B0C: 02:50:35 [TUniServerModule]:Global Cache Folder Erased. <3> Files deleted.
Project1.exe: 00000B0C: 02:50:35 [TUniServerModule]:Starting HTTP Server on Port: 8077...
Project1.exe: 00000B0C: 02:50:35 [TUniServerModule]:HTTP Server Started on Port: 8077
Project1.exe: 00002114: 02:51:31 []:>--------------------------------------------------------------<
Project1.exe: 00002114: 02:51:31 [TUniServerModule]:Server First Init.
Project1.exe: 00002114: 02:51:31 [TUniServerModule]:Global Cache Folder Erased. <3> Files deleted.
Project1.exe: 00002114: 02:51:31 [TUniServerModule]:Starting HTTP Server on Port: 8077...
Project1.exe: 00002114: 02:51:31 [TUniServerModule]:HTTP Server Started on Port: 8077
Project1.exe: 000018D8: 02:51:39 [127.0.0.1]:EAccessViolation : Access violation at address 00928653 in module 'Project1.exe'. Read of address 00000000 : Addr: $00928653
Project1.exe: 000018D8: 02:51:42 [127.0.0.1]:EAccessViolation : Access violation at address 0092867B in module 'Project1.exe'. Read of address 00000000 : Addr: $0092867B
Project1.exe: 000018D8: 02:51:45 [127.0.0.1]:EAccessViolation : Access violation at address 00928653 in module 'Project1.exe'. Read of address 00000000 : Addr: $00928653
Project1.exe: 00001868: 02:52:28 []:>--------------------------------------------------------------<
Project1.exe: 00001868: 02:52:28 [TUniServerModule]:Server First Init.
Project1.exe: 00001868: 02:52:28 [TUniServerModule]:Global Cache Folder Erased. <3> Files deleted.
Project1.exe: 00001868: 02:52:28 [TUniServerModule]:Starting HTTP Server on Port: 8077...
Project1.exe: 00001868: 02:52:28 [TUniServerModule]:HTTP Server Started on Port: 8077
Project1.exe: 00000514: 02:53:25 []:>--------------------------------------------------------------<
Project1.exe: 00000514: 02:53:25 [TUniServerModule]:Server First Init.
Project1.exe: 00000514: 02:53:25 [TUniServerModule]:Global Cache Folder Erased. <3> Files deleted.
Project1.exe: 00000514: 02:53:25 [TUniServerModule]:Starting HTTP Server on Port: 8077...
Project1.exe: 00000514: 02:53:25 [TUniServerModule]:HTTP Server Started on Port: 8077
Project1.exe: 00002F5C: 02:55:03 []:>--------------------------------------------------------------<
Project1.exe: 00002F5C: 02:55:03 [TUniServerModule]:Server First Init.
Project1.exe: 00002F5C: 02:55:03 [TUniServerModule]:Global Cache Folder Erased. <3> Files deleted.
Project1.exe: 00002F5C: 02:55:03 [TUniServerModule]:Starting HTTP Server on Port: 8077...
Project1.exe: 00002F5C: 02:55:03 [TUniServerModule]:HTTP Server Started on Port: 8077
Project1.exe: 00001C84: 02:56:37 []:>--------------------------------------------------------------<
Project1.exe: 00001C84: 02:56:37 [TUniServerModule]:Server First Init.
Project1.exe: 00001C84: 02:56:37 [TUniServerModule]:Global Cache Folder Erased. <3> Files deleted.
Project1.exe: 00001C84: 02:56:37 [TUniServerModule]:Starting HTTP Server on Port: 8077...
Project1.exe: 00001C84: 02:56:37 [TUniServerModule]:HTTP Server Started on Port: 8077
Project1.exe: 00002CB8: 03:00:50 []:>--------------------------------------------------------------<
Project1.exe: 00002CB8: 03:00:50 [TUniServerModule]:Server First Init.
Project1.exe: 00002CB8: 03:00:50 [TUniServerModule]:Global Cache Folder Erased. <3> Files deleted.
Project1.exe: 00002CB8: 03:00:50 [TUniServerModule]:Starting HTTP Server on Port: 8077...
Project1.exe: 00002CB8: 03:00:50 [TUniServerModule]:HTTP Server Started on Port: 8077
Project1.exe: 00002B00: 03:01:45 []:>--------------------------------------------------------------<
Project1.exe: 00002B00: 03:01:45 [TUniServerModule]:Server First Init.
Project1.exe: 00002B00: 03:01:45 [TUniServerModule]:Global Cache Folder Erased. <3> Files deleted.
Project1.exe: 00002B00: 03:01:45 [TUniServerModule]:Starting HTTP Server on Port: 8077...
Project1.exe: 00002B00: 03:01:45 [TUniServerModule]:HTTP Server Started on Port: 8077
Project1.exe: 000008F8: 03:04:16 []:>--------------------------------------------------------------<
Project1.exe: 000008F8: 03:04:16 [TUniServerModule]:Server First Init.
Project1.exe: 000008F8: 03:04:16 [TUniServerModule]:Global Cache Folder Erased. <3> Files deleted.
Project1.exe: 000008F8: 03:04:16 [TUniServerModule]:Starting HTTP Server on Port: 8077...
Project1.exe: 000008F8: 03:04:16 [TUniServerModule]:HTTP Server Started on Port: 8077
Project1.exe: 000011E8: 03:05:21 []:>--------------------------------------------------------------<
Project1.exe: 000011E8: 03:05:21 [TUniServerModule]:Server First Init.
Project1.exe: 000011E8: 03:05:21 [TUniServerModule]:Global Cache Folder Erased. <3> Files deleted.
Project1.exe: 000011E8: 03:05:21 [TUniServerModule]:Starting HTTP Server on Port: 8077...
Project1.exe: 000011E8: 03:05:21 [TUniServerModule]:HTTP Server Started on Port: 8077
Project1.exe: 00002570: 03:13:21 []:>--------------------------------------------------------------<
Project1.exe: 00002570: 03:13:21 [TUniServerModule]:Server First Init.
Project1.exe: 00002570: 03:13:21 [TUniServerModule]:Global Cache Folder Erased. <3> Files deleted.
Project1.exe: 00002570: 03:13:21 [TUniServerModule]:Starting HTTP Server on Port: 8077...
Project1.exe: 00002570: 03:13:21 [TUniServerModule]:HTTP Server Started on Port: 8077
Project1.exe: 00003260: 03:13:57 []:>--------------------------------------------------------------<
Project1.exe: 00003260: 03:13:57 [TUniServerModule]:Server First Init.
Project1.exe: 00003260: 03:13:57 [TUniServerModule]:Global Cache Folder Erased. <3> Files deleted.
Project1.exe: 00003260: 03:13:57 [TUniServerModule]:Starting HTTP Server on Port: 8077...
Project1.exe: 00003260: 03:13:57 [TUniServerModule]:HTTP Server Started on Port: 8077
Project1.exe: 00002508: 03:14:15 []:>--------------------------------------------------------------<
Project1.exe: 00002508: 03:14:15 [TUniServerModule]:Server First Init.
Project1.exe: 00002508: 03:14:15 [TUniServerModule]:Global Cache Folder Erased. <3> Files deleted.
Project1.exe: 00002508: 03:14:15 [TUniServerModule]:Starting HTTP Server on Port: 8077...
Project1.exe: 00002508: 03:14:15 [TUniServerModule]:HTTP Server Started on Port: 8077
Project1.exe: 000034F0: 03:14:29 []:>--------------------------------------------------------------<
Project1.exe: 000034F0: 03:14:29 [TUniServerModule]:Server First Init.
Project1.exe: 000034F0: 03:14:29 [TUniServerModule]:Global Cache Folder Erased. <3> Files deleted.
Project1.exe: 000034F0: 03:14:29 [TUniServerModule]:Starting HTTP Server on Port: 8077...
Project1.exe: 000034F0: 03:14:29 [TUniServerModule]:HTTP Server Started on Port: 8077
Project1.exe: 00003154: 03:14:44 []:>--------------------------------------------------------------<
Project1.exe: 00003154: 03:14:44 [TUniServerModule]:Server First Init.
Project1.exe: 00003154: 03:14:44 [TUniServerModule]:Global Cache Folder Erased. <3> Files deleted.
Project1.exe: 00003154: 03:14:44 [TUniServerModule]:Starting HTTP Server on Port: 8077...
Project1.exe: 00003154: 03:14:44 [TUniServerModule]:HTTP Server Started on Port: 8077
Project1.exe: 000024EC: 03:14:56 []:>--------------------------------------------------------------<
Project1.exe: 000024EC: 03:14:56 [TUniServerModule]:Server First Init.
Project1.exe: 000024EC: 03:14:56 [TUniServerModule]:Global Cache Folder Erased. <3> Files deleted.
Project1.exe: 000024EC: 03:14:56 [TUniServerModule]:Starting HTTP Server on Port: 8077...
Project1.exe: 000024EC: 03:14:56 [TUniServerModule]:HTTP Server Started on Port: 8077
Project1.exe: 00001AE0: 03:16:04 []:>--------------------------------------------------------------<
Project1.exe: 00001AE0: 03:16:04 [TUniServerModule]:Server First Init.
Project1.exe: 00001AE0: 03:16:04 [TUniServerModule]:Global Cache Folder Erased. <3> Files deleted.
Project1.exe: 00001AE0: 03:16:04 [TUniServerModule]:Starting HTTP Server on Port: 8077...
Project1.exe: 00001AE0: 03:16:04 [TUniServerModule]:HTTP Server Started on Port: 8077
Project1.exe: 000023B4: 03:17:20 []:>--------------------------------------------------------------<
Project1.exe: 000023B4: 03:17:20 [TUniServerModule]:Server First Init.
Project1.exe: 000023B4: 03:17:20 [TUniServerModule]:Global Cache Folder Erased. <3> Files deleted.
Project1.exe: 000023B4: 03:17:20 [TUniServerModule]:Starting HTTP Server on Port: 8077...
Project1.exe: 000023B4: 03:17:20 [TUniServerModule]:HTTP Server Started on Port: 8077
Project1.exe: 000003A0: 03:20:04 [192.168.0.102]:EUniSessionException : Invalid session or session Timeout. : Addr: $007C88C7
Project1.exe: 000003A0: 03:20:04 [192.168.0.102]:EUniSessionException : Invalid session or session Timeout. : Addr: $007C88C7
Project1.exe: 000003A0: 03:21:19 [192.168.0.102]:EUniSessionException : Invalid session or session Timeout. : Addr: $007C88C7
Project1.exe: 000023B4: 03:22:37 [TUniServerModule]:Shutting Down Server.
Project1.exe: 000023B4: 03:22:37 [TUniServerModule]:Stopping HTTP Server.
Project1.exe: 000023B4: 03:22:38 [TUniServerModule]:HTTP Server Stopped.
Project1.exe: 000023B4: 03:22:38 [TUniGUISessionManager]:Terminating Session manager.
Project1.exe: 000023B4: 03:22:38 [TUniGUISessionManager]:Stopping Cache Eraser...
Project1.exe: 000023B4: 03:22:38 [TUniGUISessionManager]:Cache Eraser Stopped.
Project1.exe: 000023B4: 03:22:38 [TUniGUISessionManager]:Destroying Worker Threads.
Project1.exe: 000023B4: 03:22:38 [TUniGUISessionManager]:Session manager terminated.
Project1.exe: 000023B4: 03:22:38 [TUniServerModule]:Server Shutdown Completed.
Project1.exe: 000023B4: 03:22:38 []:<-------------------------------------------------------------->
Project1.exe: 000023B4: 03:22:38 [Terminated]:Exit Code: 0
Project1.exe: 00002320: 03:26:53 []:>--------------------------------------------------------------<
Project1.exe: 00002320: 03:26:53 [TUniServerModule]:Server First Init.
Project1.exe: 00002320: 03:26:53 [TUniServerModule]:Starting HTTP Server on Port: 8077...
Project1.exe: 00002320: 03:26:53 [TUniServerModule]:HTTP Server Started on Port: 8077
Project1.exe: 00001500: 03:26:53 [192.168.0.102]:EUniSessionException : Invalid session or session Timeout. : Addr: $007C88C7
Project1.exe: 00002F3C: 03:27:10 []:>--------------------------------------------------------------<
Project1.exe: 00002F3C: 03:27:10 [TUniServerModule]:Server First Init.
Project1.exe: 00002F3C: 03:27:10 [TUniServerModule]:Global Cache Folder Erased. <3> Files deleted.
Project1.exe: 00002F3C: 03:27:11 [TUniServerModule]:Starting HTTP Server on Port: 8077...
Project1.exe: 00002F3C: 03:27:11 [TUniServerModule]:HTTP Server Started on Port: 8077
Project1.exe: 000030CC: 03:27:15 []:>--------------------------------------------------------------<
Project1.exe: 000030CC: 03:27:15 [TUniServerModule]:Server First Init.
Project1.exe: 000030CC: 03:27:15 [TUniServerModule]:Global Cache Folder Erased. <1> Files deleted.
Project1.exe: 000030CC: 03:27:15 [TUniServerModule]:Starting HTTP Server on Port: 8077...
Project1.exe: 000030CC: 03:27:15 [TUniServerModule]:HTTP Server Started on Port: 8077
Project1.exe: 00000558: 03:27:19 [192.168.0.102]:EUniSessionException : Invalid session or session Timeout. : Addr: $007C88C7
Project1.exe: 0000344C: 03:28:16 []:>--------------------------------------------------------------<
Project1.exe: 0000344C: 03:28:16 [TUniServerModule]:Server First Init.
Project1.exe: 0000344C: 03:28:16 [TUniServerModule]:Global Cache Folder Erased. <3> Files deleted.
Project1.exe: 0000344C: 03:28:16 [TUniServerModule]:Starting HTTP Server on Port: 8077...
Project1.exe: 0000344C: 03:28:16 [TUniServerModule]:HTTP Server Started on Port: 8077
Project1.exe: 00000FBC: 03:28:18 [192.168.0.102]:EUniSessionException : Invalid session or session Timeout. : Addr: $007C88C7
Project1.exe: 00002584: 03:28:58 []:>--------------------------------------------------------------<
Project1.exe: 00002584: 03:28:58 [TUniServerModule]:Server First Init.
Project1.exe: 00002584: 03:28:58 [TUniServerModule]:Global Cache Folder Erased. <2> Files deleted.
Project1.exe: 00002584: 03:28:58 [TUniServerModule]:Starting HTTP Server on Port: 8077...
Project1.exe: 00002584: 03:28:58 [TUniServerModule]:HTTP Server Started on Port: 8077
Project1.exe: 000029FC: 03:28:59 [192.168.0.102]:EUniSessionException : Invalid session or session Timeout. : Addr: $007C88C7
Project1.exe: 000036DC: 03:29:58 []:>--------------------------------------------------------------<
Project1.exe: 000036DC: 03:29:58 [TUniServerModule]:Server First Init.
Project1.exe: 000036DC: 03:29:58 [TUniServerModule]:Global Cache Folder Erased. <2> Files deleted.
Project1.exe: 000036DC: 03:29:58 [TUniServerModule]:Starting HTTP Server on Port: 8077...
Project1.exe: 000036DC: 03:29:58 [TUniServerModule]:HTTP Server Started on Port: 8077
Project1.exe: 000024F8: 03:30:03 [192.168.0.102]:EUniSessionException : Invalid session or session Timeout. : Addr: $007C88C7
Project1.exe: 000037C4: 03:30:25 []:>--------------------------------------------------------------<
Project1.exe: 000037C4: 03:30:25 [TUniServerModule]:Server First Init.
Project1.exe: 000037C4: 03:30:26 [TUniServerModule]:Global Cache Folder Erased. <2> Files deleted.
Project1.exe: 000037C4: 03:30:26 [TUniServerModule]:Starting HTTP Server on Port: 8077...
Project1.exe: 000037C4: 03:30:26 [TUniServerModule]:HTTP Server Started on Port: 8077
Project1.exe: 000011A4: 03:30:27 [192.168.0.102]:EUniSessionException : Invalid session or session Timeout. : Addr: $007C88C7
Project1.exe: 00001AE0: 03:30:27 [192.168.0.102]:EUniSessionException : Invalid session or session Timeout. : Addr: $007C88C7
Project1.exe: 000011A4: 03:31:46 [192.168.0.102]:EUniSessionException : Invalid session or session Timeout. : Addr: $007C88C7
Project1.exe: 000023EC: 03:36:08 []:>--------------------------------------------------------------<
Project1.exe: 000023EC: 03:36:08 [TUniServerModule]:Server First Init.
Project1.exe: 000023EC: 03:36:08 [TUniServerModule]:Global Cache Folder Erased. <3> Files deleted.
Project1.exe: 000023EC: 03:36:08 [TUniServerModule]:Starting HTTP Server on Port: 8077...
Project1.exe: 000023EC: 03:36:08 [TUniServerModule]:HTTP Server Started on Port: 8077
Project1.exe: 00001C84: 03:36:22 []:>--------------------------------------------------------------<
Project1.exe: 00001C84: 03:36:22 [TUniServerModule]:Server First Init.
Project1.exe: 00001C84: 03:36:22 [TUniServerModule]:Global Cache Folder Erased. <1> Files deleted.
Project1.exe: 00001C84: 03:36:22 [TUniServerModule]:Starting HTTP Server on Port: 8077...
Project1.exe: 00001C84: 03:36:22 [TUniServerModule]:HTTP Server Started on Port: 8077
Project1.exe: 00003588: 03:36:22 [192.168.0.102]:EUniSessionException : Invalid session or session Timeout. : Addr: $007C88C7
Project1.exe: 00003588: 03:37:08 [192.168.0.102]:EUniSessionException : Invalid session or session Timeout. : Addr: $007C88C7
Project1.exe: 00000150: 03:38:48 [192.168.0.102]:EUniSessionException : Invalid session or session Timeout. : Addr: $007C88C7
Project1.exe: 00001C84: 03:40:57 [Exit]:Unexpected attempt to terminate server application with Exit Code: 0
Project1.exe: 00002F94: 07:03:54 []:>--------------------------------------------------------------<
Project1.exe: 00002F94: 07:03:54 [TUniServerModule]:Server First Init.
Project1.exe: 00002F94: 07:03:54 [TUniServerModule]:Global Cache Folder Erased. <2> Files deleted.
Project1.exe: 00002F94: 07:03:54 [TUniServerModule]:Starting HTTP Server on Port: 8077...
Project1.exe: 00002F94: 07:03:54 [TUniServerModule]:HTTP Server Started on Port: 8077
Project1.exe: 00000960: 07:11:41 [192.168.0.101]:EUniSessionException : Invalid session or session Timeout. : Addr: $007C88C7
Project1.exe: 00002F94: 07:15:43 [TUniServerModule]:Shutting Down Server.
Project1.exe: 00002F94: 07:15:43 [TUniServerModule]:Stopping HTTP Server.
Project1.exe: 00002F94: 07:15:44 [TUniServerModule]:HTTP Server Stopped.
Project1.exe: 00002F94: 07:15:44 [TUniGUISessionManager]:Terminating Session manager.
Project1.exe: 00002F94: 07:15:44 [TUniGUISessionManager]:Stopping Cache Eraser...
Project1.exe: 00002F94: 07:15:44 [TUniGUISessionManager]:Cache Eraser Stopped.
Project1.exe: 00002F94: 07:15:44 [TUniGUISessionManager]:Destroying Worker Threads.
Project1.exe: 00002F94: 07:15:44 [TUniGUISessionManager]:Session manager terminated.
Project1.exe: 00002F94: 07:15:44 [TUniServerModule]:Server Shutdown Completed.
Project1.exe: 00002F94: 07:15:44 []:<-------------------------------------------------------------->
Project1.exe: 00002F94: 07:15:44 [Terminated]:Exit Code: 0
