Project1.exe: 00003190: 00:33:31 [127.0.0.1]:EUniSessionException : Sessão inválida ou tempo limite da sessão. : Addr: $007CF2D7
Project1.exe: 00003190: 00:33:32 [127.0.0.1]:EUniSessionException : Sessão inválida ou tempo limite da sessão. : Addr: $007CF2D7
Project1.exe: 000036EC: 01:06:21 [192.168.0.101]:EUniSessionException : Sessão inválida ou tempo limite da sessão. : Addr: $007CF2D7
Project1.exe: 000036EC: 01:06:24 [HandleFileRequest[192.168.0.101]]:File not found: D:\2020\Projetos 2020\Mobile_SalvaRegistros\Win32\Debug\files\loading\files\loading\11.gif
Project1.exe: 00000A28: 01:06:57 [HandleFileRequest[192.168.0.101]]:File not found: D:\2020\Projetos 2020\Mobile_SalvaRegistros\Win32\Debug\css\estilo.css
Project1.exe: 00000540: 01:07:07 [HandleFileRequest[192.168.0.101]]:File not found: D:\2020\Projetos 2020\Mobile_SalvaRegistros\Win32\Debug\css\estilo.css
Project1.exe: 00001CA8: 01:15:53 [TUniServerModule]:Shutting Down Server.
Project1.exe: 00001CA8: 01:15:53 [TUniServerModule]:Stopping HTTP Server.
Project1.exe: 00001CA8: 01:15:54 [TUniServerModule]:HTTP Server Stopped.
Project1.exe: 00001CA8: 01:15:54 [TUniGUISessionManager]:Terminating Session manager.
Project1.exe: 00001CA8: 01:15:54 [TUniGUISessionManager]:Stopping Cache Eraser...
Project1.exe: 00001CA8: 01:15:54 [TUniGUISessionManager]:Cache Eraser Stopped.
Project1.exe: 00001CA8: 01:15:54 [TUniGUISessionManager]:Destroying Worker Threads.
Project1.exe: 00001CA8: 01:15:54 [TUniGUISessionManager]:Session manager terminated.
Project1.exe: 00001CA8: 01:15:54 [TUniServerModule]:Server Shutdown Completed.
Project1.exe: 00001CA8: 01:15:54 []:<-------------------------------------------------------------->
Project1.exe: 00001CA8: 01:15:54 [Terminated]:Exit Code: 0
Project1.exe: 00002F68: 19:27:01 []:>--------------------------------------------------------------<
Project1.exe: 00002F68: 19:27:01 [TUniServerModule]:Server First Init.
Project1.exe: 00002F68: 19:27:01 [TUniServerModule]:Starting HTTP Server on Port: 8080...
Project1.exe: 00002F68: 19:27:01 [TUniServerModule]:HTTP Server Started on Port: 8080
Project1.exe: 000041C4: 20:21:22 []:>--------------------------------------------------------------<
Project1.exe: 000041C4: 20:21:22 [TUniServerModule]:Server First Init.
Project1.exe: 000041C4: 20:21:22 [TUniServerModule]:Global Cache Folder Erased. <1> Files deleted.
Project1.exe: 000041C4: 20:21:22 [TUniServerModule]:Starting HTTP Server on Port: 8080...
Project1.exe: 000041C4: 20:21:22 [TUniServerModule]:HTTP Server Started on Port: 8080
Project1.exe: 000037A8: 20:21:29 [HandleFileRequest[192.168.0.102]]:File not found: D:\2020\Projetos 2020\Mobile_SalvaRegistros\Win32\Debug\files\loading\files\loading\11.gif
Project1.exe: 000049F0: 20:21:48 [HandleFileRequest[192.168.0.102]]:File not found: D:\2020\Projetos 2020\Mobile_SalvaRegistros\Win32\Debug\js\menu.js
Project1.exe: 00003B18: 20:22:17 []:>--------------------------------------------------------------<
Project1.exe: 00003B18: 20:22:17 [TUniServerModule]:Server First Init.
Project1.exe: 00003B18: 20:22:17 [TUniServerModule]:Global Cache Folder Erased. <7> Files deleted.
Project1.exe: 00003B18: 20:22:17 [TUniServerModule]:Starting HTTP Server on Port: 8080...
Project1.exe: 00003B18: 20:22:17 [TUniServerModule]:HTTP Server Started on Port: 8080
Project1.exe: 00004B10: 20:23:12 [HandleFileRequest[192.168.0.109]]:File not found: D:\2020\Projetos 2020\Mobile_SalvaRegistros\Win32\Debug\files\loading\files\loading\11.gif
Project1.exe: 00004AC0: 20:23:33 [HandleFileRequest[192.168.0.109]]:File not found: D:\2020\Projetos 2020\Mobile_SalvaRegistros\Win32\Debug\js\menu.js
Project1.exe: 000049DC: 20:24:41 []:>--------------------------------------------------------------<
Project1.exe: 000049DC: 20:24:41 [TUniServerModule]:Server First Init.
Project1.exe: 000049DC: 20:24:41 [TUniServerModule]:Global Cache Folder Erased. <5> Files deleted.
Project1.exe: 000049DC: 20:24:41 [TUniServerModule]:Starting HTTP Server on Port: 8080...
Project1.exe: 000049DC: 20:24:41 [TUniServerModule]:HTTP Server Started on Port: 8080
Project1.exe: 000045FC: 20:24:41 [192.168.0.109]:EUniSessionException : Sessão inválida ou tempo limite da sessão. : Addr: $007CF2D7
Project1.exe: 000045FC: 20:24:43 [HandleFileRequest[192.168.0.109]]:File not found: D:\2020\Projetos 2020\Mobile_SalvaRegistros\Win32\Debug\files\loading\files\loading\11.gif
Project1.exe: 00004C18: 20:25:02 [HandleFileRequest[192.168.0.109]]:File not found: D:\2020\Projetos 2020\Mobile_SalvaRegistros\Win32\Debug\js\menu.js
Project1.exe: 00004964: 20:37:35 [HandleFileRequest[192.168.0.102]]:File not found: D:\2020\Projetos 2020\Mobile_SalvaRegistros\Win32\Debug\files\loading\files\loading\11.gif
Project1.exe: 000054C8: 20:37:44 [HandleFileRequest[192.168.0.102]]:File not found: D:\2020\Projetos 2020\Mobile_SalvaRegistros\Win32\Debug\js\menu.js
Project1.exe: 00004818: 20:59:51 [192.168.0.109]:EUniSessionException : Sessão inválida ou tempo limite da sessão. : Addr: $007CF2D7
Project1.exe: 00004818: 20:59:53 [HandleFileRequest[192.168.0.109]]:File not found: D:\2020\Projetos 2020\Mobile_SalvaRegistros\Win32\Debug\files\loading\files\loading\11.gif
Project1.exe: 00005D10: 21:00:03 [HandleFileRequest[192.168.0.109]]:File not found: D:\2020\Projetos 2020\Mobile_SalvaRegistros\Win32\Debug\js\menu.js
Project1.exe: 000060C4: 21:11:21 [192.168.0.109]:EUniSessionException : Sessão inválida ou tempo limite da sessão. : Addr: $007CF2D7
Project1.exe: 0000622C: 21:13:01 []:>--------------------------------------------------------------<
Project1.exe: 0000622C: 21:13:01 [TUniServerModule]:Server First Init.
Project1.exe: 0000622C: 21:13:01 [TUniServerModule]:Global Cache Folder Erased. <1> Files deleted.
Project1.exe: 0000622C: 21:13:01 [TUniServerModule]:Starting HTTP Server on Port: 8080...
Project1.exe: 0000622C: 21:13:01 [TUniServerModule]:HTTP Server Started on Port: 8080
Project1.exe: 000067E4: 21:17:36 []:>--------------------------------------------------------------<
Project1.exe: 000067E4: 21:17:36 [TUniServerModule]:Server First Init.
Project1.exe: 000067E4: 21:17:36 [TUniServerModule]:Global Cache Folder Erased. <1> Files deleted.
Project1.exe: 000067E4: 21:17:37 [TUniServerModule]:Starting HTTP Server on Port: 8080...
Project1.exe: 000067E4: 21:17:37 [TUniServerModule]:HTTP Server Started on Port: 8080
Project1.exe: 0000606C: 21:17:37 [HandleFileRequest[192.168.0.109]]:File not found: D:\2020\Projetos 2020\Mobile_SalvaRegistros\Win32\Debug\files\loading\files\loading\11.gif
Project1.exe: 00006534: 21:18:37 [HandleFileRequest[192.168.0.109]]:File not found: D:\2020\Projetos 2020\Mobile_SalvaRegistros\Win32\Debug\favicon.ico
Project1.exe: 0000634C: 21:20:26 []:>--------------------------------------------------------------<
Project1.exe: 0000634C: 21:20:26 [TUniServerModule]:Server First Init.
Project1.exe: 0000634C: 21:20:26 [TUniServerModule]:Global Cache Folder Erased. <5> Files deleted.
Project1.exe: 0000634C: 21:20:26 [TUniServerModule]:Starting HTTP Server on Port: 8080...
Project1.exe: 0000634C: 21:20:26 [TUniServerModule]:HTTP Server Started on Port: 8080
Project1.exe: 00007050: 21:20:41 [HandleFileRequest[192.168.0.109]]:File not found: D:\2020\Projetos 2020\Mobile_SalvaRegistros\Win32\Debug\files\loading\files\loading\11.gif
Project1.exe: 00006E34: 21:20:59 [HandleFileRequest[192.168.0.109]]:File not found: D:\2020\Projetos 2020\Mobile_SalvaRegistros\Win32\Debug\js\menu.js
Project1.exe: 00006364: 21:27:00 [HandleFileRequest[192.168.0.109]]:File not found: D:\2020\Projetos 2020\Mobile_SalvaRegistros\Win32\Debug\files\loading\files\loading\11.gif
Project1.exe: 00006998: 21:27:10 []:>--------------------------------------------------------------<
Project1.exe: 00006998: 21:27:10 [TUniServerModule]:Server First Init.
Project1.exe: 00006998: 21:27:10 [TUniServerModule]:Global Cache Folder Erased. <9> Files deleted.
Project1.exe: 00006998: 21:27:10 [TUniServerModule]:Starting HTTP Server on Port: 8080...
Project1.exe: 00006998: 21:27:10 [TUniServerModule]:HTTP Server Started on Port: 8080
Project1.exe: 00007AD4: 21:27:55 []:>--------------------------------------------------------------<
Project1.exe: 00007AD4: 21:27:55 [TUniServerModule]:Server First Init.
Project1.exe: 00007AD4: 21:27:55 [TUniServerModule]:Global Cache Folder Erased. <1> Files deleted.
Project1.exe: 00007AD4: 21:27:55 [TUniServerModule]:Starting HTTP Server on Port: 8080...
Project1.exe: 00007AD4: 21:27:55 [TUniServerModule]:HTTP Server Started on Port: 8080
Project1.exe: 000077A8: 21:27:57 [192.168.0.109]:EUniSessionException : Sessão inválida ou tempo limite da sessão. : Addr: $007CF2D7
Project1.exe: 000077A8: 21:27:59 [HandleFileRequest[192.168.0.109]]:File not found: D:\2020\Projetos 2020\Mobile_SalvaRegistros\Win32\Debug\files\loading\files\loading\11.gif
Project1.exe: 00002388: 21:32:39 []:>--------------------------------------------------------------<
Project1.exe: 00002388: 21:32:39 [TUniServerModule]:Server First Init.
Project1.exe: 00002388: 21:32:39 [TUniServerModule]:Global Cache Folder Erased. <2> Files deleted.
Project1.exe: 00002388: 21:32:39 [TUniServerModule]:Starting HTTP Server on Port: 8080...
Project1.exe: 00002388: 21:32:39 [TUniServerModule]:HTTP Server Started on Port: 8080
Project1.exe: 0000402C: 21:32:41 [HandleFileRequest[192.168.0.109]]:File not found: D:\2020\Projetos 2020\Mobile_SalvaRegistros\Win32\Debug\files\loading\files\loading\11.gif
Project1.exe: 000078F4: 21:33:11 [HandleFileRequest[192.168.0.109]]:File not found: D:\2020\Projetos 2020\Mobile_SalvaRegistros\Win32\Debug\files\loading\files\loading\12.gif
Project1.exe: 00007B4C: 21:34:36 []:>--------------------------------------------------------------<
Project1.exe: 00007B4C: 21:34:36 [TUniServerModule]:Server First Init.
Project1.exe: 00007B4C: 21:34:36 [TUniServerModule]:Global Cache Folder Erased. <3> Files deleted.
Project1.exe: 00007B4C: 21:34:36 [TUniServerModule]:Starting HTTP Server on Port: 8080...
Project1.exe: 00007B4C: 21:34:36 [TUniServerModule]:HTTP Server Started on Port: 8080
Project1.exe: 00007A38: 21:34:41 [HandleFileRequest[192.168.0.109]]:File not found: D:\2020\Projetos 2020\Mobile_SalvaRegistros\Win32\Debug\files\loading\files\loading\12.gif
Project1.exe: 00007830: 21:34:45 [HandleFileRequest[192.168.0.109]]:File not found: D:\2020\Projetos 2020\Mobile_SalvaRegistros\Win32\Debug\files\loading\files\loading\12.gif
Project1.exe: 00008004: 21:42:28 []:>--------------------------------------------------------------<
Project1.exe: 00008004: 21:42:28 [TUniServerModule]:Server First Init.
Project1.exe: 00008004: 21:42:28 [TUniServerModule]:Global Cache Folder Erased. <3> Files deleted.
Project1.exe: 00008004: 21:42:28 [TUniServerModule]:Starting HTTP Server on Port: 8080...
Project1.exe: 00008004: 21:42:28 [TUniServerModule]:HTTP Server Started on Port: 8080
Project1.exe: 00008870: 21:49:19 []:>--------------------------------------------------------------<
Project1.exe: 00008870: 21:49:19 [TUniServerModule]:Server First Init.
Project1.exe: 00008870: 21:49:19 [TUniServerModule]:Global Cache Folder Erased. <1> Files deleted.
Project1.exe: 00008870: 21:49:19 [TUniServerModule]:Starting HTTP Server on Port: 8080...
Project1.exe: 00008870: 21:49:19 [TUniServerModule]:HTTP Server Started on Port: 8080
Project1.exe: 00008898: 21:49:20 [192.168.0.109]:EUniSessionException : Sessão inválida ou tempo limite da sessão. : Addr: $007CF2D7
Project1.exe: 00008898: 21:49:32 [HandleFileRequest[192.168.0.109]]:File not found: D:\2020\Projetos 2020\Mobile_SalvaRegistros\Win32\Debug\js\menu.js
Project1.exe: 00008A24: 21:49:50 [HandleFileRequest[192.168.0.109]]:File not found: D:\2020\Projetos 2020\Mobile_SalvaRegistros\Win32\Debug\js\menu.js
Project1.exe: 00008A60: 21:50:35 [HandleFileRequest[192.168.0.109]]:File not found: D:\2020\Projetos 2020\Mobile_SalvaRegistros\Win32\Debug\js\menu.js
Project1.exe: 0000931C: 21:56:21 []:>--------------------------------------------------------------<
Project1.exe: 0000931C: 21:56:21 [TUniServerModule]:Server First Init.
Project1.exe: 0000931C: 21:56:21 [TUniServerModule]:Global Cache Folder Erased. <18> Files deleted.
Project1.exe: 0000931C: 21:56:21 [TUniServerModule]:Starting HTTP Server on Port: 8080...
Project1.exe: 0000931C: 21:56:21 [TUniServerModule]:HTTP Server Started on Port: 8080
Project1.exe: 0000AB84: 22:14:16 []:>--------------------------------------------------------------<
Project1.exe: 0000AB84: 22:14:16 [TUniServerModule]:Server First Init.
Project1.exe: 0000AB84: 22:14:16 [TUniServerModule]:Global Cache Folder Erased. <1> Files deleted.
Project1.exe: 0000AB84: 22:14:16 [TUniServerModule]:Starting HTTP Server on Port: 8080...
Project1.exe: 0000AB84: 22:14:16 [TUniServerModule]:HTTP Server Started on Port: 8080
Project1.exe: 0000B53C: 22:18:19 []:>--------------------------------------------------------------<
Project1.exe: 0000B53C: 22:18:19 [TUniServerModule]:Server First Init.
Project1.exe: 0000B53C: 22:18:19 [TUniServerModule]:Global Cache Folder Erased. <1> Files deleted.
Project1.exe: 0000B53C: 22:18:19 [TUniServerModule]:Starting HTTP Server on Port: 8080...
Project1.exe: 0000B53C: 22:18:19 [TUniServerModule]:HTTP Server Started on Port: 8080
Project1.exe: 00009300: 22:19:59 []:>--------------------------------------------------------------<
Project1.exe: 00009300: 22:19:59 [TUniServerModule]:Server First Init.
Project1.exe: 00009300: 22:19:59 [TUniServerModule]:Global Cache Folder Erased. <1> Files deleted.
Project1.exe: 00009300: 22:19:59 [TUniServerModule]:Starting HTTP Server on Port: 8080...
Project1.exe: 00009300: 22:19:59 [TUniServerModule]:HTTP Server Started on Port: 8080
Project1.exe: 00009300: 22:20:18 [TUniServerModule]:Shutting Down Server.
Project1.exe: 00009300: 22:20:18 [TUniServerModule]:Stopping HTTP Server.
Project1.exe: 00009300: 22:20:19 [TUniServerModule]:HTTP Server Stopped.
Project1.exe: 00009300: 22:20:19 [TUniGUISessionManager]:Terminating Session manager.
Project1.exe: 00009300: 22:20:19 [TUniGUISessionManager]:Stopping Cache Eraser...
Project1.exe: 00009300: 22:20:19 [TUniGUISessionManager]:Cache Eraser Stopped.
Project1.exe: 00009300: 22:20:19 [TUniGUISessionManager]:Destroying Worker Threads.
Project1.exe: 00009300: 22:20:19 [TUniGUISessionManager]:Session manager terminated.
Project1.exe: 00009300: 22:20:19 [TUniServerModule]:Server Shutdown Completed.
Project1.exe: 00009300: 22:20:19 []:<-------------------------------------------------------------->
Project1.exe: 00009300: 22:20:19 [Terminated]:Exit Code: 0
Project1.exe: 00003B18: 22:20:39 []:>--------------------------------------------------------------<
Project1.exe: 00003B18: 22:20:39 [TUniServerModule]:Server First Init.
Project1.exe: 00003B18: 22:20:39 [TUniServerModule]:Starting HTTP Server on Port: 8080...
Project1.exe: 00003B18: 22:20:39 [TUniServerModule]:HTTP Server Started on Port: 8080
Project1.exe: 00003B18: 22:20:59 [TUniServerModule]:Shutting Down Server.
Project1.exe: 00003B18: 22:20:59 [TUniServerModule]:Stopping HTTP Server.
Project1.exe: 00003B18: 22:20:59 [TUniServerModule]:HTTP Server Stopped.
Project1.exe: 00003B18: 22:20:59 [TUniGUISessionManager]:Terminating Session manager.
Project1.exe: 00003B18: 22:20:59 [TUniGUISessionManager]:Stopping Cache Eraser...
Project1.exe: 00003B18: 22:20:59 [TUniGUISessionManager]:Cache Eraser Stopped.
Project1.exe: 00003B18: 22:20:59 [TUniGUISessionManager]:Destroying Worker Threads.
Project1.exe: 00003B18: 22:20:59 [TUniGUISessionManager]:Session manager terminated.
Project1.exe: 00003B18: 22:21:00 [TUniServerModule]:Server Shutdown Completed.
Project1.exe: 00003B18: 22:21:00 []:<-------------------------------------------------------------->
Project1.exe: 00003B18: 22:21:00 [Terminated]:Exit Code: 0
Project1.exe: 0000BFBC: 22:21:15 []:>--------------------------------------------------------------<
Project1.exe: 0000BFBC: 22:21:15 [TUniServerModule]:Server First Init.
Project1.exe: 0000BFBC: 22:21:15 [TUniServerModule]:Starting HTTP Server on Port: 8080...
Project1.exe: 0000BFBC: 22:21:15 [TUniServerModule]:HTTP Server Started on Port: 8080
Project1.exe: 0000BD50: 22:21:17 []:>--------------------------------------------------------------<
Project1.exe: 0000BD50: 22:21:17 [TUniServerModule]:Server First Init.
Project1.exe: 0000BD50: 22:21:17 [TUniServerModule]:Global Cache Folder Erased. <1> Files deleted.
Project1.exe: 0000BD50: 22:21:17 [TUniServerModule]:Starting HTTP Server on Port: 8080...
Project1.exe: 0000BD50: 22:21:17 [TUniServerModule]:HTTP Server Started on Port: 8080
Project1.exe: 0000BFBC: 22:21:24 [TUniServerModule]:Shutting Down Server.
Project1.exe: 0000BFBC: 22:21:24 [TUniServerModule]:Stopping HTTP Server.
Project1.exe: 0000BFBC: 22:21:25 [TUniServerModule]:HTTP Server Stopped.
Project1.exe: 0000BFBC: 22:21:25 [TUniGUISessionManager]:Terminating Session manager.
Project1.exe: 0000BFBC: 22:21:25 [TUniGUISessionManager]:Stopping Cache Eraser...
Project1.exe: 0000BFBC: 22:21:25 [TUniGUISessionManager]:Cache Eraser Stopped.
Project1.exe: 0000BFBC: 22:21:25 [TUniGUISessionManager]:Destroying Worker Threads.
Project1.exe: 0000BFBC: 22:21:25 [TUniGUISessionManager]:Session manager terminated.
Project1.exe: 0000BFBC: 22:21:25 [TUniServerModule]:Server Shutdown Completed.
Project1.exe: 0000BFBC: 22:21:25 []:<-------------------------------------------------------------->
Project1.exe: 0000BFBC: 22:21:25 [Terminated]:Exit Code: 0
Project1.exe: 0000BD50: 22:21:29 [TUniServerModule]:Shutting Down Server.
Project1.exe: 0000BD50: 22:21:29 [TUniServerModule]:Stopping HTTP Server.
Project1.exe: 0000BD50: 22:21:30 [TUniServerModule]:HTTP Server Stopped.
Project1.exe: 0000BD50: 22:21:30 [TUniGUISessionManager]:Terminating Session manager.
Project1.exe: 0000BD50: 22:21:30 [TUniGUISessionManager]:Stopping Cache Eraser...
Project1.exe: 0000BD50: 22:21:30 [TUniGUISessionManager]:Cache Eraser Stopped.
Project1.exe: 0000BD50: 22:21:30 [TUniGUISessionManager]:Destroying Worker Threads.
Project1.exe: 0000BD50: 22:21:30 [TUniGUISessionManager]:Session manager terminated.
Project1.exe: 0000BD50: 22:21:30 [TUniServerModule]:Server Shutdown Completed.
Project1.exe: 0000BD50: 22:21:30 []:<-------------------------------------------------------------->
Project1.exe: 0000BD50: 22:21:30 [Terminated]:Exit Code: 0
Project1.exe: 0000BC30: 22:22:28 []:>--------------------------------------------------------------<
Project1.exe: 0000BC30: 22:22:28 [TUniServerModule]:Server First Init.
Project1.exe: 0000BC30: 22:22:28 [TUniServerModule]:Starting HTTP Server on Port: 8080...
Project1.exe: 0000BC30: 22:22:28 [TUniServerModule]:HTTP Server Started on Port: 8080
Project1.exe: 0000BC30: 22:23:38 [TUniServerModule]:Shutting Down Server.
Project1.exe: 0000BC30: 22:23:38 [TUniServerModule]:Stopping HTTP Server.
Project1.exe: 0000BC30: 22:23:38 [TUniServerModule]:HTTP Server Stopped.
Project1.exe: 0000BC30: 22:23:38 [TUniGUISessionManager]:Terminating Session manager.
Project1.exe: 0000BC30: 22:23:38 [TUniGUISessionManager]:Stopping Cache Eraser...
Project1.exe: 0000BC30: 22:23:38 [TUniGUISessionManager]:Cache Eraser Stopped.
Project1.exe: 0000BC30: 22:23:38 [TUniGUISessionManager]:Destroying Worker Threads.
Project1.exe: 0000BC30: 22:23:38 [TUniGUISessionManager]:Session manager terminated.
Project1.exe: 0000BC30: 22:23:38 [TUniServerModule]:Server Shutdown Completed.
Project1.exe: 0000BC30: 22:23:38 []:<-------------------------------------------------------------->
Project1.exe: 0000BC30: 22:23:38 [Terminated]:Exit Code: 0
Project1.exe: 0000BBC4: 22:24:08 []:>--------------------------------------------------------------<
Project1.exe: 0000BBC4: 22:24:08 [TUniServerModule]:Server First Init.
Project1.exe: 0000BBC4: 22:24:08 [TUniServerModule]:Starting HTTP Server on Port: 8080...
Project1.exe: 0000BBC4: 22:24:08 [TUniServerModule]:HTTP Server Started on Port: 8080
Project1.exe: 0000A0EC: 22:24:19 []:>--------------------------------------------------------------<
Project1.exe: 0000A0EC: 22:24:19 [TUniServerModule]:Server First Init.
Project1.exe: 0000A0EC: 22:24:19 [TUniServerModule]:Global Cache Folder Erased. <1> Files deleted.
Project1.exe: 0000A0EC: 22:24:19 [TUniServerModule]:Starting HTTP Server on Port: 8080...
Project1.exe: 0000A0EC: 22:24:19 [TUniServerModule]:HTTP Server Started on Port: 8080
Project1.exe: 0000A0EC: 22:24:41 [Exit]:Unexpected attempt to terminate server application with Exit Code: 0
Project1.exe: 00002984: 22:27:26 []:>--------------------------------------------------------------<
Project1.exe: 00002984: 22:27:26 [TUniServerModule]:Server First Init.
Project1.exe: 00002984: 22:27:26 [TUniServerModule]:Global Cache Folder Erased. <1> Files deleted.
Project1.exe: 00002984: 22:27:26 [TUniServerModule]:Starting HTTP Server on Port: 8080...
Project1.exe: 00002984: 22:27:26 [TUniServerModule]:HTTP Server Started on Port: 8080
Project1.exe: 00002AC0: 22:30:20 []:>--------------------------------------------------------------<
Project1.exe: 00002AC0: 22:30:20 [TUniServerModule]:Server First Init.
Project1.exe: 00002AC0: 22:30:20 [TUniServerModule]:Global Cache Folder Erased. <1> Files deleted.
Project1.exe: 00002AC0: 22:30:20 [TUniServerModule]:Starting HTTP Server on Port: 8080...
Project1.exe: 00002AC0: 22:30:20 [TUniServerModule]:HTTP Server Started on Port: 8080
Project1.exe: 000005B8: 22:30:53 []:>--------------------------------------------------------------<
Project1.exe: 000005B8: 22:30:53 [TUniServerModule]:Server First Init.
Project1.exe: 000005B8: 22:30:53 [TUniServerModule]:Global Cache Folder Erased. <1> Files deleted.
Project1.exe: 000005B8: 22:30:53 [TUniServerModule]:Starting HTTP Server on Port: 8083...
Project1.exe: 000005B8: 22:30:54 [TUniServerModule]:HTTP Server Started on Port: 8083
Project1.exe: 00000764: 22:31:37 []:>--------------------------------------------------------------<
Project1.exe: 00000764: 22:31:37 [TUniServerModule]:Server First Init.
Project1.exe: 00000764: 22:31:37 [TUniServerModule]:Global Cache Folder Erased. <1> Files deleted.
Project1.exe: 00000764: 22:31:37 [TUniServerModule]:Starting HTTP Server on Port: 8080...
Project1.exe: 00000764: 22:31:37 [TUniServerModule]:HTTP Server Started on Port: 8080
Project1.exe: 00003098: 22:36:10 []:>--------------------------------------------------------------<
Project1.exe: 00003098: 22:36:10 [TUniServerModule]:Server First Init.
Project1.exe: 00003098: 22:36:10 [TUniServerModule]:Debug Mode = ON
Project1.exe: 00003098: 22:36:10 [TUniServerModule]:Global Cache Folder Erased. <1> Files deleted.
Project1.exe: 00003098: 22:36:10 [TUniServerModule]:Starting HTTP Server on Port: 8080...
Project1.exe: 00003098: 22:36:10 [TUniServerModule]:HTTP Server Started on Port: 8080
Project1.exe: 00003310: 22:41:46 []:>--------------------------------------------------------------<
Project1.exe: 00003310: 22:41:46 [TUniServerModule]:Server First Init.
Project1.exe: 00003310: 22:41:46 [TUniServerModule]:Global Cache Folder Erased. <1> Files deleted.
Project1.exe: 00003310: 22:41:46 [TUniServerModule]:Starting HTTP Server on Port: 8080...
Project1.exe: 00003310: 22:41:46 [TUniServerModule]:HTTP Server Started on Port: 8080
Project1.exe: 00003310: 22:41:53 [TUniServerModule]:Shutting Down Server.
Project1.exe: 00003310: 22:41:53 [TUniServerModule]:Stopping HTTP Server.
Project1.exe: 00003310: 22:41:53 [TUniServerModule]:HTTP Server Stopped.
Project1.exe: 00003310: 22:41:53 [TUniGUISessionManager]:Terminating Session manager.
Project1.exe: 00003310: 22:41:53 [TUniGUISessionManager]:Stopping Cache Eraser...
Project1.exe: 00003310: 22:41:53 [TUniGUISessionManager]:Cache Eraser Stopped.
Project1.exe: 00003310: 22:41:54 [TUniGUISessionManager]:Destroying Worker Threads.
Project1.exe: 00003310: 22:41:54 [TUniGUISessionManager]:Session manager terminated.
Project1.exe: 00003310: 22:41:54 [TUniServerModule]:Server Shutdown Completed.
Project1.exe: 00003310: 22:41:54 []:<-------------------------------------------------------------->
Project1.exe: 00003310: 22:41:54 [Terminated]:Exit Code: 0
Project1.exe: 000021C4: 22:41:59 []:>--------------------------------------------------------------<
Project1.exe: 000021C4: 22:41:59 [TUniServerModule]:Server First Init.
Project1.exe: 000021C4: 22:41:59 [TUniServerModule]:Starting HTTP Server on Port: 8080...
Project1.exe: 000021C4: 22:41:59 [TUniServerModule]:HTTP Server Started on Port: 8080
Project1.exe: 000021C4: 22:42:41 [TUniServerModule]:Shutting Down Server.
Project1.exe: 000021C4: 22:42:41 [TUniServerModule]:Stopping HTTP Server.
Project1.exe: 000021C4: 22:42:41 [TUniServerModule]:HTTP Server Stopped.
Project1.exe: 000021C4: 22:42:41 [TUniGUISessionManager]:Terminating Session manager.
Project1.exe: 000021C4: 22:42:41 [TUniGUISessionManager]:Stopping Cache Eraser...
Project1.exe: 000021C4: 22:42:41 [TUniGUISessionManager]:Cache Eraser Stopped.
Project1.exe: 000021C4: 22:42:41 [TUniGUISessionManager]:Destroying Worker Threads.
Project1.exe: 000021C4: 22:42:41 [TUniGUISessionManager]:Session manager terminated.
Project1.exe: 000021C4: 22:42:41 [TUniServerModule]:Server Shutdown Completed.
Project1.exe: 000021C4: 22:42:41 []:<-------------------------------------------------------------->
Project1.exe: 000021C4: 22:42:41 [Terminated]:Exit Code: 0
Project1.exe: 00003110: 22:47:54 []:>--------------------------------------------------------------<
Project1.exe: 00003110: 22:47:54 [TUniServerModule]:Server First Init.
Project1.exe: 00003110: 22:47:54 [TUniServerModule]:Starting HTTP Server on Port: 8080...
Project1.exe: 00003110: 22:47:54 [TUniServerModule]:HTTP Server Started on Port: 8080
Project1.exe: 00003110: 22:50:25 [TUniServerModule]:Shutting Down Server.
Project1.exe: 00003110: 22:50:25 [TUniServerModule]:Stopping HTTP Server.
Project1.exe: 00003110: 22:50:26 [TUniServerModule]:HTTP Server Stopped.
Project1.exe: 00003110: 22:50:26 [TUniGUISessionManager]:Terminating Session manager.
Project1.exe: 00003110: 22:50:26 [TUniGUISessionManager]:Stopping Cache Eraser...
Project1.exe: 00003110: 22:50:26 [TUniGUISessionManager]:Cache Eraser Stopped.
Project1.exe: 00003110: 22:50:26 [TUniGUISessionManager]:Destroying Worker Threads.
Project1.exe: 00003110: 22:50:26 [TUniGUISessionManager]:Session manager terminated.
Project1.exe: 00003110: 22:50:26 [TUniServerModule]:Server Shutdown Completed.
Project1.exe: 00003110: 22:50:26 []:<-------------------------------------------------------------->
Project1.exe: 00003110: 22:50:26 [Terminated]:Exit Code: 0
Project1.exe: 00001A80: 22:52:56 []:>--------------------------------------------------------------<
Project1.exe: 00001A80: 22:52:56 [TUniServerModule]:Server First Init.
Project1.exe: 00001A80: 22:52:56 [TUniServerModule]:Starting HTTP Server on Port: 8080...
Project1.exe: 00001A80: 22:52:56 [TUniServerModule]:HTTP Server Started on Port: 8080
Project1.exe: 00001A80: 22:53:34 [Exit]:Unexpected attempt to terminate server application with Exit Code: 0
Project1.exe: 0000155C: 23:01:11 []:>--------------------------------------------------------------<
Project1.exe: 0000155C: 23:01:12 [TUniServerModule]:Server First Init.
Project1.exe: 0000155C: 23:01:12 [TUniServerModule]:Global Cache Folder Erased. <1> Files deleted.
Project1.exe: 0000155C: 23:01:12 [TUniServerModule]:Starting HTTP Server on Port: 8080...
Project1.exe: 0000155C: 23:01:12 [TUniServerModule]:HTTP Server Started on Port: 8080
Project1.exe: 00002F50: 23:09:47 []:>--------------------------------------------------------------<
Project1.exe: 00002F50: 23:09:47 [TUniServerModule]:Server First Init.
Project1.exe: 00002F50: 23:09:47 [TUniServerModule]:Global Cache Folder Erased. <1> Files deleted.
Project1.exe: 00002F50: 23:09:47 [TUniServerModule]:Starting HTTP Server on Port: 8080...
Project1.exe: 00002F50: 23:09:47 [TUniServerModule]:HTTP Server Started on Port: 8080
Project1.exe: 0000023C: 23:10:24 []:>--------------------------------------------------------------<
Project1.exe: 0000023C: 23:10:24 [TUniServerModule]:Server First Init.
Project1.exe: 0000023C: 23:10:24 [TUniServerModule]:Global Cache Folder Erased. <1> Files deleted.
Project1.exe: 0000023C: 23:10:24 [TUniServerModule]:Starting HTTP Server on Port: 8080...
Project1.exe: 0000023C: 23:10:24 [TUniServerModule]:HTTP Server Started on Port: 8080
Project1.exe: 0000023C: 23:12:29 [TUniServerModule]:Shutting Down Server.
Project1.exe: 0000023C: 23:12:29 [TUniServerModule]:Stopping HTTP Server.
Project1.exe: 0000023C: 23:12:30 [TUniServerModule]:HTTP Server Stopped.
Project1.exe: 0000023C: 23:12:30 [TUniGUISessionManager]:Terminating Session manager.
Project1.exe: 0000023C: 23:12:30 [TUniGUISessionManager]:Stopping Cache Eraser...
Project1.exe: 0000023C: 23:12:30 [TUniGUISessionManager]:Cache Eraser Stopped.
Project1.exe: 0000023C: 23:12:30 [TUniGUISessionManager]:Destroying Worker Threads.
Project1.exe: 0000023C: 23:12:30 [TUniGUISessionManager]:Session manager terminated.
Project1.exe: 0000023C: 23:12:30 [TUniServerModule]:Server Shutdown Completed.
Project1.exe: 0000023C: 23:12:30 []:<-------------------------------------------------------------->
Project1.exe: 0000023C: 23:12:30 [Terminated]:Exit Code: 0
Project1.exe: 000008F8: 23:12:31 []:>--------------------------------------------------------------<
Project1.exe: 000008F8: 23:12:31 [TUniServerModule]:Server First Init.
Project1.exe: 000008F8: 23:12:31 [TUniServerModule]:Starting HTTP Server on Port: 8080...
Project1.exe: 000008F8: 23:12:32 [TUniServerModule]:HTTP Server Started on Port: 8080
Project1.exe: 0000156C: 23:16:29 []:>--------------------------------------------------------------<
Project1.exe: 0000156C: 23:16:29 [TUniServerModule]:Server First Init.
Project1.exe: 0000156C: 23:16:29 [TUniServerModule]:Global Cache Folder Erased. <1> Files deleted.
Project1.exe: 0000156C: 23:16:29 [TUniServerModule]:Starting HTTP Server on Port: 8080...
Project1.exe: 0000156C: 23:16:29 [TUniServerModule]:HTTP Server Started on Port: 8080
Project1.exe: 0000235C: 23:20:21 []:>--------------------------------------------------------------<
Project1.exe: 0000235C: 23:20:21 [TUniServerModule]:Server First Init.
Project1.exe: 0000235C: 23:20:21 [TUniServerModule]:Global Cache Folder Erased. <1> Files deleted.
Project1.exe: 0000235C: 23:20:21 [TUniServerModule]:Starting HTTP Server on Port: 8080...
Project1.exe: 0000235C: 23:20:21 [TUniServerModule]:HTTP Server Started on Port: 8080
Project1.exe: 00001C20: 23:21:03 []:>--------------------------------------------------------------<
Project1.exe: 00001C20: 23:21:03 [TUniServerModule]:Server First Init.
Project1.exe: 00001C20: 23:21:03 [TUniServerModule]:Global Cache Folder Erased. <1> Files deleted.
Project1.exe: 00001C20: 23:21:03 [TUniServerModule]:Starting HTTP Server on Port: 8080...
Project1.exe: 00001C20: 23:21:03 [TUniServerModule]:HTTP Server Started on Port: 8080
Project1.exe: 00001CE8: 23:21:13 []:>--------------------------------------------------------------<
Project1.exe: 00001CE8: 23:21:13 [TUniServerModule]:Server First Init.
Project1.exe: 00001CE8: 23:21:13 [TUniServerModule]:Global Cache Folder Erased. <1> Files deleted.
Project1.exe: 00001CE8: 23:21:13 [TUniServerModule]:Starting HTTP Server on Port: 8080...
Project1.exe: 00001CE8: 23:21:13 [TUniServerModule]:HTTP Server Started on Port: 8080
Project1.exe: 00002C08: 23:23:37 []:>--------------------------------------------------------------<
Project1.exe: 00002C08: 23:23:37 [TUniServerModule]:Server First Init.
Project1.exe: 00002C08: 23:23:37 [TUniServerModule]:Global Cache Folder Erased. <1> Files deleted.
Project1.exe: 00002C08: 23:23:37 [TUniServerModule]:Starting HTTP Server on Port: 8080...
Project1.exe: 00002C08: 23:23:37 [TUniServerModule]:HTTP Server Started on Port: 8080
Project1.exe: 00001D44: 23:23:46 [HandleFileRequest[192.168.0.102]]:File not found: D:\2020\Projetos 2020\Mobile_SalvaRegistros\Win32\Debug\files\loading\files\loading\11.gif
Project1.exe: 000015C0: 23:24:01 [HandleFileRequest[192.168.0.102]]:File not found: D:\2020\Projetos 2020\Mobile_SalvaRegistros\Win32\Debug\css\estilo.css
Project1.exe: 00000F0C: 23:24:16 [HandleFileRequest[192.168.0.102]]:File not found: D:\2020\Projetos 2020\Mobile_SalvaRegistros\Win32\Debug\css\estilo.css
Project1.exe: 00002D84: 23:25:09 []:>--------------------------------------------------------------<
Project1.exe: 00002D84: 23:25:09 [TUniServerModule]:Server First Init.
Project1.exe: 00002D84: 23:25:09 [TUniServerModule]:Global Cache Folder Erased. <12> Files deleted.
Project1.exe: 00002D84: 23:25:09 [TUniServerModule]:Starting HTTP Server on Port: 8080...
Project1.exe: 00002D84: 23:25:09 [TUniServerModule]:HTTP Server Started on Port: 8080
Project1.exe: 00000B34: 23:25:09 [192.168.0.102]:EUniSessionException : Sessão inválida ou tempo limite da sessão. : Addr: $007CF2D7
Project1.exe: 00000B34: 23:25:12 [HandleFileRequest[192.168.0.102]]:File not found: D:\2020\Projetos 2020\Mobile_SalvaRegistros\Win32\Debug\files\loading\files\loading\11.gif
Project1.exe: 000013F4: 23:25:28 [HandleFileRequest[192.168.0.102]]:File not found: D:\2020\Projetos 2020\Mobile_SalvaRegistros\Win32\Debug\css\estilo.css
Project1.exe: 000000F0: 23:25:34 [HandleFileRequest[192.168.0.102]]:File not found: D:\2020\Projetos 2020\Mobile_SalvaRegistros\Win32\Debug\files\loading\files\loading\11.gif
Project1.exe: 00002C04: 23:25:50 [HandleFileRequest[192.168.0.102]]:File not found: D:\2020\Projetos 2020\Mobile_SalvaRegistros\Win32\Debug\files\loading\styles.css
Project1.exe: 000008CC: 23:25:51 [HandleFileRequest[192.168.0.102]]:File not found: D:\2020\Projetos 2020\Mobile_SalvaRegistros\Win32\Debug\files\loading\styles.css
Project1.exe: 0000085C: 23:26:03 [HandleFileRequest[192.168.0.102]]:File not found: D:\2020\Projetos 2020\Mobile_SalvaRegistros\Win32\Debug\css\estilo.css
Project1.exe: 000026A4: 23:29:10 []:>--------------------------------------------------------------<
Project1.exe: 000026A4: 23:29:10 [TUniServerModule]:Server First Init.
Project1.exe: 000026A4: 23:29:10 [TUniServerModule]:Global Cache Folder Erased. <11> Files deleted.
Project1.exe: 000026A4: 23:29:10 [TUniServerModule]:Starting HTTP Server on Port: 8080...
Project1.exe: 000026A4: 23:29:10 [TUniServerModule]:HTTP Server Started on Port: 8080
Project1.exe: 00001614: 23:31:10 []:>--------------------------------------------------------------<
Project1.exe: 00001614: 23:31:10 [TUniServerModule]:Server First Init.
Project1.exe: 00001614: 23:31:10 [TUniServerModule]:Global Cache Folder Erased. <4> Files deleted.
Project1.exe: 00001614: 23:31:10 [TUniServerModule]:Starting HTTP Server on Port: 8080...
Project1.exe: 00001614: 23:31:10 [TUniServerModule]:HTTP Server Started on Port: 8080
Project1.exe: 00001004: 23:31:11 [192.168.0.102]:EUniSessionException : Sessão inválida ou tempo limite da sessão. : Addr: $007CF2D7
Project1.exe: 00002C60: 23:31:26 [HandleFileRequest[192.168.0.102]]:File not found: D:\2020\Projetos 2020\Mobile_SalvaRegistros\Win32\Debug\css\estilo.css
Project1.exe: 00002ADC: 23:32:14 [192.168.0.102]:EUniSessionException : Sessão inválida ou tempo limite da sessão. : Addr: $007CF2D7
Project1.exe: 00002950: 23:33:07 []:>--------------------------------------------------------------<
Project1.exe: 00002950: 23:33:07 [TUniServerModule]:Server First Init.
Project1.exe: 00002950: 23:33:07 [TUniServerModule]:Global Cache Folder Erased. <6> Files deleted.
Project1.exe: 00002950: 23:33:07 [TUniServerModule]:Starting HTTP Server on Port: 8080...
Project1.exe: 00002950: 23:33:07 [TUniServerModule]:HTTP Server Started on Port: 8080
Project1.exe: 00002574: 23:33:07 [127.0.0.1]:EUniSessionException : Sessão inválida ou tempo limite da sessão. : Addr: $007CF2D7
Project1.exe: 00002574: 23:33:36 [HandleFileRequest[127.0.0.1]]:File not found: D:\2020\Projetos 2020\Mobile_SalvaRegistros\Win32\Debug\css\estilo.css
Project1.exe: 00002B94: 23:33:45 [HandleFileRequest[127.0.0.1]]:File not found: D:\2020\Projetos 2020\Mobile_SalvaRegistros\Win32\Debug\css\estilo.css
Project1.exe: 00002424: 23:33:46 [HandleFileRequest[127.0.0.1]]:File not found: D:\2020\Projetos 2020\Mobile_SalvaRegistros\Win32\Debug\favicon.ico
Project1.exe: 0000164C: 23:34:40 []:>--------------------------------------------------------------<
Project1.exe: 0000164C: 23:34:40 [TUniServerModule]:Server First Init.
Project1.exe: 0000164C: 23:34:40 [TUniServerModule]:Global Cache Folder Erased. <5> Files deleted.
Project1.exe: 0000164C: 23:34:40 [TUniServerModule]:Starting HTTP Server on Port: 8080...
Project1.exe: 0000164C: 23:34:40 [TUniServerModule]:HTTP Server Started on Port: 8080
Project1.exe: 00000534: 23:34:42 [192.168.0.102]:EUniSessionException : Sessão inválida ou tempo limite da sessão. : Addr: $007CF2D7
Project1.exe: 00002020: 23:34:57 [HandleFileRequest[192.168.0.102]]:File not found: D:\2020\Projetos 2020\Mobile_SalvaRegistros\Win32\Debug\css\estilo.css
Project1.exe: 00000904: 23:36:28 [127.0.0.1]:EUniSessionException : Sessão inválida ou tempo limite da sessão. : Addr: $007CF2D7
Project1.exe: 000023E8: 23:37:35 []:>--------------------------------------------------------------<
Project1.exe: 000023E8: 23:37:35 [TUniServerModule]:Server First Init.
Project1.exe: 000023E8: 23:37:35 [TUniServerModule]:Global Cache Folder Erased. <6> Files deleted.
Project1.exe: 000023E8: 23:37:35 [TUniServerModule]:Starting HTTP Server on Port: 8080...
Project1.exe: 000023E8: 23:37:35 [TUniServerModule]:HTTP Server Started on Port: 8080
Project1.exe: 00002724: 23:38:42 []:>--------------------------------------------------------------<
Project1.exe: 00002724: 23:38:42 [TUniServerModule]:Server First Init.
Project1.exe: 00002724: 23:38:42 [TUniServerModule]:Global Cache Folder Erased. <2> Files deleted.
Project1.exe: 00002724: 23:38:42 [TUniServerModule]:Starting HTTP Server on Port: 8080...
Project1.exe: 00002724: 23:38:42 [TUniServerModule]:HTTP Server Started on Port: 8080
Project1.exe: 00002DAC: 23:38:45 [127.0.0.1]:EUniSessionException : Sessão inválida ou tempo limite da sessão. : Addr: $007CF2D7
Project1.exe: 00002DAC: 23:38:45 [127.0.0.1]:EUniSessionException : Sessão inválida ou tempo limite da sessão. : Addr: $007CF2D7
Project1.exe: 00002DAC: 23:38:47 [HandleFileRequest[127.0.0.1]]:File not found: D:\2020\Projetos 2020\Mobile_SalvaRegistros\Win32\Debug\files\loading\files\loading\11.gif
Project1.exe: 00002DC0: 23:38:57 [HandleFileRequest[127.0.0.1]]:File not found: D:\2020\Projetos 2020\Mobile_SalvaRegistros\Win32\Debug\files\loading\styles.css
Project1.exe: 00002190: 23:38:57 [HandleFileRequest[127.0.0.1]]:File not found: D:\2020\Projetos 2020\Mobile_SalvaRegistros\Win32\Debug\files\loading\styles.css
Project1.exe: 00000E0C: 23:39:06 [HandleFileRequest[127.0.0.1]]:File not found: D:\2020\Projetos 2020\Mobile_SalvaRegistros\Win32\Debug\css\estilo.css
Project1.exe: 00002164: 23:40:34 []:>--------------------------------------------------------------<
Project1.exe: 00002164: 23:40:34 [TUniServerModule]:Server First Init.
Project1.exe: 00002164: 23:40:34 [TUniServerModule]:Global Cache Folder Erased. <6> Files deleted.
Project1.exe: 00002164: 23:40:34 [TUniServerModule]:Starting HTTP Server on Port: 8080...
Project1.exe: 00002164: 23:40:34 [TUniServerModule]:HTTP Server Started on Port: 8080
Project1.exe: 00000518: 23:40:54 [192.168.0.102]:EUniSessionException : Sessão inválida ou tempo limite da sessão. : Addr: $007CF2D7
Project1.exe: 00000518: 23:40:55 [HandleFileRequest[192.168.0.102]]:File not found: D:\2020\Projetos 2020\Mobile_SalvaRegistros\Win32\Debug\files\loading\styles.css
Project1.exe: 00001EF4: 23:40:56 [HandleFileRequest[192.168.0.102]]:File not found: D:\2020\Projetos 2020\Mobile_SalvaRegistros\Win32\Debug\files\loading\styles.css
Project1.exe: 000008B8: 23:41:08 [HandleFileRequest[192.168.0.102]]:File not found: D:\2020\Projetos 2020\Mobile_SalvaRegistros\Win32\Debug\css\estilo.css
Project1.exe: 000005C4: 23:41:12 [HandleFileRequest[192.168.0.102]]:File not found: D:\2020\Projetos 2020\Mobile_SalvaRegistros\Win32\Debug\css\estilo.css
Project1.exe: 00002A68: 23:41:15 [HandleFileRequest[192.168.0.102]]:File not found: D:\2020\Projetos 2020\Mobile_SalvaRegistros\Win32\Debug\css\estilo.css
Project1.exe: 00000D94: 23:41:17 [HandleFileRequest[192.168.0.102]]:File not found: D:\2020\Projetos 2020\Mobile_SalvaRegistros\Win32\Debug\css\estilo.css
Project1.exe: 00001CE4: 23:41:28 [HandleFileRequest[192.168.0.102]]:File not found: D:\2020\Projetos 2020\Mobile_SalvaRegistros\Win32\Debug\css\estilo.css
Project1.exe: 0000070C: 23:41:30 [HandleFileRequest[192.168.0.102]]:File not found: D:\2020\Projetos 2020\Mobile_SalvaRegistros\Win32\Debug\css\estilo.css
Project1.exe: 00002DA0: 23:41:36 [HandleFileRequest[192.168.0.102]]:File not found: D:\2020\Projetos 2020\Mobile_SalvaRegistros\Win32\Debug\css\estilo.css
Project1.exe: 0000205C: 23:41:51 [HandleFileRequest[192.168.0.102]]:File not found: D:\2020\Projetos 2020\Mobile_SalvaRegistros\Win32\Debug\css\estilo.css
Project1.exe: 00001CAC: 23:44:39 []:>--------------------------------------------------------------<
Project1.exe: 00001CAC: 23:44:39 [TUniServerModule]:Server First Init.
Project1.exe: 00001CAC: 23:44:39 [TUniServerModule]:Global Cache Folder Erased. <19> Files deleted.
Project1.exe: 00001CAC: 23:44:39 [TUniServerModule]:Starting HTTP Server on Port: 8080...
Project1.exe: 00001CAC: 23:44:39 [TUniServerModule]:HTTP Server Started on Port: 8080
Project1.exe: 00002790: 23:44:39 [192.168.0.102]:EUniSessionException : Sessão inválida ou tempo limite da sessão. : Addr: $007CF2D7
Project1.exe: 00002790: 23:44:41 [HandleFileRequest[192.168.0.102]]:File not found: D:\2020\Projetos 2020\Mobile_SalvaRegistros\Win32\Debug\files\css\estilos.css
Project1.exe: 000012FC: 23:44:41 [HandleFileRequest[192.168.0.102]]:File not found: D:\2020\Projetos 2020\Mobile_SalvaRegistros\Win32\Debug\files\css\estilos.css
Project1.exe: 00002228: 23:44:58 [HandleFileRequest[192.168.0.102]]:File not found: D:\2020\Projetos 2020\Mobile_SalvaRegistros\Win32\Debug\css\estilo.css
Project1.exe: 000005B0: 23:45:23 []:>--------------------------------------------------------------<
Project1.exe: 000005B0: 23:45:23 [TUniServerModule]:Server First Init.
Project1.exe: 000005B0: 23:45:23 [TUniServerModule]:Global Cache Folder Erased. <5> Files deleted.
Project1.exe: 000005B0: 23:45:23 [TUniServerModule]:Starting HTTP Server on Port: 8080...
Project1.exe: 000005B0: 23:45:23 [TUniServerModule]:HTTP Server Started on Port: 8080
Project1.exe: 00002E58: 23:45:28 [192.168.0.102]:EUniSessionException : Sessão inválida ou tempo limite da sessão. : Addr: $007CF2D7
Project1.exe: 00002E58: 23:45:28 [HandleFileRequest[192.168.0.102]]:File not found: D:\2020\Projetos 2020\Mobile_SalvaRegistros\Win32\Debug\files\css\estilos.css
Project1.exe: 00000A44: 23:45:29 [HandleFileRequest[192.168.0.102]]:File not found: D:\2020\Projetos 2020\Mobile_SalvaRegistros\Win32\Debug\files\css\estilos.css
Project1.exe: 0000293C: 23:45:39 [HandleFileRequest[192.168.0.102]]:File not found: D:\2020\Projetos 2020\Mobile_SalvaRegistros\Win32\Debug\css\estilo.css
Project1.exe: 000003FC: 23:49:29 [HandleFileRequest[127.0.0.1]]:File not found: D:\2020\Projetos 2020\Mobile_SalvaRegistros\Win32\Debug\files\css\estilos.css
Project1.exe: 00000B70: 23:49:29 [HandleFileRequest[127.0.0.1]]:File not found: D:\2020\Projetos 2020\Mobile_SalvaRegistros\Win32\Debug\files\css\estilos.css
Project1.exe: 00002FC8: 23:49:41 [HandleFileRequest[127.0.0.1]]:File not found: D:\2020\Projetos 2020\Mobile_SalvaRegistros\Win32\Debug\css\estilo.css
Project1.exe: 0000070C: 23:49:50 [HandleFileRequest[127.0.0.1]]:File not found: D:\2020\Projetos 2020\Mobile_SalvaRegistros\Win32\Debug\css\estilo.css
Project1.exe: 0000133C: 23:52:51 []:>--------------------------------------------------------------<
Project1.exe: 0000133C: 23:52:51 [TUniServerModule]:Server First Init.
Project1.exe: 0000133C: 23:52:51 [TUniServerModule]:Global Cache Folder Erased. <9> Files deleted.
Project1.exe: 0000133C: 23:52:51 [TUniServerModule]:Starting HTTP Server on Port: 8080...
Project1.exe: 0000133C: 23:52:51 [TUniServerModule]:HTTP Server Started on Port: 8080
Project1.exe: 00002818: 23:52:52 [127.0.0.1]:EUniSessionException : Sessão inválida ou tempo limite da sessão. : Addr: $007CF2D7
Project1.exe: 00002818: 23:53:34 [HandleFileRequest[127.0.0.1]]:File not found: D:\2020\Projetos 2020\Mobile_SalvaRegistros\Win32\Debug\css\estilo.css
Project1.exe: 000000EC: 23:55:19 [HandleFileRequest[127.0.0.1]]:File not found: D:\2020\Projetos 2020\Mobile_SalvaRegistros\Win32\Debug\css\estilo.css
Project1.exe: 00001110: 23:55:23 [HandleFileRequest[127.0.0.1]]:File not found: D:\2020\Projetos 2020\Mobile_SalvaRegistros\Win32\Debug\css\estilo.css
Project1.exe: 000003C4: 23:55:42 [HandleFileRequest[127.0.0.1]]:File not found: D:\2020\Projetos 2020\Mobile_SalvaRegistros\Win32\Debug\css\estilo.css
Project1.exe: 00000A48: 23:56:57 [HandleFileRequest[127.0.0.1]]:File not found: D:\2020\Projetos 2020\Mobile_SalvaRegistros\Win32\Debug\css\estilo.css
Project1.exe: 00002490: 23:57:27 [192.168.0.102]:EUniSessionException : Sessão inválida ou tempo limite da sessão. : Addr: $007CF2D7
Project1.exe: 00002B28: 23:57:41 [HandleFileRequest[192.168.0.102]]:File not found: D:\2020\Projetos 2020\Mobile_SalvaRegistros\Win32\Debug\css\estilo.css
Project1.exe: 00002490: 23:57:54 [HandleFileRequest[192.168.0.102]]:File not found: D:\2020\Projetos 2020\Mobile_SalvaRegistros\Win32\Debug\css\estilo.css
