Project1.exe: 00001E98: 09:08:00 []:>--------------------------------------------------------------<
Project1.exe: 00001E98: 09:08:00 [TUniServerModule]:Server First Init.
Project1.exe: 00001E98: 09:08:00 [TUniServerModule]:Starting HTTP Server on Port: 8077...
Project1.exe: 00001E98: 09:08:00 [TUniServerModule]:HTTP Server Started on Port: 8077
Project1.exe: 00001970: 09:14:53 []:>--------------------------------------------------------------<
Project1.exe: 00001970: 09:14:53 [TUniServerModule]:Server First Init.
Project1.exe: 00001970: 09:14:53 [TUniServerModule]:Global Cache Folder Erased. <7> Files deleted.
Project1.exe: 00001970: 09:14:53 [TUniServerModule]:Starting HTTP Server on Port: 8077...
Project1.exe: 00001970: 09:14:53 [TUniServerModule]:HTTP Server Started on Port: 8077
Project1.exe: 00002380: 09:14:54 [192.168.0.101]:EUniSessionException : Invalid session or session Timeout. : Addr: $007CEFF3
Project1.exe: 00001FF0: 09:15:49 []:>--------------------------------------------------------------<
Project1.exe: 00001FF0: 09:15:49 [TUniServerModule]:Server First Init.
Project1.exe: 00001FF0: 09:15:49 [TUniServerModule]:Global Cache Folder Erased. <10> Files deleted.
Project1.exe: 00001FF0: 09:15:49 [TUniServerModule]:Starting HTTP Server on Port: 8077...
Project1.exe: 00001FF0: 09:15:49 [TUniServerModule]:HTTP Server Started on Port: 8077
Project1.exe: 000027C4: 09:15:50 [192.168.0.101]:EUniSessionException : Invalid session or session Timeout. : Addr: $007CEFF3
Project1.exe: 00000698: 09:20:37 []:>--------------------------------------------------------------<
Project1.exe: 00000698: 09:20:37 [TUniServerModule]:Server First Init.
Project1.exe: 00000698: 09:20:37 [TUniServerModule]:Global Cache Folder Erased. <10> Files deleted.
Project1.exe: 00000698: 09:20:37 [TUniServerModule]:Starting HTTP Server on Port: 8077...
Project1.exe: 00000698: 09:20:37 [TUniServerModule]:HTTP Server Started on Port: 8077
Project1.exe: 000022A0: 09:20:42 [192.168.0.101]:EUniSessionException : Invalid session or session Timeout. : Addr: $007CEFF3
Project1.exe: 00001158: 09:42:36 []:>--------------------------------------------------------------<
Project1.exe: 00001158: 09:42:36 [TUniServerModule]:Server First Init.
Project1.exe: 00001158: 09:42:36 [TUniServerModule]:Global Cache Folder Erased. <2> Files deleted.
Project1.exe: 00001158: 09:42:36 [TUniServerModule]:Starting HTTP Server on Port: 8077...
Project1.exe: 00001158: 09:42:36 [TUniServerModule]:HTTP Server Started on Port: 8077
Project1.exe: 00000ABC: 09:42:44 [192.168.0.101]:EUniSessionException : Invalid session or session Timeout. : Addr: $007CEFF3
Project1.exe: 000026BC: 09:43:39 []:>--------------------------------------------------------------<
Project1.exe: 000026BC: 09:43:39 [TUniServerModule]:Server First Init.
Project1.exe: 000026BC: 09:43:39 [TUniServerModule]:Global Cache Folder Erased. <7> Files deleted.
Project1.exe: 000026BC: 09:43:39 [TUniServerModule]:Starting HTTP Server on Port: 8077...
Project1.exe: 000026BC: 09:43:39 [TUniServerModule]:HTTP Server Started on Port: 8077
Project1.exe: 00001974: 09:43:39 [192.168.0.101]:EUniSessionException : Invalid session or session Timeout. : Addr: $007CEFF3
Project1.exe: 0000139C: 09:48:05 []:>--------------------------------------------------------------<
Project1.exe: 0000139C: 09:48:05 [TUniServerModule]:Server First Init.
Project1.exe: 0000139C: 09:48:05 [TUniServerModule]:Global Cache Folder Erased. <5> Files deleted.
Project1.exe: 0000139C: 09:48:05 [TUniServerModule]:Starting HTTP Server on Port: 8077...
Project1.exe: 0000139C: 09:48:06 [TUniServerModule]:HTTP Server Started on Port: 8077
Project1.exe: 00002290: 09:48:10 [192.168.0.101]:EUniSessionException : Invalid session or session Timeout. : Addr: $007CEFF3
Project1.exe: 000023D4: 09:51:34 []:>--------------------------------------------------------------<
Project1.exe: 000023D4: 09:51:34 [TUniServerModule]:Server First Init.
Project1.exe: 000023D4: 09:51:34 [TUniServerModule]:Global Cache Folder Erased. <7> Files deleted.
Project1.exe: 000023D4: 09:51:34 [TUniServerModule]:Starting HTTP Server on Port: 8077...
Project1.exe: 000023D4: 09:51:34 [TUniServerModule]:HTTP Server Started on Port: 8077
Project1.exe: 0000205C: 09:51:35 [192.168.0.101]:EUniSessionException : Invalid session or session Timeout. : Addr: $007CEFF3
Project1.exe: 00000BF8: 09:57:20 []:>--------------------------------------------------------------<
Project1.exe: 00000BF8: 09:57:20 [TUniServerModule]:Server First Init.
Project1.exe: 00000BF8: 09:57:20 [TUniServerModule]:Global Cache Folder Erased. <20> Files deleted.
Project1.exe: 00000BF8: 09:57:20 [TUniServerModule]:Starting HTTP Server on Port: 8077...
Project1.exe: 00000BF8: 09:57:20 [TUniServerModule]:HTTP Server Started on Port: 8077
Project1.exe: 000023CC: 10:01:16 []:>--------------------------------------------------------------<
Project1.exe: 000023CC: 10:01:16 [TUniServerModule]:Server First Init.
Project1.exe: 000023CC: 10:01:16 [TUniServerModule]:Global Cache Folder Erased. <1> Files deleted.
Project1.exe: 000023CC: 10:01:16 [TUniServerModule]:Starting HTTP Server on Port: 8077...
Project1.exe: 000023CC: 10:01:16 [TUniServerModule]:HTTP Server Started on Port: 8077
Project1.exe: 00000DB8: 10:01:24 []:>--------------------------------------------------------------<
Project1.exe: 00000DB8: 10:01:24 [TUniServerModule]:Server First Init.
Project1.exe: 00000DB8: 10:01:24 [TUniServerModule]:Global Cache Folder Erased. <1> Files deleted.
Project1.exe: 00000DB8: 10:01:24 [TUniServerModule]:Starting HTTP Server on Port: 8077...
Project1.exe: 00000DB8: 10:01:24 [TUniServerModule]:HTTP Server Started on Port: 8077
Project1.exe: 00000984: 10:02:38 []:>--------------------------------------------------------------<
Project1.exe: 00000984: 10:02:38 [TUniServerModule]:Server First Init.
Project1.exe: 00000984: 10:02:38 [TUniServerModule]:Global Cache Folder Erased. <1> Files deleted.
Project1.exe: 00000984: 10:02:38 [TUniServerModule]:Starting HTTP Server on Port: 8077...
Project1.exe: 00000984: 10:02:38 [TUniServerModule]:HTTP Server Started on Port: 8077
Project1.exe: 00002300: 10:06:20 []:>--------------------------------------------------------------<
Project1.exe: 00002300: 10:06:20 [TUniServerModule]:Server First Init.
Project1.exe: 00002300: 10:06:20 [TUniServerModule]:Global Cache Folder Erased. <14> Files deleted.
Project1.exe: 00002300: 10:06:20 [TUniServerModule]:Starting HTTP Server on Port: 8077...
Project1.exe: 00002300: 10:06:20 [TUniServerModule]:HTTP Server Started on Port: 8077
Project1.exe: 00001A00: 10:09:07 []:>--------------------------------------------------------------<
Project1.exe: 00001A00: 10:09:07 [TUniServerModule]:Server First Init.
Project1.exe: 00001A00: 10:09:07 [TUniServerModule]:Global Cache Folder Erased. <10> Files deleted.
Project1.exe: 00001A00: 10:09:07 [TUniServerModule]:Starting HTTP Server on Port: 8077...
Project1.exe: 00001A00: 10:09:07 [TUniServerModule]:HTTP Server Started on Port: 8077
Project1.exe: 000024FC: 10:09:12 [192.168.0.101]:EUniSessionException : Invalid session or session Timeout. : Addr: $007CEFF3
Project1.exe: 000024FC: 10:10:00 [192.168.0.101]:EDatabaseError : '12.500' is not a valid floating point value for field 'VALOR' : Addr: $0065EB43
Project1.exe: 000019D8: 10:12:36 []:>--------------------------------------------------------------<
Project1.exe: 000019D8: 10:12:36 [TUniServerModule]:Server First Init.
Project1.exe: 000019D8: 10:12:36 [TUniServerModule]:Global Cache Folder Erased. <7> Files deleted.
Project1.exe: 000019D8: 10:12:36 [TUniServerModule]:Starting HTTP Server on Port: 8077...
Project1.exe: 000019D8: 10:12:36 [TUniServerModule]:HTTP Server Started on Port: 8077
Project1.exe: 00001E20: 10:12:40 [192.168.0.101]:EUniSessionException : Invalid session or session Timeout. : Addr: $007CEFF3
Project1.exe: 00000F80: 10:15:59 []:>--------------------------------------------------------------<
Project1.exe: 00000F80: 10:15:59 [TUniServerModule]:Server First Init.
Project1.exe: 00000F80: 10:15:59 [TUniServerModule]:Global Cache Folder Erased. <9> Files deleted.
Project1.exe: 00000F80: 10:15:59 [TUniServerModule]:Starting HTTP Server on Port: 8077...
Project1.exe: 00000F80: 10:15:59 [TUniServerModule]:HTTP Server Started on Port: 8077
Project1.exe: 00000840: 10:16:01 [192.168.0.101]:EUniSessionException : Invalid session or session Timeout. : Addr: $007CEFF3
Project1.exe: 00001EB8: 10:16:39 []:>--------------------------------------------------------------<
Project1.exe: 00001EB8: 10:16:39 [TUniServerModule]:Server First Init.
Project1.exe: 00001EB8: 10:16:39 [TUniServerModule]:Debug Mode = ON
Project1.exe: 00001EB8: 10:16:39 [TUniServerModule]:Global Cache Folder Erased. <8> Files deleted.
Project1.exe: 00001EB8: 10:16:40 [TUniServerModule]:Starting HTTP Server on Port: 8077...
Project1.exe: 00001EB8: 10:16:40 [TUniServerModule]:HTTP Server Started on Port: 8077
Project1.exe: 00001818: 10:19:16 []:>--------------------------------------------------------------<
Project1.exe: 00001818: 10:19:16 [TUniServerModule]:Server First Init.
Project1.exe: 00001818: 10:19:16 [TUniServerModule]:Global Cache Folder Erased. <1> Files deleted.
Project1.exe: 00001818: 10:19:16 [TUniServerModule]:Starting HTTP Server on Port: 8077...
Project1.exe: 00001818: 10:19:16 [TUniServerModule]:HTTP Server Started on Port: 8077
Project1.exe: 000009EC: 10:19:18 [192.168.0.101]:EUniSessionException : Invalid session or session Timeout. : Addr: $007CEFF3
Project1.exe: 000013C8: 10:20:50 []:>--------------------------------------------------------------<
Project1.exe: 000013C8: 10:20:50 [TUniServerModule]:Server First Init.
Project1.exe: 000013C8: 10:20:50 [TUniServerModule]:Global Cache Folder Erased. <9> Files deleted.
Project1.exe: 000013C8: 10:20:50 [TUniServerModule]:Starting HTTP Server on Port: 8077...
Project1.exe: 000013C8: 10:20:50 [TUniServerModule]:HTTP Server Started on Port: 8077
Project1.exe: 00002798: 10:20:54 [192.168.0.101]:EUniSessionException : Invalid session or session Timeout. : Addr: $007CEFF3
Project1.exe: 000013D4: 10:23:08 []:>--------------------------------------------------------------<
Project1.exe: 000013D4: 10:23:08 [TUniServerModule]:Server First Init.
Project1.exe: 000013D4: 10:23:08 [TUniServerModule]:Global Cache Folder Erased. <17> Files deleted.
Project1.exe: 000013D4: 10:23:08 [TUniServerModule]:Starting HTTP Server on Port: 8077...
Project1.exe: 000013D4: 10:23:08 [TUniServerModule]:HTTP Server Started on Port: 8077
Project1.exe: 00000778: 10:24:12 [192.168.0.101]:EUniSessionException : Invalid session or session Timeout. : Addr: $007CEFF3
Project1.exe: 000023FC: 10:26:11 []:>--------------------------------------------------------------<
Project1.exe: 000023FC: 10:26:11 [TUniServerModule]:Server First Init.
Project1.exe: 000023FC: 10:26:11 [TUniServerModule]:Global Cache Folder Erased. <8> Files deleted.
Project1.exe: 000023FC: 10:26:11 [TUniServerModule]:Starting HTTP Server on Port: 8077...
Project1.exe: 000023FC: 10:26:11 [TUniServerModule]:HTTP Server Started on Port: 8077
Project1.exe: 000026F4: 10:26:13 [192.168.0.101]:EUniSessionException : Invalid session or session Timeout. : Addr: $007CEFF3
Project1.exe: 000023FC: 10:28:48 [TUniServerModule]:Shutting Down Server.
Project1.exe: 000023FC: 10:28:48 [TUniServerModule]:Stopping HTTP Server.
Project1.exe: 000023FC: 10:28:49 [TUniServerModule]:HTTP Server Stopped.
Project1.exe: 000023FC: 10:28:49 [TUniGUISessionManager]:Terminating Session manager.
Project1.exe: 000023FC: 10:28:49 [TUniGUISessionManager]:Stopping Cache Eraser...
Project1.exe: 000023FC: 10:28:49 [TUniGUISessionManager]:Cache Eraser Stopped.
Project1.exe: 000023FC: 10:28:49 [TUniGUISessionManager]:Destroying Worker Threads.
Project1.exe: 000023FC: 10:28:49 [TUniGUISessionManager]:Session manager terminated.
Project1.exe: 000023FC: 10:28:49 [TUniServerModule]:Server Shutdown Completed.
Project1.exe: 000023FC: 10:28:49 []:<-------------------------------------------------------------->
Project1.exe: 000023FC: 10:28:49 [Terminated]:Exit Code: 0
Project1.exe: 00001A7C: 10:35:42 []:>--------------------------------------------------------------<
Project1.exe: 00001A7C: 10:35:42 [TUniServerModule]:Server First Init.
Project1.exe: 00001A7C: 10:35:42 [TUniServerModule]:Starting HTTP Server on Port: 8077...
Project1.exe: 00001A7C: 10:35:42 [InitWebServer]:EIdCouldNotBindSocket : Could not bind socket. Address and port are already in use. : Addr: $006DD475
Project1.exe: 00001A7C: 10:35:48 [TUniServerModule]:Shutting Down Server.
Project1.exe: 00001A7C: 10:35:48 [TUniServerModule]:Stopping HTTP Server.
Project1.exe: 00001A7C: 10:35:49 [TUniServerModule]:HTTP Server Stopped.
Project1.exe: 00001A7C: 10:35:49 [TUniGUISessionManager]:Terminating Session manager.
Project1.exe: 00001A7C: 10:35:49 [TUniGUISessionManager]:Stopping Cache Eraser...
Project1.exe: 00001A7C: 10:35:49 [TUniGUISessionManager]:Cache Eraser Stopped.
Project1.exe: 00001A7C: 10:35:49 [TUniGUISessionManager]:Destroying Worker Threads.
Project1.exe: 00001A7C: 10:35:49 [TUniGUISessionManager]:Session manager terminated.
Project1.exe: 00001A7C: 10:35:49 [TUniServerModule]:Server Shutdown Completed.
Project1.exe: 00001A7C: 10:35:49 []:<-------------------------------------------------------------->
Project1.exe: 00001A7C: 10:35:49 [Terminated]:Exit Code: 0
Project1.exe: 00002614: 10:35:57 []:>--------------------------------------------------------------<
Project1.exe: 00002614: 10:35:57 [TUniServerModule]:Server First Init.
Project1.exe: 00002614: 10:35:57 [TUniServerModule]:Starting HTTP Server on Port: 8077...
Project1.exe: 00002614: 10:35:57 [TUniServerModule]:HTTP Server Started on Port: 8077
Project1.exe: 000013F8: 10:35:58 [192.168.0.101]:EUniSessionException : Invalid session or session Timeout. : Addr: $007CEFF3
Project1.exe: 000013F8: 10:35:58 [192.168.0.101]:EUniSessionException : Invalid session or session Timeout. : Addr: $007CEFF3
Project1.exe: 00001614: 10:37:16 []:>--------------------------------------------------------------<
Project1.exe: 00001614: 10:37:16 [TUniServerModule]:Server First Init.
Project1.exe: 00001614: 10:37:16 [TUniServerModule]:Global Cache Folder Erased. <9> Files deleted.
Project1.exe: 00001614: 10:37:17 [TUniServerModule]:Starting HTTP Server on Port: 8077...
Project1.exe: 00001614: 10:37:17 [TUniServerModule]:HTTP Server Started on Port: 8077
Project1.exe: 0000051C: 10:37:50 [192.168.0.101]:EUniSessionException : Invalid session or session Timeout. : Addr: $007CEFF3
Project1.exe: 000000F8: 11:06:35 []:>--------------------------------------------------------------<
Project1.exe: 000000F8: 11:06:35 [TUniServerModule]:Server First Init.
Project1.exe: 000000F8: 11:06:35 [TUniServerModule]:Global Cache Folder Erased. <2> Files deleted.
Project1.exe: 000000F8: 11:06:35 [TUniServerModule]:Starting HTTP Server on Port: 8077...
Project1.exe: 000000F8: 11:06:35 [TUniServerModule]:HTTP Server Started on Port: 8077
Project1.exe: 000016B0: 11:06:37 [192.168.0.101]:EUniSessionException : Invalid session or session Timeout. : Addr: $007CEFF3
Project1.exe: 000000F8: 11:34:56 [TUniServerModule]:Shutting Down Server.
Project1.exe: 000000F8: 11:34:56 [TUniServerModule]:Stopping HTTP Server.
Project1.exe: 000000F8: 11:34:56 [TUniServerModule]:HTTP Server Stopped.
Project1.exe: 000000F8: 11:34:56 [TUniGUISessionManager]:Terminating Session manager.
Project1.exe: 000000F8: 11:34:56 [TUniGUISessionManager]:Stopping Cache Eraser...
Project1.exe: 000000F8: 11:34:56 [TUniGUISessionManager]:Cache Eraser Stopped.
Project1.exe: 000000F8: 11:34:56 [TUniGUISessionManager]:Destroying Worker Threads.
Project1.exe: 000000F8: 11:34:56 [TUniGUISessionManager]:Session manager terminated.
Project1.exe: 000000F8: 11:34:56 [TUniServerModule]:Server Shutdown Completed.
Project1.exe: 000000F8: 11:34:56 []:<-------------------------------------------------------------->
Project1.exe: 000000F8: 11:34:56 [Terminated]:Exit Code: 0
