Project1.exe: 00003DCC: 18:21:39 []:>--------------------------------------------------------------<
Project1.exe: 00003DCC: 18:21:39 [TUniServerModule]:Server First Init.
Project1.exe: 00003DCC: 18:21:39 [TUniServerModule]:Global Cache Folder Erased. <3> Files deleted.
Project1.exe: 00003DCC: 18:21:39 [TUniServerModule]:Starting HTTP Server on Port: 8077...
Project1.exe: 00003DCC: 18:21:39 [TUniServerModule]:HTTP Server Started on Port: 8077
Project1.exe: 00003C24: 18:22:54 []:>--------------------------------------------------------------<
Project1.exe: 00003C24: 18:22:54 [TUniServerModule]:Server First Init.
Project1.exe: 00003C24: 18:22:54 [TUniServerModule]:Global Cache Folder Erased. <9> Files deleted.
Project1.exe: 00003C24: 18:22:54 [TUniServerModule]:Starting HTTP Server on Port: 8077...
Project1.exe: 00003C24: 18:22:54 [TUniServerModule]:HTTP Server Started on Port: 8077
Project1.exe: 0000181C: 18:22:57 [192.168.0.103]:EUniSessionException : Invalid session or session Timeout. : Addr: $007CE7F7
Project1.exe: 00002D04: 18:23:38 []:>--------------------------------------------------------------<
Project1.exe: 00002D04: 18:23:38 [TUniServerModule]:Server First Init.
Project1.exe: 00002D04: 18:23:38 [TUniServerModule]:Global Cache Folder Erased. <5> Files deleted.
Project1.exe: 00002D04: 18:23:38 [TUniServerModule]:Starting HTTP Server on Port: 8077...
Project1.exe: 00002D04: 18:23:38 [TUniServerModule]:HTTP Server Started on Port: 8077
Project1.exe: 00002424: 18:23:39 [192.168.0.103]:EUniSessionException : Invalid session or session Timeout. : Addr: $007CE7F7
Project1.exe: 00003CD0: 18:24:47 []:>--------------------------------------------------------------<
Project1.exe: 00003CD0: 18:24:47 [TUniServerModule]:Server First Init.
Project1.exe: 00003CD0: 18:24:47 [TUniServerModule]:Global Cache Folder Erased. <9> Files deleted.
Project1.exe: 00003CD0: 18:24:48 [TUniServerModule]:Starting HTTP Server on Port: 8077...
Project1.exe: 00003CD0: 18:24:48 [TUniServerModule]:HTTP Server Started on Port: 8077
Project1.exe: 00003F28: 18:24:51 [192.168.0.103]:EUniSessionException : Invalid session or session Timeout. : Addr: $007CE7F7
Project1.exe: 0000430C: 18:24:53 [192.168.0.105]:EUniSessionException : Invalid session or session Timeout. : Addr: $007CE7F7
Project1.exe: 0000138C: 18:45:40 [192.168.0.103]:EUniSessionException : Invalid session or session Timeout. : Addr: $007CE7F7
Project1.exe: 00003B50: 18:58:21 []:>--------------------------------------------------------------<
Project1.exe: 00003B50: 18:58:21 [TUniServerModule]:Server First Init.
Project1.exe: 00003B50: 18:58:21 [TUniServerModule]:Global Cache Folder Erased. <5> Files deleted.
Project1.exe: 00003B50: 18:58:21 [TUniServerModule]:Starting HTTP Server on Port: 8077...
Project1.exe: 00003B50: 18:58:21 [TUniServerModule]:HTTP Server Started on Port: 8077
Project1.exe: 000013C0: 18:58:23 [192.168.0.103]:EUniSessionException : Invalid session or session Timeout. : Addr: $007CE7F7
Project1.exe: 00000E8C: 19:04:15 []:>--------------------------------------------------------------<
Project1.exe: 00000E8C: 19:04:15 [TUniServerModule]:Server First Init.
Project1.exe: 00000E8C: 19:04:15 [TUniServerModule]:Global Cache Folder Erased. <4> Files deleted.
Project1.exe: 00000E8C: 19:04:15 [TUniServerModule]:Starting HTTP Server on Port: 8077...
Project1.exe: 00000E8C: 19:04:15 [TUniServerModule]:HTTP Server Started on Port: 8077
Project1.exe: 0000090C: 19:04:17 [192.168.0.103]:EUniSessionException : Invalid session or session Timeout. : Addr: $007CE7F7
Project1.exe: 00000AF0: 19:10:12 []:>--------------------------------------------------------------<
Project1.exe: 00000AF0: 19:10:12 [TUniServerModule]:Server First Init.
Project1.exe: 00000AF0: 19:10:12 [TUniServerModule]:Global Cache Folder Erased. <2> Files deleted.
Project1.exe: 00000AF0: 19:10:12 [TUniServerModule]:Starting HTTP Server on Port: 8077...
Project1.exe: 00000AF0: 19:10:12 [TUniServerModule]:HTTP Server Started on Port: 8077
Project1.exe: 00003FE4: 19:10:20 [192.168.0.103]:EUniSessionException : Invalid session or session Timeout. : Addr: $007CE7F7
Project1.exe: 00001630: 19:11:04 []:>--------------------------------------------------------------<
Project1.exe: 00001630: 19:11:04 [TUniServerModule]:Server First Init.
Project1.exe: 00001630: 19:11:04 [TUniServerModule]:Debug Mode = ON
Project1.exe: 00001630: 19:11:04 [TUniServerModule]:Global Cache Folder Erased. <2> Files deleted.
Project1.exe: 00001630: 19:11:04 [TUniServerModule]:Starting HTTP Server on Port: 8077...
Project1.exe: 00001630: 19:11:04 [TUniServerModule]:HTTP Server Started on Port: 8077
Project1.exe: 0000410C: 19:11:23 [192.168.0.103]:EUniSessionException : Invalid session or session Timeout. : Addr: $007CE7F7
Project1.exe: 00002870: 19:12:52 []:>--------------------------------------------------------------<
Project1.exe: 00002870: 19:12:52 [TUniServerModule]:Server First Init.
Project1.exe: 00002870: 19:12:52 [TUniServerModule]:Global Cache Folder Erased. <2> Files deleted.
Project1.exe: 00002870: 19:12:52 [TUniServerModule]:Starting HTTP Server on Port: 8077...
Project1.exe: 00002870: 19:12:52 [TUniServerModule]:HTTP Server Started on Port: 8077
Project1.exe: 00000AFC: 19:14:00 []:>--------------------------------------------------------------<
Project1.exe: 00000AFC: 19:14:00 [TUniServerModule]:Server First Init.
Project1.exe: 00000AFC: 19:14:00 [TUniServerModule]:Global Cache Folder Erased. <4> Files deleted.
Project1.exe: 00000AFC: 19:14:00 [TUniServerModule]:Starting HTTP Server on Port: 8077...
Project1.exe: 00000AFC: 19:14:00 [TUniServerModule]:HTTP Server Started on Port: 8077
Project1.exe: 000021A8: 19:14:00 [192.168.0.103]:EUniSessionException : Invalid session or session Timeout. : Addr: $007CE7F7
Project1.exe: 00004380: 19:14:59 []:>--------------------------------------------------------------<
Project1.exe: 00004380: 19:14:59 [TUniServerModule]:Server First Init.
Project1.exe: 00004380: 19:14:59 [TUniServerModule]:Global Cache Folder Erased. <4> Files deleted.
Project1.exe: 00004380: 19:14:59 [TUniServerModule]:Starting HTTP Server on Port: 8077...
Project1.exe: 00004380: 19:14:59 [TUniServerModule]:HTTP Server Started on Port: 8077
Project1.exe: 00001A5C: 19:23:51 []:>--------------------------------------------------------------<
Project1.exe: 00001A5C: 19:23:51 [TUniServerModule]:Server First Init.
Project1.exe: 00001A5C: 19:23:51 [TUniServerModule]:Global Cache Folder Erased. <4> Files deleted.
Project1.exe: 00001A5C: 19:23:51 [TUniServerModule]:Starting HTTP Server on Port: 8077...
Project1.exe: 00001A5C: 19:23:51 [TUniServerModule]:HTTP Server Started on Port: 8077
Project1.exe: 00001A5C: 19:24:12 [TUniServerModule]:Shutting Down Server.
Project1.exe: 00001A5C: 19:24:12 [TUniServerModule]:Stopping HTTP Server.
Project1.exe: 00001A5C: 19:24:13 [TUniServerModule]:HTTP Server Stopped.
Project1.exe: 00001A5C: 19:24:13 [TUniGUISessionManager]:Terminating Session manager.
Project1.exe: 00001A5C: 19:24:13 [TUniGUISessionManager]:Stopping Cache Eraser...
Project1.exe: 00001A5C: 19:24:13 [TUniGUISessionManager]:Cache Eraser Stopped.
Project1.exe: 00001A5C: 19:24:13 [TUniGUISessionManager]:Destroying Worker Threads.
Project1.exe: 00001A5C: 19:24:13 [TUniGUISessionManager]:Session manager terminated.
Project1.exe: 00001A5C: 19:24:13 [TUniServerModule]:Server Shutdown Completed.
Project1.exe: 00001A5C: 19:24:13 []:<-------------------------------------------------------------->
Project1.exe: 00001A5C: 19:24:13 [Terminated]:Exit Code: 0
Project1.exe: 00001514: 19:24:20 []:>--------------------------------------------------------------<
Project1.exe: 00001514: 19:24:20 [TUniServerModule]:Server First Init.
Project1.exe: 00001514: 19:24:20 [TUniServerModule]:Debug Mode = ON
Project1.exe: 00001514: 19:24:20 [TUniServerModule]:Starting HTTP Server on Port: 8077...
Project1.exe: 00001514: 19:24:20 [TUniServerModule]:HTTP Server Started on Port: 8077
Project1.exe: 0000138C: 19:25:49 []:>--------------------------------------------------------------<
Project1.exe: 0000138C: 19:25:49 [TUniServerModule]:Server First Init.
Project1.exe: 0000138C: 19:25:49 [TUniServerModule]:Global Cache Folder Erased. <6> Files deleted.
Project1.exe: 0000138C: 19:25:49 [TUniServerModule]:Starting HTTP Server on Port: 8077...
Project1.exe: 0000138C: 19:25:49 [TUniServerModule]:HTTP Server Started on Port: 8077
Project1.exe: 00002C88: 19:32:14 []:>--------------------------------------------------------------<
Project1.exe: 00002C88: 19:32:14 [TUniServerModule]:Server First Init.
Project1.exe: 00002C88: 19:32:14 [TUniServerModule]:Global Cache Folder Erased. <6> Files deleted.
Project1.exe: 00002C88: 19:32:14 [TUniServerModule]:Starting HTTP Server on Port: 8077...
Project1.exe: 00002C88: 19:32:14 [TUniServerModule]:HTTP Server Started on Port: 8077
Project1.exe: 00002940: 19:34:46 []:>--------------------------------------------------------------<
Project1.exe: 00002940: 19:34:46 [TUniServerModule]:Server First Init.
Project1.exe: 00002940: 19:34:46 [TUniServerModule]:Global Cache Folder Erased. <4> Files deleted.
Project1.exe: 00002940: 19:34:46 [TUniServerModule]:Starting HTTP Server on Port: 8077...
Project1.exe: 00002940: 19:34:46 [TUniServerModule]:HTTP Server Started on Port: 8077
Project1.exe: 00003D44: 19:39:33 []:>--------------------------------------------------------------<
Project1.exe: 00003D44: 19:39:33 [TUniServerModule]:Server First Init.
Project1.exe: 00003D44: 19:39:33 [TUniServerModule]:Global Cache Folder Erased. <4> Files deleted.
Project1.exe: 00003D44: 19:39:33 [TUniServerModule]:Starting HTTP Server on Port: 8077...
Project1.exe: 00003D44: 19:39:33 [TUniServerModule]:HTTP Server Started on Port: 8077
Project1.exe: 00002624: 19:58:06 []:>--------------------------------------------------------------<
Project1.exe: 00002624: 19:58:06 [TUniServerModule]:Server First Init.
Project1.exe: 00002624: 19:58:06 [TUniServerModule]:Global Cache Folder Erased. <8> Files deleted.
Project1.exe: 00002624: 19:58:06 [TUniServerModule]:Starting HTTP Server on Port: 8077...
Project1.exe: 00002624: 19:58:06 [TUniServerModule]:HTTP Server Started on Port: 8077
Project1.exe: 00003364: 20:00:35 []:>--------------------------------------------------------------<
Project1.exe: 00003364: 20:00:35 [TUniServerModule]:Server First Init.
Project1.exe: 00003364: 20:00:35 [TUniServerModule]:Global Cache Folder Erased. <4> Files deleted.
Project1.exe: 00003364: 20:00:35 [TUniServerModule]:Starting HTTP Server on Port: 8077...
Project1.exe: 00003364: 20:00:35 [TUniServerModule]:HTTP Server Started on Port: 8077
Project1.exe: 00001450: 20:00:36 [192.168.0.103]:EUniSessionException : Invalid session or session Timeout. : Addr: $007CE7F7
Project1.exe: 00001F40: 20:01:55 [127.0.0.1]:EUniSessionException : Invalid session or session Timeout. : Addr: $007CE7F7
Project1.exe: 00004394: 20:12:11 []:>--------------------------------------------------------------<
Project1.exe: 00004394: 20:12:11 [TUniServerModule]:Server First Init.
Project1.exe: 00004394: 20:12:11 [TUniServerModule]:Global Cache Folder Erased. <11> Files deleted.
Project1.exe: 00004394: 20:12:11 [TUniServerModule]:Starting HTTP Server on Port: 8077...
Project1.exe: 00004394: 20:12:11 [TUniServerModule]:HTTP Server Started on Port: 8077
Project1.exe: 0000329C: 20:15:48 []:>--------------------------------------------------------------<
Project1.exe: 0000329C: 20:15:48 [TUniServerModule]:Server First Init.
Project1.exe: 0000329C: 20:15:48 [TUniServerModule]:Global Cache Folder Erased. <6> Files deleted.
Project1.exe: 0000329C: 20:15:48 [TUniServerModule]:Starting HTTP Server on Port: 8077...
Project1.exe: 0000329C: 20:15:48 [TUniServerModule]:HTTP Server Started on Port: 8077
Project1.exe: 00000948: 20:15:49 [192.168.0.103]:EUniSessionException : Invalid session or session Timeout. : Addr: $007CE7F7
Project1.exe: 00001630: 20:16:52 []:>--------------------------------------------------------------<
Project1.exe: 00001630: 20:16:52 [TUniServerModule]:Server First Init.
Project1.exe: 00001630: 20:16:52 [TUniServerModule]:Global Cache Folder Erased. <2> Files deleted.
Project1.exe: 00001630: 20:16:52 [TUniServerModule]:Starting HTTP Server on Port: 8077...
Project1.exe: 00001630: 20:16:52 [TUniServerModule]:HTTP Server Started on Port: 8077
Project1.exe: 00002608: 20:16:55 [192.168.0.103]:EUniSessionException : Invalid session or session Timeout. : Addr: $007CE7F7
Project1.exe: 00001A0C: 21:24:48 []:>--------------------------------------------------------------<
Project1.exe: 00001A0C: 21:24:48 [TUniServerModule]:Server First Init.
Project1.exe: 00001A0C: 21:24:48 [TUniServerModule]:Global Cache Folder Erased. <2> Files deleted.
Project1.exe: 00001A0C: 21:24:48 [TUniServerModule]:Starting HTTP Server on Port: 8077...
Project1.exe: 00001A0C: 21:24:48 [TUniServerModule]:HTTP Server Started on Port: 8077
Project1.exe: 00001254: 21:26:28 []:>--------------------------------------------------------------<
Project1.exe: 00001254: 21:26:28 [TUniServerModule]:Server First Init.
Project1.exe: 00001254: 21:26:28 [TUniServerModule]:Global Cache Folder Erased. <2> Files deleted.
Project1.exe: 00001254: 21:26:28 [TUniServerModule]:Starting HTTP Server on Port: 8077...
Project1.exe: 00001254: 21:26:28 [TUniServerModule]:HTTP Server Started on Port: 8077
Project1.exe: 00000B28: 21:26:33 [192.168.0.100]:EUniSessionException : Invalid session or session Timeout. : Addr: $007CE7F7
Project1.exe: 0000125C: 21:30:20 []:>--------------------------------------------------------------<
Project1.exe: 0000125C: 21:30:20 [TUniServerModule]:Server First Init.
Project1.exe: 0000125C: 21:30:20 [TUniServerModule]:Global Cache Folder Erased. <7> Files deleted.
Project1.exe: 0000125C: 21:30:20 [TUniServerModule]:Starting HTTP Server on Port: 8077...
Project1.exe: 0000125C: 21:30:20 [TUniServerModule]:HTTP Server Started on Port: 8077
Project1.exe: 00001E18: 21:30:47 []:>--------------------------------------------------------------<
Project1.exe: 00001E18: 21:30:47 [TUniServerModule]:Server First Init.
Project1.exe: 00001E18: 21:30:47 [TUniServerModule]:Global Cache Folder Erased. <1> Files deleted.
Project1.exe: 00001E18: 21:30:47 [TUniServerModule]:Starting HTTP Server on Port: 8077...
Project1.exe: 00001E18: 21:30:47 [TUniServerModule]:HTTP Server Started on Port: 8077
Project1.exe: 0000218C: 21:30:47 [192.168.0.100]:EUniSessionException : Invalid session or session Timeout. : Addr: $007CE7F7
Project1.exe: 0000218C: 21:30:47 [192.168.0.100]:EUniSessionException : Invalid session or session Timeout. : Addr: $007CE7F7
Project1.exe: 000012D8: 21:30:59 []:>--------------------------------------------------------------<
Project1.exe: 000012D8: 21:30:59 [TUniServerModule]:Server First Init.
Project1.exe: 000012D8: 21:30:59 [TUniServerModule]:Global Cache Folder Erased. <2> Files deleted.
Project1.exe: 000012D8: 21:30:59 [TUniServerModule]:Starting HTTP Server on Port: 8077...
Project1.exe: 000012D8: 21:30:59 [TUniServerModule]:HTTP Server Started on Port: 8077
Project1.exe: 000025FC: 21:31:05 [192.168.0.100]:EUniSessionException : Invalid session or session Timeout. : Addr: $007CE7F7
Project1.exe: 000012D8: 21:31:26 [TUniServerModule]:Shutting Down Server.
Project1.exe: 000012D8: 21:31:26 [TUniServerModule]:Stopping HTTP Server.
Project1.exe: 000012D8: 21:31:27 [TUniServerModule]:HTTP Server Stopped.
Project1.exe: 000012D8: 21:31:27 [TUniGUISessionManager]:Terminating Session manager.
Project1.exe: 000012D8: 21:31:27 [TUniGUISessionManager]:Stopping Cache Eraser...
Project1.exe: 000012D8: 21:31:27 [TUniGUISessionManager]:Cache Eraser Stopped.
Project1.exe: 000012D8: 21:31:27 [TUniGUISessionManager]:Destroying Worker Threads.
Project1.exe: 000012D8: 21:31:27 [TUniGUISessionManager]:Session manager terminated.
Project1.exe: 000012D8: 21:31:27 [TUniServerModule]:Server Shutdown Completed.
Project1.exe: 000012D8: 21:31:27 []:<-------------------------------------------------------------->
Project1.exe: 000012D8: 21:31:27 [Terminated]:Exit Code: 0
Project1.exe: 00001AF4: 21:31:50 []:>--------------------------------------------------------------<
Project1.exe: 00001AF4: 21:31:50 [TUniServerModule]:Server First Init.
Project1.exe: 00001AF4: 21:31:50 [TUniServerModule]:Starting HTTP Server on Port: 8077...
Project1.exe: 00001AF4: 21:31:50 [TUniServerModule]:HTTP Server Started on Port: 8077
Project1.exe: 000025B0: 21:31:50 [192.168.0.100]:EUniSessionException : Invalid session or session Timeout. : Addr: $007CE7F7
Project1.exe: 00001AF4: 21:33:32 [TUniServerModule]:Shutting Down Server.
Project1.exe: 00001AF4: 21:33:32 [TUniServerModule]:Stopping HTTP Server.
Project1.exe: 00001AF4: 21:33:33 [TUniServerModule]:HTTP Server Stopped.
Project1.exe: 00001AF4: 21:33:33 [TUniGUISessionManager]:Terminating Session manager.
Project1.exe: 00001AF4: 21:33:33 [TUniGUISessionManager]:Stopping Cache Eraser...
Project1.exe: 00001AF4: 21:33:33 [TUniGUISessionManager]:Cache Eraser Stopped.
Project1.exe: 00001AF4: 21:33:33 [TUniGUISessionManager]:Destroying Worker Threads.
Project1.exe: 00001AF4: 21:33:33 [TUniGUISessionManager]:Session manager terminated.
Project1.exe: 00001AF4: 21:33:33 [TUniServerModule]:Server Shutdown Completed.
Project1.exe: 00001AF4: 21:33:33 []:<-------------------------------------------------------------->
Project1.exe: 00001AF4: 21:33:33 [Terminated]:Exit Code: 0
Project1.exe: 00002514: 21:56:07 []:>--------------------------------------------------------------<
Project1.exe: 00002514: 21:56:07 [TUniServerModule]:Server First Init.
Project1.exe: 00002514: 21:56:08 [TUniServerModule]:Starting HTTP Server on Port: 8077...
Project1.exe: 00002514: 21:56:08 [TUniServerModule]:HTTP Server Started on Port: 8077
Project1.exe: 000008BC: 22:01:45 []:>--------------------------------------------------------------<
Project1.exe: 000008BC: 22:01:45 [TUniServerModule]:Server First Init.
Project1.exe: 000008BC: 22:01:45 [TUniServerModule]:Global Cache Folder Erased. <6> Files deleted.
Project1.exe: 000008BC: 22:01:45 [TUniServerModule]:Starting HTTP Server on Port: 8077...
Project1.exe: 000008BC: 22:01:45 [TUniServerModule]:HTTP Server Started on Port: 8077
Project1.exe: 00000A54: 22:01:47 [192.168.0.100]:EUniSessionException : Invalid session or session Timeout. : Addr: $007CE7F7
Project1.exe: 0000234C: 22:02:40 []:>--------------------------------------------------------------<
Project1.exe: 0000234C: 22:02:40 [TUniServerModule]:Server First Init.
Project1.exe: 0000234C: 22:02:40 [TUniServerModule]:Global Cache Folder Erased. <2> Files deleted.
Project1.exe: 0000234C: 22:02:40 [TUniServerModule]:Starting HTTP Server on Port: 8077...
Project1.exe: 0000234C: 22:02:40 [TUniServerModule]:HTTP Server Started on Port: 8077
Project1.exe: 000004A0: 22:02:43 [192.168.0.100]:EUniSessionException : Invalid session or session Timeout. : Addr: $007CE7F7
Project1.exe: 00002694: 22:05:56 []:>--------------------------------------------------------------<
Project1.exe: 00002694: 22:05:56 [TUniServerModule]:Server First Init.
Project1.exe: 00002694: 22:05:56 [TUniServerModule]:Global Cache Folder Erased. <4> Files deleted.
Project1.exe: 00002694: 22:05:56 [TUniServerModule]:Starting HTTP Server on Port: 8077...
Project1.exe: 00002694: 22:05:56 [TUniServerModule]:HTTP Server Started on Port: 8077
Project1.exe: 00000F50: 22:05:58 [192.168.0.106]:EUniSessionException : Invalid session or session Timeout. : Addr: $007CE7F7
Project1.exe: 0000268C: 22:05:59 [192.168.0.100]:EUniSessionException : Invalid session or session Timeout. : Addr: $007CE7F7
Project1.exe: 00000FEC: 22:06:10 []:>--------------------------------------------------------------<
Project1.exe: 00000FEC: 22:06:10 [TUniServerModule]:Server First Init.
Project1.exe: 00000FEC: 22:06:10 [TUniServerModule]:Global Cache Folder Erased. <2> Files deleted.
Project1.exe: 00000FEC: 22:06:11 [TUniServerModule]:Starting HTTP Server on Port: 8077...
Project1.exe: 00000FEC: 22:06:11 [TUniServerModule]:HTTP Server Started on Port: 8077
Project1.exe: 00002300: 22:06:19 [192.168.0.100]:EUniSessionException : Invalid session or session Timeout. : Addr: $007CE7F7
Project1.exe: 00002678: 22:07:47 []:>--------------------------------------------------------------<
Project1.exe: 00002678: 22:07:47 [TUniServerModule]:Server First Init.
Project1.exe: 00002678: 22:07:47 [TUniServerModule]:Global Cache Folder Erased. <2> Files deleted.
Project1.exe: 00002678: 22:07:47 [TUniServerModule]:Starting HTTP Server on Port: 8077...
Project1.exe: 00002678: 22:07:47 [TUniServerModule]:HTTP Server Started on Port: 8077
Project1.exe: 00000DD0: 22:11:55 []:>--------------------------------------------------------------<
Project1.exe: 00000DD0: 22:11:55 [TUniServerModule]:Server First Init.
Project1.exe: 00000DD0: 22:11:55 [TUniServerModule]:Global Cache Folder Erased. <1> Files deleted.
Project1.exe: 00000DD0: 22:11:55 [TUniServerModule]:Starting HTTP Server on Port: 8077...
Project1.exe: 00000DD0: 22:11:55 [TUniServerModule]:HTTP Server Started on Port: 8077
Project1.exe: 00000DC8: 22:11:55 [192.168.0.100]:EUniSessionException : Invalid session or session Timeout. : Addr: $007CE7F7
Project1.exe: 000027FC: 22:15:08 []:>--------------------------------------------------------------<
Project1.exe: 000027FC: 22:15:08 [TUniServerModule]:Server First Init.
Project1.exe: 000027FC: 22:15:08 [TUniServerModule]:Global Cache Folder Erased. <5> Files deleted.
Project1.exe: 000027FC: 22:15:08 [TUniServerModule]:Starting HTTP Server on Port: 8077...
Project1.exe: 000027FC: 22:15:08 [TUniServerModule]:HTTP Server Started on Port: 8077
Project1.exe: 000025AC: 22:15:08 [192.168.0.100]:EUniSessionException : Invalid session or session Timeout. : Addr: $007CE7F7
Project1.exe: 00001630: 22:16:03 []:>--------------------------------------------------------------<
Project1.exe: 00001630: 22:16:03 [TUniServerModule]:Server First Init.
Project1.exe: 00001630: 22:16:03 [TUniServerModule]:Global Cache Folder Erased. <7> Files deleted.
Project1.exe: 00001630: 22:16:03 [TUniServerModule]:Starting HTTP Server on Port: 8077...
Project1.exe: 00001630: 22:16:03 [TUniServerModule]:HTTP Server Started on Port: 8077
Project1.exe: 000000C4: 22:16:04 [192.168.0.100]:EUniSessionException : Invalid session or session Timeout. : Addr: $007CE7F7
Project1.exe: 00001E7C: 22:20:15 []:>--------------------------------------------------------------<
Project1.exe: 00001E7C: 22:20:15 [TUniServerModule]:Server First Init.
Project1.exe: 00001E7C: 22:20:15 [TUniServerModule]:Global Cache Folder Erased. <3> Files deleted.
Project1.exe: 00001E7C: 22:20:15 [TUniServerModule]:Starting HTTP Server on Port: 8077...
Project1.exe: 00001E7C: 22:20:15 [TUniServerModule]:HTTP Server Started on Port: 8077
Project1.exe: 00000CA0: 22:20:15 [192.168.0.100]:EUniSessionException : Invalid session or session Timeout. : Addr: $007CE7F7
Project1.exe: 0000226C: 22:21:04 []:>--------------------------------------------------------------<
Project1.exe: 0000226C: 22:21:04 [TUniServerModule]:Server First Init.
Project1.exe: 0000226C: 22:21:04 [TUniServerModule]:Global Cache Folder Erased. <2> Files deleted.
Project1.exe: 0000226C: 22:21:04 [TUniServerModule]:Starting HTTP Server on Port: 8077...
Project1.exe: 0000226C: 22:21:04 [TUniServerModule]:HTTP Server Started on Port: 8077
Project1.exe: 00000864: 22:21:04 [192.168.0.100]:EUniSessionException : Invalid session or session Timeout. : Addr: $007CE7F7
Project1.exe: 00001F00: 22:22:17 []:>--------------------------------------------------------------<
Project1.exe: 00001F00: 22:22:17 [TUniServerModule]:Server First Init.
Project1.exe: 00001F00: 22:22:17 [TUniServerModule]:Global Cache Folder Erased. <2> Files deleted.
Project1.exe: 00001F00: 22:22:17 [TUniServerModule]:Starting HTTP Server on Port: 8077...
Project1.exe: 00001F00: 22:22:17 [TUniServerModule]:HTTP Server Started on Port: 8077
Project1.exe: 000015EC: 22:22:18 [192.168.0.100]:EUniSessionException : Invalid session or session Timeout. : Addr: $007CE7F7
Project1.exe: 000007BC: 22:23:07 []:>--------------------------------------------------------------<
Project1.exe: 000007BC: 22:23:07 [TUniServerModule]:Server First Init.
Project1.exe: 000007BC: 22:23:07 [TUniServerModule]:Global Cache Folder Erased. <2> Files deleted.
Project1.exe: 000007BC: 22:23:07 [TUniServerModule]:Starting HTTP Server on Port: 8077...
Project1.exe: 000007BC: 22:23:07 [TUniServerModule]:HTTP Server Started on Port: 8077
Project1.exe: 000025B0: 22:23:11 [192.168.0.100]:EUniSessionException : Invalid session or session Timeout. : Addr: $007CE7F7
Project1.exe: 00001610: 22:24:03 []:>--------------------------------------------------------------<
Project1.exe: 00001610: 22:24:03 [TUniServerModule]:Server First Init.
Project1.exe: 00001610: 22:24:03 [TUniServerModule]:Global Cache Folder Erased. <2> Files deleted.
Project1.exe: 00001610: 22:24:03 [TUniServerModule]:Starting HTTP Server on Port: 8077...
Project1.exe: 00001610: 22:24:03 [TUniServerModule]:HTTP Server Started on Port: 8077
Project1.exe: 0000093C: 22:24:04 [192.168.0.100]:EUniSessionException : Invalid session or session Timeout. : Addr: $007CE7F7
Project1.exe: 0000094C: 22:24:52 []:>--------------------------------------------------------------<
Project1.exe: 0000094C: 22:24:52 [TUniServerModule]:Server First Init.
Project1.exe: 0000094C: 22:24:52 [TUniServerModule]:Global Cache Folder Erased. <3> Files deleted.
Project1.exe: 0000094C: 22:24:52 [TUniServerModule]:Starting HTTP Server on Port: 8077...
Project1.exe: 0000094C: 22:24:52 [TUniServerModule]:HTTP Server Started on Port: 8077
Project1.exe: 00000A08: 22:24:57 []:>--------------------------------------------------------------<
Project1.exe: 00000A08: 22:24:57 [TUniServerModule]:Server First Init.
Project1.exe: 00000A08: 22:24:57 [TUniServerModule]:Global Cache Folder Erased. <1> Files deleted.
Project1.exe: 00000A08: 22:24:57 [TUniServerModule]:Starting HTTP Server on Port: 8077...
Project1.exe: 00000A08: 22:24:57 [TUniServerModule]:HTTP Server Started on Port: 8077
Project1.exe: 00000F1C: 22:24:59 [192.168.0.100]:EUniSessionException : Invalid session or session Timeout. : Addr: $007CE7F7
Project1.exe: 0000032C: 22:25:41 []:>--------------------------------------------------------------<
Project1.exe: 0000032C: 22:25:41 [TUniServerModule]:Server First Init.
Project1.exe: 0000032C: 22:25:41 [TUniServerModule]:Global Cache Folder Erased. <3> Files deleted.
Project1.exe: 0000032C: 22:25:41 [TUniServerModule]:Starting HTTP Server on Port: 8077...
Project1.exe: 0000032C: 22:25:41 [TUniServerModule]:HTTP Server Started on Port: 8077
Project1.exe: 00000674: 22:26:02 []:>--------------------------------------------------------------<
Project1.exe: 00000674: 22:26:02 [TUniServerModule]:Server First Init.
Project1.exe: 00000674: 22:26:02 [TUniServerModule]:Global Cache Folder Erased. <1> Files deleted.
Project1.exe: 00000674: 22:26:02 [TUniServerModule]:Starting HTTP Server on Port: 8077...
Project1.exe: 00000674: 22:26:02 [TUniServerModule]:HTTP Server Started on Port: 8077
Project1.exe: 000017CC: 22:26:09 [192.168.0.100]:EUniSessionException : Invalid session or session Timeout. : Addr: $007CE7F7
Project1.exe: 00001D88: 22:41:05 []:>--------------------------------------------------------------<
Project1.exe: 00001D88: 22:41:05 [TUniServerModule]:Server First Init.
Project1.exe: 00001D88: 22:41:05 [TUniServerModule]:Global Cache Folder Erased. <11> Files deleted.
Project1.exe: 00001D88: 22:41:05 [TUniServerModule]:Starting HTTP Server on Port: 8077...
Project1.exe: 00001D88: 22:41:05 [TUniServerModule]:HTTP Server Started on Port: 8077
Project1.exe: 00000FFC: 22:41:06 [192.168.0.100]:EUniSessionException : Invalid session or session Timeout. : Addr: $007CE7F7
Project1.exe: 00002230: 22:42:00 [192.168.0.100]:EUniSessionException : Invalid session or session Timeout. : Addr: $007CE7F7
Project1.exe: 00001A64: 22:53:00 []:>--------------------------------------------------------------<
Project1.exe: 00001A64: 22:53:00 [TUniServerModule]:Server First Init.
Project1.exe: 00001A64: 22:53:00 [TUniServerModule]:Global Cache Folder Erased. <5> Files deleted.
Project1.exe: 00001A64: 22:53:00 [TUniServerModule]:Starting HTTP Server on Port: 8077...
Project1.exe: 00001A64: 22:53:00 [TUniServerModule]:HTTP Server Started on Port: 8077
Project1.exe: 00001600: 22:53:03 [192.168.0.100]:EUniSessionException : Invalid session or session Timeout. : Addr: $007CE7F7
Project1.exe: 00001600: 22:53:03 [192.168.0.100]:EUniSessionException : Invalid session or session Timeout. : Addr: $007CE7F7
Project1.exe: 00002ABC: 22:54:06 []:>--------------------------------------------------------------<
Project1.exe: 00002ABC: 22:54:06 [TUniServerModule]:Server First Init.
Project1.exe: 00002ABC: 22:54:06 [TUniServerModule]:Global Cache Folder Erased. <3> Files deleted.
Project1.exe: 00002ABC: 22:54:06 [TUniServerModule]:Starting HTTP Server on Port: 8077...
Project1.exe: 00002ABC: 22:54:06 [TUniServerModule]:HTTP Server Started on Port: 8077
Project1.exe: 000009E8: 22:54:09 [192.168.0.100]:EUniSessionException : Invalid session or session Timeout. : Addr: $007CE7F7
Project1.exe: 00002BBC: 23:21:19 []:>--------------------------------------------------------------<
Project1.exe: 00002BBC: 23:21:19 [TUniServerModule]:Server First Init.
Project1.exe: 00002BBC: 23:21:19 [TUniServerModule]:Global Cache Folder Erased. <1> Files deleted.
Project1.exe: 00002BBC: 23:21:19 [TUniServerModule]:Starting HTTP Server on Port: 8077...
Project1.exe: 00002BBC: 23:21:19 [TUniServerModule]:HTTP Server Started on Port: 8077
Project1.exe: 00002BBC: 23:21:57 [TUniServerModule]:Shutting Down Server.
Project1.exe: 00002BBC: 23:21:57 [TUniServerModule]:Stopping HTTP Server.
Project1.exe: 00002BBC: 23:21:58 [TUniServerModule]:HTTP Server Stopped.
Project1.exe: 00002BBC: 23:21:58 [TUniGUISessionManager]:Terminating Session manager.
Project1.exe: 00002BBC: 23:21:58 [TUniGUISessionManager]:Stopping Cache Eraser...
Project1.exe: 00002BBC: 23:21:58 [TUniGUISessionManager]:Cache Eraser Stopped.
Project1.exe: 00002BBC: 23:21:58 [TUniGUISessionManager]:Destroying Worker Threads.
Project1.exe: 00002BBC: 23:21:58 [TUniGUISessionManager]:Session manager terminated.
Project1.exe: 00002BBC: 23:21:58 [TUniServerModule]:Server Shutdown Completed.
Project1.exe: 00002BBC: 23:21:58 []:<-------------------------------------------------------------->
Project1.exe: 00002BBC: 23:21:58 [Terminated]:Exit Code: 0
Project1.exe: 00002590: 23:24:21 []:>--------------------------------------------------------------<
Project1.exe: 00002590: 23:24:21 [TUniServerModule]:Server First Init.
Project1.exe: 00002590: 23:24:21 [TUniServerModule]:Starting HTTP Server on Port: 8077...
Project1.exe: 00002590: 23:24:21 [InitWebServer]:EIdCouldNotBindSocket : Could not bind socket. Address and port are already in use. : Addr: $006DD4ED
Project1.exe: 00002590: 23:24:27 [TUniServerModule]:Shutting Down Server.
Project1.exe: 00002590: 23:24:27 [TUniServerModule]:Stopping HTTP Server.
Project1.exe: 00002590: 23:24:27 [TUniServerModule]:HTTP Server Stopped.
Project1.exe: 00002590: 23:24:27 [TUniGUISessionManager]:Terminating Session manager.
Project1.exe: 00002590: 23:24:27 [TUniGUISessionManager]:Stopping Cache Eraser...
Project1.exe: 00002590: 23:24:27 [TUniGUISessionManager]:Cache Eraser Stopped.
Project1.exe: 00002590: 23:24:27 [TUniGUISessionManager]:Destroying Worker Threads.
Project1.exe: 00002590: 23:24:27 [TUniGUISessionManager]:Session manager terminated.
Project1.exe: 00002590: 23:24:27 [TUniServerModule]:Server Shutdown Completed.
Project1.exe: 00002590: 23:24:27 []:<-------------------------------------------------------------->
Project1.exe: 00002590: 23:24:27 [Terminated]:Exit Code: 0
Project1.exe: 0000273C: 23:24:35 []:>--------------------------------------------------------------<
Project1.exe: 0000273C: 23:24:35 [TUniServerModule]:Server First Init.
Project1.exe: 0000273C: 23:24:35 [TUniServerModule]:Starting HTTP Server on Port: 8077...
Project1.exe: 0000273C: 23:24:35 [TUniServerModule]:HTTP Server Started on Port: 8077
Project1.exe: 0000065C: 23:24:35 [192.168.0.100]:EUniSessionException : Invalid session or session Timeout. : Addr: $007CF713
Project1.exe: 0000053C: 23:29:46 []:>--------------------------------------------------------------<
Project1.exe: 0000053C: 23:29:46 [TUniServerModule]:Server First Init.
Project1.exe: 0000053C: 23:29:46 [TUniServerModule]:Global Cache Folder Erased. <6> Files deleted.
Project1.exe: 0000053C: 23:29:46 [TUniServerModule]:Starting HTTP Server on Port: 8077...
Project1.exe: 0000053C: 23:29:46 [TUniServerModule]:HTTP Server Started on Port: 8077
Project1.exe: 000028C8: 23:29:47 [192.168.0.100]:EUniSessionException : Invalid session or session Timeout. : Addr: $007CF713
Project1.exe: 00002AF8: 23:34:25 []:>--------------------------------------------------------------<
Project1.exe: 00002AF8: 23:34:25 [TUniServerModule]:Server First Init.
Project1.exe: 00002AF8: 23:34:25 [TUniServerModule]:Global Cache Folder Erased. <6> Files deleted.
Project1.exe: 00002AF8: 23:34:25 [TUniServerModule]:Starting HTTP Server on Port: 8077...
Project1.exe: 00002AF8: 23:34:25 [TUniServerModule]:HTTP Server Started on Port: 8077
Project1.exe: 00002768: 23:34:28 [192.168.0.100]:EUniSessionException : Invalid session or session Timeout. : Addr: $007CF713
Project1.exe: 000017CC: 23:35:00 []:>--------------------------------------------------------------<
Project1.exe: 000017CC: 23:35:00 [TUniServerModule]:Server First Init.
Project1.exe: 000017CC: 23:35:00 [TUniServerModule]:Global Cache Folder Erased. <4> Files deleted.
Project1.exe: 000017CC: 23:35:00 [TUniServerModule]:Starting HTTP Server on Port: 8077...
Project1.exe: 000017CC: 23:35:00 [TUniServerModule]:HTTP Server Started on Port: 8077
Project1.exe: 00000900: 23:35:02 [192.168.0.100]:EUniSessionException : Invalid session or session Timeout. : Addr: $007CF713
Project1.exe: 00002868: 23:36:03 []:>--------------------------------------------------------------<
Project1.exe: 00002868: 23:36:03 [TUniServerModule]:Server First Init.
Project1.exe: 00002868: 23:36:03 [TUniServerModule]:Global Cache Folder Erased. <6> Files deleted.
Project1.exe: 00002868: 23:36:03 [TUniServerModule]:Starting HTTP Server on Port: 8077...
Project1.exe: 00002868: 23:36:03 [TUniServerModule]:HTTP Server Started on Port: 8077
Project1.exe: 000011B4: 23:36:07 [192.168.0.100]:EUniSessionException : Invalid session or session Timeout. : Addr: $007CF713
