Project1.exe: 00000054: 00:07:37 []:>--------------------------------------------------------------<
Project1.exe: 00000054: 00:07:37 [TUniServerModule]:Server First Init.
Project1.exe: 00000054: 00:07:37 [TUniServerModule]:Global Cache Folder Erased. <2> Files deleted.
Project1.exe: 00000054: 00:07:37 [TUniServerModule]:Starting HTTP Server on Port: 8077...
Project1.exe: 00000054: 00:07:37 [TUniServerModule]:HTTP Server Started on Port: 8077
Project1.exe: 00001198: 00:07:50 [192.168.0.101]:EUniSessionException : Invalid session or session Timeout. : Addr: $007CBE83
Project1.exe: 00003008: 00:08:38 []:>--------------------------------------------------------------<
Project1.exe: 00003008: 00:08:38 [TUniServerModule]:Server First Init.
Project1.exe: 00003008: 00:08:38 [TUniServerModule]:Global Cache Folder Erased. <4> Files deleted.
Project1.exe: 00003008: 00:08:38 [TUniServerModule]:Starting HTTP Server on Port: 8077...
Project1.exe: 00003008: 00:08:38 [TUniServerModule]:HTTP Server Started on Port: 8077
Project1.exe: 00000348: 00:08:38 [192.168.0.101]:EUniSessionException : Invalid session or session Timeout. : Addr: $007CBE83
Project1.exe: 000010FC: 00:09:36 []:>--------------------------------------------------------------<
Project1.exe: 000010FC: 00:09:36 [TUniServerModule]:Server First Init.
Project1.exe: 000010FC: 00:09:36 [TUniServerModule]:Global Cache Folder Erased. <4> Files deleted.
Project1.exe: 000010FC: 00:09:36 [TUniServerModule]:Starting HTTP Server on Port: 8077...
Project1.exe: 000010FC: 00:09:36 [TUniServerModule]:HTTP Server Started on Port: 8077
Project1.exe: 00000150: 00:09:36 [192.168.0.101]:EUniSessionException : Invalid session or session Timeout. : Addr: $007CBE83
Project1.exe: 00002434: 00:11:53 []:>--------------------------------------------------------------<
Project1.exe: 00002434: 00:11:53 [TUniServerModule]:Server First Init.
Project1.exe: 00002434: 00:11:53 [TUniServerModule]:Global Cache Folder Erased. <4> Files deleted.
Project1.exe: 00002434: 00:11:53 [TUniServerModule]:Starting HTTP Server on Port: 8077...
Project1.exe: 00002434: 00:11:53 [TUniServerModule]:HTTP Server Started on Port: 8077
Project1.exe: 00001D28: 00:12:14 [192.168.0.101]:EUniSessionException : Invalid session or session Timeout. : Addr: $007CBE83
Project1.exe: 00001D28: 00:12:14 [192.168.0.101]:EUniSessionException : Invalid session or session Timeout. : Addr: $007CBE83
Project1.exe: 00001C04: 00:20:26 []:>--------------------------------------------------------------<
Project1.exe: 00001C04: 00:20:26 [TUniServerModule]:Server First Init.
Project1.exe: 00001C04: 00:20:26 [TUniServerModule]:Global Cache Folder Erased. <4> Files deleted.
Project1.exe: 00001C04: 00:20:26 [TUniServerModule]:Starting HTTP Server on Port: 8077...
Project1.exe: 00001C04: 00:20:26 [TUniServerModule]:HTTP Server Started on Port: 8077
Project1.exe: 000004D0: 00:20:33 [192.168.0.101]:EUniSessionException : Invalid session or session Timeout. : Addr: $007CBE83
Project1.exe: 00003790: 00:26:14 []:>--------------------------------------------------------------<
Project1.exe: 00003790: 00:26:14 [TUniServerModule]:Server First Init.
Project1.exe: 00003790: 00:26:14 [TUniServerModule]:Global Cache Folder Erased. <4> Files deleted.
Project1.exe: 00003790: 00:26:14 [TUniServerModule]:Starting HTTP Server on Port: 8077...
Project1.exe: 00003790: 00:26:14 [TUniServerModule]:HTTP Server Started on Port: 8077
Project1.exe: 000036D4: 00:31:35 []:>--------------------------------------------------------------<
Project1.exe: 000036D4: 00:31:35 [TUniServerModule]:Server First Init.
Project1.exe: 000036D4: 00:31:35 [TUniServerModule]:Global Cache Folder Erased. <2> Files deleted.
Project1.exe: 000036D4: 00:31:35 [TUniServerModule]:Starting HTTP Server on Port: 8077...
Project1.exe: 000036D4: 00:31:35 [TUniServerModule]:HTTP Server Started on Port: 8077
Project1.exe: 00002E1C: 00:31:43 [192.168.0.101]:EUniSessionException : Invalid session or session Timeout. : Addr: $007CBE83
Project1.exe: 0000196C: 00:35:30 []:>--------------------------------------------------------------<
Project1.exe: 0000196C: 00:35:30 [TUniServerModule]:Server First Init.
Project1.exe: 0000196C: 00:35:30 [TUniServerModule]:Global Cache Folder Erased. <4> Files deleted.
Project1.exe: 0000196C: 00:35:30 [TUniServerModule]:Starting HTTP Server on Port: 8077...
Project1.exe: 0000196C: 00:35:30 [TUniServerModule]:HTTP Server Started on Port: 8077
Project1.exe: 000003D0: 00:36:18 []:>--------------------------------------------------------------<
Project1.exe: 000003D0: 00:36:18 [TUniServerModule]:Server First Init.
Project1.exe: 000003D0: 00:36:18 [TUniServerModule]:Global Cache Folder Erased. <1> Files deleted.
Project1.exe: 000003D0: 00:36:18 [TUniServerModule]:Starting HTTP Server on Port: 8077...
Project1.exe: 000003D0: 00:36:18 [TUniServerModule]:HTTP Server Started on Port: 8077
Project1.exe: 00001C98: 00:40:52 []:>--------------------------------------------------------------<
Project1.exe: 00001C98: 00:40:52 [TUniServerModule]:Server First Init.
Project1.exe: 00001C98: 00:40:52 [TUniServerModule]:Global Cache Folder Erased. <7> Files deleted.
Project1.exe: 00001C98: 00:40:52 [TUniServerModule]:Starting HTTP Server on Port: 8077...
Project1.exe: 00001C98: 00:40:52 [TUniServerModule]:HTTP Server Started on Port: 8077
Project1.exe: 00002D5C: 00:40:55 [192.168.0.101]:EUniSessionException : Invalid session or session Timeout. : Addr: $007CBE83
Project1.exe: 00000CC4: 00:43:00 [192.168.0.101]:EUniSessionException : Invalid session or session Timeout. : Addr: $007CBE83
Project1.exe: 000027D8: 00:45:45 [192.168.0.105]:EUniSessionException : Invalid session or session Timeout. : Addr: $007CBE83
Project1.exe: 00000BA0: 00:51:24 []:>--------------------------------------------------------------<
Project1.exe: 00000BA0: 00:51:24 [TUniServerModule]:Server First Init.
Project1.exe: 00000BA0: 00:51:24 [TUniServerModule]:Global Cache Folder Erased. <2> Files deleted.
Project1.exe: 00000BA0: 00:51:25 [TUniServerModule]:Starting HTTP Server on Port: 8077...
Project1.exe: 00000BA0: 00:51:25 [TUniServerModule]:HTTP Server Started on Port: 8077
Project1.exe: 00001E44: 00:51:25 [192.168.0.105]:EUniSessionException : Invalid session or session Timeout. : Addr: $007CBE83
Project1.exe: 000029FC: 00:52:51 []:>--------------------------------------------------------------<
Project1.exe: 000029FC: 00:52:51 [TUniServerModule]:Server First Init.
Project1.exe: 000029FC: 00:52:51 [TUniServerModule]:Global Cache Folder Erased. <2> Files deleted.
Project1.exe: 000029FC: 00:52:51 [TUniServerModule]:Starting HTTP Server on Port: 8077...
Project1.exe: 000029FC: 00:52:51 [TUniServerModule]:HTTP Server Started on Port: 8077
Project1.exe: 00002AA8: 00:52:52 [192.168.0.105]:EUniSessionException : Invalid session or session Timeout. : Addr: $007CBE83
Project1.exe: 00001F68: 00:54:10 []:>--------------------------------------------------------------<
Project1.exe: 00001F68: 00:54:10 [TUniServerModule]:Server First Init.
Project1.exe: 00001F68: 00:54:10 [TUniServerModule]:Global Cache Folder Erased. <3> Files deleted.
Project1.exe: 00001F68: 00:54:10 [TUniServerModule]:Starting HTTP Server on Port: 8077...
Project1.exe: 00001F68: 00:54:10 [TUniServerModule]:HTTP Server Started on Port: 8077
Project1.exe: 00003458: 00:54:14 [192.168.0.105]:EUniSessionException : Invalid session or session Timeout. : Addr: $007CBE83
Project1.exe: 00003714: 00:59:36 []:>--------------------------------------------------------------<
Project1.exe: 00003714: 00:59:36 [TUniServerModule]:Server First Init.
Project1.exe: 00003714: 00:59:36 [TUniServerModule]:Global Cache Folder Erased. <2> Files deleted.
Project1.exe: 00003714: 00:59:36 [TUniServerModule]:Starting HTTP Server on Port: 8077...
Project1.exe: 00003714: 00:59:36 [TUniServerModule]:HTTP Server Started on Port: 8077
Project1.exe: 00002F18: 00:59:38 [192.168.0.105]:EUniSessionException : Invalid session or session Timeout. : Addr: $007CBE83
Project1.exe: 00002188: 01:00:58 []:>--------------------------------------------------------------<
Project1.exe: 00002188: 01:00:58 [TUniServerModule]:Server First Init.
Project1.exe: 00002188: 01:00:58 [TUniServerModule]:Global Cache Folder Erased. <2> Files deleted.
Project1.exe: 00002188: 01:00:58 [TUniServerModule]:Starting HTTP Server on Port: 8077...
Project1.exe: 00002188: 01:00:58 [TUniServerModule]:HTTP Server Started on Port: 8077
Project1.exe: 00003210: 01:01:03 [192.168.0.105]:EUniSessionException : Invalid session or session Timeout. : Addr: $007CBE83
Project1.exe: 00002188: 01:04:30 [TUniServerModule]:Shutting Down Server.
Project1.exe: 00002188: 01:04:30 [TUniServerModule]:Stopping HTTP Server.
Project1.exe: 00002188: 01:04:31 [TUniServerModule]:HTTP Server Stopped.
Project1.exe: 00002188: 01:04:31 [TUniGUISessionManager]:Terminating Session manager.
Project1.exe: 00002188: 01:04:31 [TUniGUISessionManager]:Stopping Cache Eraser...
Project1.exe: 00002188: 01:04:31 [TUniGUISessionManager]:Cache Eraser Stopped.
Project1.exe: 00002188: 01:04:31 [TUniGUISessionManager]:Destroying Worker Threads.
Project1.exe: 00002188: 01:04:31 [TUniGUISessionManager]:Session manager terminated.
Project1.exe: 00002188: 01:04:31 [TUniServerModule]:Server Shutdown Completed.
Project1.exe: 00002188: 01:04:31 []:<-------------------------------------------------------------->
Project1.exe: 00002188: 01:04:31 [Terminated]:Exit Code: 0
Project1.exe: 0000290C: 01:08:16 []:>--------------------------------------------------------------<
Project1.exe: 0000290C: 01:08:16 [TUniServerModule]:Server First Init.
Project1.exe: 0000290C: 01:08:16 [TUniServerModule]:Starting HTTP Server on Port: 8077...
Project1.exe: 0000290C: 01:08:16 [InitWebServer]:EIdCouldNotBindSocket : Could not bind socket. Address and port are already in use. : Addr: $006DACB1
Project1.exe: 0000290C: 01:08:19 [TUniServerModule]:Shutting Down Server.
Project1.exe: 0000290C: 01:08:19 [TUniServerModule]:Stopping HTTP Server.
Project1.exe: 0000290C: 01:08:20 [TUniServerModule]:HTTP Server Stopped.
Project1.exe: 0000290C: 01:08:20 [TUniGUISessionManager]:Terminating Session manager.
Project1.exe: 0000290C: 01:08:20 [TUniGUISessionManager]:Stopping Cache Eraser...
Project1.exe: 0000290C: 01:08:20 [TUniGUISessionManager]:Cache Eraser Stopped.
Project1.exe: 0000290C: 01:08:20 [TUniGUISessionManager]:Destroying Worker Threads.
Project1.exe: 0000290C: 01:08:20 [TUniGUISessionManager]:Session manager terminated.
Project1.exe: 0000290C: 01:08:20 [TUniServerModule]:Server Shutdown Completed.
Project1.exe: 0000290C: 01:08:20 []:<-------------------------------------------------------------->
Project1.exe: 0000290C: 01:08:20 [Terminated]:Exit Code: 0
Project1.exe: 00002F3C: 01:08:30 []:>--------------------------------------------------------------<
Project1.exe: 00002F3C: 01:08:30 [TUniServerModule]:Server First Init.
Project1.exe: 00002F3C: 01:08:30 [TUniServerModule]:Starting HTTP Server on Port: 8077...
Project1.exe: 00002F3C: 01:08:30 [InitWebServer]:EIdCouldNotBindSocket : Could not bind socket. Address and port are already in use. : Addr: $006DACB1
Project1.exe: 00002F3C: 01:08:42 [TUniServerModule]:Shutting Down Server.
Project1.exe: 00002F3C: 01:08:42 [TUniServerModule]:Stopping HTTP Server.
Project1.exe: 00002F3C: 01:08:42 [TUniServerModule]:HTTP Server Stopped.
Project1.exe: 00002F3C: 01:08:42 [TUniGUISessionManager]:Terminating Session manager.
Project1.exe: 00002F3C: 01:08:42 [TUniGUISessionManager]:Stopping Cache Eraser...
Project1.exe: 00002F3C: 01:08:42 [TUniGUISessionManager]:Cache Eraser Stopped.
Project1.exe: 00002F3C: 01:08:42 [TUniGUISessionManager]:Destroying Worker Threads.
Project1.exe: 00002F3C: 01:08:42 [TUniGUISessionManager]:Session manager terminated.
Project1.exe: 00002F3C: 01:08:42 [TUniServerModule]:Server Shutdown Completed.
Project1.exe: 00002F3C: 01:08:42 []:<-------------------------------------------------------------->
Project1.exe: 00002F3C: 01:08:42 [Terminated]:Exit Code: 0
Project1.exe: 00002A8C: 01:08:49 []:>--------------------------------------------------------------<
Project1.exe: 00002A8C: 01:08:49 [TUniServerModule]:Server First Init.
Project1.exe: 00002A8C: 01:08:49 [TUniServerModule]:Starting HTTP Server on Port: 8077...
Project1.exe: 00002A8C: 01:08:49 [TUniServerModule]:HTTP Server Started on Port: 8077
Project1.exe: 00001988: 01:08:51 [192.168.0.105]:EUniSessionException : Invalid session or session Timeout. : Addr: $007CBE83
Project1.exe: 00002F18: 01:16:33 []:>--------------------------------------------------------------<
Project1.exe: 00002F18: 01:16:33 [TUniServerModule]:Server First Init.
Project1.exe: 00002F18: 01:16:33 [TUniServerModule]:Global Cache Folder Erased. <12> Files deleted.
Project1.exe: 00002F18: 01:16:33 [TUniServerModule]:Starting HTTP Server on Port: 8077...
Project1.exe: 00002F18: 01:16:33 [TUniServerModule]:HTTP Server Started on Port: 8077
Project1.exe: 00001E8C: 01:16:40 [192.168.0.105]:EUniSessionException : Invalid session or session Timeout. : Addr: $007CBE83
Project1.exe: 000031EC: 01:25:59 []:>--------------------------------------------------------------<
Project1.exe: 000031EC: 01:25:59 [TUniServerModule]:Server First Init.
Project1.exe: 000031EC: 01:25:59 [TUniServerModule]:Global Cache Folder Erased. <3> Files deleted.
Project1.exe: 000031EC: 01:25:59 [TUniServerModule]:Starting HTTP Server on Port: 8077...
Project1.exe: 000031EC: 01:25:59 [TUniServerModule]:HTTP Server Started on Port: 8077
Project1.exe: 00002964: 01:26:09 [192.168.0.105]:EUniSessionException : Invalid session or session Timeout. : Addr: $007CBE83
Project1.exe: 000031FC: 01:27:32 []:>--------------------------------------------------------------<
Project1.exe: 000031FC: 01:27:32 [TUniServerModule]:Server First Init.
Project1.exe: 000031FC: 01:27:32 [TUniServerModule]:Global Cache Folder Erased. <4> Files deleted.
Project1.exe: 000031FC: 01:27:32 [TUniServerModule]:Starting HTTP Server on Port: 8077...
Project1.exe: 000031FC: 01:27:32 [TUniServerModule]:HTTP Server Started on Port: 8077
Project1.exe: 000032AC: 01:27:35 [192.168.0.105]:EUniSessionException : Invalid session or session Timeout. : Addr: $007CBE83
Project1.exe: 0000041C: 01:28:46 []:>--------------------------------------------------------------<
Project1.exe: 0000041C: 01:28:46 [TUniServerModule]:Server First Init.
Project1.exe: 0000041C: 01:28:46 [TUniServerModule]:Global Cache Folder Erased. <2> Files deleted.
Project1.exe: 0000041C: 01:28:46 [TUniServerModule]:Starting HTTP Server on Port: 8077...
Project1.exe: 0000041C: 01:28:46 [TUniServerModule]:HTTP Server Started on Port: 8077
Project1.exe: 00001620: 01:28:46 [192.168.0.105]:EUniSessionException : Invalid session or session Timeout. : Addr: $007CBE83
Project1.exe: 00001620: 01:28:46 [192.168.0.105]:EUniSessionException : Invalid session or session Timeout. : Addr: $007CBE83
Project1.exe: 00001620: 01:28:46 [192.168.0.105]:EUniSessionException : Invalid session or session Timeout. : Addr: $007CBE83
Project1.exe: 0000092C: 01:32:26 []:>--------------------------------------------------------------<
Project1.exe: 0000092C: 01:32:26 [TUniServerModule]:Server First Init.
Project1.exe: 0000092C: 01:32:26 [TUniServerModule]:Global Cache Folder Erased. <2> Files deleted.
Project1.exe: 0000092C: 01:32:26 [TUniServerModule]:Starting HTTP Server on Port: 8077...
Project1.exe: 0000092C: 01:32:26 [TUniServerModule]:HTTP Server Started on Port: 8077
Project1.exe: 000014EC: 01:32:29 [192.168.0.105]:EUniSessionException : Invalid session or session Timeout. : Addr: $007CBE83
Project1.exe: 00001B54: 01:35:39 []:>--------------------------------------------------------------<
Project1.exe: 00001B54: 01:35:39 [TUniServerModule]:Server First Init.
Project1.exe: 00001B54: 01:35:39 [TUniServerModule]:Global Cache Folder Erased. <2> Files deleted.
Project1.exe: 00001B54: 01:35:39 [TUniServerModule]:Starting HTTP Server on Port: 8077...
Project1.exe: 00001B54: 01:35:39 [TUniServerModule]:HTTP Server Started on Port: 8077
Project1.exe: 000022FC: 01:35:45 [192.168.0.105]:EUniSessionException : Invalid session or session Timeout. : Addr: $007CBE83
Project1.exe: 00000880: 01:42:22 []:>--------------------------------------------------------------<
Project1.exe: 00000880: 01:42:22 [TUniServerModule]:Server First Init.
Project1.exe: 00000880: 01:42:22 [TUniServerModule]:Global Cache Folder Erased. <19> Files deleted.
Project1.exe: 00000880: 01:42:22 [TUniServerModule]:Starting HTTP Server on Port: 8077...
Project1.exe: 00000880: 01:42:22 [TUniServerModule]:HTTP Server Started on Port: 8077
Project1.exe: 0000135C: 01:42:59 [192.168.0.105]:EUniSessionException : Invalid session or session Timeout. : Addr: $007CBE83
Project1.exe: 000034F8: 01:45:45 []:>--------------------------------------------------------------<
Project1.exe: 000034F8: 01:45:45 [TUniServerModule]:Server First Init.
Project1.exe: 000034F8: 01:45:45 [TUniServerModule]:Global Cache Folder Erased. <14> Files deleted.
Project1.exe: 000034F8: 01:45:45 [TUniServerModule]:Starting HTTP Server on Port: 8077...
Project1.exe: 000034F8: 01:45:45 [TUniServerModule]:HTTP Server Started on Port: 8077
Project1.exe: 00002030: 01:45:45 [192.168.0.105]:EUniSessionException : Invalid session or session Timeout. : Addr: $007CBE83
Project1.exe: 00000D00: 01:47:00 [192.168.0.106]:EUniSessionException : Invalid session or session Timeout. : Addr: $007CBE83
Project1.exe: 00002294: 01:48:03 []:>--------------------------------------------------------------<
Project1.exe: 00002294: 01:48:03 [TUniServerModule]:Server First Init.
Project1.exe: 00002294: 01:48:03 [TUniServerModule]:Global Cache Folder Erased. <9> Files deleted.
Project1.exe: 00002294: 01:48:03 [TUniServerModule]:Starting HTTP Server on Port: 8077...
Project1.exe: 00002294: 01:48:03 [TUniServerModule]:HTTP Server Started on Port: 8077
Project1.exe: 00001408: 01:48:22 [192.168.0.105]:EUniSessionException : Invalid session or session Timeout. : Addr: $007CBE83
Project1.exe: 00000EF0: 01:49:16 []:>--------------------------------------------------------------<
Project1.exe: 00000EF0: 01:49:16 [TUniServerModule]:Server First Init.
Project1.exe: 00000EF0: 01:49:16 [TUniServerModule]:Global Cache Folder Erased. <9> Files deleted.
Project1.exe: 00000EF0: 01:49:16 [TUniServerModule]:Starting HTTP Server on Port: 8077...
Project1.exe: 00000EF0: 01:49:16 [TUniServerModule]:HTTP Server Started on Port: 8077
Project1.exe: 000017E0: 01:49:34 [192.168.0.105]:EUniSessionException : Invalid session or session Timeout. : Addr: $007CBE83
Project1.exe: 00003248: 01:50:39 []:>--------------------------------------------------------------<
Project1.exe: 00003248: 01:50:39 [TUniServerModule]:Server First Init.
Project1.exe: 00003248: 01:50:39 [TUniServerModule]:Global Cache Folder Erased. <6> Files deleted.
Project1.exe: 00003248: 01:50:39 [TUniServerModule]:Starting HTTP Server on Port: 8077...
Project1.exe: 00003248: 01:50:39 [TUniServerModule]:HTTP Server Started on Port: 8077
Project1.exe: 00000EE8: 01:51:05 []:>--------------------------------------------------------------<
Project1.exe: 00000EE8: 01:51:05 [TUniServerModule]:Server First Init.
Project1.exe: 00000EE8: 01:51:05 [TUniServerModule]:Global Cache Folder Erased. <2> Files deleted.
Project1.exe: 00000EE8: 01:51:05 [TUniServerModule]:Starting HTTP Server on Port: 8077...
Project1.exe: 00000EE8: 01:51:05 [TUniServerModule]:HTTP Server Started on Port: 8077
Project1.exe: 00003300: 01:53:59 []:>--------------------------------------------------------------<
Project1.exe: 00003300: 01:53:59 [TUniServerModule]:Server First Init.
Project1.exe: 00003300: 01:53:59 [TUniServerModule]:Global Cache Folder Erased. <5> Files deleted.
Project1.exe: 00003300: 01:53:59 [TUniServerModule]:Starting HTTP Server on Port: 8077...
Project1.exe: 00003300: 01:53:59 [TUniServerModule]:HTTP Server Started on Port: 8077
Project1.exe: 00001B3C: 01:56:44 []:>--------------------------------------------------------------<
Project1.exe: 00001B3C: 01:56:44 [TUniServerModule]:Server First Init.
Project1.exe: 00001B3C: 01:56:44 [TUniServerModule]:Global Cache Folder Erased. <5> Files deleted.
Project1.exe: 00001B3C: 01:56:44 [TUniServerModule]:Starting HTTP Server on Port: 8077...
Project1.exe: 00001B3C: 01:56:44 [TUniServerModule]:HTTP Server Started on Port: 8077
Project1.exe: 00001CEC: 01:58:55 [192.168.0.105]:EUniSessionException : Invalid session or session Timeout. : Addr: $007CBE83
Project1.exe: 00002454: 02:02:12 []:>--------------------------------------------------------------<
Project1.exe: 00002454: 02:02:12 [TUniServerModule]:Server First Init.
Project1.exe: 00002454: 02:02:12 [TUniServerModule]:Global Cache Folder Erased. <7> Files deleted.
Project1.exe: 00002454: 02:02:12 [TUniServerModule]:Starting HTTP Server on Port: 8077...
Project1.exe: 00002454: 02:02:13 [TUniServerModule]:HTTP Server Started on Port: 8077
Project1.exe: 00002ABC: 02:02:14 [192.168.0.105]:EUniSessionException : Invalid session or session Timeout. : Addr: $007CBE83
Project1.exe: 00002ABC: 02:02:52 [192.168.0.105]:EUniSessionException : Invalid session or session Timeout. : Addr: $007CBE83
Project1.exe: 00002454: 02:06:22 [TUniServerModule]:Shutting Down Server.
Project1.exe: 00002454: 02:06:22 [TUniServerModule]:Stopping HTTP Server.
Project1.exe: 00002454: 02:06:23 [TUniServerModule]:HTTP Server Stopped.
Project1.exe: 00002454: 02:06:23 [TUniGUISessionManager]:Terminating Session manager.
Project1.exe: 00002454: 02:06:23 [TUniGUISessionManager]:Stopping Cache Eraser...
Project1.exe: 00002454: 02:06:23 [TUniGUISessionManager]:Cache Eraser Stopped.
Project1.exe: 00002454: 02:06:23 [TUniGUISessionManager]:Destroying Worker Threads.
Project1.exe: 00002454: 02:06:23 [TUniGUISessionManager]:Session manager terminated.
Project1.exe: 00002454: 02:06:23 [TUniServerModule]:Server Shutdown Completed.
Project1.exe: 00002454: 02:06:23 []:<-------------------------------------------------------------->
Project1.exe: 00002454: 02:06:23 [Terminated]:Exit Code: 0
Project1.exe: 00001294: 02:09:28 []:>--------------------------------------------------------------<
Project1.exe: 00001294: 02:09:28 [TUniServerModule]:Server First Init.
Project1.exe: 00001294: 02:09:28 [TUniServerModule]:Starting HTTP Server on Port: 8077...
Project1.exe: 00001294: 02:09:28 [TUniServerModule]:HTTP Server Started on Port: 8077
Project1.exe: 00003490: 02:10:25 []:>--------------------------------------------------------------<
Project1.exe: 00003490: 02:10:25 [TUniServerModule]:Server First Init.
Project1.exe: 00003490: 02:10:25 [TUniServerModule]:Global Cache Folder Erased. <1> Files deleted.
Project1.exe: 00003490: 02:10:25 [TUniServerModule]:Starting HTTP Server on Port: 8077...
Project1.exe: 00003490: 02:10:25 [TUniServerModule]:HTTP Server Started on Port: 8077
Project1.exe: 00002A84: 02:10:27 [192.168.0.105]:EUniSessionException : Invalid session or session Timeout. : Addr: $007CBE83
Project1.exe: 00002A84: 02:10:40 [192.168.0.105]:EUniSessionException : Invalid session or session Timeout. : Addr: $007CBE83
Project1.exe: 00001EE4: 02:11:43 []:>--------------------------------------------------------------<
Project1.exe: 00001EE4: 02:11:43 [TUniServerModule]:Server First Init.
Project1.exe: 00001EE4: 02:11:43 [TUniServerModule]:Global Cache Folder Erased. <1> Files deleted.
Project1.exe: 00001EE4: 02:11:43 [TUniServerModule]:Starting HTTP Server on Port: 8077...
Project1.exe: 00001EE4: 02:11:43 [TUniServerModule]:HTTP Server Started on Port: 8077
Project1.exe: 00003670: 02:12:08 [192.168.0.105]:EUniSessionException : Invalid session or session Timeout. : Addr: $007CBE83
Project1.exe: 000008FC: 02:13:12 []:>--------------------------------------------------------------<
Project1.exe: 000008FC: 02:13:12 [TUniServerModule]:Server First Init.
Project1.exe: 000008FC: 02:13:12 [TUniServerModule]:Global Cache Folder Erased. <5> Files deleted.
Project1.exe: 000008FC: 02:13:12 [TUniServerModule]:Starting HTTP Server on Port: 8077...
Project1.exe: 000008FC: 02:13:12 [TUniServerModule]:HTTP Server Started on Port: 8077
Project1.exe: 00002EA4: 02:13:15 [192.168.0.105]:EUniSessionException : Invalid session or session Timeout. : Addr: $007CBE83
Project1.exe: 00002EA4: 02:13:49 [192.168.0.105]:EUniSessionException : Invalid session or session Timeout. : Addr: $007CBE83
Project1.exe: 000008FC: 02:14:20 [TUniServerModule]:Shutting Down Server.
Project1.exe: 000008FC: 02:14:20 [TUniServerModule]:Stopping HTTP Server.
Project1.exe: 000008FC: 02:14:21 [TUniServerModule]:HTTP Server Stopped.
Project1.exe: 000008FC: 02:14:21 [TUniGUISessionManager]:Terminating Session manager.
Project1.exe: 000008FC: 02:14:21 [TUniGUISessionManager]:Stopping Cache Eraser...
Project1.exe: 000008FC: 02:14:21 [TUniGUISessionManager]:Cache Eraser Stopped.
Project1.exe: 000008FC: 02:14:21 [TUniGUISessionManager]:Destroying Worker Threads.
Project1.exe: 000008FC: 02:14:21 [TUniGUISessionManager]:Session manager terminated.
Project1.exe: 000008FC: 02:14:21 [TUniServerModule]:Server Shutdown Completed.
Project1.exe: 000008FC: 02:14:21 []:<-------------------------------------------------------------->
Project1.exe: 000008FC: 02:14:21 [Terminated]:Exit Code: 0
Project1.exe: 000021F4: 02:15:37 []:>--------------------------------------------------------------<
Project1.exe: 000021F4: 02:15:37 [TUniServerModule]:Server First Init.
Project1.exe: 000021F4: 02:15:37 [TUniServerModule]:Starting HTTP Server on Port: 8077...
Project1.exe: 000021F4: 02:15:37 [TUniServerModule]:HTTP Server Started on Port: 8077
Project1.exe: 00002868: 02:16:18 [192.168.0.105]:EUniSessionException : Invalid session or session Timeout. : Addr: $007CBE83
Project1.exe: 00000E2C: 02:18:08 [192.168.0.106]:EUniSessionException : Invalid session or session Timeout. : Addr: $007CBE83
Project1.exe: 00000E2C: 02:18:18 [192.168.0.106]:EUniSessionException : Invalid session or session Timeout. : Addr: $007CBE83
Project1.exe: 00000E2C: 02:18:31 [192.168.0.106]:EUniSessionException : Invalid session or session Timeout. : Addr: $007CBE83
Project1.exe: 00000E2C: 02:18:47 [192.168.0.106]:EUniSessionException : Invalid session or session Timeout. : Addr: $007CBE83
Project1.exe: 00000E2C: 02:18:58 [192.168.0.106]:EUniSessionException : Invalid session or session Timeout. : Addr: $007CBE83
Project1.exe: 00000E2C: 02:19:48 [192.168.0.106]:EUniSessionException : Invalid session or session Timeout. : Addr: $007CBE83
Project1.exe: 00002F64: 02:20:36 [192.168.0.106]:EUniSessionException : Invalid session or session Timeout. : Addr: $007CBE83
Project1.exe: 00002F64: 02:20:47 [192.168.0.106]:EUniSessionException : Invalid session or session Timeout. : Addr: $007CBE83
Project1.exe: 00002F64: 02:21:05 [192.168.0.106]:EUniSessionException : Invalid session or session Timeout. : Addr: $007CBE83
Project1.exe: 00000BF8: 02:22:12 [192.168.0.105]:EUniSessionException : Invalid session or session Timeout. : Addr: $007CBE83
Project1.exe: 000024BC: 02:22:57 [192.168.0.106]:EUniSessionException : Invalid session or session Timeout. : Addr: $007CBE83
Project1.exe: 00002264: 02:25:38 [192.168.0.105]:EUniSessionException : Invalid session or session Timeout. : Addr: $007CBE83
Project1.exe: 00002ADC: 02:28:38 []:>--------------------------------------------------------------<
Project1.exe: 00002ADC: 02:28:38 [TUniServerModule]:Server First Init.
Project1.exe: 00002ADC: 02:28:38 [TUniServerModule]:Global Cache Folder Erased. <14> Files deleted.
Project1.exe: 00002ADC: 02:28:38 [TUniServerModule]:Starting HTTP Server on Port: 8077...
Project1.exe: 00002ADC: 02:28:38 [TUniServerModule]:HTTP Server Started on Port: 8077
Project1.exe: 00001D78: 02:28:39 [192.168.0.105]:EUniSessionException : Invalid session or session Timeout. : Addr: $007CBE83
Project1.exe: 00001D78: 02:29:13 [192.168.0.105]:EUniSessionException : Invalid session or session Timeout. : Addr: $007CBE83
Project1.exe: 00000374: 02:30:49 [192.168.0.106]:EUniSessionException : Invalid session or session Timeout. : Addr: $007CBE83
Project1.exe: 00001BF0: 02:34:38 []:>--------------------------------------------------------------<
Project1.exe: 00001BF0: 02:34:38 [TUniServerModule]:Server First Init.
Project1.exe: 00001BF0: 02:34:38 [TUniServerModule]:Global Cache Folder Erased. <18> Files deleted.
Project1.exe: 00001BF0: 02:34:38 [TUniServerModule]:Starting HTTP Server on Port: 8077...
Project1.exe: 00001BF0: 02:34:38 [TUniServerModule]:HTTP Server Started on Port: 8077
Project1.exe: 00001570: 02:34:39 [192.168.0.105]:EUniSessionException : Invalid session or session Timeout. : Addr: $007CE50B
Project1.exe: 0000049C: 02:38:38 []:>--------------------------------------------------------------<
Project1.exe: 0000049C: 02:38:38 [TUniServerModule]:Server First Init.
Project1.exe: 0000049C: 02:38:38 [TUniServerModule]:Global Cache Folder Erased. <14> Files deleted.
Project1.exe: 0000049C: 02:38:38 [TUniServerModule]:Starting HTTP Server on Port: 8077...
Project1.exe: 0000049C: 02:38:38 [TUniServerModule]:HTTP Server Started on Port: 8077
Project1.exe: 000008E4: 02:38:43 [192.168.0.105]:EUniSessionException : Invalid session or session Timeout. : Addr: $007CE50B
Project1.exe: 000008E4: 02:39:18 [192.168.0.105]:EUniSessionException : Invalid session or session Timeout. : Addr: $007CE50B
Project1.exe: 000022A4: 02:41:10 []:>--------------------------------------------------------------<
Project1.exe: 000022A4: 02:41:10 [TUniServerModule]:Server First Init.
Project1.exe: 000022A4: 02:41:10 [TUniServerModule]:Global Cache Folder Erased. <30> Files deleted.
Project1.exe: 000022A4: 02:41:10 [TUniServerModule]:Starting HTTP Server on Port: 8077...
Project1.exe: 000022A4: 02:41:10 [TUniServerModule]:HTTP Server Started on Port: 8077
Project1.exe: 00002D5C: 02:42:35 []:>--------------------------------------------------------------<
Project1.exe: 00002D5C: 02:42:35 [TUniServerModule]:Server First Init.
Project1.exe: 00002D5C: 02:42:35 [TUniServerModule]:Global Cache Folder Erased. <28> Files deleted.
Project1.exe: 00002D5C: 02:42:35 [TUniServerModule]:Starting HTTP Server on Port: 8077...
Project1.exe: 00002D5C: 02:42:35 [TUniServerModule]:HTTP Server Started on Port: 8077
Project1.exe: 000003CC: 02:44:12 [192.168.0.105]:EUniSessionException : Invalid session or session Timeout. : Addr: $007CE50B
Project1.exe: 0000121C: 02:46:10 []:>--------------------------------------------------------------<
Project1.exe: 0000121C: 02:46:10 [TUniServerModule]:Server First Init.
Project1.exe: 0000121C: 02:46:10 [TUniServerModule]:Global Cache Folder Erased. <28> Files deleted.
Project1.exe: 0000121C: 02:46:10 [TUniServerModule]:Starting HTTP Server on Port: 8077...
Project1.exe: 0000121C: 02:46:10 [TUniServerModule]:HTTP Server Started on Port: 8077
Project1.exe: 00003368: 02:46:31 []:>--------------------------------------------------------------<
Project1.exe: 00003368: 02:46:31 [TUniServerModule]:Server First Init.
Project1.exe: 00003368: 02:46:31 [TUniServerModule]:Global Cache Folder Erased. <3> Files deleted.
Project1.exe: 00003368: 02:46:31 [TUniServerModule]:Starting HTTP Server on Port: 8077...
Project1.exe: 00003368: 02:46:31 [TUniServerModule]:HTTP Server Started on Port: 8077
Project1.exe: 00003068: 02:47:40 []:>--------------------------------------------------------------<
Project1.exe: 00003068: 02:47:40 [TUniServerModule]:Server First Init.
Project1.exe: 00003068: 02:47:40 [TUniServerModule]:Global Cache Folder Erased. <30> Files deleted.
Project1.exe: 00003068: 02:47:40 [TUniServerModule]:Starting HTTP Server on Port: 8077...
Project1.exe: 00003068: 02:47:40 [TUniServerModule]:HTTP Server Started on Port: 8077
Project1.exe: 00001A64: 02:48:01 [192.168.0.105]:EUniSessionException : Invalid session or session Timeout. : Addr: $007CE50B
Project1.exe: 00003068: 02:51:28 [TUniServerModule]:Shutting Down Server.
Project1.exe: 00003068: 02:51:28 [TUniServerModule]:Stopping HTTP Server.
Project1.exe: 00003068: 02:51:29 [TUniServerModule]:HTTP Server Stopped.
Project1.exe: 00003068: 02:51:29 [TUniGUISessionManager]:Terminating Session manager.
Project1.exe: 00003068: 02:51:29 [TUniGUISessionManager]:Stopping Cache Eraser...
Project1.exe: 00003068: 02:51:29 [TUniGUISessionManager]:Cache Eraser Stopped.
Project1.exe: 00003068: 02:51:29 [TUniGUISessionManager]:Destroying Worker Threads.
Project1.exe: 00003068: 02:51:29 [TUniGUISessionManager]:Session manager terminated.
Project1.exe: 00003068: 02:51:29 [TUniServerModule]:Server Shutdown Completed.
Project1.exe: 00003068: 02:51:29 []:<-------------------------------------------------------------->
Project1.exe: 00003068: 02:51:29 [Terminated]:Exit Code: 0
