Project1.exe: 000006FC: 13:03:39 []:>--------------------------------------------------------------<
Project1.exe: 000006FC: 13:03:39 [TUniServerModule]:Server First Init.
Project1.exe: 000006FC: 13:03:39 [TUniServerModule]:Starting HTTP Server on Port: 8077...
Project1.exe: 000006FC: 13:03:39 [TUniServerModule]:HTTP Server Started on Port: 8077
Project1.exe: 000022BC: 13:08:33 [192.168.0.102]:EUniSessionException : Invalid session or session Timeout. : Addr: $007CE50B
Project1.exe: 00002ABC: 13:09:34 []:>--------------------------------------------------------------<
Project1.exe: 00002ABC: 13:09:34 [TUniServerModule]:Server First Init.
Project1.exe: 00002ABC: 13:09:34 [TUniServerModule]:Global Cache Folder Erased. <24> Files deleted.
Project1.exe: 00002ABC: 13:09:34 [TUniServerModule]:Starting HTTP Server on Port: 8077...
Project1.exe: 00002ABC: 13:09:34 [TUniServerModule]:HTTP Server Started on Port: 8077
Project1.exe: 00002FE4: 13:09:35 [192.168.0.102]:EUniSessionException : Invalid session or session Timeout. : Addr: $007CBE83
Project1.exe: 000006C0: 13:10:42 []:>--------------------------------------------------------------<
Project1.exe: 000006C0: 13:10:43 [TUniServerModule]:Server First Init.
Project1.exe: 000006C0: 13:10:43 [TUniServerModule]:Global Cache Folder Erased. <3> Files deleted.
Project1.exe: 000006C0: 13:10:43 [TUniServerModule]:Starting HTTP Server on Port: 8077...
Project1.exe: 000006C0: 13:10:43 [TUniServerModule]:HTTP Server Started on Port: 8077
Project1.exe: 000007C0: 13:10:46 [192.168.0.102]:EUniSessionException : Invalid session or session Timeout. : Addr: $007CBE83
Project1.exe: 000006C0: 13:10:50 [TUniServerModule]:Shutting Down Server.
Project1.exe: 000006C0: 13:10:50 [TUniServerModule]:Stopping HTTP Server.
Project1.exe: 000006C0: 13:10:51 [TUniServerModule]:HTTP Server Stopped.
Project1.exe: 000006C0: 13:10:51 [TUniGUISessionManager]:Terminating Session manager.
Project1.exe: 000006C0: 13:10:51 [TUniGUISessionManager]:Stopping Cache Eraser...
Project1.exe: 000006C0: 13:10:51 [TUniGUISessionManager]:Cache Eraser Stopped.
Project1.exe: 000006C0: 13:10:51 [TUniGUISessionManager]:Destroying Worker Threads.
Project1.exe: 000006C0: 13:10:51 [TUniGUISessionManager]:Session manager terminated.
Project1.exe: 000006C0: 13:10:51 [TUniServerModule]:Server Shutdown Completed.
Project1.exe: 000006C0: 13:10:51 []:<-------------------------------------------------------------->
Project1.exe: 000006C0: 13:10:51 [Terminated]:Exit Code: 0
Project1.exe: 000029B4: 13:10:52 []:>--------------------------------------------------------------<
Project1.exe: 000029B4: 13:10:52 [TUniServerModule]:Server First Init.
Project1.exe: 000029B4: 13:10:52 [TUniServerModule]:Starting HTTP Server on Port: 8077...
Project1.exe: 000029B4: 13:10:52 [TUniServerModule]:HTTP Server Started on Port: 8077
Project1.exe: 00002B88: 13:10:55 []:>--------------------------------------------------------------<
Project1.exe: 00002B88: 13:10:55 [TUniServerModule]:Server First Init.
Project1.exe: 00002B88: 13:10:55 [TUniServerModule]:Global Cache Folder Erased. <1> Files deleted.
Project1.exe: 00002B88: 13:10:55 [TUniServerModule]:Starting HTTP Server on Port: 8077...
Project1.exe: 00002B88: 13:10:55 [InitWebServer]:EIdCouldNotBindSocket : Could not bind socket. Address and port are already in use. : Addr: $006DACB1
Project1.exe: 000029B4: 13:10:59 [TUniServerModule]:Shutting Down Server.
Project1.exe: 000029B4: 13:10:59 [TUniServerModule]:Stopping HTTP Server.
Project1.exe: 000029B4: 13:10:59 [TUniServerModule]:HTTP Server Stopped.
Project1.exe: 000029B4: 13:10:59 [TUniGUISessionManager]:Terminating Session manager.
Project1.exe: 000029B4: 13:10:59 [TUniGUISessionManager]:Stopping Cache Eraser...
Project1.exe: 000029B4: 13:10:59 [TUniGUISessionManager]:Cache Eraser Stopped.
Project1.exe: 000029B4: 13:10:59 [TUniGUISessionManager]:Destroying Worker Threads.
Project1.exe: 000029B4: 13:10:59 [TUniGUISessionManager]:Session manager terminated.
Project1.exe: 000029B4: 13:10:59 [TUniServerModule]:Server Shutdown Completed.
Project1.exe: 000029B4: 13:10:59 []:<-------------------------------------------------------------->
Project1.exe: 000029B4: 13:10:59 [Terminated]:Exit Code: 0
Project1.exe: 00002B88: 13:11:00 [TUniServerModule]:Shutting Down Server.
Project1.exe: 00002B88: 13:11:00 [TUniServerModule]:Stopping HTTP Server.
Project1.exe: 00002B88: 13:11:00 [TUniServerModule]:HTTP Server Stopped.
Project1.exe: 00002B88: 13:11:00 [TUniGUISessionManager]:Terminating Session manager.
Project1.exe: 00002B88: 13:11:00 [TUniGUISessionManager]:Stopping Cache Eraser...
Project1.exe: 00002B88: 13:11:00 [TUniGUISessionManager]:Cache Eraser Stopped.
Project1.exe: 00002B88: 13:11:00 [TUniGUISessionManager]:Destroying Worker Threads.
Project1.exe: 00002B88: 13:11:01 [TUniGUISessionManager]:Session manager terminated.
Project1.exe: 00002B88: 13:11:01 [TUniServerModule]:Server Shutdown Completed.
Project1.exe: 00002B88: 13:11:01 []:<-------------------------------------------------------------->
Project1.exe: 00002B88: 13:11:01 [Terminated]:Exit Code: 0
Project1.exe: 00003790: 13:11:04 []:>--------------------------------------------------------------<
Project1.exe: 00003790: 13:11:04 [TUniServerModule]:Server First Init.
Project1.exe: 00003790: 13:11:04 [TUniServerModule]:Starting HTTP Server on Port: 8077...
Project1.exe: 00003790: 13:11:04 [TUniServerModule]:HTTP Server Started on Port: 8077
Project1.exe: 00002D14: 13:15:33 []:>--------------------------------------------------------------<
Project1.exe: 00002D14: 13:15:33 [TUniServerModule]:Server First Init.
Project1.exe: 00002D14: 13:15:33 [TUniServerModule]:Global Cache Folder Erased. <6> Files deleted.
Project1.exe: 00002D14: 13:15:33 [TUniServerModule]:Starting HTTP Server on Port: 8077...
Project1.exe: 00002D14: 13:15:33 [TUniServerModule]:HTTP Server Started on Port: 8077
Project1.exe: 00000830: 13:15:38 [192.168.0.102]:EUniSessionException : Invalid session or session Timeout. : Addr: $007CBE83
Project1.exe: 000018E8: 13:16:25 []:>--------------------------------------------------------------<
Project1.exe: 000018E8: 13:16:25 [TUniServerModule]:Server First Init.
Project1.exe: 000018E8: 13:16:25 [TUniServerModule]:Global Cache Folder Erased. <3> Files deleted.
Project1.exe: 000018E8: 13:16:26 [TUniServerModule]:Starting HTTP Server on Port: 8077...
Project1.exe: 000018E8: 13:16:26 [TUniServerModule]:HTTP Server Started on Port: 8077
Project1.exe: 00003538: 13:16:27 [192.168.0.102]:EUniSessionException : Invalid session or session Timeout. : Addr: $007CBE83
Project1.exe: 000010B8: 13:19:03 []:>--------------------------------------------------------------<
Project1.exe: 000010B8: 13:19:03 [TUniServerModule]:Server First Init.
Project1.exe: 000010B8: 13:19:03 [TUniServerModule]:Global Cache Folder Erased. <4> Files deleted.
Project1.exe: 000010B8: 13:19:03 [TUniServerModule]:Starting HTTP Server on Port: 8077...
Project1.exe: 000010B8: 13:19:03 [TUniServerModule]:HTTP Server Started on Port: 8077
Project1.exe: 00002FC8: 13:20:04 []:>--------------------------------------------------------------<
Project1.exe: 00002FC8: 13:20:04 [TUniServerModule]:Server First Init.
Project1.exe: 00002FC8: 13:20:04 [TUniServerModule]:Global Cache Folder Erased. <4> Files deleted.
Project1.exe: 00002FC8: 13:20:04 [TUniServerModule]:Starting HTTP Server on Port: 8077...
Project1.exe: 00002FC8: 13:20:04 [TUniServerModule]:HTTP Server Started on Port: 8077
Project1.exe: 00000FD4: 13:23:26 []:>--------------------------------------------------------------<
Project1.exe: 00000FD4: 13:23:26 [TUniServerModule]:Server First Init.
Project1.exe: 00000FD4: 13:23:26 [TUniServerModule]:Global Cache Folder Erased. <3> Files deleted.
Project1.exe: 00000FD4: 13:23:26 [TUniServerModule]:Starting HTTP Server on Port: 8077...
Project1.exe: 00000FD4: 13:23:26 [TUniServerModule]:HTTP Server Started on Port: 8077
Project1.exe: 00003410: 13:23:27 [192.168.0.102]:EUniSessionException : Invalid session or session Timeout. : Addr: $007CBE83
Project1.exe: 000035A0: 13:27:45 []:>--------------------------------------------------------------<
Project1.exe: 000035A0: 13:27:45 [TUniServerModule]:Server First Init.
Project1.exe: 000035A0: 13:27:45 [TUniServerModule]:Global Cache Folder Erased. <3> Files deleted.
Project1.exe: 000035A0: 13:27:45 [TUniServerModule]:Starting HTTP Server on Port: 8077...
Project1.exe: 000035A0: 13:27:45 [TUniServerModule]:HTTP Server Started on Port: 8077
Project1.exe: 00002D14: 13:28:55 []:>--------------------------------------------------------------<
Project1.exe: 00002D14: 13:28:55 [TUniServerModule]:Server First Init.
Project1.exe: 00002D14: 13:28:55 [TUniServerModule]:Global Cache Folder Erased. <2> Files deleted.
Project1.exe: 00002D14: 13:28:55 [TUniServerModule]:Starting HTTP Server on Port: 8077...
Project1.exe: 00002D14: 13:28:55 [TUniServerModule]:HTTP Server Started on Port: 8077
Project1.exe: 000019C8: 13:28:57 [192.168.0.102]:EUniSessionException : Invalid session or session Timeout. : Addr: $007CBE83
Project1.exe: 000019C8: 13:28:58 [192.168.0.102]:EUniSessionException : Invalid session or session Timeout. : Addr: $007CBE83
Project1.exe: 00003698: 13:40:16 []:>--------------------------------------------------------------<
Project1.exe: 00003698: 13:40:16 [TUniServerModule]:Server First Init.
Project1.exe: 00003698: 13:40:16 [TUniServerModule]:Global Cache Folder Erased. <3> Files deleted.
Project1.exe: 00003698: 13:40:16 [TUniServerModule]:Starting HTTP Server on Port: 8077...
Project1.exe: 00003698: 13:40:16 [TUniServerModule]:HTTP Server Started on Port: 8077
Project1.exe: 00002034: 13:45:12 []:>--------------------------------------------------------------<
Project1.exe: 00002034: 13:45:12 [TUniServerModule]:Server First Init.
Project1.exe: 00002034: 13:45:12 [TUniServerModule]:Global Cache Folder Erased. <3> Files deleted.
Project1.exe: 00002034: 13:45:12 [TUniServerModule]:Starting HTTP Server on Port: 8077...
Project1.exe: 00002034: 13:45:12 [TUniServerModule]:HTTP Server Started on Port: 8077
Project1.exe: 00002678: 13:50:52 []:>--------------------------------------------------------------<
Project1.exe: 00002678: 13:50:52 [TUniServerModule]:Server First Init.
Project1.exe: 00002678: 13:50:52 [TUniServerModule]:Global Cache Folder Erased. <2> Files deleted.
Project1.exe: 00002678: 13:50:52 [TUniServerModule]:Starting HTTP Server on Port: 8077...
Project1.exe: 00002678: 13:50:52 [TUniServerModule]:HTTP Server Started on Port: 8077
Project1.exe: 00001C08: 13:51:58 []:>--------------------------------------------------------------<
Project1.exe: 00001C08: 13:51:58 [TUniServerModule]:Server First Init.
Project1.exe: 00001C08: 13:51:58 [TUniServerModule]:Global Cache Folder Erased. <1> Files deleted.
Project1.exe: 00001C08: 13:51:58 [TUniServerModule]:Starting HTTP Server on Port: 8077...
Project1.exe: 00001C08: 13:51:58 [TUniServerModule]:HTTP Server Started on Port: 8077
Project1.exe: 00001178: 13:51:58 [192.168.0.102]:EUniSessionException : Invalid session or session Timeout. : Addr: $007CBE83
Project1.exe: 00000FD4: 13:53:03 []:>--------------------------------------------------------------<
Project1.exe: 00000FD4: 13:53:03 [TUniServerModule]:Server First Init.
Project1.exe: 00000FD4: 13:53:03 [TUniServerModule]:Global Cache Folder Erased. <3> Files deleted.
Project1.exe: 00000FD4: 13:53:03 [TUniServerModule]:Starting HTTP Server on Port: 8077...
Project1.exe: 00000FD4: 13:53:03 [TUniServerModule]:HTTP Server Started on Port: 8077
Project1.exe: 0000250C: 13:53:10 []:>--------------------------------------------------------------<
Project1.exe: 0000250C: 13:53:10 [TUniServerModule]:Server First Init.
Project1.exe: 0000250C: 13:53:10 [TUniServerModule]:Global Cache Folder Erased. <1> Files deleted.
Project1.exe: 0000250C: 13:53:10 [TUniServerModule]:Starting HTTP Server on Port: 8077...
Project1.exe: 0000250C: 13:53:10 [TUniServerModule]:HTTP Server Started on Port: 8077
Project1.exe: 000037CC: 13:53:17 [192.168.0.102]:EUniSessionException : Invalid session or session Timeout. : Addr: $007CBE83
Project1.exe: 000026C8: 13:58:11 []:>--------------------------------------------------------------<
Project1.exe: 000026C8: 13:58:11 [TUniServerModule]:Server First Init.
Project1.exe: 000026C8: 13:58:11 [TUniServerModule]:Global Cache Folder Erased. <3> Files deleted.
Project1.exe: 000026C8: 13:58:11 [TUniServerModule]:Starting HTTP Server on Port: 8077...
Project1.exe: 000026C8: 13:58:11 [TUniServerModule]:HTTP Server Started on Port: 8077
Project1.exe: 00001794: 13:58:14 [192.168.0.102]:EUniSessionException : Invalid session or session Timeout. : Addr: $007CBE83
Project1.exe: 00003534: 14:01:32 []:>--------------------------------------------------------------<
Project1.exe: 00003534: 14:01:32 [TUniServerModule]:Server First Init.
Project1.exe: 00003534: 14:01:32 [TUniServerModule]:Global Cache Folder Erased. <3> Files deleted.
Project1.exe: 00003534: 14:01:32 [TUniServerModule]:Starting HTTP Server on Port: 8077...
Project1.exe: 00003534: 14:01:32 [TUniServerModule]:HTTP Server Started on Port: 8077
Project1.exe: 00001C48: 14:01:33 [192.168.0.102]:EUniSessionException : Invalid session or session Timeout. : Addr: $007CBE83
Project1.exe: 00002794: 14:11:17 []:>--------------------------------------------------------------<
Project1.exe: 00002794: 14:11:17 [TUniServerModule]:Server First Init.
Project1.exe: 00002794: 14:11:17 [TUniServerModule]:Global Cache Folder Erased. <3> Files deleted.
Project1.exe: 00002794: 14:11:17 [TUniServerModule]:Starting HTTP Server on Port: 8077...
Project1.exe: 00002794: 14:11:17 [TUniServerModule]:HTTP Server Started on Port: 8077
Project1.exe: 0000262C: 14:19:14 []:>--------------------------------------------------------------<
Project1.exe: 0000262C: 14:19:14 [TUniServerModule]:Server First Init.
Project1.exe: 0000262C: 14:19:14 [TUniServerModule]:Global Cache Folder Erased. <3> Files deleted.
Project1.exe: 0000262C: 14:19:14 [TUniServerModule]:Starting HTTP Server on Port: 8077...
Project1.exe: 0000262C: 14:19:14 [TUniServerModule]:HTTP Server Started on Port: 8077
Project1.exe: 00002E38: 14:19:17 [192.168.0.102]:EUniSessionException : Invalid session or session Timeout. : Addr: $007CBE83
Project1.exe: 00001170: 14:21:54 []:>--------------------------------------------------------------<
Project1.exe: 00001170: 14:21:54 [TUniServerModule]:Server First Init.
Project1.exe: 00001170: 14:21:54 [TUniServerModule]:Global Cache Folder Erased. <4> Files deleted.
Project1.exe: 00001170: 14:21:54 [TUniServerModule]:Starting HTTP Server on Port: 8077...
Project1.exe: 00001170: 14:21:54 [TUniServerModule]:HTTP Server Started on Port: 8077
Project1.exe: 0000047C: 14:21:55 [192.168.0.102]:EUniSessionException : Invalid session or session Timeout. : Addr: $007CBE83
Project1.exe: 00001818: 14:23:37 []:>--------------------------------------------------------------<
Project1.exe: 00001818: 14:23:37 [TUniServerModule]:Server First Init.
Project1.exe: 00001818: 14:23:37 [TUniServerModule]:Global Cache Folder Erased. <3> Files deleted.
Project1.exe: 00001818: 14:23:37 [TUniServerModule]:Starting HTTP Server on Port: 8077...
Project1.exe: 00001818: 14:23:37 [TUniServerModule]:HTTP Server Started on Port: 8077
Project1.exe: 00003728: 14:23:38 [192.168.0.102]:EUniSessionException : Invalid session or session Timeout. : Addr: $007CBE83
Project1.exe: 000013EC: 14:25:14 []:>--------------------------------------------------------------<
Project1.exe: 000013EC: 14:25:14 [TUniServerModule]:Server First Init.
Project1.exe: 000013EC: 14:25:14 [TUniServerModule]:Global Cache Folder Erased. <3> Files deleted.
Project1.exe: 000013EC: 14:25:14 [TUniServerModule]:Starting HTTP Server on Port: 8077...
Project1.exe: 000013EC: 14:25:14 [TUniServerModule]:HTTP Server Started on Port: 8077
Project1.exe: 000025F8: 14:30:54 [192.168.0.102]:EUniSessionException : Invalid session or session Timeout. : Addr: $007CBE83
Project1.exe: 000025CC: 14:35:01 []:>--------------------------------------------------------------<
Project1.exe: 000025CC: 14:35:01 [TUniServerModule]:Server First Init.
Project1.exe: 000025CC: 14:35:01 [TUniServerModule]:Global Cache Folder Erased. <2> Files deleted.
Project1.exe: 000025CC: 14:35:01 [TUniServerModule]:Starting HTTP Server on Port: 8077...
Project1.exe: 000025CC: 14:35:01 [TUniServerModule]:HTTP Server Started on Port: 8077
Project1.exe: 00001304: 14:35:02 [192.168.0.102]:EUniSessionException : Invalid session or session Timeout. : Addr: $007CBE83
Project1.exe: 00001FDC: 14:36:17 []:>--------------------------------------------------------------<
Project1.exe: 00001FDC: 14:36:17 [TUniServerModule]:Server First Init.
Project1.exe: 00001FDC: 14:36:17 [TUniServerModule]:Global Cache Folder Erased. <3> Files deleted.
Project1.exe: 00001FDC: 14:36:17 [TUniServerModule]:Starting HTTP Server on Port: 8077...
Project1.exe: 00001FDC: 14:36:17 [TUniServerModule]:HTTP Server Started on Port: 8077
Project1.exe: 00001AB0: 14:36:17 [192.168.0.102]:EUniSessionException : Invalid session or session Timeout. : Addr: $007CBE83
Project1.exe: 000013D4: 14:37:40 []:>--------------------------------------------------------------<
Project1.exe: 000013D4: 14:37:40 [TUniServerModule]:Server First Init.
Project1.exe: 000013D4: 14:37:40 [TUniServerModule]:Global Cache Folder Erased. <3> Files deleted.
Project1.exe: 000013D4: 14:37:40 [TUniServerModule]:Starting HTTP Server on Port: 8077...
Project1.exe: 000013D4: 14:37:40 [TUniServerModule]:HTTP Server Started on Port: 8077
Project1.exe: 00002CA0: 14:37:41 [192.168.0.102]:EUniSessionException : Invalid session or session Timeout. : Addr: $007CBE83
Project1.exe: 00000E3C: 14:39:47 []:>--------------------------------------------------------------<
Project1.exe: 00000E3C: 14:39:47 [TUniServerModule]:Server First Init.
Project1.exe: 00000E3C: 14:39:47 [TUniServerModule]:Global Cache Folder Erased. <3> Files deleted.
Project1.exe: 00000E3C: 14:39:47 [TUniServerModule]:Starting HTTP Server on Port: 8077...
Project1.exe: 00000E3C: 14:39:47 [TUniServerModule]:HTTP Server Started on Port: 8077
Project1.exe: 00000B3C: 14:39:48 [192.168.0.102]:EUniSessionException : Invalid session or session Timeout. : Addr: $007CBE83
Project1.exe: 00003370: 14:41:07 []:>--------------------------------------------------------------<
Project1.exe: 00003370: 14:41:07 [TUniServerModule]:Server First Init.
Project1.exe: 00003370: 14:41:07 [TUniServerModule]:Global Cache Folder Erased. <3> Files deleted.
Project1.exe: 00003370: 14:41:07 [TUniServerModule]:Starting HTTP Server on Port: 8077...
Project1.exe: 00003370: 14:41:07 [TUniServerModule]:HTTP Server Started on Port: 8077
Project1.exe: 00000734: 14:41:07 [192.168.0.102]:EUniSessionException : Invalid session or session Timeout. : Addr: $007CBE83
Project1.exe: 000010D8: 14:42:26 []:>--------------------------------------------------------------<
Project1.exe: 000010D8: 14:42:26 [TUniServerModule]:Server First Init.
Project1.exe: 000010D8: 14:42:26 [TUniServerModule]:Global Cache Folder Erased. <3> Files deleted.
Project1.exe: 000010D8: 14:42:26 [TUniServerModule]:Starting HTTP Server on Port: 8077...
Project1.exe: 000010D8: 14:42:26 [TUniServerModule]:HTTP Server Started on Port: 8077
Project1.exe: 00002B14: 14:42:31 [192.168.0.102]:EUniSessionException : Invalid session or session Timeout. : Addr: $007CBE83
Project1.exe: 000016FC: 14:44:58 []:>--------------------------------------------------------------<
Project1.exe: 000016FC: 14:44:59 [TUniServerModule]:Server First Init.
Project1.exe: 000016FC: 14:44:59 [TUniServerModule]:Global Cache Folder Erased. <3> Files deleted.
Project1.exe: 000016FC: 14:44:59 [TUniServerModule]:Starting HTTP Server on Port: 8077...
Project1.exe: 000016FC: 14:44:59 [TUniServerModule]:HTTP Server Started on Port: 8077
Project1.exe: 00002E74: 14:45:02 [192.168.0.102]:EUniSessionException : Invalid session or session Timeout. : Addr: $007CBE83
Project1.exe: 00000B44: 14:45:46 []:>--------------------------------------------------------------<
Project1.exe: 00000B44: 14:45:46 [TUniServerModule]:Server First Init.
Project1.exe: 00000B44: 14:45:46 [TUniServerModule]:Global Cache Folder Erased. <3> Files deleted.
Project1.exe: 00000B44: 14:45:46 [TUniServerModule]:Starting HTTP Server on Port: 8077...
Project1.exe: 00000B44: 14:45:46 [TUniServerModule]:HTTP Server Started on Port: 8077
Project1.exe: 00000E94: 14:45:52 [192.168.0.102]:EUniSessionException : Invalid session or session Timeout. : Addr: $007CBE83
Project1.exe: 00000E94: 14:45:52 [192.168.0.102]:EUniSessionException : Invalid session or session Timeout. : Addr: $007CBE83
Project1.exe: 00001E3C: 14:46:52 []:>--------------------------------------------------------------<
Project1.exe: 00001E3C: 14:46:52 [TUniServerModule]:Server First Init.
Project1.exe: 00001E3C: 14:46:52 [TUniServerModule]:Global Cache Folder Erased. <3> Files deleted.
Project1.exe: 00001E3C: 14:46:52 [TUniServerModule]:Starting HTTP Server on Port: 8077...
Project1.exe: 00001E3C: 14:46:52 [TUniServerModule]:HTTP Server Started on Port: 8077
Project1.exe: 0000322C: 14:46:56 [192.168.0.102]:EUniSessionException : Invalid session or session Timeout. : Addr: $007CBE83
Project1.exe: 00001648: 14:47:31 []:>--------------------------------------------------------------<
Project1.exe: 00001648: 14:47:31 [TUniServerModule]:Server First Init.
Project1.exe: 00001648: 14:47:31 [TUniServerModule]:Global Cache Folder Erased. <3> Files deleted.
Project1.exe: 00001648: 14:47:31 [TUniServerModule]:Starting HTTP Server on Port: 8077...
Project1.exe: 00001648: 14:47:31 [TUniServerModule]:HTTP Server Started on Port: 8077
Project1.exe: 00002E28: 14:47:34 [192.168.0.102]:EUniSessionException : Invalid session or session Timeout. : Addr: $007CBE83
Project1.exe: 0000243C: 14:48:09 []:>--------------------------------------------------------------<
Project1.exe: 0000243C: 14:48:09 [TUniServerModule]:Server First Init.
Project1.exe: 0000243C: 14:48:09 [TUniServerModule]:Global Cache Folder Erased. <3> Files deleted.
Project1.exe: 0000243C: 14:48:09 [TUniServerModule]:Starting HTTP Server on Port: 8077...
Project1.exe: 0000243C: 14:48:09 [TUniServerModule]:HTTP Server Started on Port: 8077
Project1.exe: 00002E10: 14:48:11 [192.168.0.102]:EUniSessionException : Invalid session or session Timeout. : Addr: $007CBE83
Project1.exe: 00001C08: 14:49:00 []:>--------------------------------------------------------------<
Project1.exe: 00001C08: 14:49:00 [TUniServerModule]:Server First Init.
Project1.exe: 00001C08: 14:49:00 [TUniServerModule]:Global Cache Folder Erased. <3> Files deleted.
Project1.exe: 00001C08: 14:49:00 [TUniServerModule]:Starting HTTP Server on Port: 8077...
Project1.exe: 00001C08: 14:49:00 [TUniServerModule]:HTTP Server Started on Port: 8077
Project1.exe: 0000217C: 14:49:02 [192.168.0.102]:EUniSessionException : Invalid session or session Timeout. : Addr: $007CBE83
Project1.exe: 000029D4: 14:49:36 []:>--------------------------------------------------------------<
Project1.exe: 000029D4: 14:49:36 [TUniServerModule]:Server First Init.
Project1.exe: 000029D4: 14:49:36 [TUniServerModule]:Global Cache Folder Erased. <4> Files deleted.
Project1.exe: 000029D4: 14:49:36 [TUniServerModule]:Starting HTTP Server on Port: 8077...
Project1.exe: 000029D4: 14:49:36 [TUniServerModule]:HTTP Server Started on Port: 8077
Project1.exe: 00000DB0: 14:49:58 [192.168.0.102]:EUniSessionException : Invalid session or session Timeout. : Addr: $007CBE83
Project1.exe: 000014FC: 14:51:54 []:>--------------------------------------------------------------<
Project1.exe: 000014FC: 14:51:54 [TUniServerModule]:Server First Init.
Project1.exe: 000014FC: 14:51:54 [TUniServerModule]:Global Cache Folder Erased. <3> Files deleted.
Project1.exe: 000014FC: 14:51:54 [TUniServerModule]:Starting HTTP Server on Port: 8077...
Project1.exe: 000014FC: 14:51:54 [TUniServerModule]:HTTP Server Started on Port: 8077
Project1.exe: 00002188: 14:51:54 [192.168.0.102]:EUniSessionException : Invalid session or session Timeout. : Addr: $007CBE83
Project1.exe: 000036C0: 14:52:42 []:>--------------------------------------------------------------<
Project1.exe: 000036C0: 14:52:42 [TUniServerModule]:Server First Init.
Project1.exe: 000036C0: 14:52:42 [TUniServerModule]:Global Cache Folder Erased. <3> Files deleted.
Project1.exe: 000036C0: 14:52:42 [TUniServerModule]:Starting HTTP Server on Port: 8077...
Project1.exe: 000036C0: 14:52:42 [TUniServerModule]:HTTP Server Started on Port: 8077
Project1.exe: 00000B88: 14:55:03 []:>--------------------------------------------------------------<
Project1.exe: 00000B88: 14:55:03 [TUniServerModule]:Server First Init.
Project1.exe: 00000B88: 14:55:03 [TUniServerModule]:Global Cache Folder Erased. <1> Files deleted.
Project1.exe: 00000B88: 14:55:03 [TUniServerModule]:Starting HTTP Server on Port: 8077...
Project1.exe: 00000B88: 14:55:03 [TUniServerModule]:HTTP Server Started on Port: 8077
Project1.exe: 00001D94: 14:55:04 [192.168.0.102]:EUniSessionException : Invalid session or session Timeout. : Addr: $007CBE83
Project1.exe: 00001D94: 14:55:04 [192.168.0.102]:EUniSessionException : Invalid session or session Timeout. : Addr: $007CBE83
Project1.exe: 00002734: 14:55:44 []:>--------------------------------------------------------------<
Project1.exe: 00002734: 14:55:44 [TUniServerModule]:Server First Init.
Project1.exe: 00002734: 14:55:44 [TUniServerModule]:Global Cache Folder Erased. <3> Files deleted.
Project1.exe: 00002734: 14:55:44 [TUniServerModule]:Starting HTTP Server on Port: 8077...
Project1.exe: 00002734: 14:55:44 [TUniServerModule]:HTTP Server Started on Port: 8077
Project1.exe: 000025CC: 14:56:16 [192.168.0.102]:EUniSessionException : Invalid session or session Timeout. : Addr: $007CBE83
Project1.exe: 0000176C: 14:56:25 []:>--------------------------------------------------------------<
Project1.exe: 0000176C: 14:56:25 [TUniServerModule]:Server First Init.
Project1.exe: 0000176C: 14:56:25 [TUniServerModule]:Global Cache Folder Erased. <1> Files deleted.
Project1.exe: 0000176C: 14:56:25 [TUniServerModule]:Starting HTTP Server on Port: 8077...
Project1.exe: 0000176C: 14:56:25 [TUniServerModule]:HTTP Server Started on Port: 8077
Project1.exe: 00002928: 14:57:34 []:>--------------------------------------------------------------<
Project1.exe: 00002928: 14:57:34 [TUniServerModule]:Server First Init.
Project1.exe: 00002928: 14:57:34 [TUniServerModule]:Global Cache Folder Erased. <3> Files deleted.
Project1.exe: 00002928: 14:57:34 [TUniServerModule]:Starting HTTP Server on Port: 8077...
Project1.exe: 00002928: 14:57:34 [TUniServerModule]:HTTP Server Started on Port: 8077
Project1.exe: 000030D4: 14:57:37 [192.168.0.102]:EUniSessionException : Invalid session or session Timeout. : Addr: $007CBE83
Project1.exe: 000012E4: 15:05:47 []:>--------------------------------------------------------------<
Project1.exe: 000012E4: 15:05:47 [TUniServerModule]:Server First Init.
Project1.exe: 000012E4: 15:05:47 [TUniServerModule]:Global Cache Folder Erased. <2> Files deleted.
Project1.exe: 000012E4: 15:05:47 [TUniServerModule]:Starting HTTP Server on Port: 8077...
Project1.exe: 000012E4: 15:05:47 [TUniServerModule]:HTTP Server Started on Port: 8077
Project1.exe: 00000ABC: 15:05:51 [192.168.0.102]:EUniSessionException : Invalid session or session Timeout. : Addr: $007CC03B
Project1.exe: 000036FC: 15:08:33 []:>--------------------------------------------------------------<
Project1.exe: 000036FC: 15:08:33 [TUniServerModule]:Server First Init.
Project1.exe: 000036FC: 15:08:33 [TUniServerModule]:Global Cache Folder Erased. <5> Files deleted.
Project1.exe: 000036FC: 15:08:33 [TUniServerModule]:Starting HTTP Server on Port: 8077...
Project1.exe: 000036FC: 15:08:33 [TUniServerModule]:HTTP Server Started on Port: 8077
Project1.exe: 00001870: 15:08:33 [192.168.0.102]:EUniSessionException : Invalid session or session Timeout. : Addr: $007CBE83
Project1.exe: 00001870: 15:08:33 [192.168.0.102]:EUniSessionException : Invalid session or session Timeout. : Addr: $007CBE83
Project1.exe: 00001D44: 15:09:37 []:>--------------------------------------------------------------<
Project1.exe: 00001D44: 15:09:37 [TUniServerModule]:Server First Init.
Project1.exe: 00001D44: 15:09:37 [TUniServerModule]:Global Cache Folder Erased. <3> Files deleted.
Project1.exe: 00001D44: 15:09:37 [TUniServerModule]:Starting HTTP Server on Port: 8077...
Project1.exe: 00001D44: 15:09:37 [TUniServerModule]:HTTP Server Started on Port: 8077
Project1.exe: 00002FBC: 15:09:39 [192.168.0.102]:EUniSessionException : Invalid session or session Timeout. : Addr: $007CBE83
Project1.exe: 0000313C: 15:11:29 []:>--------------------------------------------------------------<
Project1.exe: 0000313C: 15:11:29 [TUniServerModule]:Server First Init.
Project1.exe: 0000313C: 15:11:29 [TUniServerModule]:Global Cache Folder Erased. <3> Files deleted.
Project1.exe: 0000313C: 15:11:29 [TUniServerModule]:Starting HTTP Server on Port: 8077...
Project1.exe: 0000313C: 15:11:29 [TUniServerModule]:HTTP Server Started on Port: 8077
Project1.exe: 00000FF0: 15:11:29 [192.168.0.102]:EUniSessionException : Invalid session or session Timeout. : Addr: $007CBE83
Project1.exe: 000000C4: 15:12:12 []:>--------------------------------------------------------------<
Project1.exe: 000000C4: 15:12:12 [TUniServerModule]:Server First Init.
Project1.exe: 000000C4: 15:12:12 [TUniServerModule]:Global Cache Folder Erased. <3> Files deleted.
Project1.exe: 000000C4: 15:12:12 [TUniServerModule]:Starting HTTP Server on Port: 8077...
Project1.exe: 000000C4: 15:12:12 [TUniServerModule]:HTTP Server Started on Port: 8077
Project1.exe: 000028BC: 15:12:12 [192.168.0.102]:EUniSessionException : Invalid session or session Timeout. : Addr: $007CBE83
Project1.exe: 00002D54: 15:12:12 [192.168.0.102]:EUniSessionException : Invalid session or session Timeout. : Addr: $007CBE83
Project1.exe: 00002FF8: 15:13:58 []:>--------------------------------------------------------------<
Project1.exe: 00002FF8: 15:13:58 [TUniServerModule]:Server First Init.
Project1.exe: 00002FF8: 15:13:58 [TUniServerModule]:Global Cache Folder Erased. <3> Files deleted.
Project1.exe: 00002FF8: 15:13:58 [TUniServerModule]:Starting HTTP Server on Port: 8077...
Project1.exe: 00002FF8: 15:13:58 [TUniServerModule]:HTTP Server Started on Port: 8077
Project1.exe: 00001CC4: 15:13:58 [192.168.0.102]:EUniSessionException : Invalid session or session Timeout. : Addr: $007CBE83
Project1.exe: 000032F0: 15:14:25 []:>--------------------------------------------------------------<
Project1.exe: 000032F0: 15:14:25 [TUniServerModule]:Server First Init.
Project1.exe: 000032F0: 15:14:25 [TUniServerModule]:Global Cache Folder Erased. <3> Files deleted.
Project1.exe: 000032F0: 15:14:25 [TUniServerModule]:Starting HTTP Server on Port: 8077...
Project1.exe: 000032F0: 15:14:25 [TUniServerModule]:HTTP Server Started on Port: 8077
Project1.exe: 00002A6C: 15:14:26 [192.168.0.102]:EUniSessionException : Invalid session or session Timeout. : Addr: $007CBE83
Project1.exe: 00003340: 15:15:51 []:>--------------------------------------------------------------<
Project1.exe: 00003340: 15:15:51 [TUniServerModule]:Server First Init.
Project1.exe: 00003340: 15:15:51 [TUniServerModule]:Global Cache Folder Erased. <3> Files deleted.
Project1.exe: 00003340: 15:15:51 [TUniServerModule]:Starting HTTP Server on Port: 8077...
Project1.exe: 00003340: 15:15:51 [TUniServerModule]:HTTP Server Started on Port: 8077
Project1.exe: 000029E0: 15:15:52 [192.168.0.102]:EUniSessionException : Invalid session or session Timeout. : Addr: $007CBE83
Project1.exe: 000029E0: 15:15:52 [192.168.0.102]:EUniSessionException : Invalid session or session Timeout. : Addr: $007CBE83
Project1.exe: 00000540: 15:16:10 []:>--------------------------------------------------------------<
Project1.exe: 00000540: 15:16:10 [TUniServerModule]:Server First Init.
Project1.exe: 00000540: 15:16:10 [TUniServerModule]:Global Cache Folder Erased. <3> Files deleted.
Project1.exe: 00000540: 15:16:10 [TUniServerModule]:Starting HTTP Server on Port: 8077...
Project1.exe: 00000540: 15:16:10 [TUniServerModule]:HTTP Server Started on Port: 8077
Project1.exe: 00001EE4: 15:16:11 [192.168.0.102]:EUniSessionException : Invalid session or session Timeout. : Addr: $007CBE83
Project1.exe: 00000DB0: 15:22:46 []:>--------------------------------------------------------------<
Project1.exe: 00000DB0: 15:22:46 [TUniServerModule]:Server First Init.
Project1.exe: 00000DB0: 15:22:46 [TUniServerModule]:Global Cache Folder Erased. <3> Files deleted.
Project1.exe: 00000DB0: 15:22:46 [TUniServerModule]:Starting HTTP Server on Port: 8077...
Project1.exe: 00000DB0: 15:22:46 [TUniServerModule]:HTTP Server Started on Port: 8077
Project1.exe: 00000D84: 15:22:47 [192.168.0.102]:EUniSessionException : Invalid session or session Timeout. : Addr: $007CBE83
Project1.exe: 00000D84: 15:22:47 [192.168.0.102]:EUniSessionException : Invalid session or session Timeout. : Addr: $007CBE83
Project1.exe: 000017BC: 15:23:52 []:>--------------------------------------------------------------<
Project1.exe: 000017BC: 15:23:52 [TUniServerModule]:Server First Init.
Project1.exe: 000017BC: 15:23:52 [TUniServerModule]:Global Cache Folder Erased. <3> Files deleted.
Project1.exe: 000017BC: 15:23:52 [TUniServerModule]:Starting HTTP Server on Port: 8077...
Project1.exe: 000017BC: 15:23:52 [TUniServerModule]:HTTP Server Started on Port: 8077
Project1.exe: 00002498: 15:23:53 [192.168.0.102]:EUniSessionException : Invalid session or session Timeout. : Addr: $007CBE83
Project1.exe: 000010A8: 15:24:50 []:>--------------------------------------------------------------<
Project1.exe: 000010A8: 15:24:50 [TUniServerModule]:Server First Init.
Project1.exe: 000010A8: 15:24:50 [TUniServerModule]:Global Cache Folder Erased. <3> Files deleted.
Project1.exe: 000010A8: 15:24:51 [TUniServerModule]:Starting HTTP Server on Port: 8077...
Project1.exe: 000010A8: 15:24:51 [TUniServerModule]:HTTP Server Started on Port: 8077
Project1.exe: 00002198: 15:24:51 [192.168.0.102]:EUniSessionException : Invalid session or session Timeout. : Addr: $007CBE83
Project1.exe: 00001AD8: 15:25:04 []:>--------------------------------------------------------------<
Project1.exe: 00001AD8: 15:25:04 [TUniServerModule]:Server First Init.
Project1.exe: 00001AD8: 15:25:04 [TUniServerModule]:Global Cache Folder Erased. <1> Files deleted.
Project1.exe: 00001AD8: 15:25:04 [TUniServerModule]:Starting HTTP Server on Port: 8077...
Project1.exe: 00001AD8: 15:25:04 [TUniServerModule]:HTTP Server Started on Port: 8077
Project1.exe: 000024F8: 15:27:04 []:>--------------------------------------------------------------<
Project1.exe: 000024F8: 15:27:04 [TUniServerModule]:Server First Init.
Project1.exe: 000024F8: 15:27:04 [TUniServerModule]:Global Cache Folder Erased. <3> Files deleted.
Project1.exe: 000024F8: 15:27:04 [TUniServerModule]:Starting HTTP Server on Port: 8077...
Project1.exe: 000024F8: 15:27:04 [TUniServerModule]:HTTP Server Started on Port: 8077
Project1.exe: 000036E4: 15:27:19 [192.168.0.102]:EUniSessionException : Invalid session or session Timeout. : Addr: $007CBE83
Project1.exe: 0000293C: 15:27:58 []:>--------------------------------------------------------------<
Project1.exe: 0000293C: 15:27:58 [TUniServerModule]:Server First Init.
Project1.exe: 0000293C: 15:27:58 [TUniServerModule]:Global Cache Folder Erased. <1> Files deleted.
Project1.exe: 0000293C: 15:27:58 [TUniServerModule]:Starting HTTP Server on Port: 8077...
Project1.exe: 0000293C: 15:27:58 [TUniServerModule]:HTTP Server Started on Port: 8077
Project1.exe: 000020D4: 15:29:17 []:>--------------------------------------------------------------<
Project1.exe: 000020D4: 15:29:17 [TUniServerModule]:Server First Init.
Project1.exe: 000020D4: 15:29:17 [TUniServerModule]:Global Cache Folder Erased. <3> Files deleted.
Project1.exe: 000020D4: 15:29:18 [TUniServerModule]:Starting HTTP Server on Port: 8077...
Project1.exe: 000020D4: 15:29:18 [TUniServerModule]:HTTP Server Started on Port: 8077
Project1.exe: 00000E64: 15:29:18 [192.168.0.102]:EUniSessionException : Invalid session or session Timeout. : Addr: $007CBE83
Project1.exe: 00000E64: 15:30:21 [192.168.0.102]:EUniSessionException : Invalid session or session Timeout. : Addr: $007CBE83
Project1.exe: 00002128: 15:31:06 []:>--------------------------------------------------------------<
Project1.exe: 00002128: 15:31:06 [TUniServerModule]:Server First Init.
Project1.exe: 00002128: 15:31:06 [TUniServerModule]:Global Cache Folder Erased. <4> Files deleted.
Project1.exe: 00002128: 15:31:06 [TUniServerModule]:Starting HTTP Server on Port: 8077...
Project1.exe: 00002128: 15:31:06 [TUniServerModule]:HTTP Server Started on Port: 8077
Project1.exe: 0000326C: 15:31:07 [192.168.0.102]:EUniSessionException : Invalid session or session Timeout. : Addr: $007CBE83
Project1.exe: 000022CC: 15:31:24 []:>--------------------------------------------------------------<
Project1.exe: 000022CC: 15:31:24 [TUniServerModule]:Server First Init.
Project1.exe: 000022CC: 15:31:24 [TUniServerModule]:Global Cache Folder Erased. <2> Files deleted.
Project1.exe: 000022CC: 15:31:24 [TUniServerModule]:Starting HTTP Server on Port: 8077...
Project1.exe: 000022CC: 15:31:24 [TUniServerModule]:HTTP Server Started on Port: 8077
Project1.exe: 00000DCC: 15:31:25 [192.168.0.102]:EUniSessionException : Invalid session or session Timeout. : Addr: $007CBE83
Project1.exe: 000020A8: 15:34:15 []:>--------------------------------------------------------------<
Project1.exe: 000020A8: 15:34:15 [TUniServerModule]:Server First Init.
Project1.exe: 000020A8: 15:34:15 [TUniServerModule]:Global Cache Folder Erased. <3> Files deleted.
Project1.exe: 000020A8: 15:34:15 [TUniServerModule]:Starting HTTP Server on Port: 8077...
Project1.exe: 000020A8: 15:34:15 [TUniServerModule]:HTTP Server Started on Port: 8077
Project1.exe: 000030A8: 15:34:16 [192.168.0.102]:EUniSessionException : Invalid session or session Timeout. : Addr: $007CBE83
Project1.exe: 000032E0: 15:36:51 []:>--------------------------------------------------------------<
Project1.exe: 000032E0: 15:36:51 [TUniServerModule]:Server First Init.
Project1.exe: 000032E0: 15:36:51 [TUniServerModule]:Global Cache Folder Erased. <3> Files deleted.
Project1.exe: 000032E0: 15:36:51 [TUniServerModule]:Starting HTTP Server on Port: 8077...
Project1.exe: 000032E0: 15:36:51 [TUniServerModule]:HTTP Server Started on Port: 8077
Project1.exe: 000034BC: 15:36:52 [192.168.0.102]:EUniSessionException : Invalid session or session Timeout. : Addr: $007CBE83
Project1.exe: 000032E0: 15:39:04 [TUniServerModule]:Shutting Down Server.
Project1.exe: 000032E0: 15:39:04 [TUniServerModule]:Stopping HTTP Server.
Project1.exe: 000032E0: 15:39:05 [TUniServerModule]:HTTP Server Stopped.
Project1.exe: 000032E0: 15:39:05 [TUniGUISessionManager]:Terminating Session manager.
Project1.exe: 000032E0: 15:39:05 [TUniGUISessionManager]:Stopping Cache Eraser...
Project1.exe: 000032E0: 15:39:05 [TUniGUISessionManager]:Cache Eraser Stopped.
Project1.exe: 000032E0: 15:39:05 [TUniGUISessionManager]:Destroying Worker Threads.
Project1.exe: 000032E0: 15:39:05 [TUniGUISessionManager]:Session manager terminated.
Project1.exe: 000032E0: 15:39:05 [TUniServerModule]:Server Shutdown Completed.
Project1.exe: 000032E0: 15:39:05 []:<-------------------------------------------------------------->
Project1.exe: 000032E0: 15:39:05 [Terminated]:Exit Code: 0
Project1.exe: 000028F0: 15:39:19 []:>--------------------------------------------------------------<
Project1.exe: 000028F0: 15:39:19 [TUniServerModule]:Server First Init.
Project1.exe: 000028F0: 15:39:19 [TUniServerModule]:Starting HTTP Server on Port: 8077...
Project1.exe: 000028F0: 15:39:19 [TUniServerModule]:HTTP Server Started on Port: 8077
Project1.exe: 00001E94: 15:43:04 []:>--------------------------------------------------------------<
Project1.exe: 00001E94: 15:43:04 [TUniServerModule]:Server First Init.
Project1.exe: 00001E94: 15:43:04 [TUniServerModule]:Global Cache Folder Erased. <8> Files deleted.
Project1.exe: 00001E94: 15:43:04 [TUniServerModule]:Starting HTTP Server on Port: 8077...
Project1.exe: 00001E94: 15:43:04 [TUniServerModule]:HTTP Server Started on Port: 8077
Project1.exe: 000006FC: 15:43:53 []:>--------------------------------------------------------------<
Project1.exe: 000006FC: 15:43:53 [TUniServerModule]:Server First Init.
Project1.exe: 000006FC: 15:43:53 [TUniServerModule]:Global Cache Folder Erased. <3> Files deleted.
Project1.exe: 000006FC: 15:43:53 [TUniServerModule]:Starting HTTP Server on Port: 8077...
Project1.exe: 000006FC: 15:43:53 [TUniServerModule]:HTTP Server Started on Port: 8077
Project1.exe: 0000322C: 15:48:01 []:>--------------------------------------------------------------<
Project1.exe: 0000322C: 15:48:01 [TUniServerModule]:Server First Init.
Project1.exe: 0000322C: 15:48:01 [TUniServerModule]:Global Cache Folder Erased. <3> Files deleted.
Project1.exe: 0000322C: 15:48:01 [TUniServerModule]:Starting HTTP Server on Port: 8077...
Project1.exe: 0000322C: 15:48:01 [TUniServerModule]:HTTP Server Started on Port: 8077
Project1.exe: 0000176C: 15:49:44 []:>--------------------------------------------------------------<
Project1.exe: 0000176C: 15:49:44 [TUniServerModule]:Server First Init.
Project1.exe: 0000176C: 15:49:44 [TUniServerModule]:Global Cache Folder Erased. <3> Files deleted.
Project1.exe: 0000176C: 15:49:44 [TUniServerModule]:Starting HTTP Server on Port: 8077...
Project1.exe: 0000176C: 15:49:44 [TUniServerModule]:HTTP Server Started on Port: 8077
Project1.exe: 00001198: 15:51:16 []:>--------------------------------------------------------------<
Project1.exe: 00001198: 15:51:16 [TUniServerModule]:Server First Init.
Project1.exe: 00001198: 15:51:16 [TUniServerModule]:Global Cache Folder Erased. <4> Files deleted.
Project1.exe: 00001198: 15:51:16 [TUniServerModule]:Starting HTTP Server on Port: 8077...
Project1.exe: 00001198: 15:51:16 [TUniServerModule]:HTTP Server Started on Port: 8077
Project1.exe: 0000336C: 15:51:37 []:>--------------------------------------------------------------<
Project1.exe: 0000336C: 15:51:37 [TUniServerModule]:Server First Init.
Project1.exe: 0000336C: 15:51:37 [TUniServerModule]:Global Cache Folder Erased. <5> Files deleted.
Project1.exe: 0000336C: 15:51:37 [TUniServerModule]:Starting HTTP Server on Port: 8077...
Project1.exe: 0000336C: 15:51:37 [TUniServerModule]:HTTP Server Started on Port: 8077
Project1.exe: 00001C54: 15:54:37 []:>--------------------------------------------------------------<
Project1.exe: 00001C54: 15:54:37 [TUniServerModule]:Server First Init.
Project1.exe: 00001C54: 15:54:37 [TUniServerModule]:Global Cache Folder Erased. <4> Files deleted.
Project1.exe: 00001C54: 15:54:37 [TUniServerModule]:Starting HTTP Server on Port: 8077...
Project1.exe: 00001C54: 15:54:37 [TUniServerModule]:HTTP Server Started on Port: 8077
Project1.exe: 0000243C: 15:55:12 []:>--------------------------------------------------------------<
Project1.exe: 0000243C: 15:55:12 [TUniServerModule]:Server First Init.
Project1.exe: 0000243C: 15:55:12 [TUniServerModule]:Global Cache Folder Erased. <4> Files deleted.
Project1.exe: 0000243C: 15:55:12 [TUniServerModule]:Starting HTTP Server on Port: 8077...
Project1.exe: 0000243C: 15:55:12 [TUniServerModule]:HTTP Server Started on Port: 8077
Project1.exe: 00000FF0: 15:57:14 []:>--------------------------------------------------------------<
Project1.exe: 00000FF0: 15:57:14 [TUniServerModule]:Server First Init.
Project1.exe: 00000FF0: 15:57:14 [TUniServerModule]:Global Cache Folder Erased. <4> Files deleted.
Project1.exe: 00000FF0: 15:57:15 [TUniServerModule]:Starting HTTP Server on Port: 8077...
Project1.exe: 00000FF0: 15:57:15 [TUniServerModule]:HTTP Server Started on Port: 8077
Project1.exe: 000016A4: 15:58:34 [192.168.0.106]:EUniSessionException : Invalid session or session Timeout. : Addr: $007CBE83
Project1.exe: 00000FF0: 15:59:46 [TUniServerModule]:Shutting Down Server.
Project1.exe: 00000FF0: 15:59:46 [TUniServerModule]:Stopping HTTP Server.
Project1.exe: 00000FF0: 15:59:47 [TUniServerModule]:HTTP Server Stopped.
Project1.exe: 00000FF0: 15:59:47 [TUniGUISessionManager]:Terminating Session manager.
Project1.exe: 00000FF0: 15:59:47 [TUniGUISessionManager]:Stopping Cache Eraser...
Project1.exe: 00000FF0: 15:59:47 [TUniGUISessionManager]:Cache Eraser Stopped.
Project1.exe: 00000FF0: 15:59:47 [TUniGUISessionManager]:Destroying Worker Threads.
Project1.exe: 00000FF0: 15:59:47 [TUniGUISessionManager]:Session manager terminated.
Project1.exe: 00000FF0: 15:59:47 [TUniServerModule]:Server Shutdown Completed.
Project1.exe: 00000FF0: 15:59:47 []:<-------------------------------------------------------------->
Project1.exe: 00000FF0: 15:59:47 [Terminated]:Exit Code: 0
Project1.exe: 00002300: 16:00:16 []:>--------------------------------------------------------------<
Project1.exe: 00002300: 16:00:16 [TUniServerModule]:Server First Init.
Project1.exe: 00002300: 16:00:16 [TUniServerModule]:Starting HTTP Server on Port: 8077...
Project1.exe: 00002300: 16:00:16 [TUniServerModule]:HTTP Server Started on Port: 8077
Project1.exe: 0000293C: 16:02:20 []:>--------------------------------------------------------------<
Project1.exe: 0000293C: 16:02:20 [TUniServerModule]:Server First Init.
Project1.exe: 0000293C: 16:02:20 [TUniServerModule]:Global Cache Folder Erased. <5> Files deleted.
Project1.exe: 0000293C: 16:02:20 [TUniServerModule]:Starting HTTP Server on Port: 8077...
Project1.exe: 0000293C: 16:02:20 [TUniServerModule]:HTTP Server Started on Port: 8077
Project1.exe: 00002B88: 16:03:45 []:>--------------------------------------------------------------<
Project1.exe: 00002B88: 16:03:45 [TUniServerModule]:Server First Init.
Project1.exe: 00002B88: 16:03:45 [TUniServerModule]:Global Cache Folder Erased. <5> Files deleted.
Project1.exe: 00002B88: 16:03:45 [TUniServerModule]:Starting HTTP Server on Port: 8077...
Project1.exe: 00002B88: 16:03:45 [TUniServerModule]:HTTP Server Started on Port: 8077
Project1.exe: 00001984: 16:14:26 []:>--------------------------------------------------------------<
Project1.exe: 00001984: 16:14:26 [TUniServerModule]:Server First Init.
Project1.exe: 00001984: 16:14:26 [TUniServerModule]:Global Cache Folder Erased. <5> Files deleted.
Project1.exe: 00001984: 16:14:26 [TUniServerModule]:Starting HTTP Server on Port: 8077...
Project1.exe: 00001984: 16:14:26 [TUniServerModule]:HTTP Server Started on Port: 8077
Project1.exe: 00000A24: 16:16:29 []:>--------------------------------------------------------------<
Project1.exe: 00000A24: 16:16:29 [TUniServerModule]:Server First Init.
Project1.exe: 00000A24: 16:16:29 [TUniServerModule]:Global Cache Folder Erased. <1> Files deleted.
Project1.exe: 00000A24: 16:16:29 [TUniServerModule]:Starting HTTP Server on Port: 8077...
Project1.exe: 00000A24: 16:16:29 [TUniServerModule]:HTTP Server Started on Port: 8077
Project1.exe: 00002E8C: 16:17:34 []:>--------------------------------------------------------------<
Project1.exe: 00002E8C: 16:17:34 [TUniServerModule]:Server First Init.
Project1.exe: 00002E8C: 16:17:34 [TUniServerModule]:Global Cache Folder Erased. <3> Files deleted.
Project1.exe: 00002E8C: 16:17:34 [TUniServerModule]:Starting HTTP Server on Port: 8077...
Project1.exe: 00002E8C: 16:17:34 [TUniServerModule]:HTTP Server Started on Port: 8077
Project1.exe: 00000F34: 16:18:19 []:>--------------------------------------------------------------<
Project1.exe: 00000F34: 16:18:19 [TUniServerModule]:Server First Init.
Project1.exe: 00000F34: 16:18:19 [TUniServerModule]:Global Cache Folder Erased. <4> Files deleted.
Project1.exe: 00000F34: 16:18:19 [TUniServerModule]:Starting HTTP Server on Port: 8077...
Project1.exe: 00000F34: 16:18:19 [TUniServerModule]:HTTP Server Started on Port: 8077
Project1.exe: 0000322C: 16:18:20 [192.168.0.102]:EUniSessionException : Invalid session or session Timeout. : Addr: $007CBE83
Project1.exe: 000005D0: 16:19:56 []:>--------------------------------------------------------------<
Project1.exe: 000005D0: 16:19:56 [TUniServerModule]:Server First Init.
Project1.exe: 000005D0: 16:19:56 [TUniServerModule]:Global Cache Folder Erased. <3> Files deleted.
Project1.exe: 000005D0: 16:19:57 [TUniServerModule]:Starting HTTP Server on Port: 8077...
Project1.exe: 000005D0: 16:19:57 [TUniServerModule]:HTTP Server Started on Port: 8077
Project1.exe: 00000C18: 16:19:57 [192.168.0.102]:EUniSessionException : Invalid session or session Timeout. : Addr: $007CBE83
Project1.exe: 00000C18: 16:19:57 [192.168.0.102]:EUniSessionException : Invalid session or session Timeout. : Addr: $007CBE83
Project1.exe: 000029F8: 16:20:58 []:>--------------------------------------------------------------<
Project1.exe: 000029F8: 16:20:58 [TUniServerModule]:Server First Init.
Project1.exe: 000029F8: 16:20:58 [TUniServerModule]:Global Cache Folder Erased. <2> Files deleted.
Project1.exe: 000029F8: 16:20:58 [TUniServerModule]:Starting HTTP Server on Port: 8077...
Project1.exe: 000029F8: 16:20:58 [TUniServerModule]:HTTP Server Started on Port: 8077
Project1.exe: 0000306C: 16:20:58 [192.168.0.102]:EUniSessionException : Invalid session or session Timeout. : Addr: $007CBE83
Project1.exe: 00002B1C: 16:21:43 [192.168.0.102]:EUniSessionException : Invalid session or session Timeout. : Addr: $007CBE83
Project1.exe: 00003584: 16:22:54 []:>--------------------------------------------------------------<
Project1.exe: 00003584: 16:22:54 [TUniServerModule]:Server First Init.
Project1.exe: 00003584: 16:22:54 [TUniServerModule]:Global Cache Folder Erased. <5> Files deleted.
Project1.exe: 00003584: 16:22:54 [TUniServerModule]:Starting HTTP Server on Port: 8077...
Project1.exe: 00003584: 16:22:54 [TUniServerModule]:HTTP Server Started on Port: 8077
Project1.exe: 00001D00: 16:22:59 [192.168.0.102]:EUniSessionException : Invalid session or session Timeout. : Addr: $007CBE83
Project1.exe: 0000193C: 16:27:35 []:>--------------------------------------------------------------<
Project1.exe: 0000193C: 16:27:35 [TUniServerModule]:Server First Init.
Project1.exe: 0000193C: 16:27:35 [TUniServerModule]:Global Cache Folder Erased. <5> Files deleted.
Project1.exe: 0000193C: 16:27:35 [TUniServerModule]:Starting HTTP Server on Port: 8077...
Project1.exe: 0000193C: 16:27:35 [TUniServerModule]:HTTP Server Started on Port: 8077
Project1.exe: 00000B54: 16:27:49 [192.168.0.106]:EUniSessionException : Invalid session or session Timeout. : Addr: $007CBE83
Project1.exe: 000011AC: 16:28:33 []:>--------------------------------------------------------------<
Project1.exe: 000011AC: 16:28:33 [TUniServerModule]:Server First Init.
Project1.exe: 000011AC: 16:28:33 [TUniServerModule]:Global Cache Folder Erased. <5> Files deleted.
Project1.exe: 000011AC: 16:28:33 [TUniServerModule]:Starting HTTP Server on Port: 8077...
Project1.exe: 000011AC: 16:28:33 [TUniServerModule]:HTTP Server Started on Port: 8077
Project1.exe: 000015F0: 16:28:53 [192.168.0.106]:EUniSessionException : Invalid session or session Timeout. : Addr: $007CBE83
Project1.exe: 000015F0: 16:29:54 [192.168.0.106]:EUniSessionException : Invalid session or session Timeout. : Addr: $007CBE83
Project1.exe: 00001654: 16:30:27 []:>--------------------------------------------------------------<
Project1.exe: 00001654: 16:30:27 [TUniServerModule]:Server First Init.
Project1.exe: 00001654: 16:30:27 [TUniServerModule]:Global Cache Folder Erased. <7> Files deleted.
Project1.exe: 00001654: 16:30:27 [TUniServerModule]:Starting HTTP Server on Port: 8077...
Project1.exe: 00001654: 16:30:27 [TUniServerModule]:HTTP Server Started on Port: 8077
Project1.exe: 00001778: 16:30:27 [192.168.0.106]:EUniSessionException : Invalid session or session Timeout. : Addr: $007CBE83
Project1.exe: 00002AE0: 16:31:03 [192.168.0.102]:EUniSessionException : Invalid session or session Timeout. : Addr: $007CBE83
Project1.exe: 00000998: 16:32:44 []:>--------------------------------------------------------------<
Project1.exe: 00000998: 16:32:44 [TUniServerModule]:Server First Init.
Project1.exe: 00000998: 16:32:44 [TUniServerModule]:Global Cache Folder Erased. <6> Files deleted.
Project1.exe: 00000998: 16:32:44 [TUniServerModule]:Starting HTTP Server on Port: 8077...
Project1.exe: 00000998: 16:32:44 [TUniServerModule]:HTTP Server Started on Port: 8077
Project1.exe: 00002410: 16:32:45 [192.168.0.102]:EUniSessionException : Invalid session or session Timeout. : Addr: $007CBE83
Project1.exe: 00001DA4: 16:36:26 []:>--------------------------------------------------------------<
Project1.exe: 00001DA4: 16:36:26 [TUniServerModule]:Server First Init.
Project1.exe: 00001DA4: 16:36:26 [TUniServerModule]:Global Cache Folder Erased. <4> Files deleted.
Project1.exe: 00001DA4: 16:36:26 [TUniServerModule]:Starting HTTP Server on Port: 8077...
Project1.exe: 00001DA4: 16:36:26 [TUniServerModule]:HTTP Server Started on Port: 8077
Project1.exe: 000005D0: 16:37:24 [192.168.0.102]:EUniSessionException : Invalid session or session Timeout. : Addr: $007CBE83
Project1.exe: 00001DA4: 16:39:52 [TUniServerModule]:Shutting Down Server.
Project1.exe: 00001DA4: 16:39:52 [TUniServerModule]:Stopping HTTP Server.
Project1.exe: 00001DA4: 16:39:53 [TUniServerModule]:HTTP Server Stopped.
Project1.exe: 00001DA4: 16:39:53 [TUniGUISessionManager]:Terminating Session manager.
Project1.exe: 00001DA4: 16:39:53 [TUniGUISessionManager]:Stopping Cache Eraser...
Project1.exe: 00001DA4: 16:39:53 [TUniGUISessionManager]:Cache Eraser Stopped.
Project1.exe: 00001DA4: 16:39:53 [TUniGUISessionManager]:Destroying Worker Threads.
Project1.exe: 00001DA4: 16:39:53 [TUniGUISessionManager]:Session manager terminated.
Project1.exe: 00001DA4: 16:39:53 [TUniServerModule]:Server Shutdown Completed.
Project1.exe: 00001DA4: 16:39:53 []:<-------------------------------------------------------------->
Project1.exe: 00001DA4: 16:39:53 [Terminated]:Exit Code: 0
Project1.exe: 00003204: 16:44:31 []:>--------------------------------------------------------------<
Project1.exe: 00003204: 16:44:31 [TUniServerModule]:Server First Init.
Project1.exe: 00003204: 16:44:31 [TUniServerModule]:Starting HTTP Server on Port: 8077...
Project1.exe: 00003204: 16:44:31 [TUniServerModule]:HTTP Server Started on Port: 8077
Project1.exe: 000027A8: 16:46:16 [192.168.0.102]:EUniSessionException : Invalid session or session Timeout. : Addr: $007CBE83
Project1.exe: 00000540: 16:47:18 [192.168.0.102]:EUniSessionException : Invalid session or session Timeout. : Addr: $007CBE83
Project1.exe: 00001BEC: 16:48:26 []:>--------------------------------------------------------------<
Project1.exe: 00001BEC: 16:48:26 [TUniServerModule]:Server First Init.
Project1.exe: 00001BEC: 16:48:26 [TUniServerModule]:Global Cache Folder Erased. <9> Files deleted.
Project1.exe: 00001BEC: 16:48:26 [TUniServerModule]:Starting HTTP Server on Port: 8077...
Project1.exe: 00001BEC: 16:48:26 [TUniServerModule]:HTTP Server Started on Port: 8077
Project1.exe: 00003580: 16:48:28 [192.168.0.102]:EUniSessionException : Invalid session or session Timeout. : Addr: $007CBE83
Project1.exe: 000036D8: 16:51:02 []:>--------------------------------------------------------------<
Project1.exe: 000036D8: 16:51:02 [TUniServerModule]:Server First Init.
Project1.exe: 000036D8: 16:51:02 [TUniServerModule]:Global Cache Folder Erased. <5> Files deleted.
Project1.exe: 000036D8: 16:51:02 [TUniServerModule]:Starting HTTP Server on Port: 8077...
Project1.exe: 000036D8: 16:51:02 [TUniServerModule]:HTTP Server Started on Port: 8077
Project1.exe: 00000B68: 16:51:03 [192.168.0.102]:EUniSessionException : Invalid session or session Timeout. : Addr: $007CBE83
Project1.exe: 00000C04: 16:53:42 []:>--------------------------------------------------------------<
Project1.exe: 00000C04: 16:53:42 [TUniServerModule]:Server First Init.
Project1.exe: 00000C04: 16:53:42 [TUniServerModule]:Global Cache Folder Erased. <5> Files deleted.
Project1.exe: 00000C04: 16:53:42 [TUniServerModule]:Starting HTTP Server on Port: 8077...
Project1.exe: 00000C04: 16:53:42 [TUniServerModule]:HTTP Server Started on Port: 8077
Project1.exe: 00001470: 16:53:43 [192.168.0.102]:EUniSessionException : Invalid session or session Timeout. : Addr: $007CE50B
Project1.exe: 00001718: 16:54:16 []:>--------------------------------------------------------------<
Project1.exe: 00001718: 16:54:16 [TUniServerModule]:Server First Init.
Project1.exe: 00001718: 16:54:16 [TUniServerModule]:Global Cache Folder Erased. <25> Files deleted.
Project1.exe: 00001718: 16:54:16 [TUniServerModule]:Starting HTTP Server on Port: 8077...
Project1.exe: 00001718: 16:54:16 [TUniServerModule]:HTTP Server Started on Port: 8077
Project1.exe: 00002928: 16:54:18 [192.168.0.102]:EUniSessionException : Invalid session or session Timeout. : Addr: $007CE50B
Project1.exe: 00002928: 16:54:40 [192.168.0.102]:EUniSessionException : Invalid session or session Timeout. : Addr: $007CE50B
Project1.exe: 00000688: 16:56:30 []:>--------------------------------------------------------------<
Project1.exe: 00000688: 16:56:30 [TUniServerModule]:Server First Init.
Project1.exe: 00000688: 16:56:30 [TUniServerModule]:Global Cache Folder Erased. <25> Files deleted.
Project1.exe: 00000688: 16:56:30 [TUniServerModule]:Starting HTTP Server on Port: 8077...
Project1.exe: 00000688: 16:56:30 [TUniServerModule]:HTTP Server Started on Port: 8077
Project1.exe: 0000224C: 16:56:31 [192.168.0.102]:EUniSessionException : Invalid session or session Timeout. : Addr: $007CE50B
Project1.exe: 0000224C: 16:56:47 [192.168.0.102]:EUniSessionException : Invalid session or session Timeout. : Addr: $007CE50B
Project1.exe: 000020B8: 16:59:41 [192.168.0.102]:EUniSessionException : Invalid session or session Timeout. : Addr: $007CE50B
Project1.exe: 00000688: 17:00:32 [Exit]:Unexpected attempt to terminate server application with Exit Code: 0
