Project1.exe: 000001AC: 19:40:26 []:>--------------------------------------------------------------<
Project1.exe: 000001AC: 19:40:26 [TUniServerModule]:Server First Init.
Project1.exe: 000001AC: 19:40:26 [TUniServerModule]:Starting HTTP Server on Port: 8077...
Project1.exe: 000001AC: 19:40:26 [TUniServerModule]:HTTP Server Started on Port: 8077
Project1.exe: 00001F1C: 19:41:14 [192.168.0.101]:EUniSessionException : Invalid session or session Timeout. : Addr: $007C88C7
Project1.exe: 000025A4: 19:43:54 []:>--------------------------------------------------------------<
Project1.exe: 000025A4: 19:43:54 [TUniServerModule]:Server First Init.
Project1.exe: 000025A4: 19:43:54 [TUniServerModule]:Global Cache Folder Erased. <1> Files deleted.
Project1.exe: 000025A4: 19:43:54 [TUniServerModule]:Starting HTTP Server on Port: 8077...
Project1.exe: 000025A4: 19:43:54 [TUniServerModule]:HTTP Server Started on Port: 8077
Project1.exe: 0000197C: 19:44:55 []:>--------------------------------------------------------------<
Project1.exe: 0000197C: 19:44:55 [TUniServerModule]:Server First Init.
Project1.exe: 0000197C: 19:44:55 [TUniServerModule]:Global Cache Folder Erased. <3> Files deleted.
Project1.exe: 0000197C: 19:44:55 [TUniServerModule]:Starting HTTP Server on Port: 8077...
Project1.exe: 0000197C: 19:44:55 [TUniServerModule]:HTTP Server Started on Port: 8077
Project1.exe: 000011F8: 19:44:57 [192.168.0.101]:EUniSessionException : Invalid session or session Timeout. : Addr: $007C88C7
Project1.exe: 000027D0: 20:04:47 []:>--------------------------------------------------------------<
Project1.exe: 000027D0: 20:04:47 [TUniServerModule]:Server First Init.
Project1.exe: 000027D0: 20:04:47 [TUniServerModule]:Global Cache Folder Erased. <1> Files deleted.
Project1.exe: 000027D0: 20:04:47 [TUniServerModule]:Starting HTTP Server on Port: 8077...
Project1.exe: 000027D0: 20:04:47 [TUniServerModule]:HTTP Server Started on Port: 8077
Project1.exe: 00001830: 20:04:54 [192.168.0.101]:EUniSessionException : Invalid session or session Timeout. : Addr: $007C88C7
Project1.exe: 000033D0: 20:10:54 []:>--------------------------------------------------------------<
Project1.exe: 000033D0: 20:10:54 [TUniServerModule]:Server First Init.
Project1.exe: 000033D0: 20:10:54 [TUniServerModule]:Global Cache Folder Erased. <3> Files deleted.
Project1.exe: 000033D0: 20:10:54 [TUniServerModule]:Starting HTTP Server on Port: 8077...
Project1.exe: 000033D0: 20:10:54 [TUniServerModule]:HTTP Server Started on Port: 8077
Project1.exe: 0000158C: 20:20:34 []:>--------------------------------------------------------------<
Project1.exe: 0000158C: 20:20:34 [TUniServerModule]:Server First Init.
Project1.exe: 0000158C: 20:20:34 [TUniServerModule]:Global Cache Folder Erased. <1> Files deleted.
Project1.exe: 0000158C: 20:20:34 [TUniServerModule]:Starting HTTP Server on Port: 8077...
Project1.exe: 0000158C: 20:20:34 [TUniServerModule]:HTTP Server Started on Port: 8077
Project1.exe: 0000158C: 20:23:56 [TUniServerModule]:Shutting Down Server.
Project1.exe: 0000158C: 20:23:56 [TUniServerModule]:Stopping HTTP Server.
Project1.exe: 0000158C: 20:23:56 [TUniServerModule]:HTTP Server Stopped.
Project1.exe: 0000158C: 20:23:56 [TUniGUISessionManager]:Terminating Session manager.
Project1.exe: 0000158C: 20:23:56 [TUniGUISessionManager]:Stopping Cache Eraser...
Project1.exe: 0000158C: 20:23:56 [TUniGUISessionManager]:Cache Eraser Stopped.
Project1.exe: 0000158C: 20:23:56 [TUniGUISessionManager]:Destroying Worker Threads.
Project1.exe: 0000158C: 20:23:56 [TUniGUISessionManager]:Session manager terminated.
Project1.exe: 0000158C: 20:23:56 [TUniServerModule]:Server Shutdown Completed.
Project1.exe: 0000158C: 20:23:56 []:<-------------------------------------------------------------->
Project1.exe: 0000158C: 20:23:56 [Terminated]:Exit Code: 0
Project1.exe: 00001770: 20:28:05 []:>--------------------------------------------------------------<
Project1.exe: 00001770: 20:28:05 [TUniServerModule]:Server First Init.
Project1.exe: 00001770: 20:28:05 [TUniServerModule]:Starting HTTP Server on Port: 8077...
Project1.exe: 00001770: 20:28:05 [TUniServerModule]:HTTP Server Started on Port: 8077
Project1.exe: 000019C8: 20:28:05 [192.168.0.101]:EUniSessionException : Invalid session or session Timeout. : Addr: $007CBE83
Project1.exe: 00003694: 20:34:40 []:>--------------------------------------------------------------<
Project1.exe: 00003694: 20:34:40 [TUniServerModule]:Server First Init.
Project1.exe: 00003694: 20:34:40 [TUniServerModule]:Global Cache Folder Erased. <2> Files deleted.
Project1.exe: 00003694: 20:34:40 [TUniServerModule]:Starting HTTP Server on Port: 8077...
Project1.exe: 00003694: 20:34:40 [TUniServerModule]:HTTP Server Started on Port: 8077
Project1.exe: 00003694: 20:34:46 [TUniServerModule]:Shutting Down Server.
Project1.exe: 00003694: 20:34:46 [TUniServerModule]:Stopping HTTP Server.
Project1.exe: 00003694: 20:34:47 [TUniServerModule]:HTTP Server Stopped.
Project1.exe: 00003694: 20:34:47 [TUniGUISessionManager]:Terminating Session manager.
Project1.exe: 00003694: 20:34:47 [TUniGUISessionManager]:Stopping Cache Eraser...
Project1.exe: 00003694: 20:34:47 [TUniGUISessionManager]:Cache Eraser Stopped.
Project1.exe: 00003694: 20:34:47 [TUniGUISessionManager]:Destroying Worker Threads.
Project1.exe: 00003694: 20:34:47 [TUniGUISessionManager]:Session manager terminated.
Project1.exe: 00003694: 20:34:47 [TUniServerModule]:Server Shutdown Completed.
Project1.exe: 00003694: 20:34:47 []:<-------------------------------------------------------------->
Project1.exe: 00003694: 20:34:47 [Terminated]:Exit Code: 0
Project1.exe: 00000A0C: 20:34:55 []:>--------------------------------------------------------------<
Project1.exe: 00000A0C: 20:34:55 [TUniServerModule]:Server First Init.
Project1.exe: 00000A0C: 20:34:55 [TUniServerModule]:Debug Mode = ON
Project1.exe: 00000A0C: 20:34:55 [TUniServerModule]:Starting HTTP Server on Port: 8077...
Project1.exe: 00000A0C: 20:34:55 [TUniServerModule]:HTTP Server Started on Port: 8077
Project1.exe: 0000323C: 20:35:09 [192.168.0.101]:EUniSessionException : Invalid session or session Timeout. : Addr: $007CBE83
Project1.exe: 00001968: 20:35:52 []:>--------------------------------------------------------------<
Project1.exe: 00001968: 20:35:52 [TUniServerModule]:Server First Init.
Project1.exe: 00001968: 20:35:52 [TUniServerModule]:Global Cache Folder Erased. <2> Files deleted.
Project1.exe: 00001968: 20:35:52 [TUniServerModule]:Starting HTTP Server on Port: 8077...
Project1.exe: 00001968: 20:35:52 [TUniServerModule]:HTTP Server Started on Port: 8077
Project1.exe: 000009C0: 20:35:56 [192.168.0.101]:EUniSessionException : Invalid session or session Timeout. : Addr: $007CBE83
Project1.exe: 00001968: 20:36:53 [TUniServerModule]:Shutting Down Server.
Project1.exe: 00001968: 20:36:53 [TUniServerModule]:Stopping HTTP Server.
Project1.exe: 00001968: 20:36:54 [TUniServerModule]:HTTP Server Stopped.
Project1.exe: 00001968: 20:36:54 [TUniGUISessionManager]:Terminating Session manager.
Project1.exe: 00001968: 20:36:54 [TUniGUISessionManager]:Stopping Cache Eraser...
Project1.exe: 00001968: 20:36:55 [TUniGUISessionManager]:Cache Eraser Stopped.
Project1.exe: 00001968: 20:36:55 [TUniGUISessionManager]:Destroying Worker Threads.
Project1.exe: 00001968: 20:36:55 [TUniGUISessionManager]:Session manager terminated.
Project1.exe: 00001968: 20:36:55 [TUniServerModule]:Server Shutdown Completed.
Project1.exe: 00001968: 20:36:55 []:<-------------------------------------------------------------->
Project1.exe: 00001968: 20:36:55 [Terminated]:Exit Code: 0
Project1.exe: 00002BD4: 20:46:50 []:>--------------------------------------------------------------<
Project1.exe: 00002BD4: 20:46:50 [TUniServerModule]:Server First Init.
Project1.exe: 00002BD4: 20:46:50 [TUniServerModule]:Starting HTTP Server on Port: 8077...
Project1.exe: 00002BD4: 20:46:50 [TUniServerModule]:HTTP Server Started on Port: 8077
Project1.exe: 00002FA4: 20:46:52 [192.168.0.101]:EUniSessionException : Invalid session or session Timeout. : Addr: $007C8A9F
Project1.exe: 000028CC: 20:48:23 []:>--------------------------------------------------------------<
Project1.exe: 000028CC: 20:48:23 [TUniServerModule]:Server First Init.
Project1.exe: 000028CC: 20:48:23 [TUniServerModule]:Global Cache Folder Erased. <4> Files deleted.
Project1.exe: 000028CC: 20:48:23 [TUniServerModule]:Starting HTTP Server on Port: 8077...
Project1.exe: 000028CC: 20:48:23 [TUniServerModule]:HTTP Server Started on Port: 8077
Project1.exe: 00001C24: 20:48:24 [192.168.0.101]:EUniSessionException : Invalid session or session Timeout. : Addr: $007C8A9F
Project1.exe: 00003758: 20:48:50 []:>--------------------------------------------------------------<
Project1.exe: 00003758: 20:48:50 [TUniServerModule]:Server First Init.
Project1.exe: 00003758: 20:48:50 [TUniServerModule]:Global Cache Folder Erased. <4> Files deleted.
Project1.exe: 00003758: 20:48:50 [TUniServerModule]:Starting HTTP Server on Port: 8077...
Project1.exe: 00003758: 20:48:50 [TUniServerModule]:HTTP Server Started on Port: 8077
Project1.exe: 000030C0: 20:48:53 [192.168.0.101]:EUniSessionException : Invalid session or session Timeout. : Addr: $007C8A9F
Project1.exe: 0000329C: 20:49:28 []:>--------------------------------------------------------------<
Project1.exe: 0000329C: 20:49:28 [TUniServerModule]:Server First Init.
Project1.exe: 0000329C: 20:49:28 [TUniServerModule]:Global Cache Folder Erased. <4> Files deleted.
Project1.exe: 0000329C: 20:49:28 [TUniServerModule]:Starting HTTP Server on Port: 8077...
Project1.exe: 0000329C: 20:49:28 [TUniServerModule]:HTTP Server Started on Port: 8077
Project1.exe: 00003104: 20:49:28 [192.168.0.101]:EUniSessionException : Invalid session or session Timeout. : Addr: $007CBE83
Project1.exe: 00001BA4: 20:52:24 []:>--------------------------------------------------------------<
Project1.exe: 00001BA4: 20:52:24 [TUniServerModule]:Server First Init.
Project1.exe: 00001BA4: 20:52:24 [TUniServerModule]:Global Cache Folder Erased. <4> Files deleted.
Project1.exe: 00001BA4: 20:52:24 [TUniServerModule]:Starting HTTP Server on Port: 8077...
Project1.exe: 00001BA4: 20:52:24 [TUniServerModule]:HTTP Server Started on Port: 8077
Project1.exe: 000030B0: 20:56:05 []:>--------------------------------------------------------------<
Project1.exe: 000030B0: 20:56:05 [TUniServerModule]:Server First Init.
Project1.exe: 000030B0: 20:56:05 [TUniServerModule]:Global Cache Folder Erased. <1> Files deleted.
Project1.exe: 000030B0: 20:56:05 [TUniServerModule]:Starting HTTP Server on Port: 8077...
Project1.exe: 000030B0: 20:56:05 [TUniServerModule]:HTTP Server Started on Port: 8077
Project1.exe: 000026C4: 20:56:05 [192.168.0.101]:EUniSessionException : Invalid session or session Timeout. : Addr: $007C88C7
Project1.exe: 000024B4: 21:00:05 []:>--------------------------------------------------------------<
Project1.exe: 000024B4: 21:00:05 [TUniServerModule]:Server First Init.
Project1.exe: 000024B4: 21:00:05 [TUniServerModule]:Global Cache Folder Erased. <3> Files deleted.
Project1.exe: 000024B4: 21:00:05 [TUniServerModule]:Starting HTTP Server on Port: 8077...
Project1.exe: 000024B4: 21:00:05 [TUniServerModule]:HTTP Server Started on Port: 8077
Project1.exe: 00001C6C: 21:00:05 [192.168.0.101]:EUniSessionException : Invalid session or session Timeout. : Addr: $007CBE83
Project1.exe: 00001C6C: 21:00:05 [192.168.0.101]:EUniSessionException : Invalid session or session Timeout. : Addr: $007CBE83
Project1.exe: 00002664: 21:05:08 []:>--------------------------------------------------------------<
Project1.exe: 00002664: 21:05:08 [TUniServerModule]:Server First Init.
Project1.exe: 00002664: 21:05:08 [TUniServerModule]:Global Cache Folder Erased. <4> Files deleted.
Project1.exe: 00002664: 21:05:08 [TUniServerModule]:Starting HTTP Server on Port: 8077...
Project1.exe: 00002664: 21:05:08 [TUniServerModule]:HTTP Server Started on Port: 8077
Project1.exe: 00002664: 21:05:15 [TUniServerModule]:Shutting Down Server.
Project1.exe: 00002664: 21:05:15 [TUniServerModule]:Stopping HTTP Server.
Project1.exe: 00002664: 21:05:15 [TUniServerModule]:HTTP Server Stopped.
Project1.exe: 00002664: 21:05:15 [TUniGUISessionManager]:Terminating Session manager.
Project1.exe: 00002664: 21:05:15 [TUniGUISessionManager]:Stopping Cache Eraser...
Project1.exe: 00002664: 21:05:15 [TUniGUISessionManager]:Cache Eraser Stopped.
Project1.exe: 00002664: 21:05:15 [TUniGUISessionManager]:Destroying Worker Threads.
Project1.exe: 00002664: 21:05:15 [TUniGUISessionManager]:Session manager terminated.
Project1.exe: 00002664: 21:05:15 [TUniServerModule]:Server Shutdown Completed.
Project1.exe: 00002664: 21:05:15 []:<-------------------------------------------------------------->
Project1.exe: 00002664: 21:05:15 [Terminated]:Exit Code: 0
Project1.exe: 00001BF0: 21:05:49 []:>--------------------------------------------------------------<
Project1.exe: 00001BF0: 21:05:49 [TUniServerModule]:Server First Init.
Project1.exe: 00001BF0: 21:05:49 [TUniServerModule]:Starting HTTP Server on Port: 8077...
Project1.exe: 00001BF0: 21:05:49 [TUniServerModule]:HTTP Server Started on Port: 8077
Project1.exe: 00001398: 21:05:49 [192.168.0.101]:EUniSessionException : Invalid session or session Timeout. : Addr: $007CBE83
Project1.exe: 00002264: 21:08:16 []:>--------------------------------------------------------------<
Project1.exe: 00002264: 21:08:16 [TUniServerModule]:Server First Init.
Project1.exe: 00002264: 21:08:16 [TUniServerModule]:Global Cache Folder Erased. <1> Files deleted.
Project1.exe: 00002264: 21:08:16 [TUniServerModule]:Starting HTTP Server on Port: 8077...
Project1.exe: 00002264: 21:08:16 [TUniServerModule]:HTTP Server Started on Port: 8077
Project1.exe: 00003344: 21:08:47 []:>--------------------------------------------------------------<
Project1.exe: 00003344: 21:08:47 [TUniServerModule]:Server First Init.
Project1.exe: 00003344: 21:08:47 [TUniServerModule]:Global Cache Folder Erased. <4> Files deleted.
Project1.exe: 00003344: 21:08:47 [TUniServerModule]:Starting HTTP Server on Port: 8077...
Project1.exe: 00003344: 21:08:47 [TUniServerModule]:HTTP Server Started on Port: 8077
Project1.exe: 0000203C: 21:08:52 [192.168.0.101]:EUniSessionException : Invalid session or session Timeout. : Addr: $007CBE83
Project1.exe: 0000203C: 21:09:34 [192.168.0.101]:EUniSessionException : Invalid session or session Timeout. : Addr: $007CBE83
Project1.exe: 00003344: 21:10:26 [TUniServerModule]:Shutting Down Server.
Project1.exe: 00003344: 21:10:26 [TUniServerModule]:Stopping HTTP Server.
Project1.exe: 00003344: 21:10:27 [TUniServerModule]:HTTP Server Stopped.
Project1.exe: 00003344: 21:10:27 [TUniGUISessionManager]:Terminating Session manager.
Project1.exe: 00003344: 21:10:27 [TUniGUISessionManager]:Stopping Cache Eraser...
Project1.exe: 00003344: 21:10:27 [TUniGUISessionManager]:Cache Eraser Stopped.
Project1.exe: 00003344: 21:10:27 [TUniGUISessionManager]:Destroying Worker Threads.
Project1.exe: 00003344: 21:10:27 [TUniGUISessionManager]:Session manager terminated.
Project1.exe: 00003344: 21:10:27 [TUniServerModule]:Server Shutdown Completed.
Project1.exe: 00003344: 21:10:27 []:<-------------------------------------------------------------->
Project1.exe: 00003344: 21:10:27 [Terminated]:Exit Code: 0
Project1.exe: 00002B70: 21:20:59 []:>--------------------------------------------------------------<
Project1.exe: 00002B70: 21:20:59 [TUniServerModule]:Server First Init.
Project1.exe: 00002B70: 21:20:59 [TUniServerModule]:Starting HTTP Server on Port: 8077...
Project1.exe: 00002B70: 21:20:59 [InitWebServer]:EIdCouldNotBindSocket : Could not bind socket. Address and port are already in use. : Addr: $006DACB1
Project1.exe: 00002B70: 21:21:08 [TUniServerModule]:Shutting Down Server.
Project1.exe: 00002B70: 21:21:08 [TUniServerModule]:Stopping HTTP Server.
Project1.exe: 00002B70: 21:21:08 [TUniServerModule]:HTTP Server Stopped.
Project1.exe: 00002B70: 21:21:08 [TUniGUISessionManager]:Terminating Session manager.
Project1.exe: 00002B70: 21:21:08 [TUniGUISessionManager]:Stopping Cache Eraser...
Project1.exe: 00002B70: 21:21:08 [TUniGUISessionManager]:Cache Eraser Stopped.
Project1.exe: 00002B70: 21:21:08 [TUniGUISessionManager]:Destroying Worker Threads.
Project1.exe: 00002B70: 21:21:08 [TUniGUISessionManager]:Session manager terminated.
Project1.exe: 00002B70: 21:21:08 [TUniServerModule]:Server Shutdown Completed.
Project1.exe: 00002B70: 21:21:08 []:<-------------------------------------------------------------->
Project1.exe: 00002B70: 21:21:08 [Terminated]:Exit Code: 0
Project1.exe: 000007F8: 21:21:13 []:>--------------------------------------------------------------<
Project1.exe: 000007F8: 21:21:13 [TUniServerModule]:Server First Init.
Project1.exe: 000007F8: 21:21:13 [TUniServerModule]:Starting HTTP Server on Port: 8077...
Project1.exe: 000007F8: 21:21:13 [InitWebServer]:EIdCouldNotBindSocket : Could not bind socket. Address and port are already in use. : Addr: $006DACB1
Project1.exe: 000007F8: 21:21:23 [TUniServerModule]:Shutting Down Server.
Project1.exe: 000007F8: 21:21:23 [TUniServerModule]:Stopping HTTP Server.
Project1.exe: 000007F8: 21:21:24 [TUniServerModule]:HTTP Server Stopped.
Project1.exe: 000007F8: 21:21:24 [TUniGUISessionManager]:Terminating Session manager.
Project1.exe: 000007F8: 21:21:24 [TUniGUISessionManager]:Stopping Cache Eraser...
Project1.exe: 000007F8: 21:21:24 [TUniGUISessionManager]:Cache Eraser Stopped.
Project1.exe: 000007F8: 21:21:24 [TUniGUISessionManager]:Destroying Worker Threads.
Project1.exe: 000007F8: 21:21:24 [TUniGUISessionManager]:Session manager terminated.
Project1.exe: 000007F8: 21:21:24 [TUniServerModule]:Server Shutdown Completed.
Project1.exe: 000007F8: 21:21:24 []:<-------------------------------------------------------------->
Project1.exe: 000007F8: 21:21:24 [Terminated]:Exit Code: 0
Project1.exe: 00003628: 21:21:29 []:>--------------------------------------------------------------<
Project1.exe: 00003628: 21:21:29 [TUniServerModule]:Server First Init.
Project1.exe: 00003628: 21:21:29 [TUniServerModule]:Starting HTTP Server on Port: 8077...
Project1.exe: 00003628: 21:21:29 [TUniServerModule]:HTTP Server Started on Port: 8077
Project1.exe: 00002D60: 21:21:31 [192.168.0.101]:EUniSessionException : Invalid session or session Timeout. : Addr: $007CBE83
Project1.exe: 00000EA8: 21:23:42 []:>--------------------------------------------------------------<
Project1.exe: 00000EA8: 21:23:42 [TUniServerModule]:Server First Init.
Project1.exe: 00000EA8: 21:23:42 [TUniServerModule]:Global Cache Folder Erased. <5> Files deleted.
Project1.exe: 00000EA8: 21:23:42 [TUniServerModule]:Starting HTTP Server on Port: 8077...
Project1.exe: 00000EA8: 21:23:42 [TUniServerModule]:HTTP Server Started on Port: 8077
Project1.exe: 00001388: 21:23:42 [192.168.0.101]:EUniSessionException : Invalid session or session Timeout. : Addr: $007CBE83
Project1.exe: 00000048: 21:25:48 []:>--------------------------------------------------------------<
Project1.exe: 00000048: 21:25:48 [TUniServerModule]:Server First Init.
Project1.exe: 00000048: 21:25:48 [TUniServerModule]:Global Cache Folder Erased. <2> Files deleted.
Project1.exe: 00000048: 21:25:48 [TUniServerModule]:Starting HTTP Server on Port: 8077...
Project1.exe: 00000048: 21:25:48 [TUniServerModule]:HTTP Server Started on Port: 8077
Project1.exe: 000020B0: 21:25:48 [192.168.0.101]:EUniSessionException : Invalid session or session Timeout. : Addr: $007CBE83
Project1.exe: 00000BAC: 21:26:22 []:>--------------------------------------------------------------<
Project1.exe: 00000BAC: 21:26:22 [TUniServerModule]:Server First Init.
Project1.exe: 00000BAC: 21:26:22 [TUniServerModule]:Global Cache Folder Erased. <5> Files deleted.
Project1.exe: 00000BAC: 21:26:22 [TUniServerModule]:Starting HTTP Server on Port: 8077...
Project1.exe: 00000BAC: 21:26:22 [TUniServerModule]:HTTP Server Started on Port: 8077
Project1.exe: 00002E20: 21:26:26 [192.168.0.101]:EUniSessionException : Invalid session or session Timeout. : Addr: $007CBE83
Project1.exe: 000011D0: 21:34:57 []:>--------------------------------------------------------------<
Project1.exe: 000011D0: 21:34:57 [TUniServerModule]:Server First Init.
Project1.exe: 000011D0: 21:34:57 [TUniServerModule]:Global Cache Folder Erased. <5> Files deleted.
Project1.exe: 000011D0: 21:34:57 [TUniServerModule]:Starting HTTP Server on Port: 8077...
Project1.exe: 000011D0: 21:34:57 [TUniServerModule]:HTTP Server Started on Port: 8077
Project1.exe: 00000EC8: 21:37:06 []:>--------------------------------------------------------------<
Project1.exe: 00000EC8: 21:37:06 [TUniServerModule]:Server First Init.
Project1.exe: 00000EC8: 21:37:06 [TUniServerModule]:Global Cache Folder Erased. <5> Files deleted.
Project1.exe: 00000EC8: 21:37:06 [TUniServerModule]:Starting HTTP Server on Port: 8077...
Project1.exe: 00000EC8: 21:37:06 [TUniServerModule]:HTTP Server Started on Port: 8077
Project1.exe: 00002B60: 21:37:06 [192.168.0.101]:EUniSessionException : Invalid session or session Timeout. : Addr: $007CBE83
Project1.exe: 00001294: 21:37:53 []:>--------------------------------------------------------------<
Project1.exe: 00001294: 21:37:53 [TUniServerModule]:Server First Init.
Project1.exe: 00001294: 21:37:53 [TUniServerModule]:Global Cache Folder Erased. <5> Files deleted.
Project1.exe: 00001294: 21:37:53 [TUniServerModule]:Starting HTTP Server on Port: 8077...
Project1.exe: 00001294: 21:37:53 [TUniServerModule]:HTTP Server Started on Port: 8077
Project1.exe: 00001074: 21:38:02 []:>--------------------------------------------------------------<
Project1.exe: 00001074: 21:38:02 [TUniServerModule]:Server First Init.
Project1.exe: 00001074: 21:38:02 [TUniServerModule]:Global Cache Folder Erased. <1> Files deleted.
Project1.exe: 00001074: 21:38:02 [TUniServerModule]:Starting HTTP Server on Port: 8077...
Project1.exe: 00001074: 21:38:02 [TUniServerModule]:HTTP Server Started on Port: 8077
Project1.exe: 00002728: 21:38:03 [192.168.0.101]:EUniSessionException : Invalid session or session Timeout. : Addr: $007CBE83
Project1.exe: 00002728: 21:38:37 [192.168.0.101]:EUniSessionException : Invalid session or session Timeout. : Addr: $007CBE83
Project1.exe: 00000E18: 21:39:33 []:>--------------------------------------------------------------<
Project1.exe: 00000E18: 21:39:33 [TUniServerModule]:Server First Init.
Project1.exe: 00000E18: 21:39:33 [TUniServerModule]:Global Cache Folder Erased. <6> Files deleted.
Project1.exe: 00000E18: 21:39:33 [TUniServerModule]:Starting HTTP Server on Port: 8077...
Project1.exe: 00000E18: 21:39:34 [TUniServerModule]:HTTP Server Started on Port: 8077
Project1.exe: 00002D0C: 21:39:39 [192.168.0.101]:EUniSessionException : Invalid session or session Timeout. : Addr: $007CBE83
Project1.exe: 000025EC: 21:41:01 []:>--------------------------------------------------------------<
Project1.exe: 000025EC: 21:41:01 [TUniServerModule]:Server First Init.
Project1.exe: 000025EC: 21:41:01 [TUniServerModule]:Global Cache Folder Erased. <11> Files deleted.
Project1.exe: 000025EC: 21:41:01 [TUniServerModule]:Starting HTTP Server on Port: 8077...
Project1.exe: 000025EC: 21:41:01 [TUniServerModule]:HTTP Server Started on Port: 8077
Project1.exe: 00003624: 21:41:04 [192.168.0.101]:EUniSessionException : Invalid session or session Timeout. : Addr: $007CBE83
Project1.exe: 00003624: 21:42:00 [192.168.0.101]:EUniSessionException : Invalid session or session Timeout. : Addr: $007CBE83
Project1.exe: 000034CC: 21:42:40 []:>--------------------------------------------------------------<
Project1.exe: 000034CC: 21:42:40 [TUniServerModule]:Server First Init.
Project1.exe: 000034CC: 21:42:40 [TUniServerModule]:Global Cache Folder Erased. <5> Files deleted.
Project1.exe: 000034CC: 21:42:41 [TUniServerModule]:Starting HTTP Server on Port: 8077...
Project1.exe: 000034CC: 21:42:41 [TUniServerModule]:HTTP Server Started on Port: 8077
Project1.exe: 00000BC4: 21:42:41 [192.168.0.101]:EUniSessionException : Invalid session or session Timeout. : Addr: $007CBE83
Project1.exe: 00002278: 21:43:13 []:>--------------------------------------------------------------<
Project1.exe: 00002278: 21:43:13 [TUniServerModule]:Server First Init.
Project1.exe: 00002278: 21:43:13 [TUniServerModule]:Global Cache Folder Erased. <5> Files deleted.
Project1.exe: 00002278: 21:43:13 [TUniServerModule]:Starting HTTP Server on Port: 8077...
Project1.exe: 00002278: 21:43:13 [TUniServerModule]:HTTP Server Started on Port: 8077
Project1.exe: 00002034: 21:43:13 [192.168.0.101]:EUniSessionException : Invalid session or session Timeout. : Addr: $007CBE83
Project1.exe: 00003590: 21:43:44 []:>--------------------------------------------------------------<
Project1.exe: 00003590: 21:43:44 [TUniServerModule]:Server First Init.
Project1.exe: 00003590: 21:43:44 [TUniServerModule]:Global Cache Folder Erased. <5> Files deleted.
Project1.exe: 00003590: 21:43:44 [TUniServerModule]:Starting HTTP Server on Port: 8077...
Project1.exe: 00003590: 21:43:44 [TUniServerModule]:HTTP Server Started on Port: 8077
Project1.exe: 00002928: 21:43:47 [192.168.0.101]:EUniSessionException : Invalid session or session Timeout. : Addr: $007CBE83
Project1.exe: 00000BB8: 21:44:48 []:>--------------------------------------------------------------<
Project1.exe: 00000BB8: 21:44:48 [TUniServerModule]:Server First Init.
Project1.exe: 00000BB8: 21:44:48 [TUniServerModule]:Global Cache Folder Erased. <5> Files deleted.
Project1.exe: 00000BB8: 21:44:48 [TUniServerModule]:Starting HTTP Server on Port: 8077...
Project1.exe: 00000BB8: 21:44:48 [TUniServerModule]:HTTP Server Started on Port: 8077
Project1.exe: 00001F7C: 21:44:50 [192.168.0.101]:EUniSessionException : Invalid session or session Timeout. : Addr: $007CBE83
Project1.exe: 0000352C: 21:45:50 []:>--------------------------------------------------------------<
Project1.exe: 0000352C: 21:45:50 [TUniServerModule]:Server First Init.
Project1.exe: 0000352C: 21:45:50 [TUniServerModule]:Global Cache Folder Erased. <2> Files deleted.
Project1.exe: 0000352C: 21:45:50 [TUniServerModule]:Starting HTTP Server on Port: 8077...
Project1.exe: 0000352C: 21:45:50 [TUniServerModule]:HTTP Server Started on Port: 8077
Project1.exe: 000014F4: 21:45:52 [192.168.0.101]:EUniSessionException : Invalid session or session Timeout. : Addr: $007CBE83
Project1.exe: 00003310: 21:46:54 []:>--------------------------------------------------------------<
Project1.exe: 00003310: 21:46:54 [TUniServerModule]:Server First Init.
Project1.exe: 00003310: 21:46:54 [TUniServerModule]:Global Cache Folder Erased. <5> Files deleted.
Project1.exe: 00003310: 21:46:54 [TUniServerModule]:Starting HTTP Server on Port: 8077...
Project1.exe: 00003310: 21:46:54 [TUniServerModule]:HTTP Server Started on Port: 8077
Project1.exe: 0000063C: 21:46:54 [192.168.0.101]:EUniSessionException : Invalid session or session Timeout. : Addr: $007CBE83
Project1.exe: 000037AC: 21:47:35 []:>--------------------------------------------------------------<
Project1.exe: 000037AC: 21:47:35 [TUniServerModule]:Server First Init.
Project1.exe: 000037AC: 21:47:35 [TUniServerModule]:Global Cache Folder Erased. <2> Files deleted.
Project1.exe: 000037AC: 21:47:35 [TUniServerModule]:Starting HTTP Server on Port: 8077...
Project1.exe: 000037AC: 21:47:35 [TUniServerModule]:HTTP Server Started on Port: 8077
Project1.exe: 00002A80: 21:47:35 [192.168.0.101]:EUniSessionException : Invalid session or session Timeout. : Addr: $007CBE83
Project1.exe: 0000140C: 21:48:33 []:>--------------------------------------------------------------<
Project1.exe: 0000140C: 21:48:33 [TUniServerModule]:Server First Init.
Project1.exe: 0000140C: 21:48:33 [TUniServerModule]:Global Cache Folder Erased. <5> Files deleted.
Project1.exe: 0000140C: 21:48:33 [TUniServerModule]:Starting HTTP Server on Port: 8077...
Project1.exe: 0000140C: 21:48:33 [TUniServerModule]:HTTP Server Started on Port: 8077
Project1.exe: 000020A0: 21:48:33 [192.168.0.101]:EUniSessionException : Invalid session or session Timeout. : Addr: $007CBE83
Project1.exe: 00002334: 21:51:03 []:>--------------------------------------------------------------<
Project1.exe: 00002334: 21:51:03 [TUniServerModule]:Server First Init.
Project1.exe: 00002334: 21:51:03 [TUniServerModule]:Global Cache Folder Erased. <2> Files deleted.
Project1.exe: 00002334: 21:51:03 [TUniServerModule]:Starting HTTP Server on Port: 8077...
Project1.exe: 00002334: 21:51:03 [TUniServerModule]:HTTP Server Started on Port: 8077
Project1.exe: 00002438: 21:51:03 [192.168.0.101]:EUniSessionException : Invalid session or session Timeout. : Addr: $007CBE83
Project1.exe: 0000115C: 21:53:15 []:>--------------------------------------------------------------<
Project1.exe: 0000115C: 21:53:15 [TUniServerModule]:Server First Init.
Project1.exe: 0000115C: 21:53:15 [TUniServerModule]:Global Cache Folder Erased. <6> Files deleted.
Project1.exe: 0000115C: 21:53:15 [TUniServerModule]:Starting HTTP Server on Port: 8077...
Project1.exe: 0000115C: 21:53:15 [TUniServerModule]:HTTP Server Started on Port: 8077
Project1.exe: 00002A08: 21:53:24 []:>--------------------------------------------------------------<
Project1.exe: 00002A08: 21:53:24 [TUniServerModule]:Server First Init.
Project1.exe: 00002A08: 21:53:24 [TUniServerModule]:Global Cache Folder Erased. <1> Files deleted.
Project1.exe: 00002A08: 21:53:24 [TUniServerModule]:Starting HTTP Server on Port: 8077...
Project1.exe: 00002A08: 21:53:24 [TUniServerModule]:HTTP Server Started on Port: 8077
Project1.exe: 00003588: 21:54:49 []:>--------------------------------------------------------------<
Project1.exe: 00003588: 21:54:49 [TUniServerModule]:Server First Init.
Project1.exe: 00003588: 21:54:49 [TUniServerModule]:Global Cache Folder Erased. <1> Files deleted.
Project1.exe: 00003588: 21:54:49 [TUniServerModule]:Starting HTTP Server on Port: 8077...
Project1.exe: 00003588: 21:54:49 [TUniServerModule]:HTTP Server Started on Port: 8077
Project1.exe: 000016B4: 21:54:58 [192.168.0.101]:EUniSessionException : Invalid session or session Timeout. : Addr: $007CBE83
Project1.exe: 00003104: 21:57:02 []:>--------------------------------------------------------------<
Project1.exe: 00003104: 21:57:02 [TUniServerModule]:Server First Init.
Project1.exe: 00003104: 21:57:02 [TUniServerModule]:Global Cache Folder Erased. <5> Files deleted.
Project1.exe: 00003104: 21:57:02 [TUniServerModule]:Starting HTTP Server on Port: 8077...
Project1.exe: 00003104: 21:57:02 [TUniServerModule]:HTTP Server Started on Port: 8077
Project1.exe: 000029B8: 21:57:42 []:>--------------------------------------------------------------<
Project1.exe: 000029B8: 21:57:42 [TUniServerModule]:Server First Init.
Project1.exe: 000029B8: 21:57:42 [TUniServerModule]:Global Cache Folder Erased. <1> Files deleted.
Project1.exe: 000029B8: 21:57:42 [TUniServerModule]:Starting HTTP Server on Port: 8077...
Project1.exe: 000029B8: 21:57:42 [TUniServerModule]:HTTP Server Started on Port: 8077
Project1.exe: 00003598: 21:57:45 [192.168.0.101]:EUniSessionException : Invalid session or session Timeout. : Addr: $007CE50B
Project1.exe: 00001608: 22:04:56 []:>--------------------------------------------------------------<
Project1.exe: 00001608: 22:04:56 [TUniServerModule]:Server First Init.
Project1.exe: 00001608: 22:04:56 [TUniServerModule]:Global Cache Folder Erased. <43> Files deleted.
Project1.exe: 00001608: 22:04:56 [TUniServerModule]:Starting HTTP Server on Port: 8077...
Project1.exe: 00001608: 22:04:56 [TUniServerModule]:HTTP Server Started on Port: 8077
Project1.exe: 000006A0: 22:06:18 []:>--------------------------------------------------------------<
Project1.exe: 000006A0: 22:06:18 [TUniServerModule]:Server First Init.
Project1.exe: 000006A0: 22:06:18 [TUniServerModule]:Global Cache Folder Erased. <1> Files deleted.
Project1.exe: 000006A0: 22:06:18 [TUniServerModule]:Starting HTTP Server on Port: 8077...
Project1.exe: 000006A0: 22:06:18 [TUniServerModule]:HTTP Server Started on Port: 8077
Project1.exe: 0000115C: 22:06:23 [192.168.0.101]:EUniSessionException : Invalid session or session Timeout. : Addr: $007CE50B
Project1.exe: 0000115C: 22:06:55 [192.168.0.101]:EUniSessionException : Invalid session or session Timeout. : Addr: $007CE50B
Project1.exe: 00001EB4: 22:07:50 []:>--------------------------------------------------------------<
Project1.exe: 00001EB4: 22:07:50 [TUniServerModule]:Server First Init.
Project1.exe: 00001EB4: 22:07:50 [TUniServerModule]:Global Cache Folder Erased. <12> Files deleted.
Project1.exe: 00001EB4: 22:07:50 [TUniServerModule]:Starting HTTP Server on Port: 8077...
Project1.exe: 00001EB4: 22:07:50 [TUniServerModule]:HTTP Server Started on Port: 8077
Project1.exe: 000015CC: 22:07:57 [192.168.0.101]:EUniSessionException : Invalid session or session Timeout. : Addr: $007CE50B
Project1.exe: 000019C8: 22:20:26 []:>--------------------------------------------------------------<
Project1.exe: 000019C8: 22:20:26 [TUniServerModule]:Server First Init.
Project1.exe: 000019C8: 22:20:26 [TUniServerModule]:Global Cache Folder Erased. <24> Files deleted.
Project1.exe: 000019C8: 22:20:26 [TUniServerModule]:Starting HTTP Server on Port: 8077...
Project1.exe: 000019C8: 22:20:26 [TUniServerModule]:HTTP Server Started on Port: 8077
Project1.exe: 000010C0: 22:20:37 [192.168.0.101]:EUniSessionException : Invalid session or session Timeout. : Addr: $007CE50B
Project1.exe: 00002F18: 22:22:02 []:>--------------------------------------------------------------<
Project1.exe: 00002F18: 22:22:02 [TUniServerModule]:Server First Init.
Project1.exe: 00002F18: 22:22:03 [TUniServerModule]:Global Cache Folder Erased. <12> Files deleted.
Project1.exe: 00002F18: 22:22:03 [TUniServerModule]:Starting HTTP Server on Port: 8077...
Project1.exe: 00002F18: 22:22:03 [TUniServerModule]:HTTP Server Started on Port: 8077
Project1.exe: 00002E10: 22:22:03 [192.168.0.101]:EUniSessionException : Invalid session or session Timeout. : Addr: $007CE50B
Project1.exe: 00002D0C: 22:32:55 []:>--------------------------------------------------------------<
Project1.exe: 00002D0C: 22:32:55 [TUniServerModule]:Server First Init.
Project1.exe: 00002D0C: 22:32:55 [TUniServerModule]:Global Cache Folder Erased. <12> Files deleted.
Project1.exe: 00002D0C: 22:32:55 [TUniServerModule]:Starting HTTP Server on Port: 8077...
Project1.exe: 00002D0C: 22:32:55 [TUniServerModule]:HTTP Server Started on Port: 8077
Project1.exe: 0000276C: 22:32:58 [192.168.0.101]:EUniSessionException : Invalid session or session Timeout. : Addr: $007CE50B
Project1.exe: 000031B4: 22:44:03 []:>--------------------------------------------------------------<
Project1.exe: 000031B4: 22:44:03 [TUniServerModule]:Server First Init.
Project1.exe: 000031B4: 22:44:03 [TUniServerModule]:Global Cache Folder Erased. <26> Files deleted.
Project1.exe: 000031B4: 22:44:03 [TUniServerModule]:Starting HTTP Server on Port: 8077...
Project1.exe: 000031B4: 22:44:03 [TUniServerModule]:HTTP Server Started on Port: 8077
Project1.exe: 000007F8: 22:44:04 [192.168.0.101]:EUniSessionException : Invalid session or session Timeout. : Addr: $007CE52B
Project1.exe: 000031B4: 22:45:50 [TUniServerModule]:Shutting Down Server.
Project1.exe: 000031B4: 22:45:50 [TUniServerModule]:Stopping HTTP Server.
Project1.exe: 000031B4: 22:45:51 [TUniServerModule]:HTTP Server Stopped.
Project1.exe: 000031B4: 22:45:51 [TUniGUISessionManager]:Terminating Session manager.
Project1.exe: 000031B4: 22:45:51 [TUniGUISessionManager]:Stopping Cache Eraser...
Project1.exe: 000031B4: 22:45:51 [TUniGUISessionManager]:Cache Eraser Stopped.
Project1.exe: 000031B4: 22:45:51 [TUniGUISessionManager]:Destroying Worker Threads.
Project1.exe: 000031B4: 22:45:51 [TUniGUISessionManager]:Session manager terminated.
Project1.exe: 000031B4: 22:45:51 [TUniServerModule]:Server Shutdown Completed.
Project1.exe: 000031B4: 22:45:51 []:<-------------------------------------------------------------->
Project1.exe: 000031B4: 22:45:51 [Terminated]:Exit Code: 0
Project1.exe: 00001EF0: 22:46:05 []:>--------------------------------------------------------------<
Project1.exe: 00001EF0: 22:46:05 [TUniServerModule]:Server First Init.
Project1.exe: 00001EF0: 22:46:05 [TUniServerModule]:Starting HTTP Server on Port: 8077...
Project1.exe: 00001EF0: 22:46:05 [TUniServerModule]:HTTP Server Started on Port: 8077
Project1.exe: 000034B8: 22:46:06 [192.168.0.101]:EUniSessionException : Invalid session or session Timeout. : Addr: $007CE52B
Project1.exe: 00002F64: 22:47:04 []:>--------------------------------------------------------------<
Project1.exe: 00002F64: 22:47:04 [TUniServerModule]:Server First Init.
Project1.exe: 00002F64: 22:47:04 [TUniServerModule]:Global Cache Folder Erased. <24> Files deleted.
Project1.exe: 00002F64: 22:47:04 [TUniServerModule]:Starting HTTP Server on Port: 8077...
Project1.exe: 00002F64: 22:47:04 [TUniServerModule]:HTTP Server Started on Port: 8077
Project1.exe: 00002A64: 22:47:07 [192.168.0.101]:EUniSessionException : Invalid session or session Timeout. : Addr: $007CB4F7
Project1.exe: 00001B5C: 22:48:00 []:>--------------------------------------------------------------<
Project1.exe: 00001B5C: 22:48:00 [TUniServerModule]:Server First Init.
Project1.exe: 00001B5C: 22:48:00 [TUniServerModule]:Global Cache Folder Erased. <24> Files deleted.
Project1.exe: 00001B5C: 22:48:00 [TUniServerModule]:Starting HTTP Server on Port: 8077...
Project1.exe: 00001B5C: 22:48:00 [TUniServerModule]:HTTP Server Started on Port: 8077
Project1.exe: 00000434: 22:48:01 [192.168.0.101]:EUniSessionException : Invalid session or session Timeout. : Addr: $007CBEA3
Project1.exe: 000028E8: 22:48:50 []:>--------------------------------------------------------------<
Project1.exe: 000028E8: 22:48:50 [TUniServerModule]:Server First Init.
Project1.exe: 000028E8: 22:48:50 [TUniServerModule]:Global Cache Folder Erased. <4> Files deleted.
Project1.exe: 000028E8: 22:48:50 [TUniServerModule]:Starting HTTP Server on Port: 8077...
Project1.exe: 000028E8: 22:48:50 [TUniServerModule]:HTTP Server Started on Port: 8077
Project1.exe: 000030C0: 22:48:52 [192.168.0.101]:EUniSessionException : Invalid session or session Timeout. : Addr: $007CBEA3
Project1.exe: 00002434: 22:49:24 []:>--------------------------------------------------------------<
Project1.exe: 00002434: 22:49:24 [TUniServerModule]:Server First Init.
Project1.exe: 00002434: 22:49:24 [TUniServerModule]:Global Cache Folder Erased. <4> Files deleted.
Project1.exe: 00002434: 22:49:24 [TUniServerModule]:Starting HTTP Server on Port: 8077...
Project1.exe: 00002434: 22:49:24 [TUniServerModule]:HTTP Server Started on Port: 8077
Project1.exe: 00003408: 22:49:24 [192.168.0.101]:EUniSessionException : Invalid session or session Timeout. : Addr: $007CBEA3
Project1.exe: 000014F8: 22:51:32 []:>--------------------------------------------------------------<
Project1.exe: 000014F8: 22:51:32 [TUniServerModule]:Server First Init.
Project1.exe: 000014F8: 22:51:32 [TUniServerModule]:Global Cache Folder Erased. <4> Files deleted.
Project1.exe: 000014F8: 22:51:32 [TUniServerModule]:Starting HTTP Server on Port: 8077...
Project1.exe: 000014F8: 22:51:32 [TUniServerModule]:HTTP Server Started on Port: 8077
Project1.exe: 00002B14: 22:51:35 [192.168.0.101]:EUniSessionException : Invalid session or session Timeout. : Addr: $007CE52B
Project1.exe: 00002664: 22:51:40 []:>--------------------------------------------------------------<
Project1.exe: 00002664: 22:51:40 [TUniServerModule]:Server First Init.
Project1.exe: 00002664: 22:51:40 [TUniServerModule]:Global Cache Folder Erased. <1> Files deleted.
Project1.exe: 00002664: 22:51:40 [TUniServerModule]:Starting HTTP Server on Port: 8077...
Project1.exe: 00002664: 22:51:40 [TUniServerModule]:HTTP Server Started on Port: 8077
Project1.exe: 00002664: 22:52:05 [TUniServerModule]:Shutting Down Server.
Project1.exe: 00002664: 22:52:05 [TUniServerModule]:Stopping HTTP Server.
Project1.exe: 00002664: 22:52:06 [TUniServerModule]:HTTP Server Stopped.
Project1.exe: 00002664: 22:52:06 [TUniGUISessionManager]:Terminating Session manager.
Project1.exe: 00002664: 22:52:06 [TUniGUISessionManager]:Stopping Cache Eraser...
Project1.exe: 00002664: 22:52:06 [TUniGUISessionManager]:Cache Eraser Stopped.
Project1.exe: 00002664: 22:52:06 [TUniGUISessionManager]:Destroying Worker Threads.
Project1.exe: 00002664: 22:52:06 [TUniGUISessionManager]:Session manager terminated.
Project1.exe: 00002664: 22:52:06 [TUniServerModule]:Server Shutdown Completed.
Project1.exe: 00002664: 22:52:06 []:<-------------------------------------------------------------->
Project1.exe: 00002664: 22:52:06 [Terminated]:Exit Code: 0
Project1.exe: 000011D0: 22:52:12 []:>--------------------------------------------------------------<
Project1.exe: 000011D0: 22:52:12 [TUniServerModule]:Server First Init.
Project1.exe: 000011D0: 22:52:12 [TUniServerModule]:Starting HTTP Server on Port: 8077...
Project1.exe: 000011D0: 22:52:12 [TUniServerModule]:HTTP Server Started on Port: 8077
Project1.exe: 000028B0: 22:52:15 [192.168.0.101]:EUniSessionException : Invalid session or session Timeout. : Addr: $007CB4F7
Project1.exe: 000024E4: 22:53:41 []:>--------------------------------------------------------------<
Project1.exe: 000024E4: 22:53:41 [TUniServerModule]:Server First Init.
Project1.exe: 000024E4: 22:53:41 [TUniServerModule]:Global Cache Folder Erased. <24> Files deleted.
Project1.exe: 000024E4: 22:53:41 [TUniServerModule]:Starting HTTP Server on Port: 8077...
Project1.exe: 000024E4: 22:53:41 [TUniServerModule]:HTTP Server Started on Port: 8077
Project1.exe: 00002634: 22:53:41 [192.168.0.101]:EUniSessionException : Invalid session or session Timeout. : Addr: $007CBE83
Project1.exe: 00000540: 22:57:29 []:>--------------------------------------------------------------<
Project1.exe: 00000540: 22:57:29 [TUniServerModule]:Server First Init.
Project1.exe: 00000540: 22:57:29 [TUniServerModule]:Global Cache Folder Erased. <11> Files deleted.
Project1.exe: 00000540: 22:57:29 [TUniServerModule]:Starting HTTP Server on Port: 8077...
Project1.exe: 00000540: 22:57:29 [TUniServerModule]:HTTP Server Started on Port: 8077
Project1.exe: 00001A10: 22:57:32 [192.168.0.101]:EUniSessionException : Invalid session or session Timeout. : Addr: $007CBE83
Project1.exe: 00001604: 23:01:22 []:>--------------------------------------------------------------<
Project1.exe: 00001604: 23:01:22 [TUniServerModule]:Server First Init.
Project1.exe: 00001604: 23:01:22 [TUniServerModule]:Global Cache Folder Erased. <2> Files deleted.
Project1.exe: 00001604: 23:01:22 [TUniServerModule]:Starting HTTP Server on Port: 8077...
Project1.exe: 00001604: 23:01:22 [TUniServerModule]:HTTP Server Started on Port: 8077
Project1.exe: 00001604: 23:03:26 [TUniServerModule]:Shutting Down Server.
Project1.exe: 00001604: 23:03:26 [TUniServerModule]:Stopping HTTP Server.
Project1.exe: 00001604: 23:03:27 [TUniServerModule]:HTTP Server Stopped.
Project1.exe: 00001604: 23:03:27 [TUniGUISessionManager]:Terminating Session manager.
Project1.exe: 00001604: 23:03:27 [TUniGUISessionManager]:Stopping Cache Eraser...
Project1.exe: 00001604: 23:03:27 [TUniGUISessionManager]:Cache Eraser Stopped.
Project1.exe: 00001604: 23:03:27 [TUniGUISessionManager]:Destroying Worker Threads.
Project1.exe: 00001604: 23:03:27 [TUniGUISessionManager]:Session manager terminated.
Project1.exe: 00001604: 23:03:27 [TUniServerModule]:Server Shutdown Completed.
Project1.exe: 00001604: 23:03:27 []:<-------------------------------------------------------------->
Project1.exe: 00001604: 23:03:27 [Terminated]:Exit Code: 0
Project1.exe: 00002910: 23:16:36 []:>--------------------------------------------------------------<
Project1.exe: 00002910: 23:16:36 [TUniServerModule]:Server First Init.
Project1.exe: 00002910: 23:16:36 [TUniServerModule]:Starting HTTP Server on Port: 8077...
Project1.exe: 00002910: 23:16:36 [InitWebServer]:EIdCouldNotBindSocket : Could not bind socket. Address and port are already in use. : Addr: $006DACB1
Project1.exe: 00002910: 23:16:50 [TUniServerModule]:Shutting Down Server.
Project1.exe: 00002910: 23:16:50 [TUniServerModule]:Stopping HTTP Server.
Project1.exe: 00002910: 23:16:50 [TUniServerModule]:HTTP Server Stopped.
Project1.exe: 00002910: 23:16:50 [TUniGUISessionManager]:Terminating Session manager.
Project1.exe: 00002910: 23:16:50 [TUniGUISessionManager]:Stopping Cache Eraser...
Project1.exe: 00002910: 23:16:50 [TUniGUISessionManager]:Cache Eraser Stopped.
Project1.exe: 00002910: 23:16:50 [TUniGUISessionManager]:Destroying Worker Threads.
Project1.exe: 00002910: 23:16:51 [TUniGUISessionManager]:Session manager terminated.
Project1.exe: 00002910: 23:16:51 [TUniServerModule]:Server Shutdown Completed.
Project1.exe: 00002910: 23:16:51 []:<-------------------------------------------------------------->
Project1.exe: 00002910: 23:16:51 [Terminated]:Exit Code: 0
Project1.exe: 00002EF8: 23:16:56 []:>--------------------------------------------------------------<
Project1.exe: 00002EF8: 23:16:56 [TUniServerModule]:Server First Init.
Project1.exe: 00002EF8: 23:16:56 [TUniServerModule]:Starting HTTP Server on Port: 8077...
Project1.exe: 00002EF8: 23:16:56 [InitWebServer]:EIdCouldNotBindSocket : Could not bind socket. Address and port are already in use. : Addr: $006DACB1
Project1.exe: 00002EF8: 23:17:15 [TUniServerModule]:Shutting Down Server.
Project1.exe: 00002EF8: 23:17:15 [TUniServerModule]:Stopping HTTP Server.
Project1.exe: 00002EF8: 23:17:15 [TUniServerModule]:HTTP Server Stopped.
Project1.exe: 00002EF8: 23:17:15 [TUniGUISessionManager]:Terminating Session manager.
Project1.exe: 00002EF8: 23:17:15 [TUniGUISessionManager]:Stopping Cache Eraser...
Project1.exe: 00002EF8: 23:17:15 [TUniGUISessionManager]:Cache Eraser Stopped.
Project1.exe: 00002EF8: 23:17:15 [TUniGUISessionManager]:Destroying Worker Threads.
Project1.exe: 00002EF8: 23:17:15 [TUniGUISessionManager]:Session manager terminated.
Project1.exe: 00002EF8: 23:17:15 [TUniServerModule]:Server Shutdown Completed.
Project1.exe: 00002EF8: 23:17:15 []:<-------------------------------------------------------------->
Project1.exe: 00002EF8: 23:17:15 [Terminated]:Exit Code: 0
Project1.exe: 000011E4: 23:17:23 []:>--------------------------------------------------------------<
Project1.exe: 000011E4: 23:17:23 [TUniServerModule]:Server First Init.
Project1.exe: 000011E4: 23:17:23 [TUniServerModule]:Starting HTTP Server on Port: 8077...
Project1.exe: 000011E4: 23:17:23 [TUniServerModule]:HTTP Server Started on Port: 8077
Project1.exe: 00001388: 23:17:23 [192.168.0.101]:EUniSessionException : Invalid session or session Timeout. : Addr: $007CBE83
Project1.exe: 000035B0: 23:36:17 []:>--------------------------------------------------------------<
Project1.exe: 000035B0: 23:36:17 [TUniServerModule]:Server First Init.
Project1.exe: 000035B0: 23:36:17 [TUniServerModule]:Global Cache Folder Erased. <1> Files deleted.
Project1.exe: 000035B0: 23:36:17 [TUniServerModule]:Starting HTTP Server on Port: 8077...
Project1.exe: 000035B0: 23:36:17 [TUniServerModule]:HTTP Server Started on Port: 8077
Project1.exe: 00001EEC: 23:38:52 []:>--------------------------------------------------------------<
Project1.exe: 00001EEC: 23:38:52 [TUniServerModule]:Server First Init.
Project1.exe: 00001EEC: 23:38:52 [TUniServerModule]:Global Cache Folder Erased. <2> Files deleted.
Project1.exe: 00001EEC: 23:38:52 [TUniServerModule]:Starting HTTP Server on Port: 8077...
Project1.exe: 00001EEC: 23:38:52 [TUniServerModule]:HTTP Server Started on Port: 8077
Project1.exe: 00001EEC: 23:43:19 [TUniServerModule]:Shutting Down Server.
Project1.exe: 00001EEC: 23:43:19 [TUniServerModule]:Stopping HTTP Server.
Project1.exe: 00001EEC: 23:43:20 [TUniServerModule]:HTTP Server Stopped.
Project1.exe: 00001EEC: 23:43:20 [TUniGUISessionManager]:Terminating Session manager.
Project1.exe: 00001EEC: 23:43:20 [TUniGUISessionManager]:Stopping Cache Eraser...
Project1.exe: 00001EEC: 23:43:20 [TUniGUISessionManager]:Cache Eraser Stopped.
Project1.exe: 00001EEC: 23:43:20 [TUniGUISessionManager]:Destroying Worker Threads.
Project1.exe: 00001EEC: 23:43:20 [TUniGUISessionManager]:Session manager terminated.
Project1.exe: 00001EEC: 23:43:20 [TUniServerModule]:Server Shutdown Completed.
Project1.exe: 00001EEC: 23:43:20 []:<-------------------------------------------------------------->
Project1.exe: 00001EEC: 23:43:20 [Terminated]:Exit Code: 0
Project1.exe: 00000A48: 23:43:26 []:>--------------------------------------------------------------<
Project1.exe: 00000A48: 23:43:26 [TUniServerModule]:Server First Init.
Project1.exe: 00000A48: 23:43:26 [TUniServerModule]:Starting HTTP Server on Port: 8077...
Project1.exe: 00000A48: 23:43:26 [TUniServerModule]:HTTP Server Started on Port: 8077
Project1.exe: 00000B18: 23:45:28 []:>--------------------------------------------------------------<
Project1.exe: 00000B18: 23:45:28 [TUniServerModule]:Server First Init.
Project1.exe: 00000B18: 23:45:28 [TUniServerModule]:Global Cache Folder Erased. <4> Files deleted.
Project1.exe: 00000B18: 23:45:28 [TUniServerModule]:Starting HTTP Server on Port: 8077...
Project1.exe: 00000B18: 23:45:28 [TUniServerModule]:HTTP Server Started on Port: 8077
Project1.exe: 00000B18: 23:49:02 [TUniServerModule]:Shutting Down Server.
Project1.exe: 00000B18: 23:49:02 [TUniServerModule]:Stopping HTTP Server.
Project1.exe: 00000B18: 23:49:02 [TUniServerModule]:HTTP Server Stopped.
Project1.exe: 00000B18: 23:49:02 [TUniGUISessionManager]:Terminating Session manager.
Project1.exe: 00000B18: 23:49:02 [TUniGUISessionManager]:Stopping Cache Eraser...
Project1.exe: 00000B18: 23:49:02 [TUniGUISessionManager]:Cache Eraser Stopped.
Project1.exe: 00000B18: 23:49:02 [TUniGUISessionManager]:Destroying Worker Threads.
Project1.exe: 00000B18: 23:49:02 [TUniGUISessionManager]:Session manager terminated.
Project1.exe: 00000B18: 23:49:02 [TUniServerModule]:Server Shutdown Completed.
Project1.exe: 00000B18: 23:49:02 []:<-------------------------------------------------------------->
Project1.exe: 00000B18: 23:49:02 [Terminated]:Exit Code: 0
Project1.exe: 0000307C: 23:51:43 []:>--------------------------------------------------------------<
Project1.exe: 0000307C: 23:51:43 [TUniServerModule]:Server First Init.
Project1.exe: 0000307C: 23:51:43 [TUniServerModule]:Starting HTTP Server on Port: 8077...
Project1.exe: 0000307C: 23:51:43 [TUniServerModule]:HTTP Server Started on Port: 8077
Project1.exe: 00003150: 23:51:48 [192.168.0.101]:EUniSessionException : Invalid session or session Timeout. : Addr: $007CBE83
Project1.exe: 00003250: 23:54:36 []:>--------------------------------------------------------------<
Project1.exe: 00003250: 23:54:36 [TUniServerModule]:Server First Init.
Project1.exe: 00003250: 23:54:36 [TUniServerModule]:Global Cache Folder Erased. <4> Files deleted.
Project1.exe: 00003250: 23:54:36 [TUniServerModule]:Starting HTTP Server on Port: 8077...
Project1.exe: 00003250: 23:54:36 [TUniServerModule]:HTTP Server Started on Port: 8077
Project1.exe: 00001954: 23:54:39 [192.168.0.101]:EUniSessionException : Invalid session or session Timeout. : Addr: $007CBE83
Project1.exe: 00002228: 23:56:08 []:>--------------------------------------------------------------<
Project1.exe: 00002228: 23:56:08 [TUniServerModule]:Server First Init.
Project1.exe: 00002228: 23:56:08 [TUniServerModule]:Global Cache Folder Erased. <4> Files deleted.
Project1.exe: 00002228: 23:56:08 [TUniServerModule]:Starting HTTP Server on Port: 8077...
Project1.exe: 00002228: 23:56:08 [TUniServerModule]:HTTP Server Started on Port: 8077
Project1.exe: 00002984: 23:56:09 [192.168.0.101]:EUniSessionException : Invalid session or session Timeout. : Addr: $007CBE83
Project1.exe: 00003210: 23:56:32 []:>--------------------------------------------------------------<
Project1.exe: 00003210: 23:56:32 [TUniServerModule]:Server First Init.
Project1.exe: 00003210: 23:56:32 [TUniServerModule]:Global Cache Folder Erased. <1> Files deleted.
Project1.exe: 00003210: 23:56:32 [TUniServerModule]:Starting HTTP Server on Port: 8077...
Project1.exe: 00003210: 23:56:32 [TUniServerModule]:HTTP Server Started on Port: 8077
Project1.exe: 00000F60: 23:57:53 []:>--------------------------------------------------------------<
Project1.exe: 00000F60: 23:57:53 [TUniServerModule]:Server First Init.
Project1.exe: 00000F60: 23:57:53 [TUniServerModule]:Global Cache Folder Erased. <4> Files deleted.
Project1.exe: 00000F60: 23:57:53 [TUniServerModule]:Starting HTTP Server on Port: 8077...
Project1.exe: 00000F60: 23:57:53 [TUniServerModule]:HTTP Server Started on Port: 8077
Project1.exe: 000005C4: 23:57:55 [192.168.0.101]:EUniSessionException : Invalid session or session Timeout. : Addr: $007CBE83
