Project1.exe: 00002868: 18:17:06 []:>--------------------------------------------------------------<
Project1.exe: 00002868: 18:17:06 [TUniServerModule]:Server First Init.
Project1.exe: 00002868: 18:17:06 [TUniServerModule]:Starting HTTP Server on Port: 8077...
Project1.exe: 00002868: 18:17:06 [TUniServerModule]:HTTP Server Started on Port: 8077
Project1.exe: 00002868: 18:20:47 [TUniServerModule]:Shutting Down Server.
Project1.exe: 00002868: 18:20:47 [TUniServerModule]:Stopping HTTP Server.
Project1.exe: 00002868: 18:20:47 [TUniServerModule]:HTTP Server Stopped.
Project1.exe: 00002868: 18:20:47 [TUniGUISessionManager]:Terminating Session manager.
Project1.exe: 00002868: 18:20:47 [TUniGUISessionManager]:Stopping Cache Eraser...
Project1.exe: 00002868: 18:20:47 [TUniGUISessionManager]:Cache Eraser Stopped.
Project1.exe: 00002868: 18:20:47 [TUniGUISessionManager]:Destroying Worker Threads.
Project1.exe: 00002868: 18:20:47 [TUniGUISessionManager]:Session manager terminated.
Project1.exe: 00002868: 18:20:47 [TUniServerModule]:Server Shutdown Completed.
Project1.exe: 00002868: 18:20:47 []:<-------------------------------------------------------------->
Project1.exe: 00002868: 18:20:47 [Terminated]:Exit Code: 0
Project1.exe: 000017DC: 18:20:50 []:>--------------------------------------------------------------<
Project1.exe: 000017DC: 18:20:50 [TUniServerModule]:Server First Init.
Project1.exe: 000017DC: 18:20:50 [TUniServerModule]:Starting HTTP Server on Port: 8077...
Project1.exe: 000017DC: 18:20:50 [TUniServerModule]:HTTP Server Started on Port: 8077
Project1.exe: 000017DC: 18:29:20 [TUniServerModule]:Shutting Down Server.
Project1.exe: 000017DC: 18:29:20 [TUniServerModule]:Stopping HTTP Server.
Project1.exe: 000017DC: 18:29:20 [TUniServerModule]:HTTP Server Stopped.
Project1.exe: 000017DC: 18:29:20 [TUniGUISessionManager]:Terminating Session manager.
Project1.exe: 000017DC: 18:29:20 [TUniGUISessionManager]:Stopping Cache Eraser...
Project1.exe: 000017DC: 18:29:20 [TUniGUISessionManager]:Cache Eraser Stopped.
Project1.exe: 000017DC: 18:29:20 [TUniGUISessionManager]:Destroying Worker Threads.
Project1.exe: 000017DC: 18:29:20 [TUniGUISessionManager]:Session manager terminated.
Project1.exe: 000017DC: 18:29:20 [TUniServerModule]:Server Shutdown Completed.
Project1.exe: 000017DC: 18:29:20 []:<-------------------------------------------------------------->
Project1.exe: 000017DC: 18:29:20 [Terminated]:Exit Code: 0
Project1.exe: 000010D0: 18:30:57 []:>--------------------------------------------------------------<
Project1.exe: 000010D0: 18:30:57 [TUniServerModule]:Server First Init.
Project1.exe: 000010D0: 18:30:57 [TUniServerModule]:Starting HTTP Server on Port: 8077...
Project1.exe: 000010D0: 18:30:57 [TUniServerModule]:HTTP Server Started on Port: 8077
Project1.exe: 00000714: 18:31:44 []:>--------------------------------------------------------------<
Project1.exe: 00000714: 18:31:44 [TUniServerModule]:Server First Init.
Project1.exe: 00000714: 18:31:44 [TUniServerModule]:Global Cache Folder Erased. <1> Files deleted.
Project1.exe: 00000714: 18:31:44 [TUniServerModule]:Starting HTTP Server on Port: 8077...
Project1.exe: 00000714: 18:31:44 [InitWebServer]:EIdCouldNotBindSocket : Could not bind socket. Address and port are already in use. : Addr: $006DD475
Project1.exe: 000010D0: 18:32:28 [TUniServerModule]:Shutting Down Server.
Project1.exe: 000010D0: 18:32:28 [TUniServerModule]:Stopping HTTP Server.
Project1.exe: 000010D0: 18:32:29 [TUniServerModule]:HTTP Server Stopped.
Project1.exe: 000010D0: 18:32:29 [TUniGUISessionManager]:Terminating Session manager.
Project1.exe: 000010D0: 18:32:29 [TUniGUISessionManager]:Stopping Cache Eraser...
Project1.exe: 000010D0: 18:32:29 [TUniGUISessionManager]:Cache Eraser Stopped.
Project1.exe: 000010D0: 18:32:29 [TUniGUISessionManager]:Destroying Worker Threads.
Project1.exe: 000010D0: 18:32:29 [TUniGUISessionManager]:Session manager terminated.
Project1.exe: 000010D0: 18:32:29 [TUniServerModule]:Server Shutdown Completed.
Project1.exe: 000010D0: 18:32:29 []:<-------------------------------------------------------------->
Project1.exe: 000010D0: 18:32:29 [Terminated]:Exit Code: 0
Project1.exe: 00000714: 18:39:27 [TUniServerModule]:Shutting Down Server.
Project1.exe: 00000714: 18:39:27 [TUniServerModule]:Stopping HTTP Server.
Project1.exe: 00000714: 18:39:27 [TUniServerModule]:HTTP Server Stopped.
Project1.exe: 00000714: 18:39:27 [TUniGUISessionManager]:Terminating Session manager.
Project1.exe: 00000714: 18:39:27 [TUniGUISessionManager]:Stopping Cache Eraser...
Project1.exe: 00000714: 18:39:27 [TUniGUISessionManager]:Cache Eraser Stopped.
Project1.exe: 00000714: 18:39:27 [TUniGUISessionManager]:Destroying Worker Threads.
Project1.exe: 00000714: 18:39:27 [TUniGUISessionManager]:Session manager terminated.
Project1.exe: 00000714: 18:39:27 [TUniServerModule]:Server Shutdown Completed.
Project1.exe: 00000714: 18:39:27 []:<-------------------------------------------------------------->
Project1.exe: 00000714: 18:39:27 [Terminated]:Exit Code: 0
Project1.exe: 00002E7C: 18:58:19 []:>--------------------------------------------------------------<
Project1.exe: 00002E7C: 18:58:19 [TUniServerModule]:Server First Init.
Project1.exe: 00002E7C: 18:58:19 [TUniServerModule]:Starting HTTP Server on Port: 8077...
Project1.exe: 00002E7C: 18:58:19 [TUniServerModule]:HTTP Server Started on Port: 8077
Project1.exe: 000016D0: 19:02:00 [127.0.0.1]:EUniSessionException : Invalid session or session Timeout. : Addr: $007CEFF3
Project1.exe: 00002E7C: 19:09:53 [TUniServerModule]:Shutting Down Server.
Project1.exe: 00002E7C: 19:09:53 [TUniServerModule]:Stopping HTTP Server.
Project1.exe: 00002E7C: 19:09:53 [TUniServerModule]:HTTP Server Stopped.
Project1.exe: 00002E7C: 19:09:53 [TUniGUISessionManager]:Terminating Session manager.
Project1.exe: 00002E7C: 19:09:53 [TUniGUISessionManager]:Stopping Cache Eraser...
Project1.exe: 00002E7C: 19:09:53 [TUniGUISessionManager]:Cache Eraser Stopped.
Project1.exe: 00002E7C: 19:09:53 [TUniGUISessionManager]:Destroying Worker Threads.
Project1.exe: 00002E7C: 19:09:53 [TUniGUISessionManager]:Session manager terminated.
Project1.exe: 00002E7C: 19:09:53 [TUniServerModule]:Server Shutdown Completed.
Project1.exe: 00002E7C: 19:09:53 []:<-------------------------------------------------------------->
Project1.exe: 00002E7C: 19:09:53 [Terminated]:Exit Code: 0
Project1.exe: 00002778: 19:27:13 []:>--------------------------------------------------------------<
Project1.exe: 00002778: 19:27:13 [TUniServerModule]:Server First Init.
Project1.exe: 00002778: 19:27:13 [TUniServerModule]:Starting HTTP Server on Port: 8077...
Project1.exe: 00002778: 19:27:13 [TUniServerModule]:HTTP Server Started on Port: 8077
Project1.exe: 00002778: 19:35:11 [TUniServerModule]:Shutting Down Server.
Project1.exe: 00002778: 19:35:11 [TUniServerModule]:Stopping HTTP Server.
Project1.exe: 00002778: 19:35:11 [TUniServerModule]:HTTP Server Stopped.
Project1.exe: 00002778: 19:35:11 [TUniGUISessionManager]:Terminating Session manager.
Project1.exe: 00002778: 19:35:11 [TUniGUISessionManager]:Stopping Cache Eraser...
Project1.exe: 00002778: 19:35:11 [TUniGUISessionManager]:Cache Eraser Stopped.
Project1.exe: 00002778: 19:35:11 [TUniGUISessionManager]:Destroying Worker Threads.
Project1.exe: 00002778: 19:35:11 [TUniGUISessionManager]:Session manager terminated.
Project1.exe: 00002778: 19:35:11 [TUniServerModule]:Server Shutdown Completed.
Project1.exe: 00002778: 19:35:11 []:<-------------------------------------------------------------->
Project1.exe: 00002778: 19:35:11 [Terminated]:Exit Code: 0
Project1.exe: 00001FA4: 19:49:21 []:>--------------------------------------------------------------<
Project1.exe: 00001FA4: 19:49:21 [TUniServerModule]:Server First Init.
Project1.exe: 00001FA4: 19:49:21 [TUniServerModule]:Starting HTTP Server on Port: 8077...
Project1.exe: 00001FA4: 19:49:21 [TUniServerModule]:HTTP Server Started on Port: 8077
Project1.exe: 00001FA4: 19:56:29 [TUniServerModule]:Shutting Down Server.
Project1.exe: 00001FA4: 19:56:29 [TUniServerModule]:Stopping HTTP Server.
Project1.exe: 00001FA4: 19:56:29 [TUniServerModule]:HTTP Server Stopped.
Project1.exe: 00001FA4: 19:56:29 [TUniGUISessionManager]:Terminating Session manager.
Project1.exe: 00001FA4: 19:56:29 [TUniGUISessionManager]:Stopping Cache Eraser...
Project1.exe: 00001FA4: 19:56:29 [TUniGUISessionManager]:Cache Eraser Stopped.
Project1.exe: 00001FA4: 19:56:29 [TUniGUISessionManager]:Destroying Worker Threads.
Project1.exe: 00001FA4: 19:56:29 [TUniGUISessionManager]:Session manager terminated.
Project1.exe: 00001FA4: 19:56:29 [TUniServerModule]:Server Shutdown Completed.
Project1.exe: 00001FA4: 19:56:29 []:<-------------------------------------------------------------->
Project1.exe: 00001FA4: 19:56:30 [Terminated]:Exit Code: 0
Project1.exe: 000008BC: 19:57:18 []:>--------------------------------------------------------------<
Project1.exe: 000008BC: 19:57:18 [TUniServerModule]:Server First Init.
Project1.exe: 000008BC: 19:57:18 [TUniServerModule]:Starting HTTP Server on Port: 8077...
Project1.exe: 000008BC: 19:57:18 [TUniServerModule]:HTTP Server Started on Port: 8077
Project1.exe: 00002BBC: 20:18:07 []:>--------------------------------------------------------------<
Project1.exe: 00002BBC: 20:18:07 [TUniServerModule]:Server First Init.
Project1.exe: 00002BBC: 20:18:07 [TUniServerModule]:Global Cache Folder Erased. <1> Files deleted.
Project1.exe: 00002BBC: 20:18:07 [TUniServerModule]:Starting HTTP Server on Port: 8077...
Project1.exe: 00002BBC: 20:18:07 [TUniServerModule]:HTTP Server Started on Port: 8077
Project1.exe: 00002A20: 20:20:08 []:>--------------------------------------------------------------<
Project1.exe: 00002A20: 20:20:08 [TUniServerModule]:Server First Init.
Project1.exe: 00002A20: 20:20:08 [TUniServerModule]:Global Cache Folder Erased. <5> Files deleted.
Project1.exe: 00002A20: 20:20:08 [TUniServerModule]:Starting HTTP Server on Port: 8077...
Project1.exe: 00002A20: 20:20:08 [TUniServerModule]:HTTP Server Started on Port: 8077
Project1.exe: 00000820: 20:22:09 []:>--------------------------------------------------------------<
Project1.exe: 00000820: 20:22:09 [TUniServerModule]:Server First Init.
Project1.exe: 00000820: 20:22:09 [TUniServerModule]:Global Cache Folder Erased. <1> Files deleted.
Project1.exe: 00000820: 20:22:09 [TUniServerModule]:Starting HTTP Server on Port: 8077...
Project1.exe: 00000820: 20:22:09 [TUniServerModule]:HTTP Server Started on Port: 8077
Project1.exe: 000020F4: 20:27:53 []:>--------------------------------------------------------------<
Project1.exe: 000020F4: 20:27:53 [TUniServerModule]:Server First Init.
Project1.exe: 000020F4: 20:27:53 [TUniServerModule]:Global Cache Folder Erased. <5> Files deleted.
Project1.exe: 000020F4: 20:27:53 [TUniServerModule]:Starting HTTP Server on Port: 8077...
Project1.exe: 000020F4: 20:27:53 [TUniServerModule]:HTTP Server Started on Port: 8077
Project1.exe: 00001314: 20:27:54 [192.168.0.104]:EUniSessionException : Invalid session or session Timeout. : Addr: $007CEFF3
Project1.exe: 0000255C: 20:34:06 []:>--------------------------------------------------------------<
Project1.exe: 0000255C: 20:34:06 [TUniServerModule]:Server First Init.
Project1.exe: 0000255C: 20:34:06 [TUniServerModule]:Global Cache Folder Erased. <10> Files deleted.
Project1.exe: 0000255C: 20:34:07 [TUniServerModule]:Starting HTTP Server on Port: 8077...
Project1.exe: 0000255C: 20:34:07 [TUniServerModule]:HTTP Server Started on Port: 8077
Project1.exe: 00000484: 20:34:39 [192.168.0.104]:EUniSessionException : Invalid session or session Timeout. : Addr: $007CEFF3
Project1.exe: 00002304: 20:34:39 [192.168.0.104]:EUniSessionException : Invalid session or session Timeout. : Addr: $007CEFF3
Project1.exe: 0000277C: 20:36:54 []:>--------------------------------------------------------------<
Project1.exe: 0000277C: 20:36:54 [TUniServerModule]:Server First Init.
Project1.exe: 0000277C: 20:36:54 [TUniServerModule]:Global Cache Folder Erased. <13> Files deleted.
Project1.exe: 0000277C: 20:36:54 [TUniServerModule]:Starting HTTP Server on Port: 8077...
Project1.exe: 0000277C: 20:36:54 [TUniServerModule]:HTTP Server Started on Port: 8077
Project1.exe: 00002CC0: 20:36:54 [192.168.0.104]:EUniSessionException : Invalid session or session Timeout. : Addr: $007CEFF3
Project1.exe: 0000277C: 20:37:33 [TUniServerModule]:Shutting Down Server.
Project1.exe: 0000277C: 20:37:33 [TUniServerModule]:Stopping HTTP Server.
Project1.exe: 0000277C: 20:37:34 [TUniServerModule]:HTTP Server Stopped.
Project1.exe: 0000277C: 20:37:34 [TUniGUISessionManager]:Terminating Session manager.
Project1.exe: 0000277C: 20:37:34 [TUniGUISessionManager]:Stopping Cache Eraser...
Project1.exe: 0000277C: 20:37:34 [TUniGUISessionManager]:Cache Eraser Stopped.
Project1.exe: 0000277C: 20:37:35 [TUniGUISessionManager]:Destroying Worker Threads.
Project1.exe: 0000277C: 20:37:35 [TUniGUISessionManager]:Session manager terminated.
Project1.exe: 0000277C: 20:37:35 [TUniServerModule]:Server Shutdown Completed.
Project1.exe: 0000277C: 20:37:35 []:<-------------------------------------------------------------->
Project1.exe: 0000277C: 20:37:35 [Terminated]:Exit Code: 0
Project1.exe: 00002390: 20:37:44 []:>--------------------------------------------------------------<
Project1.exe: 00002390: 20:37:44 [TUniServerModule]:Server First Init.
Project1.exe: 00002390: 20:37:44 [TUniServerModule]:Starting HTTP Server on Port: 8077...
Project1.exe: 00002390: 20:37:44 [TUniServerModule]:HTTP Server Started on Port: 8077
Project1.exe: 00002EFC: 20:37:45 [192.168.0.104]:EUniSessionException : Invalid session or session Timeout. : Addr: $007CEFF3
Project1.exe: 00002EFC: 20:37:45 [192.168.0.104]:EUniSessionException : Invalid session or session Timeout. : Addr: $007CEFF3
Project1.exe: 00000DD0: 20:38:57 []:>--------------------------------------------------------------<
Project1.exe: 00000DD0: 20:38:57 [TUniServerModule]:Server First Init.
Project1.exe: 00000DD0: 20:38:57 [TUniServerModule]:Global Cache Folder Erased. <10> Files deleted.
Project1.exe: 00000DD0: 20:38:57 [TUniServerModule]:Starting HTTP Server on Port: 8077...
Project1.exe: 00000DD0: 20:38:57 [TUniServerModule]:HTTP Server Started on Port: 8077
Project1.exe: 00002DF4: 20:39:01 [192.168.0.104]:EUniSessionException : Invalid session or session Timeout. : Addr: $007CEFF3
Project1.exe: 00000E18: 20:40:12 []:>--------------------------------------------------------------<
Project1.exe: 00000E18: 20:40:12 [TUniServerModule]:Server First Init.
Project1.exe: 00000E18: 20:40:12 [TUniServerModule]:Global Cache Folder Erased. <9> Files deleted.
Project1.exe: 00000E18: 20:40:12 [TUniServerModule]:Starting HTTP Server on Port: 8077...
Project1.exe: 00000E18: 20:40:12 [TUniServerModule]:HTTP Server Started on Port: 8077
Project1.exe: 000027DC: 20:42:31 []:>--------------------------------------------------------------<
Project1.exe: 000027DC: 20:42:31 [TUniServerModule]:Server First Init.
Project1.exe: 000027DC: 20:42:31 [TUniServerModule]:Global Cache Folder Erased. <10> Files deleted.
Project1.exe: 000027DC: 20:42:31 [TUniServerModule]:Starting HTTP Server on Port: 8077...
Project1.exe: 000027DC: 20:42:31 [TUniServerModule]:HTTP Server Started on Port: 8077
Project1.exe: 000023B4: 20:42:35 [192.168.0.104]:EUniSessionException : Invalid session or session Timeout. : Addr: $007CEFF3
Project1.exe: 000028EC: 20:42:35 [192.168.0.104]:EUniSessionException : Invalid session or session Timeout. : Addr: $007CEFF3
Project1.exe: 00001DA8: 20:44:35 []:>--------------------------------------------------------------<
Project1.exe: 00001DA8: 20:44:35 [TUniServerModule]:Server First Init.
Project1.exe: 00001DA8: 20:44:35 [TUniServerModule]:Global Cache Folder Erased. <6> Files deleted.
Project1.exe: 00001DA8: 20:44:35 [TUniServerModule]:Starting HTTP Server on Port: 8077...
Project1.exe: 00001DA8: 20:44:35 [TUniServerModule]:HTTP Server Started on Port: 8077
Project1.exe: 000015B0: 20:44:38 [192.168.0.104]:EUniSessionException : Invalid session or session Timeout. : Addr: $007CEFF3
Project1.exe: 00002580: 20:45:07 []:>--------------------------------------------------------------<
Project1.exe: 00002580: 20:45:07 [TUniServerModule]:Server First Init.
Project1.exe: 00002580: 20:45:07 [TUniServerModule]:Global Cache Folder Erased. <3> Files deleted.
Project1.exe: 00002580: 20:45:07 [TUniServerModule]:Starting HTTP Server on Port: 8077...
Project1.exe: 00002580: 20:45:07 [TUniServerModule]:HTTP Server Started on Port: 8077
Project1.exe: 00000A08: 20:45:10 [192.168.0.104]:EUniSessionException : Invalid session or session Timeout. : Addr: $007CEFF3
Project1.exe: 000013FC: 20:45:35 []:>--------------------------------------------------------------<
Project1.exe: 000013FC: 20:45:35 [TUniServerModule]:Server First Init.
Project1.exe: 000013FC: 20:45:35 [TUniServerModule]:Global Cache Folder Erased. <3> Files deleted.
Project1.exe: 000013FC: 20:45:35 [TUniServerModule]:Starting HTTP Server on Port: 8077...
Project1.exe: 000013FC: 20:45:35 [TUniServerModule]:HTTP Server Started on Port: 8077
Project1.exe: 00002854: 20:45:36 [192.168.0.104]:EUniSessionException : Invalid session or session Timeout. : Addr: $007CEFF3
Project1.exe: 00002D00: 20:45:51 []:>--------------------------------------------------------------<
Project1.exe: 00002D00: 20:45:51 [TUniServerModule]:Server First Init.
Project1.exe: 00002D00: 20:45:51 [TUniServerModule]:Global Cache Folder Erased. <3> Files deleted.
Project1.exe: 00002D00: 20:45:51 [TUniServerModule]:Starting HTTP Server on Port: 8077...
Project1.exe: 00002D00: 20:45:51 [TUniServerModule]:HTTP Server Started on Port: 8077
Project1.exe: 000012F8: 20:46:08 []:>--------------------------------------------------------------<
Project1.exe: 000012F8: 20:46:08 [TUniServerModule]:Server First Init.
Project1.exe: 000012F8: 20:46:08 [TUniServerModule]:Global Cache Folder Erased. <3> Files deleted.
Project1.exe: 000012F8: 20:46:08 [TUniServerModule]:Starting HTTP Server on Port: 8077...
Project1.exe: 000012F8: 20:46:08 [TUniServerModule]:HTTP Server Started on Port: 8077
Project1.exe: 00000EE8: 20:46:09 [192.168.0.104]:EUniSessionException : Invalid session or session Timeout. : Addr: $007CEFF3
Project1.exe: 00001E84: 20:49:44 []:>--------------------------------------------------------------<
Project1.exe: 00001E84: 20:49:44 [TUniServerModule]:Server First Init.
Project1.exe: 00001E84: 20:49:44 [TUniServerModule]:Global Cache Folder Erased. <21> Files deleted.
Project1.exe: 00001E84: 20:49:45 [TUniServerModule]:Starting HTTP Server on Port: 8077...
Project1.exe: 00001E84: 20:49:45 [TUniServerModule]:HTTP Server Started on Port: 8077
Project1.exe: 00001AD0: 20:55:18 []:>--------------------------------------------------------------<
Project1.exe: 00001AD0: 20:55:18 [TUniServerModule]:Server First Init.
Project1.exe: 00001AD0: 20:55:18 [TUniServerModule]:Global Cache Folder Erased. <12> Files deleted.
Project1.exe: 00001AD0: 20:55:18 [TUniServerModule]:Starting HTTP Server on Port: 8077...
Project1.exe: 00001AD0: 20:55:18 [TUniServerModule]:HTTP Server Started on Port: 8077
Project1.exe: 00001540: 20:55:18 [192.168.0.104]:EUniSessionException : Invalid session or session Timeout. : Addr: $007CEFF3
Project1.exe: 0000020C: 20:56:16 []:>--------------------------------------------------------------<
Project1.exe: 0000020C: 20:56:16 [TUniServerModule]:Server First Init.
Project1.exe: 0000020C: 20:56:16 [TUniServerModule]:Global Cache Folder Erased. <4> Files deleted.
Project1.exe: 0000020C: 20:56:16 [TUniServerModule]:Starting HTTP Server on Port: 8077...
Project1.exe: 0000020C: 20:56:16 [TUniServerModule]:HTTP Server Started on Port: 8077
Project1.exe: 00001CF8: 20:56:16 [192.168.0.104]:EUniSessionException : Invalid session or session Timeout. : Addr: $007CEFF3
Project1.exe: 00002358: 20:57:38 []:>--------------------------------------------------------------<
Project1.exe: 00002358: 20:57:38 [TUniServerModule]:Server First Init.
Project1.exe: 00002358: 20:57:38 [TUniServerModule]:Global Cache Folder Erased. <12> Files deleted.
Project1.exe: 00002358: 20:57:38 [TUniServerModule]:Starting HTTP Server on Port: 8077...
Project1.exe: 00002358: 20:57:38 [TUniServerModule]:HTTP Server Started on Port: 8077
Project1.exe: 00001830: 20:57:47 [192.168.0.104]:EUniSessionException : Invalid session or session Timeout. : Addr: $007CEFF3
Project1.exe: 00000714: 21:00:17 []:>--------------------------------------------------------------<
Project1.exe: 00000714: 21:00:17 [TUniServerModule]:Server First Init.
Project1.exe: 00000714: 21:00:17 [TUniServerModule]:Global Cache Folder Erased. <10> Files deleted.
Project1.exe: 00000714: 21:00:17 [TUniServerModule]:Starting HTTP Server on Port: 8077...
Project1.exe: 00000714: 21:00:17 [TUniServerModule]:HTTP Server Started on Port: 8077
Project1.exe: 00002C54: 21:00:28 [192.168.0.104]:EUniSessionException : Invalid session or session Timeout. : Addr: $007CEFF3
Project1.exe: 000005B4: 21:27:17 [192.168.0.104]:EUniSessionException : Invalid session or session Timeout. : Addr: $007CEFF3
Project1.exe: 00002594: 21:32:54 []:>--------------------------------------------------------------<
Project1.exe: 00002594: 21:32:54 [TUniServerModule]:Server First Init.
Project1.exe: 00002594: 21:32:54 [TUniServerModule]:Global Cache Folder Erased. <11> Files deleted.
Project1.exe: 00002594: 21:32:54 [TUniServerModule]:Starting HTTP Server on Port: 8077...
Project1.exe: 00002594: 21:32:54 [InitWebServer]:EIdCouldNotBindSocket : Could not bind socket. Address and port are already in use. : Addr: $006DD475
Project1.exe: 00001DF4: 21:32:58 [192.168.0.104]:Error creating SEQ file:D:\2020\Projetos 2020\Mobile_SalvaRegistros\Win32\Debug\cache\project1_exe\jZF9Q85jyh105992335\_SEQ\23, Error:3
Project1.exe: 000025F8: 21:43:03 []:Error deleting folder: "D:\2020\Projetos 2020\Mobile_SalvaRegistros\Win32\Debug\cache\project1_exe\jZF9Q85jyh105992335\" [OS Error:2]
Project1.exe: 00000714: 21:54:00 [TUniServerModule]:Shutting Down Server.
Project1.exe: 00000714: 21:54:00 [TUniServerModule]:Stopping HTTP Server.
Project1.exe: 00000714: 21:54:01 [TUniServerModule]:HTTP Server Stopped.
Project1.exe: 00000714: 21:54:01 [TUniGUISessionManager]:Terminating Session manager.
Project1.exe: 00000714: 21:54:01 [TUniGUISessionManager]:Stopping Cache Eraser...
Project1.exe: 00000714: 21:54:01 [TUniGUISessionManager]:Cache Eraser Stopped.
Project1.exe: 00000714: 21:54:01 [TUniGUISessionManager]:Destroying Worker Threads.
Project1.exe: 00000714: 21:54:01 [TUniGUISessionManager]:Session manager terminated.
Project1.exe: 00000714: 21:54:01 [TUniServerModule]:Server Shutdown Completed.
Project1.exe: 00000714: 21:54:01 []:<-------------------------------------------------------------->
Project1.exe: 00000714: 21:54:01 [Terminated]:Exit Code: 0
Project1.exe: 00002594: 21:54:02 [TUniServerModule]:Shutting Down Server.
Project1.exe: 00002594: 21:54:02 [TUniServerModule]:Stopping HTTP Server.
Project1.exe: 00002594: 21:54:03 [TUniServerModule]:HTTP Server Stopped.
Project1.exe: 00002594: 21:54:03 [TUniGUISessionManager]:Terminating Session manager.
Project1.exe: 00002594: 21:54:03 [TUniGUISessionManager]:Stopping Cache Eraser...
Project1.exe: 00002594: 21:54:03 [TUniGUISessionManager]:Cache Eraser Stopped.
Project1.exe: 00002594: 21:54:03 [TUniGUISessionManager]:Destroying Worker Threads.
Project1.exe: 00002594: 21:54:03 [TUniGUISessionManager]:Session manager terminated.
Project1.exe: 00002594: 21:54:03 [TUniServerModule]:Server Shutdown Completed.
Project1.exe: 00002594: 21:54:03 []:<-------------------------------------------------------------->
Project1.exe: 00002594: 21:54:03 [Terminated]:Exit Code: 0
Project1.exe: 00002F8C: 22:03:44 []:>--------------------------------------------------------------<
Project1.exe: 00002F8C: 22:03:44 [TUniServerModule]:Server First Init.
Project1.exe: 00002F8C: 22:03:44 [TUniServerModule]:Starting HTTP Server on Port: 8077...
Project1.exe: 00002F8C: 22:03:44 [TUniServerModule]:HTTP Server Started on Port: 8077
Project1.exe: 000007FC: 22:04:26 [192.168.0.104]:EReadError : Error reading FDQueryUsuarioSENHA.OnGetText: Invalid property value : Addr: $0047C840
Project1.exe: 00002B70: 22:04:26 [HandleFileRequest[192.168.0.104]]:File not found: D:\2020\Projetos 2020\Mobile_SalvaRegistros\Win32\Debug\favicon.ico
Project1.exe: 0000233C: 22:04:29 [192.168.0.104]:EReadError : Error reading FDQueryUsuarioSENHA.OnGetText: Invalid property value : Addr: $0047C840
Project1.exe: 00001CB8: 22:04:34 [192.168.0.104]:EReadError : Error reading FDQueryUsuarioSENHA.OnGetText: Invalid property value : Addr: $0047C840
Project1.exe: 00002F8C: 22:04:40 [TUniServerModule]:Shutting Down Server.
Project1.exe: 00002F8C: 22:04:40 [TUniServerModule]:Stopping HTTP Server.
Project1.exe: 00002F8C: 22:04:41 [TUniServerModule]:HTTP Server Stopped.
Project1.exe: 00002F8C: 22:04:41 [TUniGUISessionManager]:Terminating Session manager.
Project1.exe: 00002F8C: 22:04:41 [TUniGUISessionManager]:Stopping Cache Eraser...
Project1.exe: 00002F8C: 22:04:41 [TUniGUISessionManager]:Cache Eraser Stopped.
Project1.exe: 00002F8C: 22:04:41 [TUniGUISessionManager]:Destroying Worker Threads.
Project1.exe: 00002F8C: 22:04:41 [TUniGUISessionManager]:Session manager terminated.
Project1.exe: 00002F8C: 22:04:41 [TUniServerModule]:Server Shutdown Completed.
Project1.exe: 00002F8C: 22:04:41 []:<-------------------------------------------------------------->
Project1.exe: 00002F8C: 22:04:41 [Terminated]:Exit Code: 0
Project1.exe: 00002668: 22:04:46 []:>--------------------------------------------------------------<
Project1.exe: 00002668: 22:04:46 [TUniServerModule]:Server First Init.
Project1.exe: 00002668: 22:04:46 [TUniServerModule]:Starting HTTP Server on Port: 8077...
Project1.exe: 00002668: 22:04:46 [TUniServerModule]:HTTP Server Started on Port: 8077
Project1.exe: 00002D68: 22:04:52 []:>--------------------------------------------------------------<
Project1.exe: 00002D68: 22:04:52 [TUniServerModule]:Server First Init.
Project1.exe: 00002D68: 22:04:52 [TUniServerModule]:Global Cache Folder Erased. <1> Files deleted.
Project1.exe: 00002D68: 22:04:52 [TUniServerModule]:Starting HTTP Server on Port: 8077...
Project1.exe: 00002D68: 22:04:52 [TUniServerModule]:HTTP Server Started on Port: 8077
Project1.exe: 00002E94: 22:08:09 []:>--------------------------------------------------------------<
Project1.exe: 00002E94: 22:08:09 [TUniServerModule]:Server First Init.
Project1.exe: 00002E94: 22:08:09 [TUniServerModule]:Global Cache Folder Erased. <22> Files deleted.
Project1.exe: 00002E94: 22:08:10 [TUniServerModule]:Starting HTTP Server on Port: 8077...
Project1.exe: 00002E94: 22:08:10 [TUniServerModule]:HTTP Server Started on Port: 8077
Project1.exe: 00002F0C: 22:08:11 [192.168.0.104]:EUniSessionException : Invalid session or session Timeout. : Addr: $007CEFF3
Project1.exe: 000028D4: 22:10:04 []:>--------------------------------------------------------------<
Project1.exe: 000028D4: 22:10:04 [TUniServerModule]:Server First Init.
Project1.exe: 000028D4: 22:10:04 [TUniServerModule]:Global Cache Folder Erased. <20> Files deleted.
Project1.exe: 000028D4: 22:10:04 [TUniServerModule]:Starting HTTP Server on Port: 8077...
Project1.exe: 000028D4: 22:10:04 [TUniServerModule]:HTTP Server Started on Port: 8077
Project1.exe: 00002A6C: 22:10:09 [192.168.0.104]:EUniSessionException : Invalid session or session Timeout. : Addr: $007CF83F
Project1.exe: 00002E8C: 22:11:18 []:>--------------------------------------------------------------<
Project1.exe: 00002E8C: 22:11:18 [TUniServerModule]:Server First Init.
Project1.exe: 00002E8C: 22:11:18 [TUniServerModule]:Global Cache Folder Erased. <3> Files deleted.
Project1.exe: 00002E8C: 22:11:18 [TUniServerModule]:Starting HTTP Server on Port: 8077...
Project1.exe: 00002E8C: 22:11:18 [TUniServerModule]:HTTP Server Started on Port: 8077
Project1.exe: 00002FD8: 22:11:18 [192.168.0.104]:EUniSessionException : Invalid session or session Timeout. : Addr: $007CF847
Project1.exe: 00002E8C: 22:13:51 [Exit]:Unexpected attempt to terminate server application with Exit Code: 0
Project1.exe: 00002638: 22:21:07 []:>--------------------------------------------------------------<
Project1.exe: 00002638: 22:21:07 [TUniServerModule]:Server First Init.
Project1.exe: 00002638: 22:21:07 [TUniServerModule]:Global Cache Folder Erased. <9> Files deleted.
Project1.exe: 00002638: 22:21:08 [TUniServerModule]:Starting HTTP Server on Port: 8077...
Project1.exe: 00002638: 22:21:08 [TUniServerModule]:HTTP Server Started on Port: 8077
Project1.exe: 000017C0: 22:29:15 []:>--------------------------------------------------------------<
Project1.exe: 000017C0: 22:29:15 [TUniServerModule]:Server First Init.
Project1.exe: 000017C0: 22:29:15 [TUniServerModule]:Global Cache Folder Erased. <3> Files deleted.
Project1.exe: 000017C0: 22:29:15 [TUniServerModule]:Starting HTTP Server on Port: 8077...
Project1.exe: 000017C0: 22:29:15 [TUniServerModule]:HTTP Server Started on Port: 8077
Project1.exe: 000003EC: 22:43:41 []:>--------------------------------------------------------------<
Project1.exe: 000003EC: 22:43:41 [TUniServerModule]:Server First Init.
Project1.exe: 000003EC: 22:43:41 [TUniServerModule]:Global Cache Folder Erased. <1> Files deleted.
Project1.exe: 000003EC: 22:43:41 [TUniServerModule]:Starting HTTP Server on Port: 8077...
Project1.exe: 000003EC: 22:43:41 [TUniServerModule]:HTTP Server Started on Port: 8077
Project1.exe: 000007E4: 22:43:43 [192.168.0.104]:EUniSessionException : Invalid session or session Timeout. : Addr: $007CEFF3
Project1.exe: 000007E4: 22:43:43 [192.168.0.104]:EUniSessionException : Invalid session or session Timeout. : Addr: $007CEFF3
Project1.exe: 00002020: 22:44:55 []:>--------------------------------------------------------------<
Project1.exe: 00002020: 22:44:55 [TUniServerModule]:Server First Init.
Project1.exe: 00002020: 22:44:55 [TUniServerModule]:Global Cache Folder Erased. <5> Files deleted.
Project1.exe: 00002020: 22:44:55 [TUniServerModule]:Starting HTTP Server on Port: 8077...
Project1.exe: 00002020: 22:44:55 [TUniServerModule]:HTTP Server Started on Port: 8077
Project1.exe: 00000980: 22:45:05 []:>--------------------------------------------------------------<
Project1.exe: 00000980: 22:45:05 [TUniServerModule]:Server First Init.
Project1.exe: 00000980: 22:45:05 [TUniServerModule]:Global Cache Folder Erased. <1> Files deleted.
Project1.exe: 00000980: 22:45:05 [TUniServerModule]:Starting HTTP Server on Port: 8077...
Project1.exe: 00000980: 22:45:05 [TUniServerModule]:HTTP Server Started on Port: 8077
Project1.exe: 00002670: 22:46:05 [192.168.0.104]:EUniSessionException : Invalid session or session Timeout. : Addr: $007CEFF3
Project1.exe: 000013DC: 22:47:17 []:>--------------------------------------------------------------<
Project1.exe: 000013DC: 22:47:17 [TUniServerModule]:Server First Init.
Project1.exe: 000013DC: 22:47:17 [TUniServerModule]:Global Cache Folder Erased. <5> Files deleted.
Project1.exe: 000013DC: 22:47:17 [TUniServerModule]:Starting HTTP Server on Port: 8077...
Project1.exe: 000013DC: 22:47:17 [TUniServerModule]:HTTP Server Started on Port: 8077
Project1.exe: 00000F00: 22:47:22 [192.168.0.104]:EUniSessionException : Invalid session or session Timeout. : Addr: $007CEFF3
Project1.exe: 000001F0: 22:48:39 []:>--------------------------------------------------------------<
Project1.exe: 000001F0: 22:48:39 [TUniServerModule]:Server First Init.
Project1.exe: 000001F0: 22:48:39 [TUniServerModule]:Global Cache Folder Erased. <7> Files deleted.
Project1.exe: 000001F0: 22:48:39 [TUniServerModule]:Starting HTTP Server on Port: 8077...
Project1.exe: 000001F0: 22:48:39 [TUniServerModule]:HTTP Server Started on Port: 8077
Project1.exe: 00001DC8: 22:48:41 [192.168.0.104]:EUniSessionException : Invalid session or session Timeout. : Addr: $007CEFF3
Project1.exe: 00001DC8: 22:48:41 [192.168.0.104]:EUniSessionException : Invalid session or session Timeout. : Addr: $007CEFF3
Project1.exe: 000003DC: 22:56:53 []:>--------------------------------------------------------------<
Project1.exe: 000003DC: 22:56:53 [TUniServerModule]:Server First Init.
Project1.exe: 000003DC: 22:56:53 [TUniServerModule]:Global Cache Folder Erased. <24> Files deleted.
Project1.exe: 000003DC: 22:56:53 [TUniServerModule]:Starting HTTP Server on Port: 8077...
Project1.exe: 000003DC: 22:56:53 [TUniServerModule]:HTTP Server Started on Port: 8077
Project1.exe: 00002698: 22:57:02 [192.168.0.104]:EUniSessionException : Invalid session or session Timeout. : Addr: $007CEFF3
Project1.exe: 00002298: 22:57:02 [192.168.0.104]:EUniSessionException : Invalid session or session Timeout. : Addr: $007CEFF3
Project1.exe: 00000480: 22:58:41 []:>--------------------------------------------------------------<
Project1.exe: 00000480: 22:58:41 [TUniServerModule]:Server First Init.
Project1.exe: 00000480: 22:58:41 [TUniServerModule]:Global Cache Folder Erased. <11> Files deleted.
Project1.exe: 00000480: 22:58:41 [TUniServerModule]:Starting HTTP Server on Port: 8077...
Project1.exe: 00000480: 22:58:41 [TUniServerModule]:HTTP Server Started on Port: 8077
Project1.exe: 000021B0: 22:58:55 []:>--------------------------------------------------------------<
Project1.exe: 000021B0: 22:58:55 [TUniServerModule]:Server First Init.
Project1.exe: 000021B0: 22:58:55 [TUniServerModule]:Global Cache Folder Erased. <10> Files deleted.
Project1.exe: 000021B0: 22:58:55 [TUniServerModule]:Starting HTTP Server on Port: 8077...
Project1.exe: 000021B0: 22:58:55 [TUniServerModule]:HTTP Server Started on Port: 8077
Project1.exe: 00000F14: 23:03:08 []:>--------------------------------------------------------------<
Project1.exe: 00000F14: 23:03:08 [TUniServerModule]:Server First Init.
Project1.exe: 00000F14: 23:03:08 [TUniServerModule]:Global Cache Folder Erased. <18> Files deleted.
Project1.exe: 00000F14: 23:03:08 [TUniServerModule]:Starting HTTP Server on Port: 8077...
Project1.exe: 00000F14: 23:03:08 [TUniServerModule]:HTTP Server Started on Port: 8077
Project1.exe: 00000B9C: 23:03:11 [192.168.0.104]:EUniSessionException : Invalid session or session Timeout. : Addr: $007CEFF3
Project1.exe: 000022B8: 23:04:57 []:>--------------------------------------------------------------<
Project1.exe: 000022B8: 23:04:57 [TUniServerModule]:Server First Init.
Project1.exe: 000022B8: 23:04:57 [TUniServerModule]:Global Cache Folder Erased. <17> Files deleted.
Project1.exe: 000022B8: 23:04:57 [TUniServerModule]:Starting HTTP Server on Port: 8077...
Project1.exe: 000022B8: 23:04:57 [TUniServerModule]:HTTP Server Started on Port: 8077
Project1.exe: 00001284: 23:05:06 [192.168.0.104]:EUniSessionException : Invalid session or session Timeout. : Addr: $007CEFF3
Project1.exe: 00000E94: 23:07:15 []:>--------------------------------------------------------------<
Project1.exe: 00000E94: 23:07:15 [TUniServerModule]:Server First Init.
Project1.exe: 00000E94: 23:07:15 [TUniServerModule]:Global Cache Folder Erased. <5> Files deleted.
Project1.exe: 00000E94: 23:07:15 [TUniServerModule]:Starting HTTP Server on Port: 8077...
Project1.exe: 00000E94: 23:07:15 [TUniServerModule]:HTTP Server Started on Port: 8077
Project1.exe: 00002788: 23:13:23 []:>--------------------------------------------------------------<
Project1.exe: 00002788: 23:13:23 [TUniServerModule]:Server First Init.
Project1.exe: 00002788: 23:13:23 [TUniServerModule]:Global Cache Folder Erased. <5> Files deleted.
Project1.exe: 00002788: 23:13:23 [TUniServerModule]:Starting HTTP Server on Port: 8077...
Project1.exe: 00002788: 23:13:23 [InitWebServer]:EIdCouldNotBindSocket : Could not bind socket. Address and port are already in use. : Addr: $006DD475
Project1.exe: 00002788: 23:13:29 [TUniServerModule]:Shutting Down Server.
Project1.exe: 00002788: 23:13:29 [TUniServerModule]:Stopping HTTP Server.
Project1.exe: 00002788: 23:13:30 [TUniServerModule]:HTTP Server Stopped.
Project1.exe: 00002788: 23:13:30 [TUniGUISessionManager]:Terminating Session manager.
Project1.exe: 00002788: 23:13:30 [TUniGUISessionManager]:Stopping Cache Eraser...
Project1.exe: 00002788: 23:13:30 [TUniGUISessionManager]:Cache Eraser Stopped.
Project1.exe: 00002788: 23:13:30 [TUniGUISessionManager]:Destroying Worker Threads.
Project1.exe: 00002788: 23:13:30 [TUniGUISessionManager]:Session manager terminated.
Project1.exe: 00002788: 23:13:30 [TUniServerModule]:Server Shutdown Completed.
Project1.exe: 00002788: 23:13:30 []:<-------------------------------------------------------------->
Project1.exe: 00002788: 23:13:30 [Terminated]:Exit Code: 0
Project1.exe: 00000E94: 23:13:33 [TUniServerModule]:Shutting Down Server.
Project1.exe: 00000E94: 23:13:33 [TUniServerModule]:Stopping HTTP Server.
Project1.exe: 00000E94: 23:13:33 [TUniServerModule]:HTTP Server Stopped.
Project1.exe: 00000E94: 23:13:33 [TUniGUISessionManager]:Terminating Session manager.
Project1.exe: 00000E94: 23:13:33 [TUniGUISessionManager]:Stopping Cache Eraser...
Project1.exe: 00000E94: 23:13:33 [TUniGUISessionManager]:Cache Eraser Stopped.
Project1.exe: 00000E94: 23:13:34 [TUniGUISessionManager]:Destroying Worker Threads.
Project1.exe: 00000E94: 23:13:34 [TUniGUISessionManager]:Session manager terminated.
Project1.exe: 00000E94: 23:13:34 [TUniServerModule]:Server Shutdown Completed.
Project1.exe: 00000E94: 23:13:34 []:<-------------------------------------------------------------->
Project1.exe: 00000E94: 23:13:34 [Terminated]:Exit Code: 0
Project1.exe: 00001840: 23:13:35 []:>--------------------------------------------------------------<
Project1.exe: 00001840: 23:13:35 [TUniServerModule]:Server First Init.
Project1.exe: 00001840: 23:13:35 [TUniServerModule]:Starting HTTP Server on Port: 8077...
Project1.exe: 00001840: 23:13:35 [TUniServerModule]:HTTP Server Started on Port: 8077
Project1.exe: 00000FE4: 23:13:52 []:>--------------------------------------------------------------<
Project1.exe: 00000FE4: 23:13:52 [TUniServerModule]:Server First Init.
Project1.exe: 00000FE4: 23:13:52 [TUniServerModule]:Global Cache Folder Erased. <1> Files deleted.
Project1.exe: 00000FE4: 23:13:52 [TUniServerModule]:Starting HTTP Server on Port: 8077...
Project1.exe: 00000FE4: 23:13:52 [InitWebServer]:EIdCouldNotBindSocket : Could not bind socket. Address and port are already in use. : Addr: $006DD475
Project1.exe: 00001840: 23:14:14 [TUniServerModule]:Shutting Down Server.
Project1.exe: 00001840: 23:14:14 [TUniServerModule]:Stopping HTTP Server.
Project1.exe: 00001840: 23:14:15 [TUniServerModule]:HTTP Server Stopped.
Project1.exe: 00001840: 23:14:15 [TUniGUISessionManager]:Terminating Session manager.
Project1.exe: 00001840: 23:14:15 [TUniGUISessionManager]:Stopping Cache Eraser...
Project1.exe: 00001840: 23:14:15 [TUniGUISessionManager]:Cache Eraser Stopped.
Project1.exe: 00001840: 23:14:15 [TUniGUISessionManager]:Destroying Worker Threads.
Project1.exe: 00001840: 23:14:15 [TUniGUISessionManager]:Session manager terminated.
Project1.exe: 00001840: 23:14:15 [TUniServerModule]:Server Shutdown Completed.
Project1.exe: 00001840: 23:14:15 []:<-------------------------------------------------------------->
Project1.exe: 00001840: 23:14:15 [Terminated]:Exit Code: 0
Project1.exe: 00000FE4: 23:14:16 [TUniServerModule]:Shutting Down Server.
Project1.exe: 00000FE4: 23:14:16 [TUniServerModule]:Stopping HTTP Server.
Project1.exe: 00000FE4: 23:14:17 [TUniServerModule]:HTTP Server Stopped.
Project1.exe: 00000FE4: 23:14:17 [TUniGUISessionManager]:Terminating Session manager.
Project1.exe: 00000FE4: 23:14:17 [TUniGUISessionManager]:Stopping Cache Eraser...
Project1.exe: 00000FE4: 23:14:17 [TUniGUISessionManager]:Cache Eraser Stopped.
Project1.exe: 00000FE4: 23:14:17 [TUniGUISessionManager]:Destroying Worker Threads.
Project1.exe: 00000FE4: 23:14:17 [TUniGUISessionManager]:Session manager terminated.
Project1.exe: 00000FE4: 23:14:17 [TUniServerModule]:Server Shutdown Completed.
Project1.exe: 00000FE4: 23:14:17 []:<-------------------------------------------------------------->
Project1.exe: 00000FE4: 23:14:17 [Terminated]:Exit Code: 0
Project1.exe: 00001060: 23:14:19 []:>--------------------------------------------------------------<
Project1.exe: 00001060: 23:14:19 [TUniServerModule]:Server First Init.
Project1.exe: 00001060: 23:14:19 [TUniServerModule]:Starting HTTP Server on Port: 8077...
Project1.exe: 00001060: 23:14:19 [TUniServerModule]:HTTP Server Started on Port: 8077
Project1.exe: 00001060: 23:14:50 [TUniServerModule]:Shutting Down Server.
Project1.exe: 00001060: 23:14:50 [TUniServerModule]:Stopping HTTP Server.
Project1.exe: 00001060: 23:14:51 [TUniServerModule]:HTTP Server Stopped.
Project1.exe: 00001060: 23:14:51 [TUniGUISessionManager]:Terminating Session manager.
Project1.exe: 00001060: 23:14:51 [TUniGUISessionManager]:Stopping Cache Eraser...
Project1.exe: 00001060: 23:14:51 [TUniGUISessionManager]:Cache Eraser Stopped.
Project1.exe: 00001060: 23:14:51 [TUniGUISessionManager]:Destroying Worker Threads.
Project1.exe: 00001060: 23:14:51 [TUniGUISessionManager]:Session manager terminated.
Project1.exe: 00001060: 23:14:51 [TUniServerModule]:Server Shutdown Completed.
Project1.exe: 00001060: 23:14:51 []:<-------------------------------------------------------------->
Project1.exe: 00001060: 23:14:51 [Terminated]:Exit Code: 0
Project1.exe: 00000848: 23:15:53 []:>--------------------------------------------------------------<
Project1.exe: 00000848: 23:15:53 [TUniServerModule]:Server First Init.
Project1.exe: 00000848: 23:15:53 [TUniServerModule]:Starting HTTP Server on Port: 8077...
Project1.exe: 00000848: 23:15:53 [TUniServerModule]:HTTP Server Started on Port: 8077
Project1.exe: 00002034: 23:15:55 [192.168.0.104]:EUniSessionException : Invalid session or session Timeout. : Addr: $007CEFF3
Project1.exe: 0000201C: 23:21:45 []:>--------------------------------------------------------------<
Project1.exe: 0000201C: 23:21:45 [TUniServerModule]:Server First Init.
Project1.exe: 0000201C: 23:21:45 [TUniServerModule]:Global Cache Folder Erased. <17> Files deleted.
Project1.exe: 0000201C: 23:21:45 [TUniServerModule]:Starting HTTP Server on Port: 8077...
Project1.exe: 0000201C: 23:21:45 [TUniServerModule]:HTTP Server Started on Port: 8077
Project1.exe: 00001500: 23:21:48 [192.168.0.104]:EUniSessionException : Invalid session or session Timeout. : Addr: $007CEFF3
Project1.exe: 00001140: 23:25:29 []:>--------------------------------------------------------------<
Project1.exe: 00001140: 23:25:29 [TUniServerModule]:Server First Init.
Project1.exe: 00001140: 23:25:29 [TUniServerModule]:Global Cache Folder Erased. <5> Files deleted.
Project1.exe: 00001140: 23:25:29 [TUniServerModule]:Starting HTTP Server on Port: 8077...
Project1.exe: 00001140: 23:25:29 [TUniServerModule]:HTTP Server Started on Port: 8077
Project1.exe: 000022D0: 23:25:37 [192.168.0.104]:EUniSessionException : Invalid session or session Timeout. : Addr: $007CEFF3
Project1.exe: 00001BA0: 23:26:43 []:>--------------------------------------------------------------<
Project1.exe: 00001BA0: 23:26:43 [TUniServerModule]:Server First Init.
Project1.exe: 00001BA0: 23:26:43 [TUniServerModule]:Global Cache Folder Erased. <5> Files deleted.
Project1.exe: 00001BA0: 23:26:43 [TUniServerModule]:Starting HTTP Server on Port: 8077...
Project1.exe: 00001BA0: 23:26:43 [TUniServerModule]:HTTP Server Started on Port: 8077
Project1.exe: 00001864: 23:26:48 [192.168.0.104]:EUniSessionException : Invalid session or session Timeout. : Addr: $007CEFF3
Project1.exe: 000012C8: 23:32:49 []:>--------------------------------------------------------------<
Project1.exe: 000012C8: 23:32:49 [TUniServerModule]:Server First Init.
Project1.exe: 000012C8: 23:32:49 [TUniServerModule]:Global Cache Folder Erased. <5> Files deleted.
Project1.exe: 000012C8: 23:32:49 [TUniServerModule]:Starting HTTP Server on Port: 8077...
Project1.exe: 000012C8: 23:32:49 [TUniServerModule]:HTTP Server Started on Port: 8077
Project1.exe: 00000DB0: 23:32:56 [192.168.0.104]:EUniSessionException : Invalid session or session Timeout. : Addr: $007CEFF3
Project1.exe: 000028FC: 23:33:41 []:>--------------------------------------------------------------<
Project1.exe: 000028FC: 23:33:41 [TUniServerModule]:Server First Init.
Project1.exe: 000028FC: 23:33:41 [TUniServerModule]:Global Cache Folder Erased. <5> Files deleted.
Project1.exe: 000028FC: 23:33:41 [TUniServerModule]:Starting HTTP Server on Port: 8077...
Project1.exe: 000028FC: 23:33:41 [TUniServerModule]:HTTP Server Started on Port: 8077
Project1.exe: 00002AD0: 23:33:51 []:>--------------------------------------------------------------<
Project1.exe: 00002AD0: 23:33:51 [TUniServerModule]:Server First Init.
Project1.exe: 00002AD0: 23:33:51 [TUniServerModule]:Global Cache Folder Erased. <1> Files deleted.
Project1.exe: 00002AD0: 23:33:51 [TUniServerModule]:Starting HTTP Server on Port: 8077...
Project1.exe: 00002AD0: 23:33:51 [TUniServerModule]:HTTP Server Started on Port: 8077
Project1.exe: 00001AE4: 23:33:52 [192.168.0.104]:EUniSessionException : Invalid session or session Timeout. : Addr: $007CEFF3
Project1.exe: 000020DC: 23:35:06 []:>--------------------------------------------------------------<
Project1.exe: 000020DC: 23:35:06 [TUniServerModule]:Server First Init.
Project1.exe: 000020DC: 23:35:06 [TUniServerModule]:Global Cache Folder Erased. <5> Files deleted.
Project1.exe: 000020DC: 23:35:06 [TUniServerModule]:Starting HTTP Server on Port: 8077...
Project1.exe: 000020DC: 23:35:06 [TUniServerModule]:HTTP Server Started on Port: 8077
Project1.exe: 00001468: 23:36:07 [192.168.0.104]:EUniSessionException : Invalid session or session Timeout. : Addr: $007CEFF3
Project1.exe: 00002A1C: 23:37:48 []:>--------------------------------------------------------------<
Project1.exe: 00002A1C: 23:37:48 [TUniServerModule]:Server First Init.
Project1.exe: 00002A1C: 23:37:48 [TUniServerModule]:Global Cache Folder Erased. <5> Files deleted.
Project1.exe: 00002A1C: 23:37:48 [TUniServerModule]:Starting HTTP Server on Port: 8077...
Project1.exe: 00002A1C: 23:37:48 [TUniServerModule]:HTTP Server Started on Port: 8077
Project1.exe: 00002060: 23:37:49 [192.168.0.104]:EUniSessionException : Invalid session or session Timeout. : Addr: $007CEFF3
Project1.exe: 000014F4: 23:40:21 []:>--------------------------------------------------------------<
Project1.exe: 000014F4: 23:40:21 [TUniServerModule]:Server First Init.
Project1.exe: 000014F4: 23:40:21 [TUniServerModule]:Global Cache Folder Erased. <5> Files deleted.
Project1.exe: 000014F4: 23:40:21 [TUniServerModule]:Starting HTTP Server on Port: 8077...
Project1.exe: 000014F4: 23:40:21 [TUniServerModule]:HTTP Server Started on Port: 8077
Project1.exe: 000015B0: 23:40:23 [192.168.0.104]:EUniSessionException : Invalid session or session Timeout. : Addr: $007CEFF3
Project1.exe: 000025CC: 23:41:58 []:>--------------------------------------------------------------<
Project1.exe: 000025CC: 23:41:58 [TUniServerModule]:Server First Init.
Project1.exe: 000025CC: 23:41:58 [TUniServerModule]:Global Cache Folder Erased. <5> Files deleted.
Project1.exe: 000025CC: 23:41:58 [TUniServerModule]:Starting HTTP Server on Port: 8077...
Project1.exe: 000025CC: 23:41:58 [TUniServerModule]:HTTP Server Started on Port: 8077
Project1.exe: 00000A60: 23:42:01 [192.168.0.104]:EUniSessionException : Invalid session or session Timeout. : Addr: $007CEFF3
Project1.exe: 00002BCC: 23:44:42 []:>--------------------------------------------------------------<
Project1.exe: 00002BCC: 23:44:42 [TUniServerModule]:Server First Init.
Project1.exe: 00002BCC: 23:44:42 [TUniServerModule]:Global Cache Folder Erased. <5> Files deleted.
Project1.exe: 00002BCC: 23:44:42 [TUniServerModule]:Starting HTTP Server on Port: 8077...
Project1.exe: 00002BCC: 23:44:42 [TUniServerModule]:HTTP Server Started on Port: 8077
Project1.exe: 00002788: 23:44:44 [192.168.0.104]:EUniSessionException : Invalid session or session Timeout. : Addr: $007CEFF3
Project1.exe: 00002070: 23:45:53 []:>--------------------------------------------------------------<
Project1.exe: 00002070: 23:45:53 [TUniServerModule]:Server First Init.
Project1.exe: 00002070: 23:45:53 [TUniServerModule]:Global Cache Folder Erased. <5> Files deleted.
Project1.exe: 00002070: 23:45:53 [TUniServerModule]:Starting HTTP Server on Port: 8077...
Project1.exe: 00002070: 23:45:53 [TUniServerModule]:HTTP Server Started on Port: 8077
Project1.exe: 00000330: 23:46:21 [192.168.0.104]:EUniSessionException : Invalid session or session Timeout. : Addr: $007CEFF3
Project1.exe: 0000274C: 23:47:56 []:>--------------------------------------------------------------<
Project1.exe: 0000274C: 23:47:56 [TUniServerModule]:Server First Init.
Project1.exe: 0000274C: 23:47:56 [TUniServerModule]:Global Cache Folder Erased. <5> Files deleted.
Project1.exe: 0000274C: 23:47:56 [TUniServerModule]:Starting HTTP Server on Port: 8077...
Project1.exe: 0000274C: 23:47:56 [TUniServerModule]:HTTP Server Started on Port: 8077
Project1.exe: 000013C0: 23:47:58 [192.168.0.104]:EUniSessionException : Invalid session or session Timeout. : Addr: $007CEFF3
Project1.exe: 000003D4: 23:50:05 []:>--------------------------------------------------------------<
Project1.exe: 000003D4: 23:50:05 [TUniServerModule]:Server First Init.
Project1.exe: 000003D4: 23:50:05 [TUniServerModule]:Global Cache Folder Erased. <5> Files deleted.
Project1.exe: 000003D4: 23:50:05 [TUniServerModule]:Starting HTTP Server on Port: 8077...
Project1.exe: 000003D4: 23:50:05 [TUniServerModule]:HTTP Server Started on Port: 8077
Project1.exe: 00000F2C: 23:50:09 [192.168.0.104]:EUniSessionException : Invalid session or session Timeout. : Addr: $007CEFF3
Project1.exe: 00000A48: 23:51:14 []:>--------------------------------------------------------------<
Project1.exe: 00000A48: 23:51:14 [TUniServerModule]:Server First Init.
Project1.exe: 00000A48: 23:51:14 [TUniServerModule]:Global Cache Folder Erased. <5> Files deleted.
Project1.exe: 00000A48: 23:51:14 [TUniServerModule]:Starting HTTP Server on Port: 8077...
Project1.exe: 00000A48: 23:51:14 [TUniServerModule]:HTTP Server Started on Port: 8077
Project1.exe: 000011F8: 23:53:00 [192.168.0.104]:EUniSessionException : Invalid session or session Timeout. : Addr: $007CEFF3
